[2025-07-03T18:30:04.790+0000] {local_task_job_runner.py:123} INFO - ::group::Pre task execution logs
[2025-07-03T18:30:04.828+0000] {taskinstance.py:2631} INFO - Dependencies all met for dep_context=non-requeueable deps ti=<TaskInstance: process_exercises.process_exercises manual__2025-07-03T18:29:59.468616+00:00 [queued]>
[2025-07-03T18:30:04.839+0000] {taskinstance.py:2631} INFO - Dependencies all met for dep_context=requeueable deps ti=<TaskInstance: process_exercises.process_exercises manual__2025-07-03T18:29:59.468616+00:00 [queued]>
[2025-07-03T18:30:04.840+0000] {taskinstance.py:2884} INFO - Starting attempt 1 of 1
[2025-07-03T18:30:04.885+0000] {taskinstance.py:2907} INFO - Executing <Task(SparkSubmitOperator): process_exercises> on 2025-07-03 18:29:59.468616+00:00
[2025-07-03T18:30:04.892+0000] {logging_mixin.py:190} WARNING - /home/airflow/.local/lib/python3.12/site-packages/airflow/task/task_runner/standard_task_runner.py:70 DeprecationWarning: This process (pid=435) is multi-threaded, use of fork() may lead to deadlocks in the child.
[2025-07-03T18:30:04.894+0000] {standard_task_runner.py:72} INFO - Started process 436 to run task
[2025-07-03T18:30:04.893+0000] {standard_task_runner.py:104} INFO - Running: ['airflow', 'tasks', 'run', 'process_exercises', 'process_exercises', 'manual__2025-07-03T18:29:59.468616+00:00', '--job-id', '10', '--raw', '--subdir', 'DAGS_FOLDER/process_exercises.py', '--cfg-path', '/tmp/tmp8rc4zeym']
[2025-07-03T18:30:04.895+0000] {standard_task_runner.py:105} INFO - Job 10: Subtask process_exercises
[2025-07-03T18:30:04.996+0000] {task_command.py:467} INFO - Running <TaskInstance: process_exercises.process_exercises manual__2025-07-03T18:29:59.468616+00:00 [running]> on host 1a82eaaf6423
[2025-07-03T18:30:05.226+0000] {taskinstance.py:3157} INFO - Exporting env vars: AIRFLOW_CTX_DAG_OWNER='airflow' AIRFLOW_CTX_DAG_ID='process_exercises' AIRFLOW_CTX_TASK_ID='process_exercises' AIRFLOW_CTX_EXECUTION_DATE='2025-07-03T18:29:59.468616+00:00' AIRFLOW_CTX_TRY_NUMBER='1' AIRFLOW_CTX_DAG_RUN_ID='manual__2025-07-03T18:29:59.468616+00:00'
[2025-07-03T18:30:05.227+0000] {taskinstance.py:740} INFO - ::endgroup::
[2025-07-03T18:30:05.262+0000] {base.py:84} INFO - Retrieving connection 'spark-ebsim'
[2025-07-03T18:30:05.271+0000] {spark_submit.py:403} INFO - Spark-Submit cmd: spark-submit --master spark://spark-master:7077 --jars /opt/bitnami/spark/jars/iceberg-spark-runtime-3.5_2.12-1.8.1.jar,/opt/bitnami/spark/jars/nessie-spark-extensions-3.5_2.12-0.103.2.jar,/opt/bitnami/spark/jars/nessie-client-0.103.2.jar,/opt/bitnami/spark/jars/hadoop-aws-3.3.2.jar,/opt/bitnami/spark/jars/aws-java-sdk-bundle-1.12.262.jar, --name arrow-spark --deploy-mode client /opt/bitnami/spark/jobs/process_exercises_job.py {"id": "CA-LESTE-construtiva-1DE-2025-07-03", "manifest_entry": {"data": {"createdAt": "2025-07-03T17:40:55.255Z", "origin": "CA-LESTE", "path": "exercises/CA-LESTE-construtiva-1DE-2025-07-03"}, "id": "CA-LESTE-construtiva-1DE-2025-07-03"}, "metadata": {"createdAt": "2025-07-03T17:40:55.255Z", "description": "1DE", "documents": [{"description": "", "id": "1751564467848", "mimetype": "application/pdf", "name": "Op Jacui IV - Ordem de Operacoes.pdf", "path": "exercises/CA-LESTE-construtiva-1DE-2025-07-03/documents/Op Jacui IV - Ordem de Operacoes.pdf", "size": 336744, "uploadedAt": "2025-07-03T17:41:07.848Z"}], "endDate": "2025-07-04", "id": "CA-LESTE-construtiva-1DE-2025-07-03", "name": "Jogo de Guerra", "origin": "CA-LESTE", "simulationType": "construtiva", "simulations": [{"id": "172.19.0.14_2025-07-03", "movedAt": "2025-07-03T17:41:14.938Z", "name": "172.19.0.14_2025-07-03", "originalPath": "staging/172.19.0.14_2025-07-03", "path": "exercises/CA-LESTE-construtiva-1DE-2025-07-03/simulations/172.19.0.14_2025-07-03"}], "startDate": "2025-07-03", "trainedForce": "1 Divis\u00e3o de Ex\u00e9rcito", "updatedAt": "2025-07-03T17:41:14.938Z", "wikiUrl": ""}}
[2025-07-03T18:30:08.860+0000] {spark_submit.py:579} INFO - 25/07/03 18:30:08 WARN NativeCodeLoader: Unable to load native-hadoop library for your platform... using builtin-java classes where applicable
[2025-07-03T18:30:11.960+0000] {spark_submit.py:579} INFO - ðŸš€ PROCESSAMENTO DE EXERCÃCIOS INICIADO
[2025-07-03T18:30:11.961+0000] {spark_submit.py:579} INFO - ðŸ“‹ Processando exercÃ­cio: CA-LESTE-construtiva-1DE-2025-07-03
[2025-07-03T18:30:11.962+0000] {spark_submit.py:579} INFO - âš™ï¸ Configurando Spark...
[2025-07-03T18:30:12.582+0000] {spark_submit.py:579} INFO - 25/07/03 18:30:12 INFO SparkContext: Running Spark version 3.5.5
[2025-07-03T18:30:12.583+0000] {spark_submit.py:579} INFO - 25/07/03 18:30:12 INFO SparkContext: OS info Linux, 5.15.167.4-microsoft-standard-WSL2, amd64
[2025-07-03T18:30:12.584+0000] {spark_submit.py:579} INFO - 25/07/03 18:30:12 INFO SparkContext: Java version 17.0.15
[2025-07-03T18:30:12.607+0000] {spark_submit.py:579} INFO - 25/07/03 18:30:12 INFO ResourceUtils: ==============================================================
[2025-07-03T18:30:12.607+0000] {spark_submit.py:579} INFO - 25/07/03 18:30:12 INFO ResourceUtils: No custom resources configured for spark.driver.
[2025-07-03T18:30:12.608+0000] {spark_submit.py:579} INFO - 25/07/03 18:30:12 INFO ResourceUtils: ==============================================================
[2025-07-03T18:30:12.609+0000] {spark_submit.py:579} INFO - 25/07/03 18:30:12 INFO SparkContext: Submitted application: ProcessExercises
[2025-07-03T18:30:12.625+0000] {spark_submit.py:579} INFO - 25/07/03 18:30:12 INFO ResourceProfile: Default ResourceProfile created, executor resources: Map(memory -> name: memory, amount: 1024, script: , vendor: , offHeap -> name: offHeap, amount: 0, script: , vendor: ), task resources: Map(cpus -> name: cpus, amount: 1.0)
[2025-07-03T18:30:12.633+0000] {spark_submit.py:579} INFO - 25/07/03 18:30:12 INFO ResourceProfile: Limiting resource is cpu
[2025-07-03T18:30:12.634+0000] {spark_submit.py:579} INFO - 25/07/03 18:30:12 INFO ResourceProfileManager: Added ResourceProfile id: 0
[2025-07-03T18:30:12.744+0000] {spark_submit.py:579} INFO - 25/07/03 18:30:12 INFO SecurityManager: Changing view acls to: airflow
[2025-07-03T18:30:12.745+0000] {spark_submit.py:579} INFO - 25/07/03 18:30:12 INFO SecurityManager: Changing modify acls to: airflow
[2025-07-03T18:30:12.746+0000] {spark_submit.py:579} INFO - 25/07/03 18:30:12 INFO SecurityManager: Changing view acls groups to:
[2025-07-03T18:30:12.747+0000] {spark_submit.py:579} INFO - 25/07/03 18:30:12 INFO SecurityManager: Changing modify acls groups to:
[2025-07-03T18:30:12.747+0000] {spark_submit.py:579} INFO - 25/07/03 18:30:12 INFO SecurityManager: SecurityManager: authentication disabled; ui acls disabled; users with view permissions: airflow; groups with view permissions: EMPTY; users with modify permissions: airflow; groups with modify permissions: EMPTY
[2025-07-03T18:30:13.060+0000] {spark_submit.py:579} INFO - 25/07/03 18:30:13 INFO Utils: Successfully started service 'sparkDriver' on port 39447.
[2025-07-03T18:30:13.128+0000] {spark_submit.py:579} INFO - 25/07/03 18:30:13 INFO SparkEnv: Registering MapOutputTracker
[2025-07-03T18:30:13.168+0000] {spark_submit.py:579} INFO - 25/07/03 18:30:13 INFO SparkEnv: Registering BlockManagerMaster
[2025-07-03T18:30:13.188+0000] {spark_submit.py:579} INFO - 25/07/03 18:30:13 INFO BlockManagerMasterEndpoint: Using org.apache.spark.storage.DefaultTopologyMapper for getting topology information
[2025-07-03T18:30:13.189+0000] {spark_submit.py:579} INFO - 25/07/03 18:30:13 INFO BlockManagerMasterEndpoint: BlockManagerMasterEndpoint up
[2025-07-03T18:30:13.195+0000] {spark_submit.py:579} INFO - 25/07/03 18:30:13 INFO SparkEnv: Registering BlockManagerMasterHeartbeat
[2025-07-03T18:30:13.225+0000] {spark_submit.py:579} INFO - 25/07/03 18:30:13 INFO DiskBlockManager: Created local directory at /tmp/blockmgr-c753be70-c8a8-4b9e-b975-67953975eb6e
[2025-07-03T18:30:13.253+0000] {spark_submit.py:579} INFO - 25/07/03 18:30:13 INFO MemoryStore: MemoryStore started with capacity 434.4 MiB
[2025-07-03T18:30:13.293+0000] {spark_submit.py:579} INFO - 25/07/03 18:30:13 INFO SparkEnv: Registering OutputCommitCoordinator
[2025-07-03T18:30:13.432+0000] {spark_submit.py:579} INFO - 25/07/03 18:30:13 INFO JettyUtils: Start Jetty 0.0.0.0:4040 for SparkUI
[2025-07-03T18:30:13.563+0000] {spark_submit.py:579} INFO - 25/07/03 18:30:13 INFO Utils: Successfully started service 'SparkUI' on port 4040.
[2025-07-03T18:30:13.616+0000] {spark_submit.py:579} INFO - 25/07/03 18:30:13 INFO SparkContext: Added JAR file:///opt/bitnami/spark/jars/iceberg-spark-runtime-3.5_2.12-1.8.1.jar at spark://1a82eaaf6423:39447/jars/iceberg-spark-runtime-3.5_2.12-1.8.1.jar with timestamp 1751567412576
[2025-07-03T18:30:13.618+0000] {spark_submit.py:579} INFO - 25/07/03 18:30:13 INFO SparkContext: Added JAR file:///opt/bitnami/spark/jars/nessie-spark-extensions-3.5_2.12-0.103.2.jar at spark://1a82eaaf6423:39447/jars/nessie-spark-extensions-3.5_2.12-0.103.2.jar with timestamp 1751567412576
[2025-07-03T18:30:13.619+0000] {spark_submit.py:579} INFO - 25/07/03 18:30:13 INFO SparkContext: Added JAR file:///opt/bitnami/spark/jars/nessie-client-0.103.2.jar at spark://1a82eaaf6423:39447/jars/nessie-client-0.103.2.jar with timestamp 1751567412576
[2025-07-03T18:30:13.620+0000] {spark_submit.py:579} INFO - 25/07/03 18:30:13 INFO SparkContext: Added JAR file:///opt/bitnami/spark/jars/hadoop-aws-3.3.2.jar at spark://1a82eaaf6423:39447/jars/hadoop-aws-3.3.2.jar with timestamp 1751567412576
[2025-07-03T18:30:13.622+0000] {spark_submit.py:579} INFO - 25/07/03 18:30:13 INFO SparkContext: Added JAR file:///opt/bitnami/spark/jars/aws-java-sdk-bundle-1.12.262.jar at spark://1a82eaaf6423:39447/jars/aws-java-sdk-bundle-1.12.262.jar with timestamp 1751567412576
[2025-07-03T18:30:13.765+0000] {spark_submit.py:579} INFO - 25/07/03 18:30:13 INFO StandaloneAppClient$ClientEndpoint: Connecting to master spark://spark-master:7077...
[2025-07-03T18:30:13.987+0000] {spark_submit.py:579} INFO - 25/07/03 18:30:13 INFO TransportClientFactory: Successfully created connection to spark-master/172.19.0.4:7077 after 146 ms (0 ms spent in bootstraps)
[2025-07-03T18:30:14.299+0000] {spark_submit.py:579} INFO - 25/07/03 18:30:14 INFO StandaloneSchedulerBackend: Connected to Spark cluster with app ID app-20250703183014-0001
[2025-07-03T18:30:14.302+0000] {spark_submit.py:579} INFO - 25/07/03 18:30:14 INFO StandaloneAppClient$ClientEndpoint: Executor added: app-20250703183014-0001/0 on worker-20250703181704-172.19.0.10-45039 (172.19.0.10:45039) with 2 core(s)
[2025-07-03T18:30:14.305+0000] {spark_submit.py:579} INFO - 25/07/03 18:30:14 INFO StandaloneSchedulerBackend: Granted executor ID app-20250703183014-0001/0 on hostPort 172.19.0.10:45039 with 2 core(s), 1024.0 MiB RAM
[2025-07-03T18:30:14.352+0000] {spark_submit.py:579} INFO - 25/07/03 18:30:14 INFO Utils: Successfully started service 'org.apache.spark.network.netty.NettyBlockTransferService' on port 39219.
[2025-07-03T18:30:14.353+0000] {spark_submit.py:579} INFO - 25/07/03 18:30:14 INFO NettyBlockTransferService: Server created on 1a82eaaf6423:39219
[2025-07-03T18:30:14.354+0000] {spark_submit.py:579} INFO - 25/07/03 18:30:14 INFO BlockManager: Using org.apache.spark.storage.RandomBlockReplicationPolicy for block replication policy
[2025-07-03T18:30:14.360+0000] {spark_submit.py:579} INFO - 25/07/03 18:30:14 INFO BlockManagerMaster: Registering BlockManager BlockManagerId(driver, 1a82eaaf6423, 39219, None)
[2025-07-03T18:30:14.364+0000] {spark_submit.py:579} INFO - 25/07/03 18:30:14 INFO BlockManagerMasterEndpoint: Registering block manager 1a82eaaf6423:39219 with 434.4 MiB RAM, BlockManagerId(driver, 1a82eaaf6423, 39219, None)
[2025-07-03T18:30:14.366+0000] {spark_submit.py:579} INFO - 25/07/03 18:30:14 INFO BlockManagerMaster: Registered BlockManager BlockManagerId(driver, 1a82eaaf6423, 39219, None)
[2025-07-03T18:30:14.368+0000] {spark_submit.py:579} INFO - 25/07/03 18:30:14 INFO BlockManager: Initialized BlockManager: BlockManagerId(driver, 1a82eaaf6423, 39219, None)
[2025-07-03T18:30:14.600+0000] {spark_submit.py:579} INFO - 25/07/03 18:30:14 INFO StandaloneAppClient$ClientEndpoint: Executor updated: app-20250703183014-0001/0 is now RUNNING
[2025-07-03T18:30:15.451+0000] {spark_submit.py:579} INFO - 25/07/03 18:30:15 INFO StandaloneSchedulerBackend: SchedulerBackend is ready for scheduling beginning after reached minRegisteredResourcesRatio: 0.0
[2025-07-03T18:30:17.032+0000] {spark_submit.py:579} INFO - âœ… Spark iniciado
[2025-07-03T18:30:17.042+0000] {spark_submit.py:579} INFO - 25/07/03 18:30:17 INFO SharedState: Setting hive.metastore.warehouse.dir ('null') to the value of spark.sql.warehouse.dir.
[2025-07-03T18:30:17.045+0000] {spark_submit.py:579} INFO - 25/07/03 18:30:17 INFO SharedState: Warehouse path is 'file:/opt/airflow/spark-warehouse'.
[2025-07-03T18:30:18.656+0000] {spark_submit.py:579} INFO - âŒ Erro durante processamento: An error occurred while calling o25.sql.
[2025-07-03T18:30:18.657+0000] {spark_submit.py:579} INFO - : org.apache.spark.SparkException: [INTERNAL_ERROR] Undefined error message parameter for error class: '_LEGACY_ERROR_TEMP_1055'. Parameters: Map(database -> nessie.exercises)
[2025-07-03T18:30:18.657+0000] {spark_submit.py:579} INFO - at org.apache.spark.SparkException$.internalError(SparkException.scala:92)
[2025-07-03T18:30:18.658+0000] {spark_submit.py:579} INFO - at org.apache.spark.SparkException$.internalError(SparkException.scala:96)
[2025-07-03T18:30:18.658+0000] {spark_submit.py:579} INFO - at org.apache.spark.ErrorClassesJsonReader.getErrorMessage(ErrorClassesJSONReader.scala:56)
[2025-07-03T18:30:18.659+0000] {spark_submit.py:579} INFO - at org.apache.spark.SparkThrowableHelper$.getMessage(SparkThrowableHelper.scala:53)
[2025-07-03T18:30:18.659+0000] {spark_submit.py:579} INFO - at org.apache.spark.SparkThrowableHelper$.getMessage(SparkThrowableHelper.scala:40)
[2025-07-03T18:30:18.660+0000] {spark_submit.py:579} INFO - at org.apache.spark.sql.AnalysisException.<init>(AnalysisException.scala:47)
[2025-07-03T18:30:18.661+0000] {spark_submit.py:579} INFO - at org.apache.spark.sql.AnalysisException.<init>(AnalysisException.scala:70)
[2025-07-03T18:30:18.661+0000] {spark_submit.py:579} INFO - at org.apache.spark.sql.errors.QueryCompilationErrors$.invalidDatabaseNameError(QueryCompilationErrors.scala:875)
[2025-07-03T18:30:18.662+0000] {spark_submit.py:579} INFO - at org.apache.spark.sql.catalyst.analysis.ResolveSessionCatalog$DatabaseNameInSessionCatalog$.unapply(ResolveSessionCatalog.scala:691)
[2025-07-03T18:30:18.662+0000] {spark_submit.py:579} INFO - at org.apache.spark.sql.catalyst.analysis.ResolveSessionCatalog$$anonfun$apply$1.applyOrElse(ResolveSessionCatalog.scala:235)
[2025-07-03T18:30:18.663+0000] {spark_submit.py:579} INFO - at org.apache.spark.sql.catalyst.analysis.ResolveSessionCatalog$$anonfun$apply$1.applyOrElse(ResolveSessionCatalog.scala:52)
[2025-07-03T18:30:18.663+0000] {spark_submit.py:579} INFO - at org.apache.spark.sql.catalyst.plans.logical.AnalysisHelper.$anonfun$resolveOperatorsUpWithPruning$3(AnalysisHelper.scala:138)
[2025-07-03T18:30:18.664+0000] {spark_submit.py:579} INFO - at org.apache.spark.sql.catalyst.trees.CurrentOrigin$.withOrigin(origin.scala:76)
[2025-07-03T18:30:18.664+0000] {spark_submit.py:579} INFO - at org.apache.spark.sql.catalyst.plans.logical.AnalysisHelper.$anonfun$resolveOperatorsUpWithPruning$1(AnalysisHelper.scala:138)
[2025-07-03T18:30:18.665+0000] {spark_submit.py:579} INFO - at org.apache.spark.sql.catalyst.plans.logical.AnalysisHelper$.allowInvokingTransformsInAnalyzer(AnalysisHelper.scala:323)
[2025-07-03T18:30:18.666+0000] {spark_submit.py:579} INFO - at org.apache.spark.sql.catalyst.plans.logical.AnalysisHelper.resolveOperatorsUpWithPruning(AnalysisHelper.scala:134)
[2025-07-03T18:30:18.666+0000] {spark_submit.py:579} INFO - at org.apache.spark.sql.catalyst.plans.logical.AnalysisHelper.resolveOperatorsUpWithPruning$(AnalysisHelper.scala:130)
[2025-07-03T18:30:18.667+0000] {spark_submit.py:579} INFO - at org.apache.spark.sql.catalyst.plans.logical.LogicalPlan.resolveOperatorsUpWithPruning(LogicalPlan.scala:32)
[2025-07-03T18:30:18.667+0000] {spark_submit.py:579} INFO - at org.apache.spark.sql.catalyst.plans.logical.AnalysisHelper.resolveOperatorsUp(AnalysisHelper.scala:111)
[2025-07-03T18:30:18.668+0000] {spark_submit.py:579} INFO - at org.apache.spark.sql.catalyst.plans.logical.AnalysisHelper.resolveOperatorsUp$(AnalysisHelper.scala:110)
[2025-07-03T18:30:18.668+0000] {spark_submit.py:579} INFO - at org.apache.spark.sql.catalyst.plans.logical.LogicalPlan.resolveOperatorsUp(LogicalPlan.scala:32)
[2025-07-03T18:30:18.669+0000] {spark_submit.py:579} INFO - at org.apache.spark.sql.catalyst.analysis.ResolveSessionCatalog.apply(ResolveSessionCatalog.scala:52)
[2025-07-03T18:30:18.669+0000] {spark_submit.py:579} INFO - at org.apache.spark.sql.catalyst.analysis.ResolveSessionCatalog.apply(ResolveSessionCatalog.scala:46)
[2025-07-03T18:30:18.670+0000] {spark_submit.py:579} INFO - at org.apache.spark.sql.catalyst.rules.RuleExecutor.$anonfun$execute$2(RuleExecutor.scala:222)
[2025-07-03T18:30:18.670+0000] {spark_submit.py:579} INFO - at scala.collection.LinearSeqOptimized.foldLeft(LinearSeqOptimized.scala:126)
[2025-07-03T18:30:18.671+0000] {spark_submit.py:579} INFO - at scala.collection.LinearSeqOptimized.foldLeft$(LinearSeqOptimized.scala:122)
[2025-07-03T18:30:18.671+0000] {spark_submit.py:579} INFO - at scala.collection.immutable.List.foldLeft(List.scala:91)
[2025-07-03T18:30:18.671+0000] {spark_submit.py:579} INFO - at org.apache.spark.sql.catalyst.rules.RuleExecutor.$anonfun$execute$1(RuleExecutor.scala:219)
[2025-07-03T18:30:18.672+0000] {spark_submit.py:579} INFO - at org.apache.spark.sql.catalyst.rules.RuleExecutor.$anonfun$execute$1$adapted(RuleExecutor.scala:211)
[2025-07-03T18:30:18.672+0000] {spark_submit.py:579} INFO - at scala.collection.immutable.List.foreach(List.scala:431)
[2025-07-03T18:30:18.673+0000] {spark_submit.py:579} INFO - at org.apache.spark.sql.catalyst.rules.RuleExecutor.execute(RuleExecutor.scala:211)
[2025-07-03T18:30:18.674+0000] {spark_submit.py:579} INFO - at org.apache.spark.sql.catalyst.analysis.Analyzer.org$apache$spark$sql$catalyst$analysis$Analyzer$$executeSameContext(Analyzer.scala:240)
[2025-07-03T18:30:18.674+0000] {spark_submit.py:579} INFO - at org.apache.spark.sql.catalyst.analysis.Analyzer.$anonfun$execute$1(Analyzer.scala:236)
[2025-07-03T18:30:18.675+0000] {spark_submit.py:579} INFO - at org.apache.spark.sql.catalyst.analysis.AnalysisContext$.withNewAnalysisContext(Analyzer.scala:187)
[2025-07-03T18:30:18.675+0000] {spark_submit.py:579} INFO - at org.apache.spark.sql.catalyst.analysis.Analyzer.execute(Analyzer.scala:236)
[2025-07-03T18:30:18.676+0000] {spark_submit.py:579} INFO - at org.apache.spark.sql.catalyst.analysis.Analyzer.execute(Analyzer.scala:202)
[2025-07-03T18:30:18.677+0000] {spark_submit.py:579} INFO - at org.apache.spark.sql.catalyst.rules.RuleExecutor.$anonfun$executeAndTrack$1(RuleExecutor.scala:182)
[2025-07-03T18:30:18.677+0000] {spark_submit.py:579} INFO - at org.apache.spark.sql.catalyst.QueryPlanningTracker$.withTracker(QueryPlanningTracker.scala:89)
[2025-07-03T18:30:18.678+0000] {spark_submit.py:579} INFO - at org.apache.spark.sql.catalyst.rules.RuleExecutor.executeAndTrack(RuleExecutor.scala:182)
[2025-07-03T18:30:18.678+0000] {spark_submit.py:579} INFO - at org.apache.spark.sql.catalyst.analysis.Analyzer.$anonfun$executeAndCheck$1(Analyzer.scala:223)
[2025-07-03T18:30:18.679+0000] {spark_submit.py:579} INFO - at org.apache.spark.sql.catalyst.plans.logical.AnalysisHelper$.markInAnalyzer(AnalysisHelper.scala:330)
[2025-07-03T18:30:18.680+0000] {spark_submit.py:579} INFO - at org.apache.spark.sql.catalyst.analysis.Analyzer.executeAndCheck(Analyzer.scala:222)
[2025-07-03T18:30:18.680+0000] {spark_submit.py:579} INFO - at org.apache.spark.sql.execution.QueryExecution.$anonfun$analyzed$1(QueryExecution.scala:77)
[2025-07-03T18:30:18.681+0000] {spark_submit.py:579} INFO - at org.apache.spark.sql.catalyst.QueryPlanningTracker.measurePhase(QueryPlanningTracker.scala:138)
[2025-07-03T18:30:18.681+0000] {spark_submit.py:579} INFO - at org.apache.spark.sql.execution.QueryExecution.$anonfun$executePhase$2(QueryExecution.scala:219)
[2025-07-03T18:30:18.682+0000] {spark_submit.py:579} INFO - at org.apache.spark.sql.execution.QueryExecution$.withInternalError(QueryExecution.scala:546)
[2025-07-03T18:30:18.683+0000] {spark_submit.py:579} INFO - at org.apache.spark.sql.execution.QueryExecution.$anonfun$executePhase$1(QueryExecution.scala:219)
[2025-07-03T18:30:18.684+0000] {spark_submit.py:579} INFO - at org.apache.spark.sql.SparkSession.withActive(SparkSession.scala:900)
[2025-07-03T18:30:18.684+0000] {spark_submit.py:579} INFO - at org.apache.spark.sql.execution.QueryExecution.executePhase(QueryExecution.scala:218)
[2025-07-03T18:30:18.685+0000] {spark_submit.py:579} INFO - at org.apache.spark.sql.execution.QueryExecution.analyzed$lzycompute(QueryExecution.scala:77)
[2025-07-03T18:30:18.686+0000] {spark_submit.py:579} INFO - at org.apache.spark.sql.execution.QueryExecution.analyzed(QueryExecution.scala:74)
[2025-07-03T18:30:18.687+0000] {spark_submit.py:579} INFO - at org.apache.spark.sql.execution.QueryExecution.assertAnalyzed(QueryExecution.scala:66)
[2025-07-03T18:30:18.688+0000] {spark_submit.py:579} INFO - at org.apache.spark.sql.Dataset$.$anonfun$ofRows$2(Dataset.scala:99)
[2025-07-03T18:30:18.689+0000] {spark_submit.py:579} INFO - at org.apache.spark.sql.SparkSession.withActive(SparkSession.scala:900)
[2025-07-03T18:30:18.690+0000] {spark_submit.py:579} INFO - at org.apache.spark.sql.Dataset$.ofRows(Dataset.scala:97)
[2025-07-03T18:30:18.690+0000] {spark_submit.py:579} INFO - at org.apache.spark.sql.SparkSession.$anonfun$sql$1(SparkSession.scala:638)
[2025-07-03T18:30:18.691+0000] {spark_submit.py:579} INFO - at org.apache.spark.sql.SparkSession.withActive(SparkSession.scala:900)
[2025-07-03T18:30:18.691+0000] {spark_submit.py:579} INFO - at org.apache.spark.sql.SparkSession.sql(SparkSession.scala:629)
[2025-07-03T18:30:18.692+0000] {spark_submit.py:579} INFO - at org.apache.spark.sql.SparkSession.sql(SparkSession.scala:659)
[2025-07-03T18:30:18.693+0000] {spark_submit.py:579} INFO - at java.base/jdk.internal.reflect.NativeMethodAccessorImpl.invoke0(Native Method)
[2025-07-03T18:30:18.693+0000] {spark_submit.py:579} INFO - at java.base/jdk.internal.reflect.NativeMethodAccessorImpl.invoke(NativeMethodAccessorImpl.java:77)
[2025-07-03T18:30:18.694+0000] {spark_submit.py:579} INFO - at java.base/jdk.internal.reflect.DelegatingMethodAccessorImpl.invoke(DelegatingMethodAccessorImpl.java:43)
[2025-07-03T18:30:18.695+0000] {spark_submit.py:579} INFO - at java.base/java.lang.reflect.Method.invoke(Method.java:569)
[2025-07-03T18:30:18.695+0000] {spark_submit.py:579} INFO - at py4j.reflection.MethodInvoker.invoke(MethodInvoker.java:244)
[2025-07-03T18:30:18.696+0000] {spark_submit.py:579} INFO - at py4j.reflection.ReflectionEngine.invoke(ReflectionEngine.java:374)
[2025-07-03T18:30:18.696+0000] {spark_submit.py:579} INFO - at py4j.Gateway.invoke(Gateway.java:282)
[2025-07-03T18:30:18.697+0000] {spark_submit.py:579} INFO - at py4j.commands.AbstractCommand.invokeMethod(AbstractCommand.java:132)
[2025-07-03T18:30:18.698+0000] {spark_submit.py:579} INFO - at py4j.commands.CallCommand.execute(CallCommand.java:79)
[2025-07-03T18:30:18.698+0000] {spark_submit.py:579} INFO - at py4j.ClientServerConnection.waitForCommands(ClientServerConnection.java:182)
[2025-07-03T18:30:18.699+0000] {spark_submit.py:579} INFO - at py4j.ClientServerConnection.run(ClientServerConnection.java:106)
[2025-07-03T18:30:18.700+0000] {spark_submit.py:579} INFO - at java.base/java.lang.Thread.run(Thread.java:840)
[2025-07-03T18:30:18.700+0000] {spark_submit.py:579} INFO - 
[2025-07-03T18:30:18.701+0000] {spark_submit.py:579} INFO - 25/07/03 18:30:18 INFO SparkContext: SparkContext is stopping with exitCode 0.
[2025-07-03T18:30:18.701+0000] {spark_submit.py:579} INFO - 25/07/03 18:30:18 INFO SparkUI: Stopped Spark web UI at http://1a82eaaf6423:4040
[2025-07-03T18:30:18.702+0000] {spark_submit.py:579} INFO - 25/07/03 18:30:18 INFO StandaloneSchedulerBackend: Shutting down all executors
[2025-07-03T18:30:18.702+0000] {spark_submit.py:579} INFO - 25/07/03 18:30:18 INFO StandaloneSchedulerBackend$StandaloneDriverEndpoint: Asking each executor to shut down
[2025-07-03T18:30:18.703+0000] {spark_submit.py:579} INFO - 25/07/03 18:30:18 INFO MapOutputTrackerMasterEndpoint: MapOutputTrackerMasterEndpoint stopped!
[2025-07-03T18:30:18.705+0000] {spark_submit.py:579} INFO - 25/07/03 18:30:18 INFO MemoryStore: MemoryStore cleared
[2025-07-03T18:30:18.706+0000] {spark_submit.py:579} INFO - 25/07/03 18:30:18 INFO BlockManager: BlockManager stopped
[2025-07-03T18:30:18.713+0000] {spark_submit.py:579} INFO - 25/07/03 18:30:18 INFO BlockManagerMaster: BlockManagerMaster stopped
[2025-07-03T18:30:18.715+0000] {spark_submit.py:579} INFO - 25/07/03 18:30:18 INFO OutputCommitCoordinator$OutputCommitCoordinatorEndpoint: OutputCommitCoordinator stopped!
[2025-07-03T18:30:18.723+0000] {spark_submit.py:579} INFO - 25/07/03 18:30:18 INFO SparkContext: Successfully stopped SparkContext
[2025-07-03T18:30:18.992+0000] {spark_submit.py:579} INFO - âŒ Erro: An error occurred while calling o25.sql.
[2025-07-03T18:30:18.993+0000] {spark_submit.py:579} INFO - : org.apache.spark.SparkException: [INTERNAL_ERROR] Undefined error message parameter for error class: '_LEGACY_ERROR_TEMP_1055'. Parameters: Map(database -> nessie.exercises)
[2025-07-03T18:30:18.994+0000] {spark_submit.py:579} INFO - at org.apache.spark.SparkException$.internalError(SparkException.scala:92)
[2025-07-03T18:30:18.994+0000] {spark_submit.py:579} INFO - at org.apache.spark.SparkException$.internalError(SparkException.scala:96)
[2025-07-03T18:30:18.995+0000] {spark_submit.py:579} INFO - at org.apache.spark.ErrorClassesJsonReader.getErrorMessage(ErrorClassesJSONReader.scala:56)
[2025-07-03T18:30:18.996+0000] {spark_submit.py:579} INFO - at org.apache.spark.SparkThrowableHelper$.getMessage(SparkThrowableHelper.scala:53)
[2025-07-03T18:30:18.996+0000] {spark_submit.py:579} INFO - at org.apache.spark.SparkThrowableHelper$.getMessage(SparkThrowableHelper.scala:40)
[2025-07-03T18:30:18.997+0000] {spark_submit.py:579} INFO - at org.apache.spark.sql.AnalysisException.<init>(AnalysisException.scala:47)
[2025-07-03T18:30:18.998+0000] {spark_submit.py:579} INFO - at org.apache.spark.sql.AnalysisException.<init>(AnalysisException.scala:70)
[2025-07-03T18:30:18.998+0000] {spark_submit.py:579} INFO - at org.apache.spark.sql.errors.QueryCompilationErrors$.invalidDatabaseNameError(QueryCompilationErrors.scala:875)
[2025-07-03T18:30:18.999+0000] {spark_submit.py:579} INFO - at org.apache.spark.sql.catalyst.analysis.ResolveSessionCatalog$DatabaseNameInSessionCatalog$.unapply(ResolveSessionCatalog.scala:691)
[2025-07-03T18:30:18.999+0000] {spark_submit.py:579} INFO - at org.apache.spark.sql.catalyst.analysis.ResolveSessionCatalog$$anonfun$apply$1.applyOrElse(ResolveSessionCatalog.scala:235)
[2025-07-03T18:30:19.000+0000] {spark_submit.py:579} INFO - at org.apache.spark.sql.catalyst.analysis.ResolveSessionCatalog$$anonfun$apply$1.applyOrElse(ResolveSessionCatalog.scala:52)
[2025-07-03T18:30:19.001+0000] {spark_submit.py:579} INFO - at org.apache.spark.sql.catalyst.plans.logical.AnalysisHelper.$anonfun$resolveOperatorsUpWithPruning$3(AnalysisHelper.scala:138)
[2025-07-03T18:30:19.001+0000] {spark_submit.py:579} INFO - at org.apache.spark.sql.catalyst.trees.CurrentOrigin$.withOrigin(origin.scala:76)
[2025-07-03T18:30:19.002+0000] {spark_submit.py:579} INFO - at org.apache.spark.sql.catalyst.plans.logical.AnalysisHelper.$anonfun$resolveOperatorsUpWithPruning$1(AnalysisHelper.scala:138)
[2025-07-03T18:30:19.003+0000] {spark_submit.py:579} INFO - at org.apache.spark.sql.catalyst.plans.logical.AnalysisHelper$.allowInvokingTransformsInAnalyzer(AnalysisHelper.scala:323)
[2025-07-03T18:30:19.003+0000] {spark_submit.py:579} INFO - at org.apache.spark.sql.catalyst.plans.logical.AnalysisHelper.resolveOperatorsUpWithPruning(AnalysisHelper.scala:134)
[2025-07-03T18:30:19.004+0000] {spark_submit.py:579} INFO - at org.apache.spark.sql.catalyst.plans.logical.AnalysisHelper.resolveOperatorsUpWithPruning$(AnalysisHelper.scala:130)
[2025-07-03T18:30:19.004+0000] {spark_submit.py:579} INFO - at org.apache.spark.sql.catalyst.plans.logical.LogicalPlan.resolveOperatorsUpWithPruning(LogicalPlan.scala:32)
[2025-07-03T18:30:19.005+0000] {spark_submit.py:579} INFO - at org.apache.spark.sql.catalyst.plans.logical.AnalysisHelper.resolveOperatorsUp(AnalysisHelper.scala:111)
[2025-07-03T18:30:19.005+0000] {spark_submit.py:579} INFO - at org.apache.spark.sql.catalyst.plans.logical.AnalysisHelper.resolveOperatorsUp$(AnalysisHelper.scala:110)
[2025-07-03T18:30:19.006+0000] {spark_submit.py:579} INFO - at org.apache.spark.sql.catalyst.plans.logical.LogicalPlan.resolveOperatorsUp(LogicalPlan.scala:32)
[2025-07-03T18:30:19.006+0000] {spark_submit.py:579} INFO - at org.apache.spark.sql.catalyst.analysis.ResolveSessionCatalog.apply(ResolveSessionCatalog.scala:52)
[2025-07-03T18:30:19.007+0000] {spark_submit.py:579} INFO - at org.apache.spark.sql.catalyst.analysis.ResolveSessionCatalog.apply(ResolveSessionCatalog.scala:46)
[2025-07-03T18:30:19.007+0000] {spark_submit.py:579} INFO - at org.apache.spark.sql.catalyst.rules.RuleExecutor.$anonfun$execute$2(RuleExecutor.scala:222)
[2025-07-03T18:30:19.008+0000] {spark_submit.py:579} INFO - at scala.collection.LinearSeqOptimized.foldLeft(LinearSeqOptimized.scala:126)
[2025-07-03T18:30:19.008+0000] {spark_submit.py:579} INFO - at scala.collection.LinearSeqOptimized.foldLeft$(LinearSeqOptimized.scala:122)
[2025-07-03T18:30:19.009+0000] {spark_submit.py:579} INFO - at scala.collection.immutable.List.foldLeft(List.scala:91)
[2025-07-03T18:30:19.010+0000] {spark_submit.py:579} INFO - at org.apache.spark.sql.catalyst.rules.RuleExecutor.$anonfun$execute$1(RuleExecutor.scala:219)
[2025-07-03T18:30:19.010+0000] {spark_submit.py:579} INFO - at org.apache.spark.sql.catalyst.rules.RuleExecutor.$anonfun$execute$1$adapted(RuleExecutor.scala:211)
[2025-07-03T18:30:19.011+0000] {spark_submit.py:579} INFO - at scala.collection.immutable.List.foreach(List.scala:431)
[2025-07-03T18:30:19.012+0000] {spark_submit.py:579} INFO - at org.apache.spark.sql.catalyst.rules.RuleExecutor.execute(RuleExecutor.scala:211)
[2025-07-03T18:30:19.012+0000] {spark_submit.py:579} INFO - at org.apache.spark.sql.catalyst.analysis.Analyzer.org$apache$spark$sql$catalyst$analysis$Analyzer$$executeSameContext(Analyzer.scala:240)
[2025-07-03T18:30:19.013+0000] {spark_submit.py:579} INFO - at org.apache.spark.sql.catalyst.analysis.Analyzer.$anonfun$execute$1(Analyzer.scala:236)
[2025-07-03T18:30:19.013+0000] {spark_submit.py:579} INFO - at org.apache.spark.sql.catalyst.analysis.AnalysisContext$.withNewAnalysisContext(Analyzer.scala:187)
[2025-07-03T18:30:19.014+0000] {spark_submit.py:579} INFO - at org.apache.spark.sql.catalyst.analysis.Analyzer.execute(Analyzer.scala:236)
[2025-07-03T18:30:19.015+0000] {spark_submit.py:579} INFO - at org.apache.spark.sql.catalyst.analysis.Analyzer.execute(Analyzer.scala:202)
[2025-07-03T18:30:19.015+0000] {spark_submit.py:579} INFO - at org.apache.spark.sql.catalyst.rules.RuleExecutor.$anonfun$executeAndTrack$1(RuleExecutor.scala:182)
[2025-07-03T18:30:19.016+0000] {spark_submit.py:579} INFO - at org.apache.spark.sql.catalyst.QueryPlanningTracker$.withTracker(QueryPlanningTracker.scala:89)
[2025-07-03T18:30:19.017+0000] {spark_submit.py:579} INFO - at org.apache.spark.sql.catalyst.rules.RuleExecutor.executeAndTrack(RuleExecutor.scala:182)
[2025-07-03T18:30:19.017+0000] {spark_submit.py:579} INFO - at org.apache.spark.sql.catalyst.analysis.Analyzer.$anonfun$executeAndCheck$1(Analyzer.scala:223)
[2025-07-03T18:30:19.019+0000] {spark_submit.py:579} INFO - at org.apache.spark.sql.catalyst.plans.logical.AnalysisHelper$.markInAnalyzer(AnalysisHelper.scala:330)
[2025-07-03T18:30:19.019+0000] {spark_submit.py:579} INFO - at org.apache.spark.sql.catalyst.analysis.Analyzer.executeAndCheck(Analyzer.scala:222)
[2025-07-03T18:30:19.020+0000] {spark_submit.py:579} INFO - at org.apache.spark.sql.execution.QueryExecution.$anonfun$analyzed$1(QueryExecution.scala:77)
[2025-07-03T18:30:19.021+0000] {spark_submit.py:579} INFO - at org.apache.spark.sql.catalyst.QueryPlanningTracker.measurePhase(QueryPlanningTracker.scala:138)
[2025-07-03T18:30:19.021+0000] {spark_submit.py:579} INFO - at org.apache.spark.sql.execution.QueryExecution.$anonfun$executePhase$2(QueryExecution.scala:219)
[2025-07-03T18:30:19.022+0000] {spark_submit.py:579} INFO - at org.apache.spark.sql.execution.QueryExecution$.withInternalError(QueryExecution.scala:546)
[2025-07-03T18:30:19.023+0000] {spark_submit.py:579} INFO - at org.apache.spark.sql.execution.QueryExecution.$anonfun$executePhase$1(QueryExecution.scala:219)
[2025-07-03T18:30:19.023+0000] {spark_submit.py:579} INFO - at org.apache.spark.sql.SparkSession.withActive(SparkSession.scala:900)
[2025-07-03T18:30:19.024+0000] {spark_submit.py:579} INFO - at org.apache.spark.sql.execution.QueryExecution.executePhase(QueryExecution.scala:218)
[2025-07-03T18:30:19.025+0000] {spark_submit.py:579} INFO - at org.apache.spark.sql.execution.QueryExecution.analyzed$lzycompute(QueryExecution.scala:77)
[2025-07-03T18:30:19.026+0000] {spark_submit.py:579} INFO - at org.apache.spark.sql.execution.QueryExecution.analyzed(QueryExecution.scala:74)
[2025-07-03T18:30:19.026+0000] {spark_submit.py:579} INFO - at org.apache.spark.sql.execution.QueryExecution.assertAnalyzed(QueryExecution.scala:66)
[2025-07-03T18:30:19.030+0000] {spark_submit.py:579} INFO - at org.apache.spark.sql.Dataset$.$anonfun$ofRows$2(Dataset.scala:99)
[2025-07-03T18:30:19.031+0000] {spark_submit.py:579} INFO - at org.apache.spark.sql.SparkSession.withActive(SparkSession.scala:900)
[2025-07-03T18:30:19.031+0000] {spark_submit.py:579} INFO - at org.apache.spark.sql.Dataset$.ofRows(Dataset.scala:97)
[2025-07-03T18:30:19.032+0000] {spark_submit.py:579} INFO - at org.apache.spark.sql.SparkSession.$anonfun$sql$1(SparkSession.scala:638)
[2025-07-03T18:30:19.033+0000] {spark_submit.py:579} INFO - at org.apache.spark.sql.SparkSession.withActive(SparkSession.scala:900)
[2025-07-03T18:30:19.033+0000] {spark_submit.py:579} INFO - at org.apache.spark.sql.SparkSession.sql(SparkSession.scala:629)
[2025-07-03T18:30:19.034+0000] {spark_submit.py:579} INFO - at org.apache.spark.sql.SparkSession.sql(SparkSession.scala:659)
[2025-07-03T18:30:19.035+0000] {spark_submit.py:579} INFO - at java.base/jdk.internal.reflect.NativeMethodAccessorImpl.invoke0(Native Method)
[2025-07-03T18:30:19.036+0000] {spark_submit.py:579} INFO - at java.base/jdk.internal.reflect.NativeMethodAccessorImpl.invoke(NativeMethodAccessorImpl.java:77)
[2025-07-03T18:30:19.036+0000] {spark_submit.py:579} INFO - at java.base/jdk.internal.reflect.DelegatingMethodAccessorImpl.invoke(DelegatingMethodAccessorImpl.java:43)
[2025-07-03T18:30:19.037+0000] {spark_submit.py:579} INFO - at java.base/java.lang.reflect.Method.invoke(Method.java:569)
[2025-07-03T18:30:19.038+0000] {spark_submit.py:579} INFO - at py4j.reflection.MethodInvoker.invoke(MethodInvoker.java:244)
[2025-07-03T18:30:19.039+0000] {spark_submit.py:579} INFO - at py4j.reflection.ReflectionEngine.invoke(ReflectionEngine.java:374)
[2025-07-03T18:30:19.040+0000] {spark_submit.py:579} INFO - at py4j.Gateway.invoke(Gateway.java:282)
[2025-07-03T18:30:19.041+0000] {spark_submit.py:579} INFO - at py4j.commands.AbstractCommand.invokeMethod(AbstractCommand.java:132)
[2025-07-03T18:30:19.041+0000] {spark_submit.py:579} INFO - at py4j.commands.CallCommand.execute(CallCommand.java:79)
[2025-07-03T18:30:19.042+0000] {spark_submit.py:579} INFO - at py4j.ClientServerConnection.waitForCommands(ClientServerConnection.java:182)
[2025-07-03T18:30:19.043+0000] {spark_submit.py:579} INFO - at py4j.ClientServerConnection.run(ClientServerConnection.java:106)
[2025-07-03T18:30:19.044+0000] {spark_submit.py:579} INFO - at java.base/java.lang.Thread.run(Thread.java:840)
[2025-07-03T18:30:19.044+0000] {spark_submit.py:579} INFO - 
[2025-07-03T18:30:19.079+0000] {spark_submit.py:579} INFO - 25/07/03 18:30:19 INFO ShutdownHookManager: Shutdown hook called
[2025-07-03T18:30:19.080+0000] {spark_submit.py:579} INFO - 25/07/03 18:30:19 INFO ShutdownHookManager: Deleting directory /tmp/spark-56e985e8-5704-42ed-a792-b102328363df
[2025-07-03T18:30:19.085+0000] {spark_submit.py:579} INFO - 25/07/03 18:30:19 INFO ShutdownHookManager: Deleting directory /tmp/spark-3c045738-fefb-4106-8712-92e351ba4019
[2025-07-03T18:30:19.089+0000] {spark_submit.py:579} INFO - 25/07/03 18:30:19 INFO ShutdownHookManager: Deleting directory /tmp/spark-3c045738-fefb-4106-8712-92e351ba4019/pyspark-c5498510-1498-4175-884f-1ffe1bee9eec
[2025-07-03T18:30:19.162+0000] {taskinstance.py:3336} ERROR - Task failed with exception
Traceback (most recent call last):
  File "/home/airflow/.local/lib/python3.12/site-packages/airflow/models/taskinstance.py", line 776, in _execute_task
    result = _execute_callable(context=context, **execute_callable_kwargs)
             ^^^^^^^^^^^^^^^^^^^^^^^^^^^^^^^^^^^^^^^^^^^^^^^^^^^^^^^^^^^^^
  File "/home/airflow/.local/lib/python3.12/site-packages/airflow/models/taskinstance.py", line 742, in _execute_callable
    return ExecutionCallableRunner(
           ^^^^^^^^^^^^^^^^^^^^^^^^
  File "/home/airflow/.local/lib/python3.12/site-packages/airflow/utils/operator_helpers.py", line 252, in run
    return self.func(*args, **kwargs)
           ^^^^^^^^^^^^^^^^^^^^^^^^^^
  File "/home/airflow/.local/lib/python3.12/site-packages/airflow/models/baseoperator.py", line 424, in wrapper
    return func(self, *args, **kwargs)
           ^^^^^^^^^^^^^^^^^^^^^^^^^^^
  File "/home/airflow/.local/lib/python3.12/site-packages/airflow/providers/apache/spark/operators/spark_submit.py", line 174, in execute
    self._hook.submit(self.application)
  File "/home/airflow/.local/lib/python3.12/site-packages/airflow/providers/apache/spark/hooks/spark_submit.py", line 505, in submit
    raise AirflowException(
airflow.exceptions.AirflowException: Cannot execute: spark-submit --master spark://spark-master:7077 --jars /opt/bitnami/spark/jars/iceberg-spark-runtime-3.5_2.12-1.8.1.jar,/opt/bitnami/spark/jars/nessie-spark-extensions-3.5_2.12-0.103.2.jar,/opt/bitnami/spark/jars/nessie-client-0.103.2.jar,/opt/bitnami/spark/jars/hadoop-aws-3.3.2.jar,/opt/bitnami/spark/jars/aws-java-sdk-bundle-1.12.262.jar, --name arrow-spark --deploy-mode client /opt/bitnami/spark/jobs/process_exercises_job.py {"id": "CA-LESTE-construtiva-1DE-2025-07-03", "manifest_entry": {"data": {"createdAt": "2025-07-03T17:40:55.255Z", "origin": "CA-LESTE", "path": "exercises/CA-LESTE-construtiva-1DE-2025-07-03"}, "id": "CA-LESTE-construtiva-1DE-2025-07-03"}, "metadata": {"createdAt": "2025-07-03T17:40:55.255Z", "description": "1DE", "documents": [{"description": "", "id": "1751564467848", "mimetype": "application/pdf", "name": "Op Jacui IV - Ordem de Operacoes.pdf", "path": "exercises/CA-LESTE-construtiva-1DE-2025-07-03/documents/Op Jacui IV - Ordem de Operacoes.pdf", "size": 336744, "uploadedAt": "2025-07-03T17:41:07.848Z"}], "endDate": "2025-07-04", "id": "CA-LESTE-construtiva-1DE-2025-07-03", "name": "Jogo de Guerra", "origin": "CA-LESTE", "simulationType": "construtiva", "simulations": [{"id": "172.19.0.14_2025-07-03", "movedAt": "2025-07-03T17:41:14.938Z", "name": "172.19.0.14_2025-07-03", "originalPath": "staging/172.19.0.14_2025-07-03", "path": "exercises/CA-LESTE-construtiva-1DE-2025-07-03/simulations/172.19.0.14_2025-07-03"}], "startDate": "2025-07-03", "trainedForce": "1 Divis\u00e3o de Ex\u00e9rcito", "updatedAt": "2025-07-03T17:41:14.938Z", "wikiUrl": ""}}. Error code is: 1.
[2025-07-03T18:30:19.168+0000] {taskinstance.py:1242} INFO - Marking task as FAILED. dag_id=process_exercises, task_id=process_exercises, run_id=manual__2025-07-03T18:29:59.468616+00:00, execution_date=20250703T182959, start_date=20250703T183004, end_date=20250703T183019
[2025-07-03T18:30:19.370+0000] {taskinstance.py:349} INFO - ::group::Post task execution logs
[2025-07-03T18:30:19.371+0000] {standard_task_runner.py:124} ERROR - Failed to execute job 10 for task process_exercises (Cannot execute: spark-submit --master spark://spark-master:7077 --jars /opt/bitnami/spark/jars/iceberg-spark-runtime-3.5_2.12-1.8.1.jar,/opt/bitnami/spark/jars/nessie-spark-extensions-3.5_2.12-0.103.2.jar,/opt/bitnami/spark/jars/nessie-client-0.103.2.jar,/opt/bitnami/spark/jars/hadoop-aws-3.3.2.jar,/opt/bitnami/spark/jars/aws-java-sdk-bundle-1.12.262.jar, --name arrow-spark --deploy-mode client /opt/bitnami/spark/jobs/process_exercises_job.py {"id": "CA-LESTE-construtiva-1DE-2025-07-03", "manifest_entry": {"data": {"createdAt": "2025-07-03T17:40:55.255Z", "origin": "CA-LESTE", "path": "exercises/CA-LESTE-construtiva-1DE-2025-07-03"}, "id": "CA-LESTE-construtiva-1DE-2025-07-03"}, "metadata": {"createdAt": "2025-07-03T17:40:55.255Z", "description": "1DE", "documents": [{"description": "", "id": "1751564467848", "mimetype": "application/pdf", "name": "Op Jacui IV - Ordem de Operacoes.pdf", "path": "exercises/CA-LESTE-construtiva-1DE-2025-07-03/documents/Op Jacui IV - Ordem de Operacoes.pdf", "size": 336744, "uploadedAt": "2025-07-03T17:41:07.848Z"}], "endDate": "2025-07-04", "id": "CA-LESTE-construtiva-1DE-2025-07-03", "name": "Jogo de Guerra", "origin": "CA-LESTE", "simulationType": "construtiva", "simulations": [{"id": "172.19.0.14_2025-07-03", "movedAt": "2025-07-03T17:41:14.938Z", "name": "172.19.0.14_2025-07-03", "originalPath": "staging/172.19.0.14_2025-07-03", "path": "exercises/CA-LESTE-construtiva-1DE-2025-07-03/simulations/172.19.0.14_2025-07-03"}], "startDate": "2025-07-03", "trainedForce": "1 Divis\u00e3o de Ex\u00e9rcito", "updatedAt": "2025-07-03T17:41:14.938Z", "wikiUrl": ""}}. Error code is: 1.; 436)
Traceback (most recent call last):
  File "/home/airflow/.local/lib/python3.12/site-packages/airflow/task/task_runner/standard_task_runner.py", line 117, in _start_by_fork
    ret = args.func(args, dag=self.dag)
          ^^^^^^^^^^^^^^^^^^^^^^^^^^^^^
  File "/home/airflow/.local/lib/python3.12/site-packages/airflow/cli/cli_config.py", line 49, in command
    return func(*args, **kwargs)
           ^^^^^^^^^^^^^^^^^^^^^
  File "/home/airflow/.local/lib/python3.12/site-packages/airflow/utils/cli.py", line 116, in wrapper
    return f(*args, **kwargs)
           ^^^^^^^^^^^^^^^^^^
  File "/home/airflow/.local/lib/python3.12/site-packages/airflow/cli/commands/task_command.py", line 483, in task_run
    task_return_code = _run_task_by_selected_method(args, _dag, ti)
                       ^^^^^^^^^^^^^^^^^^^^^^^^^^^^^^^^^^^^^^^^^^^^
  File "/home/airflow/.local/lib/python3.12/site-packages/airflow/cli/commands/task_command.py", line 256, in _run_task_by_selected_method
    return _run_raw_task(args, ti)
           ^^^^^^^^^^^^^^^^^^^^^^^
  File "/home/airflow/.local/lib/python3.12/site-packages/airflow/cli/commands/task_command.py", line 341, in _run_raw_task
    return ti._run_raw_task(
           ^^^^^^^^^^^^^^^^^
  File "/home/airflow/.local/lib/python3.12/site-packages/airflow/utils/session.py", line 97, in wrapper
    return func(*args, session=session, **kwargs)
           ^^^^^^^^^^^^^^^^^^^^^^^^^^^^^^^^^^^^^^
  File "/home/airflow/.local/lib/python3.12/site-packages/airflow/models/taskinstance.py", line 3029, in _run_raw_task
    return _run_raw_task(
           ^^^^^^^^^^^^^^
  File "/home/airflow/.local/lib/python3.12/site-packages/airflow/models/taskinstance.py", line 282, in _run_raw_task
    TaskInstance._execute_task_with_callbacks(
  File "/home/airflow/.local/lib/python3.12/site-packages/airflow/models/taskinstance.py", line 3184, in _execute_task_with_callbacks
    result = self._execute_task(context, task_orig)
             ^^^^^^^^^^^^^^^^^^^^^^^^^^^^^^^^^^^^^^
  File "/home/airflow/.local/lib/python3.12/site-packages/airflow/models/taskinstance.py", line 3208, in _execute_task
    return _execute_task(self, context, task_orig)
           ^^^^^^^^^^^^^^^^^^^^^^^^^^^^^^^^^^^^^^^
  File "/home/airflow/.local/lib/python3.12/site-packages/airflow/models/taskinstance.py", line 776, in _execute_task
    result = _execute_callable(context=context, **execute_callable_kwargs)
             ^^^^^^^^^^^^^^^^^^^^^^^^^^^^^^^^^^^^^^^^^^^^^^^^^^^^^^^^^^^^^
  File "/home/airflow/.local/lib/python3.12/site-packages/airflow/models/taskinstance.py", line 742, in _execute_callable
    return ExecutionCallableRunner(
           ^^^^^^^^^^^^^^^^^^^^^^^^
  File "/home/airflow/.local/lib/python3.12/site-packages/airflow/utils/operator_helpers.py", line 252, in run
    return self.func(*args, **kwargs)
           ^^^^^^^^^^^^^^^^^^^^^^^^^^
  File "/home/airflow/.local/lib/python3.12/site-packages/airflow/models/baseoperator.py", line 424, in wrapper
    return func(self, *args, **kwargs)
           ^^^^^^^^^^^^^^^^^^^^^^^^^^^
  File "/home/airflow/.local/lib/python3.12/site-packages/airflow/providers/apache/spark/operators/spark_submit.py", line 174, in execute
    self._hook.submit(self.application)
  File "/home/airflow/.local/lib/python3.12/site-packages/airflow/providers/apache/spark/hooks/spark_submit.py", line 505, in submit
    raise AirflowException(
airflow.exceptions.AirflowException: Cannot execute: spark-submit --master spark://spark-master:7077 --jars /opt/bitnami/spark/jars/iceberg-spark-runtime-3.5_2.12-1.8.1.jar,/opt/bitnami/spark/jars/nessie-spark-extensions-3.5_2.12-0.103.2.jar,/opt/bitnami/spark/jars/nessie-client-0.103.2.jar,/opt/bitnami/spark/jars/hadoop-aws-3.3.2.jar,/opt/bitnami/spark/jars/aws-java-sdk-bundle-1.12.262.jar, --name arrow-spark --deploy-mode client /opt/bitnami/spark/jobs/process_exercises_job.py {"id": "CA-LESTE-construtiva-1DE-2025-07-03", "manifest_entry": {"data": {"createdAt": "2025-07-03T17:40:55.255Z", "origin": "CA-LESTE", "path": "exercises/CA-LESTE-construtiva-1DE-2025-07-03"}, "id": "CA-LESTE-construtiva-1DE-2025-07-03"}, "metadata": {"createdAt": "2025-07-03T17:40:55.255Z", "description": "1DE", "documents": [{"description": "", "id": "1751564467848", "mimetype": "application/pdf", "name": "Op Jacui IV - Ordem de Operacoes.pdf", "path": "exercises/CA-LESTE-construtiva-1DE-2025-07-03/documents/Op Jacui IV - Ordem de Operacoes.pdf", "size": 336744, "uploadedAt": "2025-07-03T17:41:07.848Z"}], "endDate": "2025-07-04", "id": "CA-LESTE-construtiva-1DE-2025-07-03", "name": "Jogo de Guerra", "origin": "CA-LESTE", "simulationType": "construtiva", "simulations": [{"id": "172.19.0.14_2025-07-03", "movedAt": "2025-07-03T17:41:14.938Z", "name": "172.19.0.14_2025-07-03", "originalPath": "staging/172.19.0.14_2025-07-03", "path": "exercises/CA-LESTE-construtiva-1DE-2025-07-03/simulations/172.19.0.14_2025-07-03"}], "startDate": "2025-07-03", "trainedForce": "1 Divis\u00e3o de Ex\u00e9rcito", "updatedAt": "2025-07-03T17:41:14.938Z", "wikiUrl": ""}}. Error code is: 1.
[2025-07-03T18:30:19.412+0000] {local_task_job_runner.py:266} INFO - Task exited with return code 1
[2025-07-03T18:30:19.447+0000] {taskinstance.py:3924} INFO - 0 downstream tasks scheduled from follow-on schedule check
[2025-07-03T18:30:19.527+0000] {local_task_job_runner.py:245} INFO - ::endgroup::
