[2025-07-09T18:57:30.308+0000] {local_task_job_runner.py:123} INFO - ::group::Pre task execution logs
[2025-07-09T18:57:30.343+0000] {taskinstance.py:2631} INFO - Dependencies all met for dep_context=non-requeueable deps ti=<TaskInstance: process_exercises.process_exercises manual__2025-07-09T18:57:26.233255+00:00 [queued]>
[2025-07-09T18:57:30.353+0000] {taskinstance.py:2631} INFO - Dependencies all met for dep_context=requeueable deps ti=<TaskInstance: process_exercises.process_exercises manual__2025-07-09T18:57:26.233255+00:00 [queued]>
[2025-07-09T18:57:30.354+0000] {taskinstance.py:2884} INFO - Starting attempt 1 of 1
[2025-07-09T18:57:30.618+0000] {taskinstance.py:2907} INFO - Executing <Task(SparkSubmitOperator): process_exercises> on 2025-07-09 18:57:26.233255+00:00
[2025-07-09T18:57:30.625+0000] {logging_mixin.py:190} WARNING - /home/airflow/.local/lib/python3.12/site-packages/airflow/task/task_runner/standard_task_runner.py:70 DeprecationWarning: This process (pid=4429) is multi-threaded, use of fork() may lead to deadlocks in the child.
[2025-07-09T18:57:30.627+0000] {standard_task_runner.py:72} INFO - Started process 4440 to run task
[2025-07-09T18:57:30.625+0000] {standard_task_runner.py:104} INFO - Running: ['airflow', 'tasks', 'run', 'process_exercises', 'process_exercises', 'manual__2025-07-09T18:57:26.233255+00:00', '--job-id', '245', '--raw', '--subdir', 'DAGS_FOLDER/process_exercises.py', '--cfg-path', '/tmp/tmp162uz60v']
[2025-07-09T18:57:30.628+0000] {standard_task_runner.py:105} INFO - Job 245: Subtask process_exercises
[2025-07-09T18:57:31.009+0000] {task_command.py:467} INFO - Running <TaskInstance: process_exercises.process_exercises manual__2025-07-09T18:57:26.233255+00:00 [running]> on host 38b7408c68d7
[2025-07-09T18:57:31.625+0000] {taskinstance.py:3157} INFO - Exporting env vars: AIRFLOW_CTX_DAG_OWNER='airflow' AIRFLOW_CTX_DAG_ID='process_exercises' AIRFLOW_CTX_TASK_ID='process_exercises' AIRFLOW_CTX_EXECUTION_DATE='2025-07-09T18:57:26.233255+00:00' AIRFLOW_CTX_TRY_NUMBER='1' AIRFLOW_CTX_DAG_RUN_ID='manual__2025-07-09T18:57:26.233255+00:00'
[2025-07-09T18:57:31.627+0000] {taskinstance.py:740} INFO - ::endgroup::
[2025-07-09T18:57:31.661+0000] {base.py:84} INFO - Retrieving connection 'spark-ebsim'
[2025-07-09T18:57:31.669+0000] {spark_submit.py:474} INFO - Spark-Submit cmd: spark-submit --master spark://spark-master:7077 --jars /opt/bitnami/spark/jars/iceberg-spark-runtime-3.5_2.12-1.8.1.jar,/opt/bitnami/spark/jars/nessie-spark-extensions-3.5_2.12-0.103.2.jar,/opt/bitnami/spark/jars/nessie-client-0.103.2.jar,/opt/bitnami/spark/jars/hadoop-aws-3.3.2.jar,/opt/bitnami/spark/jars/aws-java-sdk-bundle-1.12.262.jar, --name arrow-spark --deploy-mode client /opt/bitnami/spark/jobs/process_exercises_job.py {"id": "CA-SUL-construtiva-5577-2025-07-09", "manifest_entry": {"data": {"createdAt": "2025-07-09T18:57:00.951Z", "origin": "CA-SUL", "path": "exercises/CA-SUL-construtiva-5577-2025-07-09"}, "id": "CA-SUL-construtiva-5577-2025-07-09"}, "metadata": {"createdAt": "2025-07-09T18:57:00.951Z", "description": "5577", "documents": [{"description": "", "id": "1752087431266", "mimetype": "application/pdf", "name": "Op Jacui IV - Apd 2 ao An A - Plano de Busca.pdf", "path": "exercises/CA-SUL-construtiva-5577-2025-07-09/documents/Op Jacui IV - Apd 2 ao An A - Plano de Busca.pdf", "size": 46220, "uploadedAt": "2025-07-09T18:57:11.266Z"}], "endDate": "2025-07-10", "id": "CA-SUL-construtiva-5577-2025-07-09", "name": "Jogo de Guerra", "origin": "CA-SUL", "simulationType": "construtiva", "simulations": [{"id": "172.19.0.6_2025-07-09", "movedAt": "2025-07-09T18:57:18.810Z", "name": "172.19.0.6_2025-07-09", "originalPath": "staging/172.19.0.6_2025-07-09", "path": "exercises/CA-SUL-construtiva-5577-2025-07-09/simulations/172.19.0.6_2025-07-09"}], "startDate": "2025-07-09", "trainedForce": "5588", "updatedAt": "2025-07-09T18:57:18.810Z", "wikiUrl": ""}}
[2025-07-09T18:57:34.657+0000] {spark_submit.py:644} INFO - 25/07/09 18:57:34 WARN NativeCodeLoader: Unable to load native-hadoop library for your platform... using builtin-java classes where applicable
[2025-07-09T18:57:36.309+0000] {spark_submit.py:644} INFO - [PROCESS EXERCISES] ‚ÑπÔ∏è Iniciando processamento otimizado de exerc√≠cios
[2025-07-09T18:57:36.310+0000] {spark_submit.py:644} INFO - [PROCESS EXERCISES] ‚ÑπÔ∏è Exerc√≠cio selecionado: CA-SUL-construtiva-5577-2025-07-09
[2025-07-09T18:57:36.310+0000] {spark_submit.py:644} INFO - [PROCESS EXERCISES] üîÑ Criando sess√£o Spark otimizada
[2025-07-09T18:57:37.024+0000] {spark_submit.py:644} INFO - 25/07/09 18:57:37 INFO SparkContext: Running Spark version 3.5.5
[2025-07-09T18:57:37.025+0000] {spark_submit.py:644} INFO - 25/07/09 18:57:37 INFO SparkContext: OS info Linux, 5.15.167.4-microsoft-standard-WSL2, amd64
[2025-07-09T18:57:37.025+0000] {spark_submit.py:644} INFO - 25/07/09 18:57:37 INFO SparkContext: Java version 17.0.15
[2025-07-09T18:57:37.050+0000] {spark_submit.py:644} INFO - 25/07/09 18:57:37 INFO ResourceUtils: ==============================================================
[2025-07-09T18:57:37.051+0000] {spark_submit.py:644} INFO - 25/07/09 18:57:37 INFO ResourceUtils: No custom resources configured for spark.driver.
[2025-07-09T18:57:37.051+0000] {spark_submit.py:644} INFO - 25/07/09 18:57:37 INFO ResourceUtils: ==============================================================
[2025-07-09T18:57:37.052+0000] {spark_submit.py:644} INFO - 25/07/09 18:57:37 INFO SparkContext: Submitted application: ProcessExercisesOptimized
[2025-07-09T18:57:37.067+0000] {spark_submit.py:644} INFO - 25/07/09 18:57:37 INFO ResourceProfile: Default ResourceProfile created, executor resources: Map(memory -> name: memory, amount: 2048, script: , vendor: , offHeap -> name: offHeap, amount: 0, script: , vendor: ), task resources: Map(cpus -> name: cpus, amount: 1.0)
[2025-07-09T18:57:37.074+0000] {spark_submit.py:644} INFO - 25/07/09 18:57:37 INFO ResourceProfile: Limiting resource is cpu
[2025-07-09T18:57:37.075+0000] {spark_submit.py:644} INFO - 25/07/09 18:57:37 INFO ResourceProfileManager: Added ResourceProfile id: 0
[2025-07-09T18:57:37.118+0000] {spark_submit.py:644} INFO - 25/07/09 18:57:37 INFO SecurityManager: Changing view acls to: airflow
[2025-07-09T18:57:37.119+0000] {spark_submit.py:644} INFO - 25/07/09 18:57:37 INFO SecurityManager: Changing modify acls to: airflow
[2025-07-09T18:57:37.119+0000] {spark_submit.py:644} INFO - 25/07/09 18:57:37 INFO SecurityManager: Changing view acls groups to:
[2025-07-09T18:57:37.120+0000] {spark_submit.py:644} INFO - 25/07/09 18:57:37 INFO SecurityManager: Changing modify acls groups to:
[2025-07-09T18:57:37.120+0000] {spark_submit.py:644} INFO - 25/07/09 18:57:37 INFO SecurityManager: SecurityManager: authentication disabled; ui acls disabled; users with view permissions: airflow; groups with view permissions: EMPTY; users with modify permissions: airflow; groups with modify permissions: EMPTY
[2025-07-09T18:57:37.319+0000] {spark_submit.py:644} INFO - 25/07/09 18:57:37 INFO Utils: Successfully started service 'sparkDriver' on port 37089.
[2025-07-09T18:57:37.341+0000] {spark_submit.py:644} INFO - 25/07/09 18:57:37 INFO SparkEnv: Registering MapOutputTracker
[2025-07-09T18:57:37.399+0000] {spark_submit.py:644} INFO - 25/07/09 18:57:37 INFO SparkEnv: Registering BlockManagerMaster
[2025-07-09T18:57:37.411+0000] {spark_submit.py:644} INFO - 25/07/09 18:57:37 INFO BlockManagerMasterEndpoint: Using org.apache.spark.storage.DefaultTopologyMapper for getting topology information
[2025-07-09T18:57:37.411+0000] {spark_submit.py:644} INFO - 25/07/09 18:57:37 INFO BlockManagerMasterEndpoint: BlockManagerMasterEndpoint up
[2025-07-09T18:57:37.414+0000] {spark_submit.py:644} INFO - 25/07/09 18:57:37 INFO SparkEnv: Registering BlockManagerMasterHeartbeat
[2025-07-09T18:57:37.456+0000] {spark_submit.py:644} INFO - 25/07/09 18:57:37 INFO DiskBlockManager: Created local directory at /tmp/blockmgr-ed08f9b8-3a4b-4ed9-9bc0-d6ce374db389
[2025-07-09T18:57:37.465+0000] {spark_submit.py:644} INFO - 25/07/09 18:57:37 INFO MemoryStore: MemoryStore started with capacity 434.4 MiB
[2025-07-09T18:57:37.483+0000] {spark_submit.py:644} INFO - 25/07/09 18:57:37 INFO SparkEnv: Registering OutputCommitCoordinator
[2025-07-09T18:57:37.651+0000] {spark_submit.py:644} INFO - 25/07/09 18:57:37 INFO JettyUtils: Start Jetty 0.0.0.0:4040 for SparkUI
[2025-07-09T18:57:37.697+0000] {spark_submit.py:644} INFO - 25/07/09 18:57:37 INFO Utils: Successfully started service 'SparkUI' on port 4040.
[2025-07-09T18:57:37.728+0000] {spark_submit.py:644} INFO - 25/07/09 18:57:37 INFO SparkContext: Added JAR file:///opt/bitnami/spark/jars/iceberg-spark-runtime-3.5_2.12-1.8.1.jar at spark://38b7408c68d7:37089/jars/iceberg-spark-runtime-3.5_2.12-1.8.1.jar with timestamp 1752087456836
[2025-07-09T18:57:37.729+0000] {spark_submit.py:644} INFO - 25/07/09 18:57:37 INFO SparkContext: Added JAR file:///opt/bitnami/spark/jars/nessie-spark-extensions-3.5_2.12-0.103.2.jar at spark://38b7408c68d7:37089/jars/nessie-spark-extensions-3.5_2.12-0.103.2.jar with timestamp 1752087456836
[2025-07-09T18:57:37.730+0000] {spark_submit.py:644} INFO - 25/07/09 18:57:37 INFO SparkContext: Added JAR file:///opt/bitnami/spark/jars/nessie-client-0.103.2.jar at spark://38b7408c68d7:37089/jars/nessie-client-0.103.2.jar with timestamp 1752087456836
[2025-07-09T18:57:37.731+0000] {spark_submit.py:644} INFO - 25/07/09 18:57:37 INFO SparkContext: Added JAR file:///opt/bitnami/spark/jars/hadoop-aws-3.3.2.jar at spark://38b7408c68d7:37089/jars/hadoop-aws-3.3.2.jar with timestamp 1752087456836
[2025-07-09T18:57:37.732+0000] {spark_submit.py:644} INFO - 25/07/09 18:57:37 INFO SparkContext: Added JAR file:///opt/bitnami/spark/jars/aws-java-sdk-bundle-1.12.262.jar at spark://38b7408c68d7:37089/jars/aws-java-sdk-bundle-1.12.262.jar with timestamp 1752087456836
[2025-07-09T18:57:37.820+0000] {spark_submit.py:644} INFO - 25/07/09 18:57:37 INFO StandaloneAppClient$ClientEndpoint: Connecting to master spark://spark-master:7077...
[2025-07-09T18:57:37.862+0000] {spark_submit.py:644} INFO - 25/07/09 18:57:37 INFO TransportClientFactory: Successfully created connection to spark-master/172.19.0.5:7077 after 22 ms (0 ms spent in bootstraps)
[2025-07-09T18:57:38.014+0000] {spark_submit.py:644} INFO - 25/07/09 18:57:38 INFO StandaloneSchedulerBackend: Connected to Spark cluster with app ID app-20250709185738-0012
[2025-07-09T18:57:38.017+0000] {spark_submit.py:644} INFO - 25/07/09 18:57:38 INFO StandaloneAppClient$ClientEndpoint: Executor added: app-20250709185738-0012/0 on worker-20250709171731-172.19.0.7-37405 (172.19.0.7:37405) with 2 core(s)
[2025-07-09T18:57:38.019+0000] {spark_submit.py:644} INFO - 25/07/09 18:57:38 INFO StandaloneSchedulerBackend: Granted executor ID app-20250709185738-0012/0 on hostPort 172.19.0.7:37405 with 2 core(s), 2.0 GiB RAM
[2025-07-09T18:57:38.023+0000] {spark_submit.py:644} INFO - 25/07/09 18:57:38 INFO Utils: Successfully started service 'org.apache.spark.network.netty.NettyBlockTransferService' on port 33283.
[2025-07-09T18:57:38.024+0000] {spark_submit.py:644} INFO - 25/07/09 18:57:38 INFO NettyBlockTransferService: Server created on 38b7408c68d7:33283
[2025-07-09T18:57:38.025+0000] {spark_submit.py:644} INFO - 25/07/09 18:57:38 INFO BlockManager: Using org.apache.spark.storage.RandomBlockReplicationPolicy for block replication policy
[2025-07-09T18:57:38.030+0000] {spark_submit.py:644} INFO - 25/07/09 18:57:38 INFO BlockManagerMaster: Registering BlockManager BlockManagerId(driver, 38b7408c68d7, 33283, None)
[2025-07-09T18:57:38.033+0000] {spark_submit.py:644} INFO - 25/07/09 18:57:38 INFO BlockManagerMasterEndpoint: Registering block manager 38b7408c68d7:33283 with 434.4 MiB RAM, BlockManagerId(driver, 38b7408c68d7, 33283, None)
[2025-07-09T18:57:38.035+0000] {spark_submit.py:644} INFO - 25/07/09 18:57:38 INFO BlockManagerMaster: Registered BlockManager BlockManagerId(driver, 38b7408c68d7, 33283, None)
[2025-07-09T18:57:38.036+0000] {spark_submit.py:644} INFO - 25/07/09 18:57:38 INFO BlockManager: Initialized BlockManager: BlockManagerId(driver, 38b7408c68d7, 33283, None)
[2025-07-09T18:57:38.164+0000] {spark_submit.py:644} INFO - 25/07/09 18:57:38 INFO StandaloneAppClient$ClientEndpoint: Executor updated: app-20250709185738-0012/0 is now RUNNING
[2025-07-09T18:57:38.230+0000] {spark_submit.py:644} INFO - 25/07/09 18:57:38 INFO StandaloneSchedulerBackend: SchedulerBackend is ready for scheduling beginning after reached minRegisteredResourcesRatio: 0.0
[2025-07-09T18:57:38.511+0000] {spark_submit.py:644} INFO - [PROCESS EXERCISES] ‚úÖ Sess√£o Spark otimizada criada com sucesso
[2025-07-09T18:57:39.133+0000] {spark_submit.py:644} INFO - [PROCESS EXERCISES] ‚úÖ Processador de exerc√≠cios inicializado com otimiza√ß√µes
[2025-07-09T18:57:39.133+0000] {spark_submit.py:644} INFO - [PROCESS EXERCISES] üîÑ Criando namespace nessie.exercises
[2025-07-09T18:57:41.605+0000] {spark_submit.py:644} INFO - [PROCESS EXERCISES] ‚úÖ Namespace criado/verificado com sucesso
[2025-07-09T18:57:41.606+0000] {spark_submit.py:644} INFO - [PROCESS EXERCISES] üîÑ === FASE 1: PROCESSAMENTO DE DOCUMENTOS ===
[2025-07-09T18:57:41.607+0000] {spark_submit.py:644} INFO - [PROCESS EXERCISES] üîÑ Iniciando processamento de documentos PDF
[2025-07-09T18:57:41.607+0000] {spark_submit.py:644} INFO - [PROCESS EXERCISES] ‚ÑπÔ∏è Processando 1 arquivos PDF
[2025-07-09T18:57:41.608+0000] {spark_submit.py:644} INFO - [PROCESS EXERCISES] ‚ÑπÔ∏è Processando lote 1: 1 arquivos
[2025-07-09T18:57:42.153+0000] {spark_submit.py:644} INFO - 25/07/09 18:57:42 WARN MetricsConfig: Cannot locate configuration: tried hadoop-metrics2-s3a-file-system.properties,hadoop-metrics2.properties
[2025-07-09T18:58:11.187+0000] {spark_submit.py:644} INFO - [PROCESS EXERCISES] ‚úÖ Lote processado: 1 registros
[2025-07-09T18:58:22.390+0000] {spark_submit.py:644} INFO - [PROCESS EXERCISES] ‚úÖ Total de PDFs processados: 1 registros
[2025-07-09T18:58:22.939+0000] {spark_submit.py:644} INFO - [PROCESS EXERCISES] ‚ÑπÔ∏è Salvando 1 registros na tabela nessie.exercises.pdf_documents
[2025-07-09T18:58:25.853+0000] {spark_submit.py:644} INFO - [PROCESS EXERCISES] üîÑ Salvando tabela nessie.exercises.pdf_documents em modo append (1 parti√ß√µes)
[2025-07-09T18:58:32.403+0000] {spark_submit.py:644} INFO - [PROCESS EXERCISES] ‚úÖ Tabela nessie.exercises.pdf_documents salva com sucesso (1 registros)
[2025-07-09T18:58:32.404+0000] {spark_submit.py:644} INFO - [PROCESS EXERCISES] üîÑ === FASE 2: PROCESSAMENTO DE SIMULA√á√ïES ===
[2025-07-09T18:58:32.405+0000] {spark_submit.py:644} INFO - [PROCESS EXERCISES] üîÑ Iniciando processamento de simula√ß√µes
[2025-07-09T18:58:32.405+0000] {spark_submit.py:644} INFO - [PROCESS EXERCISES] ‚ÑπÔ∏è Buscando arquivos em: s3a://bronze/exercises/CA-SUL-construtiva-5577-2025-07-09/simulations/172.19.0.6_2025-07-09/
[2025-07-09T18:58:33.116+0000] {spark_submit.py:644} INFO - [PROCESS EXERCISES] ‚ÑπÔ∏è Encontrados 3 arquivos Protobuf (.pb)
[2025-07-09T18:58:33.117+0000] {spark_submit.py:644} INFO - [PROCESS EXERCISES] ‚ÑπÔ∏è Processando 3 arquivos Protobuf
[2025-07-09T18:58:33.118+0000] {spark_submit.py:644} INFO - [PROCESS EXERCISES] ‚ÑπÔ∏è Processando arquivo protobuf: s3a://bronze/exercises/CA-SUL-construtiva-5577-2025-07-09/simulations/172.19.0.6_2025-07-09/18-53.33/session-proto_2.pb
[2025-07-09T18:58:34.358+0000] {spark_submit.py:644} INFO - [PROCESS EXERCISES] ‚ÑπÔ∏è Arquivo s3a://bronze/exercises/CA-SUL-construtiva-5577-2025-07-09/simulations/172.19.0.6_2025-07-09/18-53.33/session-proto_2.pb lido: 1044 bytes
[2025-07-09T18:58:34.767+0000] {spark_submit.py:644} INFO - [PROCESS EXERCISES] üìä Arquivo s3a://bronze/exercises/CA-SUL-construtiva-5577-2025-07-09/simulations/172.19.0.6_2025-07-09/18-53.33/session-proto_2.pb: extra√≠das 19 mensagens
[2025-07-09T18:58:34.768+0000] {spark_submit.py:644} INFO - [PROCESS EXERCISES] ‚ÑπÔ∏è Processando arquivo protobuf: s3a://bronze/exercises/CA-SUL-construtiva-5577-2025-07-09/simulations/172.19.0.6_2025-07-09/18-53.33/session-proto_3.pb
[2025-07-09T18:58:35.199+0000] {spark_submit.py:644} INFO - [PROCESS EXERCISES] ‚ÑπÔ∏è Arquivo s3a://bronze/exercises/CA-SUL-construtiva-5577-2025-07-09/simulations/172.19.0.6_2025-07-09/18-53.33/session-proto_3.pb lido: 1043 bytes
[2025-07-09T18:58:35.199+0000] {spark_submit.py:644} INFO - [PROCESS EXERCISES] üìä Arquivo s3a://bronze/exercises/CA-SUL-construtiva-5577-2025-07-09/simulations/172.19.0.6_2025-07-09/18-53.33/session-proto_3.pb: extra√≠das 19 mensagens
[2025-07-09T18:58:35.200+0000] {spark_submit.py:644} INFO - [PROCESS EXERCISES] ‚ÑπÔ∏è Processando arquivo protobuf: s3a://bronze/exercises/CA-SUL-construtiva-5577-2025-07-09/simulations/172.19.0.6_2025-07-09/18-53.33/session-proto_1.pb
[2025-07-09T18:58:35.419+0000] {spark_submit.py:644} INFO - [PROCESS EXERCISES] ‚ÑπÔ∏è Arquivo s3a://bronze/exercises/CA-SUL-construtiva-5577-2025-07-09/simulations/172.19.0.6_2025-07-09/18-53.33/session-proto_1.pb lido: 109 bytes
[2025-07-09T18:58:35.419+0000] {spark_submit.py:644} INFO - [PROCESS EXERCISES] üìä Arquivo s3a://bronze/exercises/CA-SUL-construtiva-5577-2025-07-09/simulations/172.19.0.6_2025-07-09/18-53.33/session-proto_1.pb: extra√≠das 2 mensagens
[2025-07-09T18:58:35.420+0000] {spark_submit.py:644} INFO - [PROCESS EXERCISES] ‚ÑπÔ∏è Total de mensagens protobuf extra√≠das: 40
[2025-07-09T18:58:36.169+0000] {spark_submit.py:644} INFO - [PROCESS EXERCISES] ‚úÖ Total protobuf processado: 3 arquivos (40 registros)
[2025-07-09T18:58:36.191+0000] {spark_submit.py:644} INFO - [PROCESS EXERCISES] ‚ÑπÔ∏è Tipo de mensagem de simula√ß√£o: PROTO
[2025-07-09T18:58:36.966+0000] {spark_submit.py:644} INFO - [PROCESS EXERCISES] ‚ÑπÔ∏è Salvando 40 registros na tabela nessie.exercises.protobuf_messages
[2025-07-09T18:58:37.150+0000] {spark_submit.py:644} INFO - [PROCESS EXERCISES] üîÑ Salvando tabela nessie.exercises.protobuf_messages em modo append (1 parti√ß√µes)
[2025-07-09T18:58:37.410+0000] {spark_submit.py:644} INFO - [PROCESS EXERCISES] ‚ùå Erro ao salvar tabela nessie.exercises.protobuf_messages: [INSERT_COLUMN_ARITY_MISMATCH.TOO_MANY_DATA_COLUMNS] Cannot write to `nessie`.`exercises`.`protobuf_messages`, the reason is too many data columns:
[2025-07-09T18:58:37.411+0000] {spark_submit.py:644} INFO - Table columns: `exercise_id`, `context`, `client_id`, `knowledge_id`, `knowledge_group_id`, `latitude`, `longitude`, `altitude`, `timestamp`, `status`, `processed_at`.
[2025-07-09T18:58:37.412+0000] {spark_submit.py:644} INFO - Data columns: `altitude`, `client_id`, `context`, `exercise_id`, `group_id`, `knowledge_id`, `latitude`, `longitude`, `message_num`, `processed_at`, `source_file`, `timestamp`.
[2025-07-09T18:58:37.413+0000] {spark_submit.py:644} INFO - [PROCESS EXERCISES] ‚ùå Erro cr√≠tico durante o processamento: Falha ao salvar tabela nessie.exercises.protobuf_messages: [INSERT_COLUMN_ARITY_MISMATCH.TOO_MANY_DATA_COLUMNS] Cannot write to `nessie`.`exercises`.`protobuf_messages`, the reason is too many data columns:
[2025-07-09T18:58:37.414+0000] {spark_submit.py:644} INFO - Table columns: `exercise_id`, `context`, `client_id`, `knowledge_id`, `knowledge_group_id`, `latitude`, `longitude`, `altitude`, `timestamp`, `status`, `processed_at`.
[2025-07-09T18:58:37.414+0000] {spark_submit.py:644} INFO - Data columns: `altitude`, `client_id`, `context`, `exercise_id`, `group_id`, `knowledge_id`, `latitude`, `longitude`, `message_num`, `processed_at`, `source_file`, `timestamp`.
[2025-07-09T18:58:37.415+0000] {spark_submit.py:644} INFO - [PROCESS EXERCISES] üîÑ Finalizando sess√£o Spark
[2025-07-09T18:58:38.535+0000] {spark_submit.py:644} INFO - [PROCESS EXERCISES] ‚úÖ Sess√£o Spark finalizada com sucesso
[2025-07-09T18:58:39.100+0000] {taskinstance.py:3336} ERROR - Task failed with exception
Traceback (most recent call last):
  File "/home/airflow/.local/lib/python3.12/site-packages/airflow/models/taskinstance.py", line 776, in _execute_task
    result = _execute_callable(context=context, **execute_callable_kwargs)
             ^^^^^^^^^^^^^^^^^^^^^^^^^^^^^^^^^^^^^^^^^^^^^^^^^^^^^^^^^^^^^
  File "/home/airflow/.local/lib/python3.12/site-packages/airflow/models/taskinstance.py", line 742, in _execute_callable
    return ExecutionCallableRunner(
           ^^^^^^^^^^^^^^^^^^^^^^^^
  File "/home/airflow/.local/lib/python3.12/site-packages/airflow/utils/operator_helpers.py", line 252, in run
    return self.func(*args, **kwargs)
           ^^^^^^^^^^^^^^^^^^^^^^^^^^
  File "/home/airflow/.local/lib/python3.12/site-packages/airflow/models/baseoperator.py", line 424, in wrapper
    return func(self, *args, **kwargs)
           ^^^^^^^^^^^^^^^^^^^^^^^^^^^
  File "/home/airflow/.local/lib/python3.12/site-packages/airflow/providers/apache/spark/operators/spark_submit.py", line 197, in execute
    self._hook.submit(self.application)
  File "/home/airflow/.local/lib/python3.12/site-packages/airflow/providers/apache/spark/hooks/spark_submit.py", line 566, in submit
    raise AirflowException(
airflow.exceptions.AirflowException: Cannot execute: spark-submit --master spark://spark-master:7077 --jars /opt/bitnami/spark/jars/iceberg-spark-runtime-3.5_2.12-1.8.1.jar,/opt/bitnami/spark/jars/nessie-spark-extensions-3.5_2.12-0.103.2.jar,/opt/bitnami/spark/jars/nessie-client-0.103.2.jar,/opt/bitnami/spark/jars/hadoop-aws-3.3.2.jar,/opt/bitnami/spark/jars/aws-java-sdk-bundle-1.12.262.jar, --name arrow-spark --deploy-mode client /opt/bitnami/spark/jobs/process_exercises_job.py {"id": "CA-SUL-construtiva-5577-2025-07-09", "manifest_entry": {"data": {"createdAt": "2025-07-09T18:57:00.951Z", "origin": "CA-SUL", "path": "exercises/CA-SUL-construtiva-5577-2025-07-09"}, "id": "CA-SUL-construtiva-5577-2025-07-09"}, "metadata": {"createdAt": "2025-07-09T18:57:00.951Z", "description": "5577", "documents": [{"description": "", "id": "1752087431266", "mimetype": "application/pdf", "name": "Op Jacui IV - Apd 2 ao An A - Plano de Busca.pdf", "path": "exercises/CA-SUL-construtiva-5577-2025-07-09/documents/Op Jacui IV - Apd 2 ao An A - Plano de Busca.pdf", "size": 46220, "uploadedAt": "2025-07-09T18:57:11.266Z"}], "endDate": "2025-07-10", "id": "CA-SUL-construtiva-5577-2025-07-09", "name": "Jogo de Guerra", "origin": "CA-SUL", "simulationType": "construtiva", "simulations": [{"id": "172.19.0.6_2025-07-09", "movedAt": "2025-07-09T18:57:18.810Z", "name": "172.19.0.6_2025-07-09", "originalPath": "staging/172.19.0.6_2025-07-09", "path": "exercises/CA-SUL-construtiva-5577-2025-07-09/simulations/172.19.0.6_2025-07-09"}], "startDate": "2025-07-09", "trainedForce": "5588", "updatedAt": "2025-07-09T18:57:18.810Z", "wikiUrl": ""}}. Error code is: 1.
[2025-07-09T18:58:39.413+0000] {taskinstance.py:1242} INFO - Marking task as FAILED. dag_id=process_exercises, task_id=process_exercises, run_id=manual__2025-07-09T18:57:26.233255+00:00, execution_date=20250709T185726, start_date=20250709T185730, end_date=20250709T185839
[2025-07-09T18:58:39.675+0000] {taskinstance.py:349} INFO - ::group::Post task execution logs
[2025-07-09T18:58:39.676+0000] {standard_task_runner.py:124} ERROR - Failed to execute job 245 for task process_exercises (Cannot execute: spark-submit --master spark://spark-master:7077 --jars /opt/bitnami/spark/jars/iceberg-spark-runtime-3.5_2.12-1.8.1.jar,/opt/bitnami/spark/jars/nessie-spark-extensions-3.5_2.12-0.103.2.jar,/opt/bitnami/spark/jars/nessie-client-0.103.2.jar,/opt/bitnami/spark/jars/hadoop-aws-3.3.2.jar,/opt/bitnami/spark/jars/aws-java-sdk-bundle-1.12.262.jar, --name arrow-spark --deploy-mode client /opt/bitnami/spark/jobs/process_exercises_job.py {"id": "CA-SUL-construtiva-5577-2025-07-09", "manifest_entry": {"data": {"createdAt": "2025-07-09T18:57:00.951Z", "origin": "CA-SUL", "path": "exercises/CA-SUL-construtiva-5577-2025-07-09"}, "id": "CA-SUL-construtiva-5577-2025-07-09"}, "metadata": {"createdAt": "2025-07-09T18:57:00.951Z", "description": "5577", "documents": [{"description": "", "id": "1752087431266", "mimetype": "application/pdf", "name": "Op Jacui IV - Apd 2 ao An A - Plano de Busca.pdf", "path": "exercises/CA-SUL-construtiva-5577-2025-07-09/documents/Op Jacui IV - Apd 2 ao An A - Plano de Busca.pdf", "size": 46220, "uploadedAt": "2025-07-09T18:57:11.266Z"}], "endDate": "2025-07-10", "id": "CA-SUL-construtiva-5577-2025-07-09", "name": "Jogo de Guerra", "origin": "CA-SUL", "simulationType": "construtiva", "simulations": [{"id": "172.19.0.6_2025-07-09", "movedAt": "2025-07-09T18:57:18.810Z", "name": "172.19.0.6_2025-07-09", "originalPath": "staging/172.19.0.6_2025-07-09", "path": "exercises/CA-SUL-construtiva-5577-2025-07-09/simulations/172.19.0.6_2025-07-09"}], "startDate": "2025-07-09", "trainedForce": "5588", "updatedAt": "2025-07-09T18:57:18.810Z", "wikiUrl": ""}}. Error code is: 1.; 4440)
Traceback (most recent call last):
  File "/home/airflow/.local/lib/python3.12/site-packages/airflow/task/task_runner/standard_task_runner.py", line 117, in _start_by_fork
    ret = args.func(args, dag=self.dag)
          ^^^^^^^^^^^^^^^^^^^^^^^^^^^^^
  File "/home/airflow/.local/lib/python3.12/site-packages/airflow/cli/cli_config.py", line 49, in command
    return func(*args, **kwargs)
           ^^^^^^^^^^^^^^^^^^^^^
  File "/home/airflow/.local/lib/python3.12/site-packages/airflow/utils/cli.py", line 116, in wrapper
    return f(*args, **kwargs)
           ^^^^^^^^^^^^^^^^^^
  File "/home/airflow/.local/lib/python3.12/site-packages/airflow/cli/commands/task_command.py", line 483, in task_run
    task_return_code = _run_task_by_selected_method(args, _dag, ti)
                       ^^^^^^^^^^^^^^^^^^^^^^^^^^^^^^^^^^^^^^^^^^^^
  File "/home/airflow/.local/lib/python3.12/site-packages/airflow/cli/commands/task_command.py", line 256, in _run_task_by_selected_method
    return _run_raw_task(args, ti)
           ^^^^^^^^^^^^^^^^^^^^^^^
  File "/home/airflow/.local/lib/python3.12/site-packages/airflow/cli/commands/task_command.py", line 341, in _run_raw_task
    return ti._run_raw_task(
           ^^^^^^^^^^^^^^^^^
  File "/home/airflow/.local/lib/python3.12/site-packages/airflow/utils/session.py", line 97, in wrapper
    return func(*args, session=session, **kwargs)
           ^^^^^^^^^^^^^^^^^^^^^^^^^^^^^^^^^^^^^^
  File "/home/airflow/.local/lib/python3.12/site-packages/airflow/models/taskinstance.py", line 3029, in _run_raw_task
    return _run_raw_task(
           ^^^^^^^^^^^^^^
  File "/home/airflow/.local/lib/python3.12/site-packages/airflow/models/taskinstance.py", line 282, in _run_raw_task
    TaskInstance._execute_task_with_callbacks(
  File "/home/airflow/.local/lib/python3.12/site-packages/airflow/models/taskinstance.py", line 3184, in _execute_task_with_callbacks
    result = self._execute_task(context, task_orig)
             ^^^^^^^^^^^^^^^^^^^^^^^^^^^^^^^^^^^^^^
  File "/home/airflow/.local/lib/python3.12/site-packages/airflow/models/taskinstance.py", line 3208, in _execute_task
    return _execute_task(self, context, task_orig)
           ^^^^^^^^^^^^^^^^^^^^^^^^^^^^^^^^^^^^^^^
  File "/home/airflow/.local/lib/python3.12/site-packages/airflow/models/taskinstance.py", line 776, in _execute_task
    result = _execute_callable(context=context, **execute_callable_kwargs)
             ^^^^^^^^^^^^^^^^^^^^^^^^^^^^^^^^^^^^^^^^^^^^^^^^^^^^^^^^^^^^^
  File "/home/airflow/.local/lib/python3.12/site-packages/airflow/models/taskinstance.py", line 742, in _execute_callable
    return ExecutionCallableRunner(
           ^^^^^^^^^^^^^^^^^^^^^^^^
  File "/home/airflow/.local/lib/python3.12/site-packages/airflow/utils/operator_helpers.py", line 252, in run
    return self.func(*args, **kwargs)
           ^^^^^^^^^^^^^^^^^^^^^^^^^^
  File "/home/airflow/.local/lib/python3.12/site-packages/airflow/models/baseoperator.py", line 424, in wrapper
    return func(self, *args, **kwargs)
           ^^^^^^^^^^^^^^^^^^^^^^^^^^^
  File "/home/airflow/.local/lib/python3.12/site-packages/airflow/providers/apache/spark/operators/spark_submit.py", line 197, in execute
    self._hook.submit(self.application)
  File "/home/airflow/.local/lib/python3.12/site-packages/airflow/providers/apache/spark/hooks/spark_submit.py", line 566, in submit
    raise AirflowException(
airflow.exceptions.AirflowException: Cannot execute: spark-submit --master spark://spark-master:7077 --jars /opt/bitnami/spark/jars/iceberg-spark-runtime-3.5_2.12-1.8.1.jar,/opt/bitnami/spark/jars/nessie-spark-extensions-3.5_2.12-0.103.2.jar,/opt/bitnami/spark/jars/nessie-client-0.103.2.jar,/opt/bitnami/spark/jars/hadoop-aws-3.3.2.jar,/opt/bitnami/spark/jars/aws-java-sdk-bundle-1.12.262.jar, --name arrow-spark --deploy-mode client /opt/bitnami/spark/jobs/process_exercises_job.py {"id": "CA-SUL-construtiva-5577-2025-07-09", "manifest_entry": {"data": {"createdAt": "2025-07-09T18:57:00.951Z", "origin": "CA-SUL", "path": "exercises/CA-SUL-construtiva-5577-2025-07-09"}, "id": "CA-SUL-construtiva-5577-2025-07-09"}, "metadata": {"createdAt": "2025-07-09T18:57:00.951Z", "description": "5577", "documents": [{"description": "", "id": "1752087431266", "mimetype": "application/pdf", "name": "Op Jacui IV - Apd 2 ao An A - Plano de Busca.pdf", "path": "exercises/CA-SUL-construtiva-5577-2025-07-09/documents/Op Jacui IV - Apd 2 ao An A - Plano de Busca.pdf", "size": 46220, "uploadedAt": "2025-07-09T18:57:11.266Z"}], "endDate": "2025-07-10", "id": "CA-SUL-construtiva-5577-2025-07-09", "name": "Jogo de Guerra", "origin": "CA-SUL", "simulationType": "construtiva", "simulations": [{"id": "172.19.0.6_2025-07-09", "movedAt": "2025-07-09T18:57:18.810Z", "name": "172.19.0.6_2025-07-09", "originalPath": "staging/172.19.0.6_2025-07-09", "path": "exercises/CA-SUL-construtiva-5577-2025-07-09/simulations/172.19.0.6_2025-07-09"}], "startDate": "2025-07-09", "trainedForce": "5588", "updatedAt": "2025-07-09T18:57:18.810Z", "wikiUrl": ""}}. Error code is: 1.
[2025-07-09T18:58:39.757+0000] {local_task_job_runner.py:266} INFO - Task exited with return code 1
[2025-07-09T18:58:39.799+0000] {local_task_job_runner.py:245} INFO - ::endgroup::
