[2025-07-09T18:31:10.032+0000] {local_task_job_runner.py:123} INFO - ::group::Pre task execution logs
[2025-07-09T18:31:10.067+0000] {taskinstance.py:2631} INFO - Dependencies all met for dep_context=non-requeueable deps ti=<TaskInstance: process_exercises.process_exercises manual__2025-07-09T18:31:07.088566+00:00 [queued]>
[2025-07-09T18:31:10.078+0000] {taskinstance.py:2631} INFO - Dependencies all met for dep_context=requeueable deps ti=<TaskInstance: process_exercises.process_exercises manual__2025-07-09T18:31:07.088566+00:00 [queued]>
[2025-07-09T18:31:10.079+0000] {taskinstance.py:2884} INFO - Starting attempt 1 of 1
[2025-07-09T18:31:10.122+0000] {taskinstance.py:2907} INFO - Executing <Task(SparkSubmitOperator): process_exercises> on 2025-07-09 18:31:07.088566+00:00
[2025-07-09T18:31:10.130+0000] {logging_mixin.py:190} WARNING - /home/airflow/.local/lib/python3.12/site-packages/airflow/task/task_runner/standard_task_runner.py:70 DeprecationWarning: This process (pid=3224) is multi-threaded, use of fork() may lead to deadlocks in the child.
[2025-07-09T18:31:10.131+0000] {standard_task_runner.py:72} INFO - Started process 3225 to run task
[2025-07-09T18:31:10.131+0000] {standard_task_runner.py:104} INFO - Running: ['airflow', 'tasks', 'run', 'process_exercises', 'process_exercises', 'manual__2025-07-09T18:31:07.088566+00:00', '--job-id', '237', '--raw', '--subdir', 'DAGS_FOLDER/process_exercises.py', '--cfg-path', '/tmp/tmprawcereq']
[2025-07-09T18:31:10.134+0000] {standard_task_runner.py:105} INFO - Job 237: Subtask process_exercises
[2025-07-09T18:31:10.243+0000] {task_command.py:467} INFO - Running <TaskInstance: process_exercises.process_exercises manual__2025-07-09T18:31:07.088566+00:00 [running]> on host 38b7408c68d7
[2025-07-09T18:31:10.513+0000] {taskinstance.py:3157} INFO - Exporting env vars: AIRFLOW_CTX_DAG_OWNER='airflow' AIRFLOW_CTX_DAG_ID='process_exercises' AIRFLOW_CTX_TASK_ID='process_exercises' AIRFLOW_CTX_EXECUTION_DATE='2025-07-09T18:31:07.088566+00:00' AIRFLOW_CTX_TRY_NUMBER='1' AIRFLOW_CTX_DAG_RUN_ID='manual__2025-07-09T18:31:07.088566+00:00'
[2025-07-09T18:31:10.515+0000] {taskinstance.py:740} INFO - ::endgroup::
[2025-07-09T18:31:10.551+0000] {base.py:84} INFO - Retrieving connection 'spark-ebsim'
[2025-07-09T18:31:10.560+0000] {spark_submit.py:474} INFO - Spark-Submit cmd: spark-submit --master spark://spark-master:7077 --jars /opt/bitnami/spark/jars/iceberg-spark-runtime-3.5_2.12-1.8.1.jar,/opt/bitnami/spark/jars/nessie-spark-extensions-3.5_2.12-0.103.2.jar,/opt/bitnami/spark/jars/nessie-client-0.103.2.jar,/opt/bitnami/spark/jars/hadoop-aws-3.3.2.jar,/opt/bitnami/spark/jars/aws-java-sdk-bundle-1.12.262.jar, --name arrow-spark --deploy-mode client /opt/bitnami/spark/jobs/process_exercises_job.py {"id": "CA-LESTE-construtiva-4455-2025-07-08", "manifest_entry": {"data": {"createdAt": "2025-07-08T19:50:09.281Z", "origin": "CA-LESTE", "path": "exercises/CA-LESTE-construtiva-4455-2025-07-08"}, "id": "CA-LESTE-construtiva-4455-2025-07-08"}, "metadata": {"createdAt": "2025-07-08T19:50:09.281Z", "description": "4455", "documents": [{"description": "", "id": "1752004297308", "mimetype": "application/pdf", "name": "Op Jacui IV - Ordem de Operacoes.pdf", "path": "exercises/CA-LESTE-construtiva-4455-2025-07-08/documents/Op Jacui IV - Ordem de Operacoes.pdf", "size": 336744, "uploadedAt": "2025-07-08T19:51:37.308Z"}], "endDate": "2025-07-22", "id": "CA-LESTE-construtiva-4455-2025-07-08", "name": "Jogo de Guerra", "origin": "CA-LESTE", "simulationType": "construtiva", "simulations": [{"id": "172.19.0.14_2025-07-08", "movedAt": "2025-07-08T19:51:46.649Z", "name": "172.19.0.14_2025-07-08", "originalPath": "staging/172.19.0.14_2025-07-08", "path": "exercises/CA-LESTE-construtiva-4455-2025-07-08/simulations/172.19.0.14_2025-07-08"}], "startDate": "2025-07-15", "trainedForce": "4455", "updatedAt": "2025-07-08T19:51:46.649Z", "wikiUrl": ""}}
[2025-07-09T18:31:12.334+0000] {spark_submit.py:644} INFO - 25/07/09 18:31:12 WARN NativeCodeLoader: Unable to load native-hadoop library for your platform... using builtin-java classes where applicable
[2025-07-09T18:31:13.851+0000] {spark_submit.py:644} INFO - [PROCESS EXERCISES] ‚ÑπÔ∏è Iniciando processamento otimizado de exerc√≠cios
[2025-07-09T18:31:13.852+0000] {spark_submit.py:644} INFO - [PROCESS EXERCISES] ‚ÑπÔ∏è Exerc√≠cio selecionado: CA-LESTE-construtiva-4455-2025-07-08
[2025-07-09T18:31:13.852+0000] {spark_submit.py:644} INFO - [PROCESS EXERCISES] üîÑ Criando sess√£o Spark otimizada
[2025-07-09T18:31:14.443+0000] {spark_submit.py:644} INFO - 25/07/09 18:31:14 INFO SparkContext: Running Spark version 3.5.5
[2025-07-09T18:31:14.444+0000] {spark_submit.py:644} INFO - 25/07/09 18:31:14 INFO SparkContext: OS info Linux, 5.15.167.4-microsoft-standard-WSL2, amd64
[2025-07-09T18:31:14.444+0000] {spark_submit.py:644} INFO - 25/07/09 18:31:14 INFO SparkContext: Java version 17.0.15
[2025-07-09T18:31:14.478+0000] {spark_submit.py:644} INFO - 25/07/09 18:31:14 INFO ResourceUtils: ==============================================================
[2025-07-09T18:31:14.478+0000] {spark_submit.py:644} INFO - 25/07/09 18:31:14 INFO ResourceUtils: No custom resources configured for spark.driver.
[2025-07-09T18:31:14.479+0000] {spark_submit.py:644} INFO - 25/07/09 18:31:14 INFO ResourceUtils: ==============================================================
[2025-07-09T18:31:14.480+0000] {spark_submit.py:644} INFO - 25/07/09 18:31:14 INFO SparkContext: Submitted application: ProcessExercisesOptimized
[2025-07-09T18:31:14.500+0000] {spark_submit.py:644} INFO - 25/07/09 18:31:14 INFO ResourceProfile: Default ResourceProfile created, executor resources: Map(memory -> name: memory, amount: 2048, script: , vendor: , offHeap -> name: offHeap, amount: 0, script: , vendor: ), task resources: Map(cpus -> name: cpus, amount: 1.0)
[2025-07-09T18:31:14.511+0000] {spark_submit.py:644} INFO - 25/07/09 18:31:14 INFO ResourceProfile: Limiting resource is cpu
[2025-07-09T18:31:14.512+0000] {spark_submit.py:644} INFO - 25/07/09 18:31:14 INFO ResourceProfileManager: Added ResourceProfile id: 0
[2025-07-09T18:31:14.560+0000] {spark_submit.py:644} INFO - 25/07/09 18:31:14 INFO SecurityManager: Changing view acls to: airflow
[2025-07-09T18:31:14.561+0000] {spark_submit.py:644} INFO - 25/07/09 18:31:14 INFO SecurityManager: Changing modify acls to: airflow
[2025-07-09T18:31:14.562+0000] {spark_submit.py:644} INFO - 25/07/09 18:31:14 INFO SecurityManager: Changing view acls groups to:
[2025-07-09T18:31:14.562+0000] {spark_submit.py:644} INFO - 25/07/09 18:31:14 INFO SecurityManager: Changing modify acls groups to:
[2025-07-09T18:31:14.563+0000] {spark_submit.py:644} INFO - 25/07/09 18:31:14 INFO SecurityManager: SecurityManager: authentication disabled; ui acls disabled; users with view permissions: airflow; groups with view permissions: EMPTY; users with modify permissions: airflow; groups with modify permissions: EMPTY
[2025-07-09T18:31:14.757+0000] {spark_submit.py:644} INFO - 25/07/09 18:31:14 INFO Utils: Successfully started service 'sparkDriver' on port 36779.
[2025-07-09T18:31:14.779+0000] {spark_submit.py:644} INFO - 25/07/09 18:31:14 INFO SparkEnv: Registering MapOutputTracker
[2025-07-09T18:31:14.806+0000] {spark_submit.py:644} INFO - 25/07/09 18:31:14 INFO SparkEnv: Registering BlockManagerMaster
[2025-07-09T18:31:14.818+0000] {spark_submit.py:644} INFO - 25/07/09 18:31:14 INFO BlockManagerMasterEndpoint: Using org.apache.spark.storage.DefaultTopologyMapper for getting topology information
[2025-07-09T18:31:14.818+0000] {spark_submit.py:644} INFO - 25/07/09 18:31:14 INFO BlockManagerMasterEndpoint: BlockManagerMasterEndpoint up
[2025-07-09T18:31:14.821+0000] {spark_submit.py:644} INFO - 25/07/09 18:31:14 INFO SparkEnv: Registering BlockManagerMasterHeartbeat
[2025-07-09T18:31:14.851+0000] {spark_submit.py:644} INFO - 25/07/09 18:31:14 INFO DiskBlockManager: Created local directory at /tmp/blockmgr-246155a3-5612-47a6-8c8d-ea561927bac8
[2025-07-09T18:31:14.862+0000] {spark_submit.py:644} INFO - 25/07/09 18:31:14 INFO MemoryStore: MemoryStore started with capacity 434.4 MiB
[2025-07-09T18:31:14.883+0000] {spark_submit.py:644} INFO - 25/07/09 18:31:14 INFO SparkEnv: Registering OutputCommitCoordinator
[2025-07-09T18:31:15.064+0000] {spark_submit.py:644} INFO - 25/07/09 18:31:15 INFO JettyUtils: Start Jetty 0.0.0.0:4040 for SparkUI
[2025-07-09T18:31:15.121+0000] {spark_submit.py:644} INFO - 25/07/09 18:31:15 INFO Utils: Successfully started service 'SparkUI' on port 4040.
[2025-07-09T18:31:15.178+0000] {spark_submit.py:644} INFO - 25/07/09 18:31:15 INFO SparkContext: Added JAR file:///opt/bitnami/spark/jars/iceberg-spark-runtime-3.5_2.12-1.8.1.jar at spark://38b7408c68d7:36779/jars/iceberg-spark-runtime-3.5_2.12-1.8.1.jar with timestamp 1752085874436
[2025-07-09T18:31:15.180+0000] {spark_submit.py:644} INFO - 25/07/09 18:31:15 INFO SparkContext: Added JAR file:///opt/bitnami/spark/jars/nessie-spark-extensions-3.5_2.12-0.103.2.jar at spark://38b7408c68d7:36779/jars/nessie-spark-extensions-3.5_2.12-0.103.2.jar with timestamp 1752085874436
[2025-07-09T18:31:15.181+0000] {spark_submit.py:644} INFO - 25/07/09 18:31:15 INFO SparkContext: Added JAR file:///opt/bitnami/spark/jars/nessie-client-0.103.2.jar at spark://38b7408c68d7:36779/jars/nessie-client-0.103.2.jar with timestamp 1752085874436
[2025-07-09T18:31:15.182+0000] {spark_submit.py:644} INFO - 25/07/09 18:31:15 INFO SparkContext: Added JAR file:///opt/bitnami/spark/jars/hadoop-aws-3.3.2.jar at spark://38b7408c68d7:36779/jars/hadoop-aws-3.3.2.jar with timestamp 1752085874436
[2025-07-09T18:31:15.184+0000] {spark_submit.py:644} INFO - 25/07/09 18:31:15 INFO SparkContext: Added JAR file:///opt/bitnami/spark/jars/aws-java-sdk-bundle-1.12.262.jar at spark://38b7408c68d7:36779/jars/aws-java-sdk-bundle-1.12.262.jar with timestamp 1752085874436
[2025-07-09T18:31:15.242+0000] {spark_submit.py:644} INFO - 25/07/09 18:31:15 INFO StandaloneAppClient$ClientEndpoint: Connecting to master spark://spark-master:7077...
[2025-07-09T18:31:15.304+0000] {spark_submit.py:644} INFO - 25/07/09 18:31:15 INFO TransportClientFactory: Successfully created connection to spark-master/172.19.0.5:7077 after 20 ms (0 ms spent in bootstraps)
[2025-07-09T18:31:15.391+0000] {spark_submit.py:644} INFO - 25/07/09 18:31:15 INFO StandaloneSchedulerBackend: Connected to Spark cluster with app ID app-20250709183115-0009
[2025-07-09T18:31:15.393+0000] {spark_submit.py:644} INFO - 25/07/09 18:31:15 INFO StandaloneAppClient$ClientEndpoint: Executor added: app-20250709183115-0009/0 on worker-20250709171731-172.19.0.7-37405 (172.19.0.7:37405) with 2 core(s)
[2025-07-09T18:31:15.395+0000] {spark_submit.py:644} INFO - 25/07/09 18:31:15 INFO StandaloneSchedulerBackend: Granted executor ID app-20250709183115-0009/0 on hostPort 172.19.0.7:37405 with 2 core(s), 2.0 GiB RAM
[2025-07-09T18:31:15.397+0000] {spark_submit.py:644} INFO - 25/07/09 18:31:15 INFO Utils: Successfully started service 'org.apache.spark.network.netty.NettyBlockTransferService' on port 41189.
[2025-07-09T18:31:15.398+0000] {spark_submit.py:644} INFO - 25/07/09 18:31:15 INFO NettyBlockTransferService: Server created on 38b7408c68d7:41189
[2025-07-09T18:31:15.399+0000] {spark_submit.py:644} INFO - 25/07/09 18:31:15 INFO BlockManager: Using org.apache.spark.storage.RandomBlockReplicationPolicy for block replication policy
[2025-07-09T18:31:15.403+0000] {spark_submit.py:644} INFO - 25/07/09 18:31:15 INFO BlockManagerMaster: Registering BlockManager BlockManagerId(driver, 38b7408c68d7, 41189, None)
[2025-07-09T18:31:15.406+0000] {spark_submit.py:644} INFO - 25/07/09 18:31:15 INFO BlockManagerMasterEndpoint: Registering block manager 38b7408c68d7:41189 with 434.4 MiB RAM, BlockManagerId(driver, 38b7408c68d7, 41189, None)
[2025-07-09T18:31:15.408+0000] {spark_submit.py:644} INFO - 25/07/09 18:31:15 INFO BlockManagerMaster: Registered BlockManager BlockManagerId(driver, 38b7408c68d7, 41189, None)
[2025-07-09T18:31:15.409+0000] {spark_submit.py:644} INFO - 25/07/09 18:31:15 INFO BlockManager: Initialized BlockManager: BlockManagerId(driver, 38b7408c68d7, 41189, None)
[2025-07-09T18:31:15.514+0000] {spark_submit.py:644} INFO - 25/07/09 18:31:15 INFO StandaloneAppClient$ClientEndpoint: Executor updated: app-20250709183115-0009/0 is now RUNNING
[2025-07-09T18:31:15.620+0000] {spark_submit.py:644} INFO - 25/07/09 18:31:15 INFO StandaloneSchedulerBackend: SchedulerBackend is ready for scheduling beginning after reached minRegisteredResourcesRatio: 0.0
[2025-07-09T18:31:15.881+0000] {spark_submit.py:644} INFO - [PROCESS EXERCISES] ‚úÖ Sess√£o Spark otimizada criada com sucesso
[2025-07-09T18:31:16.622+0000] {spark_submit.py:644} INFO - [PROCESS EXERCISES] ‚úÖ Processador de exerc√≠cios inicializado com otimiza√ß√µes
[2025-07-09T18:31:16.623+0000] {spark_submit.py:644} INFO - [PROCESS EXERCISES] üîÑ Criando namespace nessie.exercises
[2025-07-09T18:31:19.226+0000] {spark_submit.py:644} INFO - [PROCESS EXERCISES] ‚úÖ Namespace criado/verificado com sucesso
[2025-07-09T18:31:19.227+0000] {spark_submit.py:644} INFO - [PROCESS EXERCISES] üîÑ === FASE 1: PROCESSAMENTO DE DOCUMENTOS ===
[2025-07-09T18:31:19.228+0000] {spark_submit.py:644} INFO - [PROCESS EXERCISES] üîÑ Iniciando processamento de documentos PDF
[2025-07-09T18:31:19.228+0000] {spark_submit.py:644} INFO - [PROCESS EXERCISES] ‚ÑπÔ∏è Processando 1 arquivos PDF
[2025-07-09T18:31:19.229+0000] {spark_submit.py:644} INFO - [PROCESS EXERCISES] ‚ÑπÔ∏è Processando lote 1: 1 arquivos
[2025-07-09T18:31:19.447+0000] {spark_submit.py:644} INFO - 25/07/09 18:31:19 WARN MetricsConfig: Cannot locate configuration: tried hadoop-metrics2-s3a-file-system.properties,hadoop-metrics2.properties
[2025-07-09T18:31:46.362+0000] {spark_submit.py:644} INFO - [PROCESS EXERCISES] ‚úÖ Lote processado: 1 registros
[2025-07-09T18:31:54.227+0000] {spark_submit.py:644} INFO - [PROCESS EXERCISES] ‚úÖ Total de PDFs processados: 1 registros
[2025-07-09T18:31:54.572+0000] {spark_submit.py:644} INFO - [PROCESS EXERCISES] ‚ÑπÔ∏è Salvando 1 registros na tabela nessie.exercises.pdf_documents
[2025-07-09T18:31:56.057+0000] {spark_submit.py:644} INFO - [PROCESS EXERCISES] üîÑ Salvando tabela nessie.exercises.pdf_documents em modo append (1 parti√ß√µes)
[2025-07-09T18:31:56.282+0000] {spark_submit.py:644} INFO - [PROCESS EXERCISES] ‚ùå Erro ao salvar tabela nessie.exercises.pdf_documents: [INCOMPATIBLE_DATA_FOR_TABLE.CANNOT_FIND_DATA] Cannot write incompatible data for the table `nessie`.`exercises`.`pdf_documents`: Cannot find data for the output column `document_name`.
[2025-07-09T18:31:56.285+0000] {spark_submit.py:644} INFO - [PROCESS EXERCISES] ‚ùå Erro cr√≠tico durante o processamento: Falha ao salvar tabela nessie.exercises.pdf_documents: [INCOMPATIBLE_DATA_FOR_TABLE.CANNOT_FIND_DATA] Cannot write incompatible data for the table `nessie`.`exercises`.`pdf_documents`: Cannot find data for the output column `document_name`.
[2025-07-09T18:31:56.285+0000] {spark_submit.py:644} INFO - [PROCESS EXERCISES] üîÑ Finalizando sess√£o Spark
[2025-07-09T18:31:56.506+0000] {spark_submit.py:644} INFO - [PROCESS EXERCISES] ‚úÖ Sess√£o Spark finalizada com sucesso
[2025-07-09T18:31:57.060+0000] {taskinstance.py:3336} ERROR - Task failed with exception
Traceback (most recent call last):
  File "/home/airflow/.local/lib/python3.12/site-packages/airflow/models/taskinstance.py", line 776, in _execute_task
    result = _execute_callable(context=context, **execute_callable_kwargs)
             ^^^^^^^^^^^^^^^^^^^^^^^^^^^^^^^^^^^^^^^^^^^^^^^^^^^^^^^^^^^^^
  File "/home/airflow/.local/lib/python3.12/site-packages/airflow/models/taskinstance.py", line 742, in _execute_callable
    return ExecutionCallableRunner(
           ^^^^^^^^^^^^^^^^^^^^^^^^
  File "/home/airflow/.local/lib/python3.12/site-packages/airflow/utils/operator_helpers.py", line 252, in run
    return self.func(*args, **kwargs)
           ^^^^^^^^^^^^^^^^^^^^^^^^^^
  File "/home/airflow/.local/lib/python3.12/site-packages/airflow/models/baseoperator.py", line 424, in wrapper
    return func(self, *args, **kwargs)
           ^^^^^^^^^^^^^^^^^^^^^^^^^^^
  File "/home/airflow/.local/lib/python3.12/site-packages/airflow/providers/apache/spark/operators/spark_submit.py", line 197, in execute
    self._hook.submit(self.application)
  File "/home/airflow/.local/lib/python3.12/site-packages/airflow/providers/apache/spark/hooks/spark_submit.py", line 566, in submit
    raise AirflowException(
airflow.exceptions.AirflowException: Cannot execute: spark-submit --master spark://spark-master:7077 --jars /opt/bitnami/spark/jars/iceberg-spark-runtime-3.5_2.12-1.8.1.jar,/opt/bitnami/spark/jars/nessie-spark-extensions-3.5_2.12-0.103.2.jar,/opt/bitnami/spark/jars/nessie-client-0.103.2.jar,/opt/bitnami/spark/jars/hadoop-aws-3.3.2.jar,/opt/bitnami/spark/jars/aws-java-sdk-bundle-1.12.262.jar, --name arrow-spark --deploy-mode client /opt/bitnami/spark/jobs/process_exercises_job.py {"id": "CA-LESTE-construtiva-4455-2025-07-08", "manifest_entry": {"data": {"createdAt": "2025-07-08T19:50:09.281Z", "origin": "CA-LESTE", "path": "exercises/CA-LESTE-construtiva-4455-2025-07-08"}, "id": "CA-LESTE-construtiva-4455-2025-07-08"}, "metadata": {"createdAt": "2025-07-08T19:50:09.281Z", "description": "4455", "documents": [{"description": "", "id": "1752004297308", "mimetype": "application/pdf", "name": "Op Jacui IV - Ordem de Operacoes.pdf", "path": "exercises/CA-LESTE-construtiva-4455-2025-07-08/documents/Op Jacui IV - Ordem de Operacoes.pdf", "size": 336744, "uploadedAt": "2025-07-08T19:51:37.308Z"}], "endDate": "2025-07-22", "id": "CA-LESTE-construtiva-4455-2025-07-08", "name": "Jogo de Guerra", "origin": "CA-LESTE", "simulationType": "construtiva", "simulations": [{"id": "172.19.0.14_2025-07-08", "movedAt": "2025-07-08T19:51:46.649Z", "name": "172.19.0.14_2025-07-08", "originalPath": "staging/172.19.0.14_2025-07-08", "path": "exercises/CA-LESTE-construtiva-4455-2025-07-08/simulations/172.19.0.14_2025-07-08"}], "startDate": "2025-07-15", "trainedForce": "4455", "updatedAt": "2025-07-08T19:51:46.649Z", "wikiUrl": ""}}. Error code is: 1.
[2025-07-09T18:31:57.069+0000] {taskinstance.py:1242} INFO - Marking task as FAILED. dag_id=process_exercises, task_id=process_exercises, run_id=manual__2025-07-09T18:31:07.088566+00:00, execution_date=20250709T183107, start_date=20250709T183110, end_date=20250709T183157
[2025-07-09T18:31:57.222+0000] {taskinstance.py:349} INFO - ::group::Post task execution logs
[2025-07-09T18:31:57.223+0000] {standard_task_runner.py:124} ERROR - Failed to execute job 237 for task process_exercises (Cannot execute: spark-submit --master spark://spark-master:7077 --jars /opt/bitnami/spark/jars/iceberg-spark-runtime-3.5_2.12-1.8.1.jar,/opt/bitnami/spark/jars/nessie-spark-extensions-3.5_2.12-0.103.2.jar,/opt/bitnami/spark/jars/nessie-client-0.103.2.jar,/opt/bitnami/spark/jars/hadoop-aws-3.3.2.jar,/opt/bitnami/spark/jars/aws-java-sdk-bundle-1.12.262.jar, --name arrow-spark --deploy-mode client /opt/bitnami/spark/jobs/process_exercises_job.py {"id": "CA-LESTE-construtiva-4455-2025-07-08", "manifest_entry": {"data": {"createdAt": "2025-07-08T19:50:09.281Z", "origin": "CA-LESTE", "path": "exercises/CA-LESTE-construtiva-4455-2025-07-08"}, "id": "CA-LESTE-construtiva-4455-2025-07-08"}, "metadata": {"createdAt": "2025-07-08T19:50:09.281Z", "description": "4455", "documents": [{"description": "", "id": "1752004297308", "mimetype": "application/pdf", "name": "Op Jacui IV - Ordem de Operacoes.pdf", "path": "exercises/CA-LESTE-construtiva-4455-2025-07-08/documents/Op Jacui IV - Ordem de Operacoes.pdf", "size": 336744, "uploadedAt": "2025-07-08T19:51:37.308Z"}], "endDate": "2025-07-22", "id": "CA-LESTE-construtiva-4455-2025-07-08", "name": "Jogo de Guerra", "origin": "CA-LESTE", "simulationType": "construtiva", "simulations": [{"id": "172.19.0.14_2025-07-08", "movedAt": "2025-07-08T19:51:46.649Z", "name": "172.19.0.14_2025-07-08", "originalPath": "staging/172.19.0.14_2025-07-08", "path": "exercises/CA-LESTE-construtiva-4455-2025-07-08/simulations/172.19.0.14_2025-07-08"}], "startDate": "2025-07-15", "trainedForce": "4455", "updatedAt": "2025-07-08T19:51:46.649Z", "wikiUrl": ""}}. Error code is: 1.; 3225)
Traceback (most recent call last):
  File "/home/airflow/.local/lib/python3.12/site-packages/airflow/task/task_runner/standard_task_runner.py", line 117, in _start_by_fork
    ret = args.func(args, dag=self.dag)
          ^^^^^^^^^^^^^^^^^^^^^^^^^^^^^
  File "/home/airflow/.local/lib/python3.12/site-packages/airflow/cli/cli_config.py", line 49, in command
    return func(*args, **kwargs)
           ^^^^^^^^^^^^^^^^^^^^^
  File "/home/airflow/.local/lib/python3.12/site-packages/airflow/utils/cli.py", line 116, in wrapper
    return f(*args, **kwargs)
           ^^^^^^^^^^^^^^^^^^
  File "/home/airflow/.local/lib/python3.12/site-packages/airflow/cli/commands/task_command.py", line 483, in task_run
    task_return_code = _run_task_by_selected_method(args, _dag, ti)
                       ^^^^^^^^^^^^^^^^^^^^^^^^^^^^^^^^^^^^^^^^^^^^
  File "/home/airflow/.local/lib/python3.12/site-packages/airflow/cli/commands/task_command.py", line 256, in _run_task_by_selected_method
    return _run_raw_task(args, ti)
           ^^^^^^^^^^^^^^^^^^^^^^^
  File "/home/airflow/.local/lib/python3.12/site-packages/airflow/cli/commands/task_command.py", line 341, in _run_raw_task
    return ti._run_raw_task(
           ^^^^^^^^^^^^^^^^^
  File "/home/airflow/.local/lib/python3.12/site-packages/airflow/utils/session.py", line 97, in wrapper
    return func(*args, session=session, **kwargs)
           ^^^^^^^^^^^^^^^^^^^^^^^^^^^^^^^^^^^^^^
  File "/home/airflow/.local/lib/python3.12/site-packages/airflow/models/taskinstance.py", line 3029, in _run_raw_task
    return _run_raw_task(
           ^^^^^^^^^^^^^^
  File "/home/airflow/.local/lib/python3.12/site-packages/airflow/models/taskinstance.py", line 282, in _run_raw_task
    TaskInstance._execute_task_with_callbacks(
  File "/home/airflow/.local/lib/python3.12/site-packages/airflow/models/taskinstance.py", line 3184, in _execute_task_with_callbacks
    result = self._execute_task(context, task_orig)
             ^^^^^^^^^^^^^^^^^^^^^^^^^^^^^^^^^^^^^^
  File "/home/airflow/.local/lib/python3.12/site-packages/airflow/models/taskinstance.py", line 3208, in _execute_task
    return _execute_task(self, context, task_orig)
           ^^^^^^^^^^^^^^^^^^^^^^^^^^^^^^^^^^^^^^^
  File "/home/airflow/.local/lib/python3.12/site-packages/airflow/models/taskinstance.py", line 776, in _execute_task
    result = _execute_callable(context=context, **execute_callable_kwargs)
             ^^^^^^^^^^^^^^^^^^^^^^^^^^^^^^^^^^^^^^^^^^^^^^^^^^^^^^^^^^^^^
  File "/home/airflow/.local/lib/python3.12/site-packages/airflow/models/taskinstance.py", line 742, in _execute_callable
    return ExecutionCallableRunner(
           ^^^^^^^^^^^^^^^^^^^^^^^^
  File "/home/airflow/.local/lib/python3.12/site-packages/airflow/utils/operator_helpers.py", line 252, in run
    return self.func(*args, **kwargs)
           ^^^^^^^^^^^^^^^^^^^^^^^^^^
  File "/home/airflow/.local/lib/python3.12/site-packages/airflow/models/baseoperator.py", line 424, in wrapper
    return func(self, *args, **kwargs)
           ^^^^^^^^^^^^^^^^^^^^^^^^^^^
  File "/home/airflow/.local/lib/python3.12/site-packages/airflow/providers/apache/spark/operators/spark_submit.py", line 197, in execute
    self._hook.submit(self.application)
  File "/home/airflow/.local/lib/python3.12/site-packages/airflow/providers/apache/spark/hooks/spark_submit.py", line 566, in submit
    raise AirflowException(
airflow.exceptions.AirflowException: Cannot execute: spark-submit --master spark://spark-master:7077 --jars /opt/bitnami/spark/jars/iceberg-spark-runtime-3.5_2.12-1.8.1.jar,/opt/bitnami/spark/jars/nessie-spark-extensions-3.5_2.12-0.103.2.jar,/opt/bitnami/spark/jars/nessie-client-0.103.2.jar,/opt/bitnami/spark/jars/hadoop-aws-3.3.2.jar,/opt/bitnami/spark/jars/aws-java-sdk-bundle-1.12.262.jar, --name arrow-spark --deploy-mode client /opt/bitnami/spark/jobs/process_exercises_job.py {"id": "CA-LESTE-construtiva-4455-2025-07-08", "manifest_entry": {"data": {"createdAt": "2025-07-08T19:50:09.281Z", "origin": "CA-LESTE", "path": "exercises/CA-LESTE-construtiva-4455-2025-07-08"}, "id": "CA-LESTE-construtiva-4455-2025-07-08"}, "metadata": {"createdAt": "2025-07-08T19:50:09.281Z", "description": "4455", "documents": [{"description": "", "id": "1752004297308", "mimetype": "application/pdf", "name": "Op Jacui IV - Ordem de Operacoes.pdf", "path": "exercises/CA-LESTE-construtiva-4455-2025-07-08/documents/Op Jacui IV - Ordem de Operacoes.pdf", "size": 336744, "uploadedAt": "2025-07-08T19:51:37.308Z"}], "endDate": "2025-07-22", "id": "CA-LESTE-construtiva-4455-2025-07-08", "name": "Jogo de Guerra", "origin": "CA-LESTE", "simulationType": "construtiva", "simulations": [{"id": "172.19.0.14_2025-07-08", "movedAt": "2025-07-08T19:51:46.649Z", "name": "172.19.0.14_2025-07-08", "originalPath": "staging/172.19.0.14_2025-07-08", "path": "exercises/CA-LESTE-construtiva-4455-2025-07-08/simulations/172.19.0.14_2025-07-08"}], "startDate": "2025-07-15", "trainedForce": "4455", "updatedAt": "2025-07-08T19:51:46.649Z", "wikiUrl": ""}}. Error code is: 1.
[2025-07-09T18:31:57.265+0000] {local_task_job_runner.py:266} INFO - Task exited with return code 1
[2025-07-09T18:31:57.308+0000] {taskinstance.py:3924} INFO - 0 downstream tasks scheduled from follow-on schedule check
[2025-07-09T18:31:57.347+0000] {local_task_job_runner.py:245} INFO - ::endgroup::
