[2025-07-03T17:01:32.024+0000] {local_task_job_runner.py:123} INFO - ::group::Pre task execution logs
[2025-07-03T17:01:32.061+0000] {taskinstance.py:2631} INFO - Dependencies all met for dep_context=non-requeueable deps ti=<TaskInstance: process_exercises.process_exercises manual__2025-07-03T17:01:09.302960+00:00 [queued]>
[2025-07-03T17:01:32.071+0000] {taskinstance.py:2631} INFO - Dependencies all met for dep_context=requeueable deps ti=<TaskInstance: process_exercises.process_exercises manual__2025-07-03T17:01:09.302960+00:00 [queued]>
[2025-07-03T17:01:32.072+0000] {taskinstance.py:2884} INFO - Starting attempt 1 of 1
[2025-07-03T17:01:32.335+0000] {taskinstance.py:2907} INFO - Executing <Task(SparkSubmitOperator): process_exercises> on 2025-07-03 17:01:09.302960+00:00
[2025-07-03T17:01:32.356+0000] {logging_mixin.py:190} WARNING - /home/airflow/.local/lib/python3.12/site-packages/airflow/task/task_runner/standard_task_runner.py:70 DeprecationWarning: This process (pid=194) is multi-threaded, use of fork() may lead to deadlocks in the child.
[2025-07-03T17:01:32.359+0000] {standard_task_runner.py:72} INFO - Started process 195 to run task
[2025-07-03T17:01:32.359+0000] {standard_task_runner.py:104} INFO - Running: ['airflow', 'tasks', 'run', 'process_exercises', 'process_exercises', 'manual__2025-07-03T17:01:09.302960+00:00', '--job-id', '115', '--raw', '--subdir', 'DAGS_FOLDER/process_exercises.py', '--cfg-path', '/tmp/tmpyd6xpypg']
[2025-07-03T17:01:32.364+0000] {standard_task_runner.py:105} INFO - Job 115: Subtask process_exercises
[2025-07-03T17:01:32.598+0000] {task_command.py:467} INFO - Running <TaskInstance: process_exercises.process_exercises manual__2025-07-03T17:01:09.302960+00:00 [running]> on host e0709f8eceeb
[2025-07-03T17:01:33.228+0000] {taskinstance.py:3157} INFO - Exporting env vars: AIRFLOW_CTX_DAG_OWNER='airflow' AIRFLOW_CTX_DAG_ID='process_exercises' AIRFLOW_CTX_TASK_ID='process_exercises' AIRFLOW_CTX_EXECUTION_DATE='2025-07-03T17:01:09.302960+00:00' AIRFLOW_CTX_TRY_NUMBER='1' AIRFLOW_CTX_DAG_RUN_ID='manual__2025-07-03T17:01:09.302960+00:00'
[2025-07-03T17:01:33.233+0000] {taskinstance.py:740} INFO - ::endgroup::
[2025-07-03T17:01:33.346+0000] {base.py:84} INFO - Retrieving connection 'spark-ebsim'
[2025-07-03T17:01:33.356+0000] {spark_submit.py:403} INFO - Spark-Submit cmd: spark-submit --master spark://spark-master:7077 --jars /opt/bitnami/spark/jars/iceberg-spark-runtime-3.5_2.12-1.8.1.jar,/opt/bitnami/spark/jars/nessie-spark-extensions-3.5_2.12-0.103.2.jar,/opt/bitnami/spark/jars/nessie-client-0.103.2.jar,/opt/bitnami/spark/jars/hadoop-aws-3.3.2.jar,/opt/bitnami/spark/jars/aws-java-sdk-bundle-1.12.262.jar, --name arrow-spark --deploy-mode client /opt/bitnami/spark/jobs/process_exercises_job.py {"id": "CA-LESTE-construtiva-7DE-2025-07-03", "manifest_entry": {"data": {"createdAt": "2025-07-03T15:57:09.781Z", "origin": "CA-LESTE", "path": "exercises/CA-LESTE-construtiva-7DE-2025-07-03"}, "id": "CA-LESTE-construtiva-7DE-2025-07-03"}, "metadata": {"createdAt": "2025-07-03T15:57:09.781Z", "description": "7DE", "documents": [{"description": "", "id": "1751558329904", "mimetype": "application/pdf", "name": "Op Jacui IV - Apd 2 ao An A - Plano de Busca.pdf", "path": "exercises/CA-LESTE-construtiva-7DE-2025-07-03/documents/Op Jacui IV - Apd 2 ao An A - Plano de Busca.pdf", "size": 46220, "uploadedAt": "2025-07-03T15:58:49.904Z"}], "endDate": "2025-07-04", "id": "CA-LESTE-construtiva-7DE-2025-07-03", "name": "Jogo de Guerra", "origin": "CA-LESTE", "simulationType": "construtiva", "simulations": [{"id": "172.19.0.14_2025-07-03", "movedAt": "2025-07-03T15:58:57.378Z", "name": "172.19.0.14_2025-07-03", "originalPath": "staging/172.19.0.14_2025-07-03", "path": "exercises/CA-LESTE-construtiva-7DE-2025-07-03/simulations/172.19.0.14_2025-07-03"}], "startDate": "2025-07-03", "trainedForce": "7 Divis\u00e3o de Ex\u00e9rcito", "updatedAt": "2025-07-03T15:58:57.378Z", "wikiUrl": ""}}
[2025-07-03T17:01:49.348+0000] {spark_submit.py:579} INFO - 25/07/03 17:01:49 WARN NativeCodeLoader: Unable to load native-hadoop library for your platform... using builtin-java classes where applicable
[2025-07-03T17:01:56.796+0000] {spark_submit.py:579} INFO - ðŸš€ PROCESSAMENTO DE EXERCÃCIOS INICIADO
[2025-07-03T17:01:56.797+0000] {spark_submit.py:579} INFO - ðŸ“‹ Processando exercÃ­cio: CA-LESTE-construtiva-7DE-2025-07-03
[2025-07-03T17:01:56.798+0000] {spark_submit.py:579} INFO - âš™ï¸ Configurando Spark...
[2025-07-03T17:02:03.707+0000] {spark_submit.py:579} INFO - 25/07/03 17:02:03 INFO SparkContext: Running Spark version 3.5.5
[2025-07-03T17:02:03.708+0000] {spark_submit.py:579} INFO - 25/07/03 17:02:03 INFO SparkContext: OS info Linux, 5.15.167.4-microsoft-standard-WSL2, amd64
[2025-07-03T17:02:03.708+0000] {spark_submit.py:579} INFO - 25/07/03 17:02:03 INFO SparkContext: Java version 17.0.15
[2025-07-03T17:02:03.746+0000] {spark_submit.py:579} INFO - 25/07/03 17:02:03 INFO ResourceUtils: ==============================================================
[2025-07-03T17:02:03.747+0000] {spark_submit.py:579} INFO - 25/07/03 17:02:03 INFO ResourceUtils: No custom resources configured for spark.driver.
[2025-07-03T17:02:03.748+0000] {spark_submit.py:579} INFO - 25/07/03 17:02:03 INFO ResourceUtils: ==============================================================
[2025-07-03T17:02:03.748+0000] {spark_submit.py:579} INFO - 25/07/03 17:02:03 INFO SparkContext: Submitted application: ProcessExercises
[2025-07-03T17:02:03.768+0000] {spark_submit.py:579} INFO - 25/07/03 17:02:03 INFO ResourceProfile: Default ResourceProfile created, executor resources: Map(memory -> name: memory, amount: 1024, script: , vendor: , offHeap -> name: offHeap, amount: 0, script: , vendor: ), task resources: Map(cpus -> name: cpus, amount: 1.0)
[2025-07-03T17:02:03.776+0000] {spark_submit.py:579} INFO - 25/07/03 17:02:03 INFO ResourceProfile: Limiting resource is cpu
[2025-07-03T17:02:03.777+0000] {spark_submit.py:579} INFO - 25/07/03 17:02:03 INFO ResourceProfileManager: Added ResourceProfile id: 0
[2025-07-03T17:02:03.879+0000] {spark_submit.py:579} INFO - 25/07/03 17:02:03 INFO SecurityManager: Changing view acls to: airflow
[2025-07-03T17:02:03.880+0000] {spark_submit.py:579} INFO - 25/07/03 17:02:03 INFO SecurityManager: Changing modify acls to: airflow
[2025-07-03T17:02:03.880+0000] {spark_submit.py:579} INFO - 25/07/03 17:02:03 INFO SecurityManager: Changing view acls groups to:
[2025-07-03T17:02:03.881+0000] {spark_submit.py:579} INFO - 25/07/03 17:02:03 INFO SecurityManager: Changing modify acls groups to:
[2025-07-03T17:02:03.882+0000] {spark_submit.py:579} INFO - 25/07/03 17:02:03 INFO SecurityManager: SecurityManager: authentication disabled; ui acls disabled; users with view permissions: airflow; groups with view permissions: EMPTY; users with modify permissions: airflow; groups with modify permissions: EMPTY
[2025-07-03T17:02:04.543+0000] {spark_submit.py:579} INFO - 25/07/03 17:02:04 INFO Utils: Successfully started service 'sparkDriver' on port 32775.
[2025-07-03T17:02:05.132+0000] {spark_submit.py:579} INFO - 25/07/03 17:02:05 INFO SparkEnv: Registering MapOutputTracker
[2025-07-03T17:02:05.207+0000] {spark_submit.py:579} INFO - 25/07/03 17:02:05 INFO SparkEnv: Registering BlockManagerMaster
[2025-07-03T17:02:05.225+0000] {spark_submit.py:579} INFO - 25/07/03 17:02:05 INFO BlockManagerMasterEndpoint: Using org.apache.spark.storage.DefaultTopologyMapper for getting topology information
[2025-07-03T17:02:05.226+0000] {spark_submit.py:579} INFO - 25/07/03 17:02:05 INFO BlockManagerMasterEndpoint: BlockManagerMasterEndpoint up
[2025-07-03T17:02:05.314+0000] {spark_submit.py:579} INFO - 25/07/03 17:02:05 INFO SparkEnv: Registering BlockManagerMasterHeartbeat
[2025-07-03T17:02:05.334+0000] {spark_submit.py:579} INFO - 25/07/03 17:02:05 INFO DiskBlockManager: Created local directory at /tmp/blockmgr-633cf77e-69bc-491f-b241-34a4fe1f5732
[2025-07-03T17:02:05.346+0000] {spark_submit.py:579} INFO - 25/07/03 17:02:05 INFO MemoryStore: MemoryStore started with capacity 434.4 MiB
[2025-07-03T17:02:05.360+0000] {spark_submit.py:579} INFO - 25/07/03 17:02:05 INFO SparkEnv: Registering OutputCommitCoordinator
[2025-07-03T17:02:05.577+0000] {spark_submit.py:579} INFO - 25/07/03 17:02:05 INFO JettyUtils: Start Jetty 0.0.0.0:4040 for SparkUI
[2025-07-03T17:02:05.697+0000] {spark_submit.py:579} INFO - 25/07/03 17:02:05 INFO Utils: Successfully started service 'SparkUI' on port 4040.
[2025-07-03T17:02:05.848+0000] {spark_submit.py:579} INFO - 25/07/03 17:02:05 INFO SparkContext: Added JAR file:///opt/bitnami/spark/jars/iceberg-spark-runtime-3.5_2.12-1.8.1.jar at spark://e0709f8eceeb:32775/jars/iceberg-spark-runtime-3.5_2.12-1.8.1.jar with timestamp 1751562123699
[2025-07-03T17:02:05.850+0000] {spark_submit.py:579} INFO - 25/07/03 17:02:05 INFO SparkContext: Added JAR file:///opt/bitnami/spark/jars/nessie-spark-extensions-3.5_2.12-0.103.2.jar at spark://e0709f8eceeb:32775/jars/nessie-spark-extensions-3.5_2.12-0.103.2.jar with timestamp 1751562123699
[2025-07-03T17:02:05.851+0000] {spark_submit.py:579} INFO - 25/07/03 17:02:05 INFO SparkContext: Added JAR file:///opt/bitnami/spark/jars/nessie-client-0.103.2.jar at spark://e0709f8eceeb:32775/jars/nessie-client-0.103.2.jar with timestamp 1751562123699
[2025-07-03T17:02:05.853+0000] {spark_submit.py:579} INFO - 25/07/03 17:02:05 INFO SparkContext: Added JAR file:///opt/bitnami/spark/jars/hadoop-aws-3.3.2.jar at spark://e0709f8eceeb:32775/jars/hadoop-aws-3.3.2.jar with timestamp 1751562123699
[2025-07-03T17:02:05.854+0000] {spark_submit.py:579} INFO - 25/07/03 17:02:05 INFO SparkContext: Added JAR file:///opt/bitnami/spark/jars/aws-java-sdk-bundle-1.12.262.jar at spark://e0709f8eceeb:32775/jars/aws-java-sdk-bundle-1.12.262.jar with timestamp 1751562123699
[2025-07-03T17:02:05.992+0000] {spark_submit.py:579} INFO - 25/07/03 17:02:05 INFO StandaloneAppClient$ClientEndpoint: Connecting to master spark://spark-master:7077...
[2025-07-03T17:02:06.143+0000] {spark_submit.py:579} INFO - 25/07/03 17:02:06 INFO TransportClientFactory: Successfully created connection to spark-master/172.19.0.2:7077 after 75 ms (0 ms spent in bootstraps)
[2025-07-03T17:02:07.171+0000] {spark_submit.py:579} INFO - 25/07/03 17:02:07 INFO StandaloneSchedulerBackend: Connected to Spark cluster with app ID app-20250703170206-0000
[2025-07-03T17:02:07.270+0000] {spark_submit.py:579} INFO - 25/07/03 17:02:07 INFO Utils: Successfully started service 'org.apache.spark.network.netty.NettyBlockTransferService' on port 39875.
[2025-07-03T17:02:07.271+0000] {spark_submit.py:579} INFO - 25/07/03 17:02:07 INFO NettyBlockTransferService: Server created on e0709f8eceeb:39875
[2025-07-03T17:02:07.273+0000] {spark_submit.py:579} INFO - 25/07/03 17:02:07 INFO BlockManager: Using org.apache.spark.storage.RandomBlockReplicationPolicy for block replication policy
[2025-07-03T17:02:07.280+0000] {spark_submit.py:579} INFO - 25/07/03 17:02:07 INFO BlockManagerMaster: Registering BlockManager BlockManagerId(driver, e0709f8eceeb, 39875, None)
[2025-07-03T17:02:07.283+0000] {spark_submit.py:579} INFO - 25/07/03 17:02:07 INFO BlockManagerMasterEndpoint: Registering block manager e0709f8eceeb:39875 with 434.4 MiB RAM, BlockManagerId(driver, e0709f8eceeb, 39875, None)
[2025-07-03T17:02:07.286+0000] {spark_submit.py:579} INFO - 25/07/03 17:02:07 INFO BlockManagerMaster: Registered BlockManager BlockManagerId(driver, e0709f8eceeb, 39875, None)
[2025-07-03T17:02:07.287+0000] {spark_submit.py:579} INFO - 25/07/03 17:02:07 INFO BlockManager: Initialized BlockManager: BlockManagerId(driver, e0709f8eceeb, 39875, None)
[2025-07-03T17:02:07.298+0000] {spark_submit.py:579} INFO - 25/07/03 17:02:07 INFO StandaloneAppClient$ClientEndpoint: Executor added: app-20250703170206-0000/0 on worker-20250703165926-172.19.0.7-33037 (172.19.0.7:33037) with 2 core(s)
[2025-07-03T17:02:07.301+0000] {spark_submit.py:579} INFO - 25/07/03 17:02:07 INFO StandaloneSchedulerBackend: Granted executor ID app-20250703170206-0000/0 on hostPort 172.19.0.7:33037 with 2 core(s), 1024.0 MiB RAM
[2025-07-03T17:02:07.981+0000] {spark_submit.py:579} INFO - 25/07/03 17:02:07 INFO StandaloneSchedulerBackend: SchedulerBackend is ready for scheduling beginning after reached minRegisteredResourcesRatio: 0.0
[2025-07-03T17:02:08.237+0000] {spark_submit.py:579} INFO - âœ… Spark iniciado
[2025-07-03T17:02:08.269+0000] {spark_submit.py:579} INFO - 25/07/03 17:02:08 INFO SharedState: Setting hive.metastore.warehouse.dir ('null') to the value of spark.sql.warehouse.dir.
[2025-07-03T17:02:08.282+0000] {spark_submit.py:579} INFO - 25/07/03 17:02:08 INFO SharedState: Warehouse path is 'file:/opt/airflow/spark-warehouse'.
[2025-07-03T17:02:08.754+0000] {spark_submit.py:579} INFO - 25/07/03 17:02:08 INFO StandaloneAppClient$ClientEndpoint: Executor updated: app-20250703170206-0000/0 is now RUNNING
[2025-07-03T17:02:19.699+0000] {spark_submit.py:579} INFO - âŒ Erro durante processamento: An error occurred while calling o25.sql.
[2025-07-03T17:02:19.700+0000] {spark_submit.py:579} INFO - : org.apache.spark.SparkException: [INTERNAL_ERROR] Undefined error message parameter for error class: '_LEGACY_ERROR_TEMP_1055'. Parameters: Map(database -> nessie.exercises)
[2025-07-03T17:02:19.700+0000] {spark_submit.py:579} INFO - at org.apache.spark.SparkException$.internalError(SparkException.scala:92)
[2025-07-03T17:02:19.701+0000] {spark_submit.py:579} INFO - at org.apache.spark.SparkException$.internalError(SparkException.scala:96)
[2025-07-03T17:02:19.702+0000] {spark_submit.py:579} INFO - at org.apache.spark.ErrorClassesJsonReader.getErrorMessage(ErrorClassesJSONReader.scala:56)
[2025-07-03T17:02:19.702+0000] {spark_submit.py:579} INFO - at org.apache.spark.SparkThrowableHelper$.getMessage(SparkThrowableHelper.scala:53)
[2025-07-03T17:02:19.703+0000] {spark_submit.py:579} INFO - at org.apache.spark.SparkThrowableHelper$.getMessage(SparkThrowableHelper.scala:40)
[2025-07-03T17:02:19.703+0000] {spark_submit.py:579} INFO - at org.apache.spark.sql.AnalysisException.<init>(AnalysisException.scala:47)
[2025-07-03T17:02:19.704+0000] {spark_submit.py:579} INFO - at org.apache.spark.sql.AnalysisException.<init>(AnalysisException.scala:70)
[2025-07-03T17:02:19.705+0000] {spark_submit.py:579} INFO - at org.apache.spark.sql.errors.QueryCompilationErrors$.invalidDatabaseNameError(QueryCompilationErrors.scala:875)
[2025-07-03T17:02:19.705+0000] {spark_submit.py:579} INFO - at org.apache.spark.sql.catalyst.analysis.ResolveSessionCatalog$DatabaseNameInSessionCatalog$.unapply(ResolveSessionCatalog.scala:691)
[2025-07-03T17:02:19.706+0000] {spark_submit.py:579} INFO - at org.apache.spark.sql.catalyst.analysis.ResolveSessionCatalog$$anonfun$apply$1.applyOrElse(ResolveSessionCatalog.scala:235)
[2025-07-03T17:02:19.706+0000] {spark_submit.py:579} INFO - at org.apache.spark.sql.catalyst.analysis.ResolveSessionCatalog$$anonfun$apply$1.applyOrElse(ResolveSessionCatalog.scala:52)
[2025-07-03T17:02:19.707+0000] {spark_submit.py:579} INFO - at org.apache.spark.sql.catalyst.plans.logical.AnalysisHelper.$anonfun$resolveOperatorsUpWithPruning$3(AnalysisHelper.scala:138)
[2025-07-03T17:02:19.707+0000] {spark_submit.py:579} INFO - at org.apache.spark.sql.catalyst.trees.CurrentOrigin$.withOrigin(origin.scala:76)
[2025-07-03T17:02:19.708+0000] {spark_submit.py:579} INFO - at org.apache.spark.sql.catalyst.plans.logical.AnalysisHelper.$anonfun$resolveOperatorsUpWithPruning$1(AnalysisHelper.scala:138)
[2025-07-03T17:02:19.708+0000] {spark_submit.py:579} INFO - at org.apache.spark.sql.catalyst.plans.logical.AnalysisHelper$.allowInvokingTransformsInAnalyzer(AnalysisHelper.scala:323)
[2025-07-03T17:02:19.709+0000] {spark_submit.py:579} INFO - at org.apache.spark.sql.catalyst.plans.logical.AnalysisHelper.resolveOperatorsUpWithPruning(AnalysisHelper.scala:134)
[2025-07-03T17:02:19.710+0000] {spark_submit.py:579} INFO - at org.apache.spark.sql.catalyst.plans.logical.AnalysisHelper.resolveOperatorsUpWithPruning$(AnalysisHelper.scala:130)
[2025-07-03T17:02:19.710+0000] {spark_submit.py:579} INFO - at org.apache.spark.sql.catalyst.plans.logical.LogicalPlan.resolveOperatorsUpWithPruning(LogicalPlan.scala:32)
[2025-07-03T17:02:19.710+0000] {spark_submit.py:579} INFO - at org.apache.spark.sql.catalyst.plans.logical.AnalysisHelper.resolveOperatorsUp(AnalysisHelper.scala:111)
[2025-07-03T17:02:19.711+0000] {spark_submit.py:579} INFO - at org.apache.spark.sql.catalyst.plans.logical.AnalysisHelper.resolveOperatorsUp$(AnalysisHelper.scala:110)
[2025-07-03T17:02:19.712+0000] {spark_submit.py:579} INFO - at org.apache.spark.sql.catalyst.plans.logical.LogicalPlan.resolveOperatorsUp(LogicalPlan.scala:32)
[2025-07-03T17:02:19.712+0000] {spark_submit.py:579} INFO - at org.apache.spark.sql.catalyst.analysis.ResolveSessionCatalog.apply(ResolveSessionCatalog.scala:52)
[2025-07-03T17:02:19.713+0000] {spark_submit.py:579} INFO - at org.apache.spark.sql.catalyst.analysis.ResolveSessionCatalog.apply(ResolveSessionCatalog.scala:46)
[2025-07-03T17:02:19.713+0000] {spark_submit.py:579} INFO - at org.apache.spark.sql.catalyst.rules.RuleExecutor.$anonfun$execute$2(RuleExecutor.scala:222)
[2025-07-03T17:02:19.714+0000] {spark_submit.py:579} INFO - at scala.collection.LinearSeqOptimized.foldLeft(LinearSeqOptimized.scala:126)
[2025-07-03T17:02:19.714+0000] {spark_submit.py:579} INFO - at scala.collection.LinearSeqOptimized.foldLeft$(LinearSeqOptimized.scala:122)
[2025-07-03T17:02:19.715+0000] {spark_submit.py:579} INFO - at scala.collection.immutable.List.foldLeft(List.scala:91)
[2025-07-03T17:02:19.715+0000] {spark_submit.py:579} INFO - at org.apache.spark.sql.catalyst.rules.RuleExecutor.$anonfun$execute$1(RuleExecutor.scala:219)
[2025-07-03T17:02:19.716+0000] {spark_submit.py:579} INFO - at org.apache.spark.sql.catalyst.rules.RuleExecutor.$anonfun$execute$1$adapted(RuleExecutor.scala:211)
[2025-07-03T17:02:19.716+0000] {spark_submit.py:579} INFO - at scala.collection.immutable.List.foreach(List.scala:431)
[2025-07-03T17:02:19.717+0000] {spark_submit.py:579} INFO - at org.apache.spark.sql.catalyst.rules.RuleExecutor.execute(RuleExecutor.scala:211)
[2025-07-03T17:02:19.717+0000] {spark_submit.py:579} INFO - at org.apache.spark.sql.catalyst.analysis.Analyzer.org$apache$spark$sql$catalyst$analysis$Analyzer$$executeSameContext(Analyzer.scala:240)
[2025-07-03T17:02:19.718+0000] {spark_submit.py:579} INFO - at org.apache.spark.sql.catalyst.analysis.Analyzer.$anonfun$execute$1(Analyzer.scala:236)
[2025-07-03T17:02:19.718+0000] {spark_submit.py:579} INFO - at org.apache.spark.sql.catalyst.analysis.AnalysisContext$.withNewAnalysisContext(Analyzer.scala:187)
[2025-07-03T17:02:19.719+0000] {spark_submit.py:579} INFO - at org.apache.spark.sql.catalyst.analysis.Analyzer.execute(Analyzer.scala:236)
[2025-07-03T17:02:19.719+0000] {spark_submit.py:579} INFO - at org.apache.spark.sql.catalyst.analysis.Analyzer.execute(Analyzer.scala:202)
[2025-07-03T17:02:19.720+0000] {spark_submit.py:579} INFO - at org.apache.spark.sql.catalyst.rules.RuleExecutor.$anonfun$executeAndTrack$1(RuleExecutor.scala:182)
[2025-07-03T17:02:19.720+0000] {spark_submit.py:579} INFO - at org.apache.spark.sql.catalyst.QueryPlanningTracker$.withTracker(QueryPlanningTracker.scala:89)
[2025-07-03T17:02:19.721+0000] {spark_submit.py:579} INFO - at org.apache.spark.sql.catalyst.rules.RuleExecutor.executeAndTrack(RuleExecutor.scala:182)
[2025-07-03T17:02:19.721+0000] {spark_submit.py:579} INFO - at org.apache.spark.sql.catalyst.analysis.Analyzer.$anonfun$executeAndCheck$1(Analyzer.scala:223)
[2025-07-03T17:02:19.721+0000] {spark_submit.py:579} INFO - at org.apache.spark.sql.catalyst.plans.logical.AnalysisHelper$.markInAnalyzer(AnalysisHelper.scala:330)
[2025-07-03T17:02:19.722+0000] {spark_submit.py:579} INFO - at org.apache.spark.sql.catalyst.analysis.Analyzer.executeAndCheck(Analyzer.scala:222)
[2025-07-03T17:02:19.722+0000] {spark_submit.py:579} INFO - at org.apache.spark.sql.execution.QueryExecution.$anonfun$analyzed$1(QueryExecution.scala:77)
[2025-07-03T17:02:19.723+0000] {spark_submit.py:579} INFO - at org.apache.spark.sql.catalyst.QueryPlanningTracker.measurePhase(QueryPlanningTracker.scala:138)
[2025-07-03T17:02:19.723+0000] {spark_submit.py:579} INFO - at org.apache.spark.sql.execution.QueryExecution.$anonfun$executePhase$2(QueryExecution.scala:219)
[2025-07-03T17:02:19.724+0000] {spark_submit.py:579} INFO - at org.apache.spark.sql.execution.QueryExecution$.withInternalError(QueryExecution.scala:546)
[2025-07-03T17:02:19.724+0000] {spark_submit.py:579} INFO - at org.apache.spark.sql.execution.QueryExecution.$anonfun$executePhase$1(QueryExecution.scala:219)
[2025-07-03T17:02:19.725+0000] {spark_submit.py:579} INFO - at org.apache.spark.sql.SparkSession.withActive(SparkSession.scala:900)
[2025-07-03T17:02:19.725+0000] {spark_submit.py:579} INFO - at org.apache.spark.sql.execution.QueryExecution.executePhase(QueryExecution.scala:218)
[2025-07-03T17:02:19.726+0000] {spark_submit.py:579} INFO - at org.apache.spark.sql.execution.QueryExecution.analyzed$lzycompute(QueryExecution.scala:77)
[2025-07-03T17:02:19.726+0000] {spark_submit.py:579} INFO - at org.apache.spark.sql.execution.QueryExecution.analyzed(QueryExecution.scala:74)
[2025-07-03T17:02:19.727+0000] {spark_submit.py:579} INFO - at org.apache.spark.sql.execution.QueryExecution.assertAnalyzed(QueryExecution.scala:66)
[2025-07-03T17:02:19.727+0000] {spark_submit.py:579} INFO - at org.apache.spark.sql.Dataset$.$anonfun$ofRows$2(Dataset.scala:99)
[2025-07-03T17:02:19.728+0000] {spark_submit.py:579} INFO - at org.apache.spark.sql.SparkSession.withActive(SparkSession.scala:900)
[2025-07-03T17:02:19.728+0000] {spark_submit.py:579} INFO - at org.apache.spark.sql.Dataset$.ofRows(Dataset.scala:97)
[2025-07-03T17:02:19.729+0000] {spark_submit.py:579} INFO - at org.apache.spark.sql.SparkSession.$anonfun$sql$1(SparkSession.scala:638)
[2025-07-03T17:02:19.729+0000] {spark_submit.py:579} INFO - at org.apache.spark.sql.SparkSession.withActive(SparkSession.scala:900)
[2025-07-03T17:02:19.730+0000] {spark_submit.py:579} INFO - at org.apache.spark.sql.SparkSession.sql(SparkSession.scala:629)
[2025-07-03T17:02:19.730+0000] {spark_submit.py:579} INFO - at org.apache.spark.sql.SparkSession.sql(SparkSession.scala:659)
[2025-07-03T17:02:19.731+0000] {spark_submit.py:579} INFO - at java.base/jdk.internal.reflect.NativeMethodAccessorImpl.invoke0(Native Method)
[2025-07-03T17:02:19.731+0000] {spark_submit.py:579} INFO - at java.base/jdk.internal.reflect.NativeMethodAccessorImpl.invoke(NativeMethodAccessorImpl.java:77)
[2025-07-03T17:02:19.731+0000] {spark_submit.py:579} INFO - at java.base/jdk.internal.reflect.DelegatingMethodAccessorImpl.invoke(DelegatingMethodAccessorImpl.java:43)
[2025-07-03T17:02:19.732+0000] {spark_submit.py:579} INFO - at java.base/java.lang.reflect.Method.invoke(Method.java:569)
[2025-07-03T17:02:19.733+0000] {spark_submit.py:579} INFO - at py4j.reflection.MethodInvoker.invoke(MethodInvoker.java:244)
[2025-07-03T17:02:19.733+0000] {spark_submit.py:579} INFO - at py4j.reflection.ReflectionEngine.invoke(ReflectionEngine.java:374)
[2025-07-03T17:02:19.733+0000] {spark_submit.py:579} INFO - at py4j.Gateway.invoke(Gateway.java:282)
[2025-07-03T17:02:19.734+0000] {spark_submit.py:579} INFO - at py4j.commands.AbstractCommand.invokeMethod(AbstractCommand.java:132)
[2025-07-03T17:02:19.734+0000] {spark_submit.py:579} INFO - at py4j.commands.CallCommand.execute(CallCommand.java:79)
[2025-07-03T17:02:19.735+0000] {spark_submit.py:579} INFO - at py4j.ClientServerConnection.waitForCommands(ClientServerConnection.java:182)
[2025-07-03T17:02:19.735+0000] {spark_submit.py:579} INFO - at py4j.ClientServerConnection.run(ClientServerConnection.java:106)
[2025-07-03T17:02:19.736+0000] {spark_submit.py:579} INFO - at java.base/java.lang.Thread.run(Thread.java:840)
[2025-07-03T17:02:19.736+0000] {spark_submit.py:579} INFO - 
[2025-07-03T17:02:19.737+0000] {spark_submit.py:579} INFO - 25/07/03 17:02:19 INFO SparkContext: SparkContext is stopping with exitCode 0.
[2025-07-03T17:02:19.874+0000] {spark_submit.py:579} INFO - 25/07/03 17:02:19 INFO SparkUI: Stopped Spark web UI at http://e0709f8eceeb:4040
[2025-07-03T17:02:19.891+0000] {spark_submit.py:579} INFO - 25/07/03 17:02:19 INFO StandaloneSchedulerBackend: Shutting down all executors
[2025-07-03T17:02:19.898+0000] {spark_submit.py:579} INFO - 25/07/03 17:02:19 INFO StandaloneSchedulerBackend$StandaloneDriverEndpoint: Asking each executor to shut down
[2025-07-03T17:02:19.918+0000] {spark_submit.py:579} INFO - 25/07/03 17:02:19 INFO MapOutputTrackerMasterEndpoint: MapOutputTrackerMasterEndpoint stopped!
[2025-07-03T17:02:20.308+0000] {spark_submit.py:579} INFO - 25/07/03 17:02:20 INFO MemoryStore: MemoryStore cleared
[2025-07-03T17:02:20.309+0000] {spark_submit.py:579} INFO - 25/07/03 17:02:20 INFO BlockManager: BlockManager stopped
[2025-07-03T17:02:20.314+0000] {spark_submit.py:579} INFO - 25/07/03 17:02:20 INFO BlockManagerMaster: BlockManagerMaster stopped
[2025-07-03T17:02:20.316+0000] {spark_submit.py:579} INFO - 25/07/03 17:02:20 INFO OutputCommitCoordinator$OutputCommitCoordinatorEndpoint: OutputCommitCoordinator stopped!
[2025-07-03T17:02:20.326+0000] {spark_submit.py:579} INFO - 25/07/03 17:02:20 INFO SparkContext: Successfully stopped SparkContext
[2025-07-03T17:02:20.638+0000] {spark_submit.py:579} INFO - âŒ Erro: An error occurred while calling o25.sql.
[2025-07-03T17:02:20.639+0000] {spark_submit.py:579} INFO - : org.apache.spark.SparkException: [INTERNAL_ERROR] Undefined error message parameter for error class: '_LEGACY_ERROR_TEMP_1055'. Parameters: Map(database -> nessie.exercises)
[2025-07-03T17:02:20.640+0000] {spark_submit.py:579} INFO - at org.apache.spark.SparkException$.internalError(SparkException.scala:92)
[2025-07-03T17:02:20.641+0000] {spark_submit.py:579} INFO - at org.apache.spark.SparkException$.internalError(SparkException.scala:96)
[2025-07-03T17:02:20.642+0000] {spark_submit.py:579} INFO - at org.apache.spark.ErrorClassesJsonReader.getErrorMessage(ErrorClassesJSONReader.scala:56)
[2025-07-03T17:02:20.643+0000] {spark_submit.py:579} INFO - at org.apache.spark.SparkThrowableHelper$.getMessage(SparkThrowableHelper.scala:53)
[2025-07-03T17:02:20.644+0000] {spark_submit.py:579} INFO - at org.apache.spark.SparkThrowableHelper$.getMessage(SparkThrowableHelper.scala:40)
[2025-07-03T17:02:20.645+0000] {spark_submit.py:579} INFO - at org.apache.spark.sql.AnalysisException.<init>(AnalysisException.scala:47)
[2025-07-03T17:02:20.646+0000] {spark_submit.py:579} INFO - at org.apache.spark.sql.AnalysisException.<init>(AnalysisException.scala:70)
[2025-07-03T17:02:20.647+0000] {spark_submit.py:579} INFO - at org.apache.spark.sql.errors.QueryCompilationErrors$.invalidDatabaseNameError(QueryCompilationErrors.scala:875)
[2025-07-03T17:02:20.648+0000] {spark_submit.py:579} INFO - at org.apache.spark.sql.catalyst.analysis.ResolveSessionCatalog$DatabaseNameInSessionCatalog$.unapply(ResolveSessionCatalog.scala:691)
[2025-07-03T17:02:20.649+0000] {spark_submit.py:579} INFO - at org.apache.spark.sql.catalyst.analysis.ResolveSessionCatalog$$anonfun$apply$1.applyOrElse(ResolveSessionCatalog.scala:235)
[2025-07-03T17:02:20.649+0000] {spark_submit.py:579} INFO - at org.apache.spark.sql.catalyst.analysis.ResolveSessionCatalog$$anonfun$apply$1.applyOrElse(ResolveSessionCatalog.scala:52)
[2025-07-03T17:02:20.650+0000] {spark_submit.py:579} INFO - at org.apache.spark.sql.catalyst.plans.logical.AnalysisHelper.$anonfun$resolveOperatorsUpWithPruning$3(AnalysisHelper.scala:138)
[2025-07-03T17:02:20.651+0000] {spark_submit.py:579} INFO - at org.apache.spark.sql.catalyst.trees.CurrentOrigin$.withOrigin(origin.scala:76)
[2025-07-03T17:02:20.651+0000] {spark_submit.py:579} INFO - at org.apache.spark.sql.catalyst.plans.logical.AnalysisHelper.$anonfun$resolveOperatorsUpWithPruning$1(AnalysisHelper.scala:138)
[2025-07-03T17:02:20.652+0000] {spark_submit.py:579} INFO - at org.apache.spark.sql.catalyst.plans.logical.AnalysisHelper$.allowInvokingTransformsInAnalyzer(AnalysisHelper.scala:323)
[2025-07-03T17:02:20.653+0000] {spark_submit.py:579} INFO - at org.apache.spark.sql.catalyst.plans.logical.AnalysisHelper.resolveOperatorsUpWithPruning(AnalysisHelper.scala:134)
[2025-07-03T17:02:20.654+0000] {spark_submit.py:579} INFO - at org.apache.spark.sql.catalyst.plans.logical.AnalysisHelper.resolveOperatorsUpWithPruning$(AnalysisHelper.scala:130)
[2025-07-03T17:02:20.654+0000] {spark_submit.py:579} INFO - at org.apache.spark.sql.catalyst.plans.logical.LogicalPlan.resolveOperatorsUpWithPruning(LogicalPlan.scala:32)
[2025-07-03T17:02:20.655+0000] {spark_submit.py:579} INFO - at org.apache.spark.sql.catalyst.plans.logical.AnalysisHelper.resolveOperatorsUp(AnalysisHelper.scala:111)
[2025-07-03T17:02:20.656+0000] {spark_submit.py:579} INFO - at org.apache.spark.sql.catalyst.plans.logical.AnalysisHelper.resolveOperatorsUp$(AnalysisHelper.scala:110)
[2025-07-03T17:02:20.656+0000] {spark_submit.py:579} INFO - at org.apache.spark.sql.catalyst.plans.logical.LogicalPlan.resolveOperatorsUp(LogicalPlan.scala:32)
[2025-07-03T17:02:20.657+0000] {spark_submit.py:579} INFO - at org.apache.spark.sql.catalyst.analysis.ResolveSessionCatalog.apply(ResolveSessionCatalog.scala:52)
[2025-07-03T17:02:20.658+0000] {spark_submit.py:579} INFO - at org.apache.spark.sql.catalyst.analysis.ResolveSessionCatalog.apply(ResolveSessionCatalog.scala:46)
[2025-07-03T17:02:20.659+0000] {spark_submit.py:579} INFO - at org.apache.spark.sql.catalyst.rules.RuleExecutor.$anonfun$execute$2(RuleExecutor.scala:222)
[2025-07-03T17:02:20.659+0000] {spark_submit.py:579} INFO - at scala.collection.LinearSeqOptimized.foldLeft(LinearSeqOptimized.scala:126)
[2025-07-03T17:02:20.660+0000] {spark_submit.py:579} INFO - at scala.collection.LinearSeqOptimized.foldLeft$(LinearSeqOptimized.scala:122)
[2025-07-03T17:02:20.661+0000] {spark_submit.py:579} INFO - at scala.collection.immutable.List.foldLeft(List.scala:91)
[2025-07-03T17:02:20.661+0000] {spark_submit.py:579} INFO - at org.apache.spark.sql.catalyst.rules.RuleExecutor.$anonfun$execute$1(RuleExecutor.scala:219)
[2025-07-03T17:02:20.662+0000] {spark_submit.py:579} INFO - at org.apache.spark.sql.catalyst.rules.RuleExecutor.$anonfun$execute$1$adapted(RuleExecutor.scala:211)
[2025-07-03T17:02:20.663+0000] {spark_submit.py:579} INFO - at scala.collection.immutable.List.foreach(List.scala:431)
[2025-07-03T17:02:20.664+0000] {spark_submit.py:579} INFO - at org.apache.spark.sql.catalyst.rules.RuleExecutor.execute(RuleExecutor.scala:211)
[2025-07-03T17:02:20.665+0000] {spark_submit.py:579} INFO - at org.apache.spark.sql.catalyst.analysis.Analyzer.org$apache$spark$sql$catalyst$analysis$Analyzer$$executeSameContext(Analyzer.scala:240)
[2025-07-03T17:02:20.666+0000] {spark_submit.py:579} INFO - at org.apache.spark.sql.catalyst.analysis.Analyzer.$anonfun$execute$1(Analyzer.scala:236)
[2025-07-03T17:02:20.666+0000] {spark_submit.py:579} INFO - at org.apache.spark.sql.catalyst.analysis.AnalysisContext$.withNewAnalysisContext(Analyzer.scala:187)
[2025-07-03T17:02:20.667+0000] {spark_submit.py:579} INFO - at org.apache.spark.sql.catalyst.analysis.Analyzer.execute(Analyzer.scala:236)
[2025-07-03T17:02:20.668+0000] {spark_submit.py:579} INFO - at org.apache.spark.sql.catalyst.analysis.Analyzer.execute(Analyzer.scala:202)
[2025-07-03T17:02:20.668+0000] {spark_submit.py:579} INFO - at org.apache.spark.sql.catalyst.rules.RuleExecutor.$anonfun$executeAndTrack$1(RuleExecutor.scala:182)
[2025-07-03T17:02:20.669+0000] {spark_submit.py:579} INFO - at org.apache.spark.sql.catalyst.QueryPlanningTracker$.withTracker(QueryPlanningTracker.scala:89)
[2025-07-03T17:02:20.670+0000] {spark_submit.py:579} INFO - at org.apache.spark.sql.catalyst.rules.RuleExecutor.executeAndTrack(RuleExecutor.scala:182)
[2025-07-03T17:02:20.670+0000] {spark_submit.py:579} INFO - at org.apache.spark.sql.catalyst.analysis.Analyzer.$anonfun$executeAndCheck$1(Analyzer.scala:223)
[2025-07-03T17:02:20.671+0000] {spark_submit.py:579} INFO - at org.apache.spark.sql.catalyst.plans.logical.AnalysisHelper$.markInAnalyzer(AnalysisHelper.scala:330)
[2025-07-03T17:02:20.672+0000] {spark_submit.py:579} INFO - at org.apache.spark.sql.catalyst.analysis.Analyzer.executeAndCheck(Analyzer.scala:222)
[2025-07-03T17:02:20.672+0000] {spark_submit.py:579} INFO - at org.apache.spark.sql.execution.QueryExecution.$anonfun$analyzed$1(QueryExecution.scala:77)
[2025-07-03T17:02:20.673+0000] {spark_submit.py:579} INFO - at org.apache.spark.sql.catalyst.QueryPlanningTracker.measurePhase(QueryPlanningTracker.scala:138)
[2025-07-03T17:02:20.674+0000] {spark_submit.py:579} INFO - at org.apache.spark.sql.execution.QueryExecution.$anonfun$executePhase$2(QueryExecution.scala:219)
[2025-07-03T17:02:20.675+0000] {spark_submit.py:579} INFO - at org.apache.spark.sql.execution.QueryExecution$.withInternalError(QueryExecution.scala:546)
[2025-07-03T17:02:20.675+0000] {spark_submit.py:579} INFO - at org.apache.spark.sql.execution.QueryExecution.$anonfun$executePhase$1(QueryExecution.scala:219)
[2025-07-03T17:02:20.676+0000] {spark_submit.py:579} INFO - at org.apache.spark.sql.SparkSession.withActive(SparkSession.scala:900)
[2025-07-03T17:02:20.677+0000] {spark_submit.py:579} INFO - at org.apache.spark.sql.execution.QueryExecution.executePhase(QueryExecution.scala:218)
[2025-07-03T17:02:20.677+0000] {spark_submit.py:579} INFO - at org.apache.spark.sql.execution.QueryExecution.analyzed$lzycompute(QueryExecution.scala:77)
[2025-07-03T17:02:20.678+0000] {spark_submit.py:579} INFO - at org.apache.spark.sql.execution.QueryExecution.analyzed(QueryExecution.scala:74)
[2025-07-03T17:02:20.678+0000] {spark_submit.py:579} INFO - at org.apache.spark.sql.execution.QueryExecution.assertAnalyzed(QueryExecution.scala:66)
[2025-07-03T17:02:20.679+0000] {spark_submit.py:579} INFO - at org.apache.spark.sql.Dataset$.$anonfun$ofRows$2(Dataset.scala:99)
[2025-07-03T17:02:20.680+0000] {spark_submit.py:579} INFO - at org.apache.spark.sql.SparkSession.withActive(SparkSession.scala:900)
[2025-07-03T17:02:20.681+0000] {spark_submit.py:579} INFO - at org.apache.spark.sql.Dataset$.ofRows(Dataset.scala:97)
[2025-07-03T17:02:20.681+0000] {spark_submit.py:579} INFO - at org.apache.spark.sql.SparkSession.$anonfun$sql$1(SparkSession.scala:638)
[2025-07-03T17:02:20.682+0000] {spark_submit.py:579} INFO - at org.apache.spark.sql.SparkSession.withActive(SparkSession.scala:900)
[2025-07-03T17:02:20.683+0000] {spark_submit.py:579} INFO - at org.apache.spark.sql.SparkSession.sql(SparkSession.scala:629)
[2025-07-03T17:02:20.683+0000] {spark_submit.py:579} INFO - at org.apache.spark.sql.SparkSession.sql(SparkSession.scala:659)
[2025-07-03T17:02:20.684+0000] {spark_submit.py:579} INFO - at java.base/jdk.internal.reflect.NativeMethodAccessorImpl.invoke0(Native Method)
[2025-07-03T17:02:20.685+0000] {spark_submit.py:579} INFO - at java.base/jdk.internal.reflect.NativeMethodAccessorImpl.invoke(NativeMethodAccessorImpl.java:77)
[2025-07-03T17:02:20.685+0000] {spark_submit.py:579} INFO - at java.base/jdk.internal.reflect.DelegatingMethodAccessorImpl.invoke(DelegatingMethodAccessorImpl.java:43)
[2025-07-03T17:02:20.686+0000] {spark_submit.py:579} INFO - at java.base/java.lang.reflect.Method.invoke(Method.java:569)
[2025-07-03T17:02:20.687+0000] {spark_submit.py:579} INFO - at py4j.reflection.MethodInvoker.invoke(MethodInvoker.java:244)
[2025-07-03T17:02:20.687+0000] {spark_submit.py:579} INFO - at py4j.reflection.ReflectionEngine.invoke(ReflectionEngine.java:374)
[2025-07-03T17:02:20.688+0000] {spark_submit.py:579} INFO - at py4j.Gateway.invoke(Gateway.java:282)
[2025-07-03T17:02:20.689+0000] {spark_submit.py:579} INFO - at py4j.commands.AbstractCommand.invokeMethod(AbstractCommand.java:132)
[2025-07-03T17:02:20.689+0000] {spark_submit.py:579} INFO - at py4j.commands.CallCommand.execute(CallCommand.java:79)
[2025-07-03T17:02:20.690+0000] {spark_submit.py:579} INFO - at py4j.ClientServerConnection.waitForCommands(ClientServerConnection.java:182)
[2025-07-03T17:02:20.691+0000] {spark_submit.py:579} INFO - at py4j.ClientServerConnection.run(ClientServerConnection.java:106)
[2025-07-03T17:02:20.691+0000] {spark_submit.py:579} INFO - at java.base/java.lang.Thread.run(Thread.java:840)
[2025-07-03T17:02:20.692+0000] {spark_submit.py:579} INFO - 
[2025-07-03T17:02:20.864+0000] {spark_submit.py:579} INFO - 25/07/03 17:02:20 INFO ShutdownHookManager: Shutdown hook called
[2025-07-03T17:02:20.864+0000] {spark_submit.py:579} INFO - 25/07/03 17:02:20 INFO ShutdownHookManager: Deleting directory /tmp/spark-ed456813-cc65-4d65-883b-9a5e95d79079
[2025-07-03T17:02:20.869+0000] {spark_submit.py:579} INFO - 25/07/03 17:02:20 INFO ShutdownHookManager: Deleting directory /tmp/spark-13a275d1-acf8-4a5c-86f3-afb7ad5956e9
[2025-07-03T17:02:20.872+0000] {spark_submit.py:579} INFO - 25/07/03 17:02:20 INFO ShutdownHookManager: Deleting directory /tmp/spark-ed456813-cc65-4d65-883b-9a5e95d79079/pyspark-92da92c4-bfa0-45e2-8525-aa92f029440d
[2025-07-03T17:02:20.969+0000] {taskinstance.py:3336} ERROR - Task failed with exception
Traceback (most recent call last):
  File "/home/airflow/.local/lib/python3.12/site-packages/airflow/models/taskinstance.py", line 776, in _execute_task
    result = _execute_callable(context=context, **execute_callable_kwargs)
             ^^^^^^^^^^^^^^^^^^^^^^^^^^^^^^^^^^^^^^^^^^^^^^^^^^^^^^^^^^^^^
  File "/home/airflow/.local/lib/python3.12/site-packages/airflow/models/taskinstance.py", line 742, in _execute_callable
    return ExecutionCallableRunner(
           ^^^^^^^^^^^^^^^^^^^^^^^^
  File "/home/airflow/.local/lib/python3.12/site-packages/airflow/utils/operator_helpers.py", line 252, in run
    return self.func(*args, **kwargs)
           ^^^^^^^^^^^^^^^^^^^^^^^^^^
  File "/home/airflow/.local/lib/python3.12/site-packages/airflow/models/baseoperator.py", line 424, in wrapper
    return func(self, *args, **kwargs)
           ^^^^^^^^^^^^^^^^^^^^^^^^^^^
  File "/home/airflow/.local/lib/python3.12/site-packages/airflow/providers/apache/spark/operators/spark_submit.py", line 174, in execute
    self._hook.submit(self.application)
  File "/home/airflow/.local/lib/python3.12/site-packages/airflow/providers/apache/spark/hooks/spark_submit.py", line 505, in submit
    raise AirflowException(
airflow.exceptions.AirflowException: Cannot execute: spark-submit --master spark://spark-master:7077 --jars /opt/bitnami/spark/jars/iceberg-spark-runtime-3.5_2.12-1.8.1.jar,/opt/bitnami/spark/jars/nessie-spark-extensions-3.5_2.12-0.103.2.jar,/opt/bitnami/spark/jars/nessie-client-0.103.2.jar,/opt/bitnami/spark/jars/hadoop-aws-3.3.2.jar,/opt/bitnami/spark/jars/aws-java-sdk-bundle-1.12.262.jar, --name arrow-spark --deploy-mode client /opt/bitnami/spark/jobs/process_exercises_job.py {"id": "CA-LESTE-construtiva-7DE-2025-07-03", "manifest_entry": {"data": {"createdAt": "2025-07-03T15:57:09.781Z", "origin": "CA-LESTE", "path": "exercises/CA-LESTE-construtiva-7DE-2025-07-03"}, "id": "CA-LESTE-construtiva-7DE-2025-07-03"}, "metadata": {"createdAt": "2025-07-03T15:57:09.781Z", "description": "7DE", "documents": [{"description": "", "id": "1751558329904", "mimetype": "application/pdf", "name": "Op Jacui IV - Apd 2 ao An A - Plano de Busca.pdf", "path": "exercises/CA-LESTE-construtiva-7DE-2025-07-03/documents/Op Jacui IV - Apd 2 ao An A - Plano de Busca.pdf", "size": 46220, "uploadedAt": "2025-07-03T15:58:49.904Z"}], "endDate": "2025-07-04", "id": "CA-LESTE-construtiva-7DE-2025-07-03", "name": "Jogo de Guerra", "origin": "CA-LESTE", "simulationType": "construtiva", "simulations": [{"id": "172.19.0.14_2025-07-03", "movedAt": "2025-07-03T15:58:57.378Z", "name": "172.19.0.14_2025-07-03", "originalPath": "staging/172.19.0.14_2025-07-03", "path": "exercises/CA-LESTE-construtiva-7DE-2025-07-03/simulations/172.19.0.14_2025-07-03"}], "startDate": "2025-07-03", "trainedForce": "7 Divis\u00e3o de Ex\u00e9rcito", "updatedAt": "2025-07-03T15:58:57.378Z", "wikiUrl": ""}}. Error code is: 1.
[2025-07-03T17:02:21.400+0000] {taskinstance.py:1242} INFO - Marking task as FAILED. dag_id=process_exercises, task_id=process_exercises, run_id=manual__2025-07-03T17:01:09.302960+00:00, execution_date=20250703T170109, start_date=20250703T170132, end_date=20250703T170221
[2025-07-03T17:02:21.641+0000] {taskinstance.py:349} INFO - ::group::Post task execution logs
[2025-07-03T17:02:21.642+0000] {standard_task_runner.py:124} ERROR - Failed to execute job 115 for task process_exercises (Cannot execute: spark-submit --master spark://spark-master:7077 --jars /opt/bitnami/spark/jars/iceberg-spark-runtime-3.5_2.12-1.8.1.jar,/opt/bitnami/spark/jars/nessie-spark-extensions-3.5_2.12-0.103.2.jar,/opt/bitnami/spark/jars/nessie-client-0.103.2.jar,/opt/bitnami/spark/jars/hadoop-aws-3.3.2.jar,/opt/bitnami/spark/jars/aws-java-sdk-bundle-1.12.262.jar, --name arrow-spark --deploy-mode client /opt/bitnami/spark/jobs/process_exercises_job.py {"id": "CA-LESTE-construtiva-7DE-2025-07-03", "manifest_entry": {"data": {"createdAt": "2025-07-03T15:57:09.781Z", "origin": "CA-LESTE", "path": "exercises/CA-LESTE-construtiva-7DE-2025-07-03"}, "id": "CA-LESTE-construtiva-7DE-2025-07-03"}, "metadata": {"createdAt": "2025-07-03T15:57:09.781Z", "description": "7DE", "documents": [{"description": "", "id": "1751558329904", "mimetype": "application/pdf", "name": "Op Jacui IV - Apd 2 ao An A - Plano de Busca.pdf", "path": "exercises/CA-LESTE-construtiva-7DE-2025-07-03/documents/Op Jacui IV - Apd 2 ao An A - Plano de Busca.pdf", "size": 46220, "uploadedAt": "2025-07-03T15:58:49.904Z"}], "endDate": "2025-07-04", "id": "CA-LESTE-construtiva-7DE-2025-07-03", "name": "Jogo de Guerra", "origin": "CA-LESTE", "simulationType": "construtiva", "simulations": [{"id": "172.19.0.14_2025-07-03", "movedAt": "2025-07-03T15:58:57.378Z", "name": "172.19.0.14_2025-07-03", "originalPath": "staging/172.19.0.14_2025-07-03", "path": "exercises/CA-LESTE-construtiva-7DE-2025-07-03/simulations/172.19.0.14_2025-07-03"}], "startDate": "2025-07-03", "trainedForce": "7 Divis\u00e3o de Ex\u00e9rcito", "updatedAt": "2025-07-03T15:58:57.378Z", "wikiUrl": ""}}. Error code is: 1.; 195)
Traceback (most recent call last):
  File "/home/airflow/.local/lib/python3.12/site-packages/airflow/task/task_runner/standard_task_runner.py", line 117, in _start_by_fork
    ret = args.func(args, dag=self.dag)
          ^^^^^^^^^^^^^^^^^^^^^^^^^^^^^
  File "/home/airflow/.local/lib/python3.12/site-packages/airflow/cli/cli_config.py", line 49, in command
    return func(*args, **kwargs)
           ^^^^^^^^^^^^^^^^^^^^^
  File "/home/airflow/.local/lib/python3.12/site-packages/airflow/utils/cli.py", line 116, in wrapper
    return f(*args, **kwargs)
           ^^^^^^^^^^^^^^^^^^
  File "/home/airflow/.local/lib/python3.12/site-packages/airflow/cli/commands/task_command.py", line 483, in task_run
    task_return_code = _run_task_by_selected_method(args, _dag, ti)
                       ^^^^^^^^^^^^^^^^^^^^^^^^^^^^^^^^^^^^^^^^^^^^
  File "/home/airflow/.local/lib/python3.12/site-packages/airflow/cli/commands/task_command.py", line 256, in _run_task_by_selected_method
    return _run_raw_task(args, ti)
           ^^^^^^^^^^^^^^^^^^^^^^^
  File "/home/airflow/.local/lib/python3.12/site-packages/airflow/cli/commands/task_command.py", line 341, in _run_raw_task
    return ti._run_raw_task(
           ^^^^^^^^^^^^^^^^^
  File "/home/airflow/.local/lib/python3.12/site-packages/airflow/utils/session.py", line 97, in wrapper
    return func(*args, session=session, **kwargs)
           ^^^^^^^^^^^^^^^^^^^^^^^^^^^^^^^^^^^^^^
  File "/home/airflow/.local/lib/python3.12/site-packages/airflow/models/taskinstance.py", line 3029, in _run_raw_task
    return _run_raw_task(
           ^^^^^^^^^^^^^^
  File "/home/airflow/.local/lib/python3.12/site-packages/airflow/models/taskinstance.py", line 282, in _run_raw_task
    TaskInstance._execute_task_with_callbacks(
  File "/home/airflow/.local/lib/python3.12/site-packages/airflow/models/taskinstance.py", line 3184, in _execute_task_with_callbacks
    result = self._execute_task(context, task_orig)
             ^^^^^^^^^^^^^^^^^^^^^^^^^^^^^^^^^^^^^^
  File "/home/airflow/.local/lib/python3.12/site-packages/airflow/models/taskinstance.py", line 3208, in _execute_task
    return _execute_task(self, context, task_orig)
           ^^^^^^^^^^^^^^^^^^^^^^^^^^^^^^^^^^^^^^^
  File "/home/airflow/.local/lib/python3.12/site-packages/airflow/models/taskinstance.py", line 776, in _execute_task
    result = _execute_callable(context=context, **execute_callable_kwargs)
             ^^^^^^^^^^^^^^^^^^^^^^^^^^^^^^^^^^^^^^^^^^^^^^^^^^^^^^^^^^^^^
  File "/home/airflow/.local/lib/python3.12/site-packages/airflow/models/taskinstance.py", line 742, in _execute_callable
    return ExecutionCallableRunner(
           ^^^^^^^^^^^^^^^^^^^^^^^^
  File "/home/airflow/.local/lib/python3.12/site-packages/airflow/utils/operator_helpers.py", line 252, in run
    return self.func(*args, **kwargs)
           ^^^^^^^^^^^^^^^^^^^^^^^^^^
  File "/home/airflow/.local/lib/python3.12/site-packages/airflow/models/baseoperator.py", line 424, in wrapper
    return func(self, *args, **kwargs)
           ^^^^^^^^^^^^^^^^^^^^^^^^^^^
  File "/home/airflow/.local/lib/python3.12/site-packages/airflow/providers/apache/spark/operators/spark_submit.py", line 174, in execute
    self._hook.submit(self.application)
  File "/home/airflow/.local/lib/python3.12/site-packages/airflow/providers/apache/spark/hooks/spark_submit.py", line 505, in submit
    raise AirflowException(
airflow.exceptions.AirflowException: Cannot execute: spark-submit --master spark://spark-master:7077 --jars /opt/bitnami/spark/jars/iceberg-spark-runtime-3.5_2.12-1.8.1.jar,/opt/bitnami/spark/jars/nessie-spark-extensions-3.5_2.12-0.103.2.jar,/opt/bitnami/spark/jars/nessie-client-0.103.2.jar,/opt/bitnami/spark/jars/hadoop-aws-3.3.2.jar,/opt/bitnami/spark/jars/aws-java-sdk-bundle-1.12.262.jar, --name arrow-spark --deploy-mode client /opt/bitnami/spark/jobs/process_exercises_job.py {"id": "CA-LESTE-construtiva-7DE-2025-07-03", "manifest_entry": {"data": {"createdAt": "2025-07-03T15:57:09.781Z", "origin": "CA-LESTE", "path": "exercises/CA-LESTE-construtiva-7DE-2025-07-03"}, "id": "CA-LESTE-construtiva-7DE-2025-07-03"}, "metadata": {"createdAt": "2025-07-03T15:57:09.781Z", "description": "7DE", "documents": [{"description": "", "id": "1751558329904", "mimetype": "application/pdf", "name": "Op Jacui IV - Apd 2 ao An A - Plano de Busca.pdf", "path": "exercises/CA-LESTE-construtiva-7DE-2025-07-03/documents/Op Jacui IV - Apd 2 ao An A - Plano de Busca.pdf", "size": 46220, "uploadedAt": "2025-07-03T15:58:49.904Z"}], "endDate": "2025-07-04", "id": "CA-LESTE-construtiva-7DE-2025-07-03", "name": "Jogo de Guerra", "origin": "CA-LESTE", "simulationType": "construtiva", "simulations": [{"id": "172.19.0.14_2025-07-03", "movedAt": "2025-07-03T15:58:57.378Z", "name": "172.19.0.14_2025-07-03", "originalPath": "staging/172.19.0.14_2025-07-03", "path": "exercises/CA-LESTE-construtiva-7DE-2025-07-03/simulations/172.19.0.14_2025-07-03"}], "startDate": "2025-07-03", "trainedForce": "7 Divis\u00e3o de Ex\u00e9rcito", "updatedAt": "2025-07-03T15:58:57.378Z", "wikiUrl": ""}}. Error code is: 1.
[2025-07-03T17:02:21.740+0000] {local_task_job_runner.py:266} INFO - Task exited with return code 1
[2025-07-03T17:02:21.775+0000] {taskinstance.py:3924} INFO - 0 downstream tasks scheduled from follow-on schedule check
[2025-07-03T17:02:21.876+0000] {local_task_job_runner.py:245} INFO - ::endgroup::
