[2025-07-03T17:22:33.406+0000] {local_task_job_runner.py:123} INFO - ::group::Pre task execution logs
[2025-07-03T17:22:33.447+0000] {taskinstance.py:2631} INFO - Dependencies all met for dep_context=non-requeueable deps ti=<TaskInstance: process_exercises.process_exercises manual__2025-07-03T17:22:28.712387+00:00 [queued]>
[2025-07-03T17:22:33.459+0000] {taskinstance.py:2631} INFO - Dependencies all met for dep_context=requeueable deps ti=<TaskInstance: process_exercises.process_exercises manual__2025-07-03T17:22:28.712387+00:00 [queued]>
[2025-07-03T17:22:33.460+0000] {taskinstance.py:2884} INFO - Starting attempt 1 of 1
[2025-07-03T17:22:33.519+0000] {taskinstance.py:2907} INFO - Executing <Task(SparkSubmitOperator): process_exercises> on 2025-07-03 17:22:28.712387+00:00
[2025-07-03T17:22:33.535+0000] {logging_mixin.py:190} WARNING - /home/airflow/.local/lib/python3.12/site-packages/airflow/task/task_runner/standard_task_runner.py:70 DeprecationWarning: This process (pid=661) is multi-threaded, use of fork() may lead to deadlocks in the child.
[2025-07-03T17:22:33.538+0000] {standard_task_runner.py:72} INFO - Started process 662 to run task
[2025-07-03T17:22:33.536+0000] {standard_task_runner.py:104} INFO - Running: ['airflow', 'tasks', 'run', 'process_exercises', 'process_exercises', 'manual__2025-07-03T17:22:28.712387+00:00', '--job-id', '119', '--raw', '--subdir', 'DAGS_FOLDER/process_exercises.py', '--cfg-path', '/tmp/tmpnccwh_cz']
[2025-07-03T17:22:33.542+0000] {standard_task_runner.py:105} INFO - Job 119: Subtask process_exercises
[2025-07-03T17:22:33.699+0000] {task_command.py:467} INFO - Running <TaskInstance: process_exercises.process_exercises manual__2025-07-03T17:22:28.712387+00:00 [running]> on host e0709f8eceeb
[2025-07-03T17:22:33.987+0000] {taskinstance.py:3157} INFO - Exporting env vars: AIRFLOW_CTX_DAG_OWNER='airflow' AIRFLOW_CTX_DAG_ID='process_exercises' AIRFLOW_CTX_TASK_ID='process_exercises' AIRFLOW_CTX_EXECUTION_DATE='2025-07-03T17:22:28.712387+00:00' AIRFLOW_CTX_TRY_NUMBER='1' AIRFLOW_CTX_DAG_RUN_ID='manual__2025-07-03T17:22:28.712387+00:00'
[2025-07-03T17:22:33.992+0000] {taskinstance.py:740} INFO - ::endgroup::
[2025-07-03T17:22:34.060+0000] {base.py:84} INFO - Retrieving connection 'spark-ebsim'
[2025-07-03T17:22:34.068+0000] {spark_submit.py:403} INFO - Spark-Submit cmd: spark-submit --master spark://spark-master:7077 --jars /opt/bitnami/spark/jars/iceberg-spark-runtime-3.5_2.12-1.8.1.jar,/opt/bitnami/spark/jars/nessie-spark-extensions-3.5_2.12-0.103.2.jar,/opt/bitnami/spark/jars/nessie-client-0.103.2.jar,/opt/bitnami/spark/jars/hadoop-aws-3.3.2.jar,/opt/bitnami/spark/jars/aws-java-sdk-bundle-1.12.262.jar, --name arrow-spark --deploy-mode client /opt/bitnami/spark/jobs/process_exercises_job.py {"id": "CA-LESTE-construtiva-1DE-2025-07-03", "manifest_entry": {"data": {"createdAt": "2025-07-03T17:09:15.637Z", "origin": "CA-LESTE", "path": "exercises/CA-LESTE-construtiva-1DE-2025-07-03"}, "id": "CA-LESTE-construtiva-1DE-2025-07-03"}, "metadata": {"createdAt": "2025-07-03T17:09:15.637Z", "description": "1DE", "documents": [{"description": "", "id": "1751562705430", "mimetype": "application/pdf", "name": "Op Jacui IV - Ordem de Operacoes.pdf", "path": "exercises/CA-LESTE-construtiva-1DE-2025-07-03/documents/Op Jacui IV - Ordem de Operacoes.pdf", "size": 336744, "uploadedAt": "2025-07-03T17:11:45.430Z"}], "endDate": "2025-07-05", "id": "CA-LESTE-construtiva-1DE-2025-07-03", "name": "Jogo de Guerra", "origin": "CA-LESTE", "simulationType": "construtiva", "simulations": [{"id": "172.19.0.5_2025-07-03", "movedAt": "2025-07-03T17:11:53.937Z", "name": "172.19.0.5_2025-07-03", "originalPath": "staging/172.19.0.5_2025-07-03", "path": "exercises/CA-LESTE-construtiva-1DE-2025-07-03/simulations/172.19.0.5_2025-07-03"}], "startDate": "2025-07-03", "trainedForce": "1 Divis\u00e3o de Ex\u00e9rcito", "updatedAt": "2025-07-03T17:11:53.937Z", "wikiUrl": ""}}
[2025-07-03T17:22:36.772+0000] {spark_submit.py:579} INFO - 25/07/03 17:22:36 WARN NativeCodeLoader: Unable to load native-hadoop library for your platform... using builtin-java classes where applicable
[2025-07-03T17:22:39.004+0000] {spark_submit.py:579} INFO - ðŸš€ PROCESSAMENTO DE EXERCÃCIOS INICIADO
[2025-07-03T17:22:39.005+0000] {spark_submit.py:579} INFO - ðŸ“‹ Processando exercÃ­cio: CA-LESTE-construtiva-1DE-2025-07-03
[2025-07-03T17:22:39.005+0000] {spark_submit.py:579} INFO - âš™ï¸ Configurando Spark...
[2025-07-03T17:22:39.581+0000] {spark_submit.py:579} INFO - 25/07/03 17:22:39 INFO SparkContext: Running Spark version 3.5.5
[2025-07-03T17:22:39.582+0000] {spark_submit.py:579} INFO - 25/07/03 17:22:39 INFO SparkContext: OS info Linux, 5.15.167.4-microsoft-standard-WSL2, amd64
[2025-07-03T17:22:39.583+0000] {spark_submit.py:579} INFO - 25/07/03 17:22:39 INFO SparkContext: Java version 17.0.15
[2025-07-03T17:22:39.606+0000] {spark_submit.py:579} INFO - 25/07/03 17:22:39 INFO ResourceUtils: ==============================================================
[2025-07-03T17:22:39.606+0000] {spark_submit.py:579} INFO - 25/07/03 17:22:39 INFO ResourceUtils: No custom resources configured for spark.driver.
[2025-07-03T17:22:39.607+0000] {spark_submit.py:579} INFO - 25/07/03 17:22:39 INFO ResourceUtils: ==============================================================
[2025-07-03T17:22:39.608+0000] {spark_submit.py:579} INFO - 25/07/03 17:22:39 INFO SparkContext: Submitted application: ProcessExercises
[2025-07-03T17:22:39.627+0000] {spark_submit.py:579} INFO - 25/07/03 17:22:39 INFO ResourceProfile: Default ResourceProfile created, executor resources: Map(memory -> name: memory, amount: 1024, script: , vendor: , offHeap -> name: offHeap, amount: 0, script: , vendor: ), task resources: Map(cpus -> name: cpus, amount: 1.0)
[2025-07-03T17:22:39.636+0000] {spark_submit.py:579} INFO - 25/07/03 17:22:39 INFO ResourceProfile: Limiting resource is cpu
[2025-07-03T17:22:39.637+0000] {spark_submit.py:579} INFO - 25/07/03 17:22:39 INFO ResourceProfileManager: Added ResourceProfile id: 0
[2025-07-03T17:22:39.691+0000] {spark_submit.py:579} INFO - 25/07/03 17:22:39 INFO SecurityManager: Changing view acls to: airflow
[2025-07-03T17:22:39.692+0000] {spark_submit.py:579} INFO - 25/07/03 17:22:39 INFO SecurityManager: Changing modify acls to: airflow
[2025-07-03T17:22:39.692+0000] {spark_submit.py:579} INFO - 25/07/03 17:22:39 INFO SecurityManager: Changing view acls groups to:
[2025-07-03T17:22:39.693+0000] {spark_submit.py:579} INFO - 25/07/03 17:22:39 INFO SecurityManager: Changing modify acls groups to:
[2025-07-03T17:22:39.693+0000] {spark_submit.py:579} INFO - 25/07/03 17:22:39 INFO SecurityManager: SecurityManager: authentication disabled; ui acls disabled; users with view permissions: airflow; groups with view permissions: EMPTY; users with modify permissions: airflow; groups with modify permissions: EMPTY
[2025-07-03T17:22:39.932+0000] {spark_submit.py:579} INFO - 25/07/03 17:22:39 INFO Utils: Successfully started service 'sparkDriver' on port 40281.
[2025-07-03T17:22:39.977+0000] {spark_submit.py:579} INFO - 25/07/03 17:22:39 INFO SparkEnv: Registering MapOutputTracker
[2025-07-03T17:22:40.015+0000] {spark_submit.py:579} INFO - 25/07/03 17:22:40 INFO SparkEnv: Registering BlockManagerMaster
[2025-07-03T17:22:40.032+0000] {spark_submit.py:579} INFO - 25/07/03 17:22:40 INFO BlockManagerMasterEndpoint: Using org.apache.spark.storage.DefaultTopologyMapper for getting topology information
[2025-07-03T17:22:40.033+0000] {spark_submit.py:579} INFO - 25/07/03 17:22:40 INFO BlockManagerMasterEndpoint: BlockManagerMasterEndpoint up
[2025-07-03T17:22:40.051+0000] {spark_submit.py:579} INFO - 25/07/03 17:22:40 INFO SparkEnv: Registering BlockManagerMasterHeartbeat
[2025-07-03T17:22:40.071+0000] {spark_submit.py:579} INFO - 25/07/03 17:22:40 INFO DiskBlockManager: Created local directory at /tmp/blockmgr-0a639654-5d33-497b-81f7-0af041bd6bb3
[2025-07-03T17:22:40.084+0000] {spark_submit.py:579} INFO - 25/07/03 17:22:40 INFO MemoryStore: MemoryStore started with capacity 434.4 MiB
[2025-07-03T17:22:40.097+0000] {spark_submit.py:579} INFO - 25/07/03 17:22:40 INFO SparkEnv: Registering OutputCommitCoordinator
[2025-07-03T17:22:40.208+0000] {spark_submit.py:579} INFO - 25/07/03 17:22:40 INFO JettyUtils: Start Jetty 0.0.0.0:4040 for SparkUI
[2025-07-03T17:22:40.268+0000] {spark_submit.py:579} INFO - 25/07/03 17:22:40 INFO Utils: Successfully started service 'SparkUI' on port 4040.
[2025-07-03T17:22:40.302+0000] {spark_submit.py:579} INFO - 25/07/03 17:22:40 INFO SparkContext: Added JAR file:///opt/bitnami/spark/jars/iceberg-spark-runtime-3.5_2.12-1.8.1.jar at spark://e0709f8eceeb:40281/jars/iceberg-spark-runtime-3.5_2.12-1.8.1.jar with timestamp 1751563359574
[2025-07-03T17:22:40.303+0000] {spark_submit.py:579} INFO - 25/07/03 17:22:40 INFO SparkContext: Added JAR file:///opt/bitnami/spark/jars/nessie-spark-extensions-3.5_2.12-0.103.2.jar at spark://e0709f8eceeb:40281/jars/nessie-spark-extensions-3.5_2.12-0.103.2.jar with timestamp 1751563359574
[2025-07-03T17:22:40.304+0000] {spark_submit.py:579} INFO - 25/07/03 17:22:40 INFO SparkContext: Added JAR file:///opt/bitnami/spark/jars/nessie-client-0.103.2.jar at spark://e0709f8eceeb:40281/jars/nessie-client-0.103.2.jar with timestamp 1751563359574
[2025-07-03T17:22:40.306+0000] {spark_submit.py:579} INFO - 25/07/03 17:22:40 INFO SparkContext: Added JAR file:///opt/bitnami/spark/jars/hadoop-aws-3.3.2.jar at spark://e0709f8eceeb:40281/jars/hadoop-aws-3.3.2.jar with timestamp 1751563359574
[2025-07-03T17:22:40.307+0000] {spark_submit.py:579} INFO - 25/07/03 17:22:40 INFO SparkContext: Added JAR file:///opt/bitnami/spark/jars/aws-java-sdk-bundle-1.12.262.jar at spark://e0709f8eceeb:40281/jars/aws-java-sdk-bundle-1.12.262.jar with timestamp 1751563359574
[2025-07-03T17:22:40.685+0000] {spark_submit.py:579} INFO - 25/07/03 17:22:40 INFO StandaloneAppClient$ClientEndpoint: Connecting to master spark://spark-master:7077...
[2025-07-03T17:22:40.860+0000] {spark_submit.py:579} INFO - 25/07/03 17:22:40 INFO TransportClientFactory: Successfully created connection to spark-master/172.19.0.2:7077 after 48 ms (0 ms spent in bootstraps)
[2025-07-03T17:22:41.060+0000] {spark_submit.py:579} INFO - 25/07/03 17:22:41 INFO StandaloneSchedulerBackend: Connected to Spark cluster with app ID app-20250703172241-0002
[2025-07-03T17:22:41.062+0000] {spark_submit.py:579} INFO - 25/07/03 17:22:41 INFO StandaloneAppClient$ClientEndpoint: Executor added: app-20250703172241-0002/0 on worker-20250703165926-172.19.0.7-33037 (172.19.0.7:33037) with 2 core(s)
[2025-07-03T17:22:41.064+0000] {spark_submit.py:579} INFO - 25/07/03 17:22:41 INFO StandaloneSchedulerBackend: Granted executor ID app-20250703172241-0002/0 on hostPort 172.19.0.7:33037 with 2 core(s), 1024.0 MiB RAM
[2025-07-03T17:22:41.067+0000] {spark_submit.py:579} INFO - 25/07/03 17:22:41 INFO Utils: Successfully started service 'org.apache.spark.network.netty.NettyBlockTransferService' on port 36495.
[2025-07-03T17:22:41.068+0000] {spark_submit.py:579} INFO - 25/07/03 17:22:41 INFO NettyBlockTransferService: Server created on e0709f8eceeb:36495
[2025-07-03T17:22:41.069+0000] {spark_submit.py:579} INFO - 25/07/03 17:22:41 INFO BlockManager: Using org.apache.spark.storage.RandomBlockReplicationPolicy for block replication policy
[2025-07-03T17:22:41.074+0000] {spark_submit.py:579} INFO - 25/07/03 17:22:41 INFO BlockManagerMaster: Registering BlockManager BlockManagerId(driver, e0709f8eceeb, 36495, None)
[2025-07-03T17:22:41.077+0000] {spark_submit.py:579} INFO - 25/07/03 17:22:41 INFO BlockManagerMasterEndpoint: Registering block manager e0709f8eceeb:36495 with 434.4 MiB RAM, BlockManagerId(driver, e0709f8eceeb, 36495, None)
[2025-07-03T17:22:41.078+0000] {spark_submit.py:579} INFO - 25/07/03 17:22:41 INFO BlockManagerMaster: Registered BlockManager BlockManagerId(driver, e0709f8eceeb, 36495, None)
[2025-07-03T17:22:41.080+0000] {spark_submit.py:579} INFO - 25/07/03 17:22:41 INFO BlockManager: Initialized BlockManager: BlockManagerId(driver, e0709f8eceeb, 36495, None)
[2025-07-03T17:22:41.114+0000] {spark_submit.py:579} INFO - 25/07/03 17:22:41 INFO StandaloneAppClient$ClientEndpoint: Executor updated: app-20250703172241-0002/0 is now RUNNING
[2025-07-03T17:22:41.298+0000] {spark_submit.py:579} INFO - 25/07/03 17:22:41 INFO StandaloneSchedulerBackend: SchedulerBackend is ready for scheduling beginning after reached minRegisteredResourcesRatio: 0.0
[2025-07-03T17:22:41.584+0000] {spark_submit.py:579} INFO - âœ… Spark iniciado
[2025-07-03T17:22:41.591+0000] {spark_submit.py:579} INFO - 25/07/03 17:22:41 INFO SharedState: Setting hive.metastore.warehouse.dir ('null') to the value of spark.sql.warehouse.dir.
[2025-07-03T17:22:41.597+0000] {spark_submit.py:579} INFO - 25/07/03 17:22:41 INFO SharedState: Warehouse path is 'file:/opt/airflow/spark-warehouse'.
[2025-07-03T17:22:43.557+0000] {spark_submit.py:579} INFO - âŒ Erro durante processamento: An error occurred while calling o25.sql.
[2025-07-03T17:22:43.558+0000] {spark_submit.py:579} INFO - : org.apache.spark.SparkException: [INTERNAL_ERROR] Undefined error message parameter for error class: '_LEGACY_ERROR_TEMP_1055'. Parameters: Map(database -> nessie.exercises)
[2025-07-03T17:22:43.558+0000] {spark_submit.py:579} INFO - at org.apache.spark.SparkException$.internalError(SparkException.scala:92)
[2025-07-03T17:22:43.559+0000] {spark_submit.py:579} INFO - at org.apache.spark.SparkException$.internalError(SparkException.scala:96)
[2025-07-03T17:22:43.559+0000] {spark_submit.py:579} INFO - at org.apache.spark.ErrorClassesJsonReader.getErrorMessage(ErrorClassesJSONReader.scala:56)
[2025-07-03T17:22:43.560+0000] {spark_submit.py:579} INFO - at org.apache.spark.SparkThrowableHelper$.getMessage(SparkThrowableHelper.scala:53)
[2025-07-03T17:22:43.560+0000] {spark_submit.py:579} INFO - at org.apache.spark.SparkThrowableHelper$.getMessage(SparkThrowableHelper.scala:40)
[2025-07-03T17:22:43.561+0000] {spark_submit.py:579} INFO - at org.apache.spark.sql.AnalysisException.<init>(AnalysisException.scala:47)
[2025-07-03T17:22:43.561+0000] {spark_submit.py:579} INFO - at org.apache.spark.sql.AnalysisException.<init>(AnalysisException.scala:70)
[2025-07-03T17:22:43.562+0000] {spark_submit.py:579} INFO - at org.apache.spark.sql.errors.QueryCompilationErrors$.invalidDatabaseNameError(QueryCompilationErrors.scala:875)
[2025-07-03T17:22:43.562+0000] {spark_submit.py:579} INFO - at org.apache.spark.sql.catalyst.analysis.ResolveSessionCatalog$DatabaseNameInSessionCatalog$.unapply(ResolveSessionCatalog.scala:691)
[2025-07-03T17:22:43.563+0000] {spark_submit.py:579} INFO - at org.apache.spark.sql.catalyst.analysis.ResolveSessionCatalog$$anonfun$apply$1.applyOrElse(ResolveSessionCatalog.scala:235)
[2025-07-03T17:22:43.563+0000] {spark_submit.py:579} INFO - at org.apache.spark.sql.catalyst.analysis.ResolveSessionCatalog$$anonfun$apply$1.applyOrElse(ResolveSessionCatalog.scala:52)
[2025-07-03T17:22:43.564+0000] {spark_submit.py:579} INFO - at org.apache.spark.sql.catalyst.plans.logical.AnalysisHelper.$anonfun$resolveOperatorsUpWithPruning$3(AnalysisHelper.scala:138)
[2025-07-03T17:22:43.564+0000] {spark_submit.py:579} INFO - at org.apache.spark.sql.catalyst.trees.CurrentOrigin$.withOrigin(origin.scala:76)
[2025-07-03T17:22:43.565+0000] {spark_submit.py:579} INFO - at org.apache.spark.sql.catalyst.plans.logical.AnalysisHelper.$anonfun$resolveOperatorsUpWithPruning$1(AnalysisHelper.scala:138)
[2025-07-03T17:22:43.565+0000] {spark_submit.py:579} INFO - at org.apache.spark.sql.catalyst.plans.logical.AnalysisHelper$.allowInvokingTransformsInAnalyzer(AnalysisHelper.scala:323)
[2025-07-03T17:22:43.566+0000] {spark_submit.py:579} INFO - at org.apache.spark.sql.catalyst.plans.logical.AnalysisHelper.resolveOperatorsUpWithPruning(AnalysisHelper.scala:134)
[2025-07-03T17:22:43.566+0000] {spark_submit.py:579} INFO - at org.apache.spark.sql.catalyst.plans.logical.AnalysisHelper.resolveOperatorsUpWithPruning$(AnalysisHelper.scala:130)
[2025-07-03T17:22:43.567+0000] {spark_submit.py:579} INFO - at org.apache.spark.sql.catalyst.plans.logical.LogicalPlan.resolveOperatorsUpWithPruning(LogicalPlan.scala:32)
[2025-07-03T17:22:43.567+0000] {spark_submit.py:579} INFO - at org.apache.spark.sql.catalyst.plans.logical.AnalysisHelper.resolveOperatorsUp(AnalysisHelper.scala:111)
[2025-07-03T17:22:43.567+0000] {spark_submit.py:579} INFO - at org.apache.spark.sql.catalyst.plans.logical.AnalysisHelper.resolveOperatorsUp$(AnalysisHelper.scala:110)
[2025-07-03T17:22:43.568+0000] {spark_submit.py:579} INFO - at org.apache.spark.sql.catalyst.plans.logical.LogicalPlan.resolveOperatorsUp(LogicalPlan.scala:32)
[2025-07-03T17:22:43.568+0000] {spark_submit.py:579} INFO - at org.apache.spark.sql.catalyst.analysis.ResolveSessionCatalog.apply(ResolveSessionCatalog.scala:52)
[2025-07-03T17:22:43.569+0000] {spark_submit.py:579} INFO - at org.apache.spark.sql.catalyst.analysis.ResolveSessionCatalog.apply(ResolveSessionCatalog.scala:46)
[2025-07-03T17:22:43.569+0000] {spark_submit.py:579} INFO - at org.apache.spark.sql.catalyst.rules.RuleExecutor.$anonfun$execute$2(RuleExecutor.scala:222)
[2025-07-03T17:22:43.570+0000] {spark_submit.py:579} INFO - at scala.collection.LinearSeqOptimized.foldLeft(LinearSeqOptimized.scala:126)
[2025-07-03T17:22:43.570+0000] {spark_submit.py:579} INFO - at scala.collection.LinearSeqOptimized.foldLeft$(LinearSeqOptimized.scala:122)
[2025-07-03T17:22:43.570+0000] {spark_submit.py:579} INFO - at scala.collection.immutable.List.foldLeft(List.scala:91)
[2025-07-03T17:22:43.571+0000] {spark_submit.py:579} INFO - at org.apache.spark.sql.catalyst.rules.RuleExecutor.$anonfun$execute$1(RuleExecutor.scala:219)
[2025-07-03T17:22:43.571+0000] {spark_submit.py:579} INFO - at org.apache.spark.sql.catalyst.rules.RuleExecutor.$anonfun$execute$1$adapted(RuleExecutor.scala:211)
[2025-07-03T17:22:43.572+0000] {spark_submit.py:579} INFO - at scala.collection.immutable.List.foreach(List.scala:431)
[2025-07-03T17:22:43.573+0000] {spark_submit.py:579} INFO - at org.apache.spark.sql.catalyst.rules.RuleExecutor.execute(RuleExecutor.scala:211)
[2025-07-03T17:22:43.573+0000] {spark_submit.py:579} INFO - at org.apache.spark.sql.catalyst.analysis.Analyzer.org$apache$spark$sql$catalyst$analysis$Analyzer$$executeSameContext(Analyzer.scala:240)
[2025-07-03T17:22:43.574+0000] {spark_submit.py:579} INFO - at org.apache.spark.sql.catalyst.analysis.Analyzer.$anonfun$execute$1(Analyzer.scala:236)
[2025-07-03T17:22:43.574+0000] {spark_submit.py:579} INFO - at org.apache.spark.sql.catalyst.analysis.AnalysisContext$.withNewAnalysisContext(Analyzer.scala:187)
[2025-07-03T17:22:43.575+0000] {spark_submit.py:579} INFO - at org.apache.spark.sql.catalyst.analysis.Analyzer.execute(Analyzer.scala:236)
[2025-07-03T17:22:43.575+0000] {spark_submit.py:579} INFO - at org.apache.spark.sql.catalyst.analysis.Analyzer.execute(Analyzer.scala:202)
[2025-07-03T17:22:43.576+0000] {spark_submit.py:579} INFO - at org.apache.spark.sql.catalyst.rules.RuleExecutor.$anonfun$executeAndTrack$1(RuleExecutor.scala:182)
[2025-07-03T17:22:43.576+0000] {spark_submit.py:579} INFO - at org.apache.spark.sql.catalyst.QueryPlanningTracker$.withTracker(QueryPlanningTracker.scala:89)
[2025-07-03T17:22:43.577+0000] {spark_submit.py:579} INFO - at org.apache.spark.sql.catalyst.rules.RuleExecutor.executeAndTrack(RuleExecutor.scala:182)
[2025-07-03T17:22:43.578+0000] {spark_submit.py:579} INFO - at org.apache.spark.sql.catalyst.analysis.Analyzer.$anonfun$executeAndCheck$1(Analyzer.scala:223)
[2025-07-03T17:22:43.578+0000] {spark_submit.py:579} INFO - at org.apache.spark.sql.catalyst.plans.logical.AnalysisHelper$.markInAnalyzer(AnalysisHelper.scala:330)
[2025-07-03T17:22:43.579+0000] {spark_submit.py:579} INFO - at org.apache.spark.sql.catalyst.analysis.Analyzer.executeAndCheck(Analyzer.scala:222)
[2025-07-03T17:22:43.579+0000] {spark_submit.py:579} INFO - at org.apache.spark.sql.execution.QueryExecution.$anonfun$analyzed$1(QueryExecution.scala:77)
[2025-07-03T17:22:43.580+0000] {spark_submit.py:579} INFO - at org.apache.spark.sql.catalyst.QueryPlanningTracker.measurePhase(QueryPlanningTracker.scala:138)
[2025-07-03T17:22:43.581+0000] {spark_submit.py:579} INFO - at org.apache.spark.sql.execution.QueryExecution.$anonfun$executePhase$2(QueryExecution.scala:219)
[2025-07-03T17:22:43.581+0000] {spark_submit.py:579} INFO - at org.apache.spark.sql.execution.QueryExecution$.withInternalError(QueryExecution.scala:546)
[2025-07-03T17:22:43.582+0000] {spark_submit.py:579} INFO - at org.apache.spark.sql.execution.QueryExecution.$anonfun$executePhase$1(QueryExecution.scala:219)
[2025-07-03T17:22:43.582+0000] {spark_submit.py:579} INFO - at org.apache.spark.sql.SparkSession.withActive(SparkSession.scala:900)
[2025-07-03T17:22:43.583+0000] {spark_submit.py:579} INFO - at org.apache.spark.sql.execution.QueryExecution.executePhase(QueryExecution.scala:218)
[2025-07-03T17:22:43.583+0000] {spark_submit.py:579} INFO - at org.apache.spark.sql.execution.QueryExecution.analyzed$lzycompute(QueryExecution.scala:77)
[2025-07-03T17:22:43.584+0000] {spark_submit.py:579} INFO - at org.apache.spark.sql.execution.QueryExecution.analyzed(QueryExecution.scala:74)
[2025-07-03T17:22:43.584+0000] {spark_submit.py:579} INFO - at org.apache.spark.sql.execution.QueryExecution.assertAnalyzed(QueryExecution.scala:66)
[2025-07-03T17:22:43.585+0000] {spark_submit.py:579} INFO - at org.apache.spark.sql.Dataset$.$anonfun$ofRows$2(Dataset.scala:99)
[2025-07-03T17:22:43.585+0000] {spark_submit.py:579} INFO - at org.apache.spark.sql.SparkSession.withActive(SparkSession.scala:900)
[2025-07-03T17:22:43.586+0000] {spark_submit.py:579} INFO - at org.apache.spark.sql.Dataset$.ofRows(Dataset.scala:97)
[2025-07-03T17:22:43.586+0000] {spark_submit.py:579} INFO - at org.apache.spark.sql.SparkSession.$anonfun$sql$1(SparkSession.scala:638)
[2025-07-03T17:22:43.587+0000] {spark_submit.py:579} INFO - at org.apache.spark.sql.SparkSession.withActive(SparkSession.scala:900)
[2025-07-03T17:22:43.587+0000] {spark_submit.py:579} INFO - at org.apache.spark.sql.SparkSession.sql(SparkSession.scala:629)
[2025-07-03T17:22:43.588+0000] {spark_submit.py:579} INFO - at org.apache.spark.sql.SparkSession.sql(SparkSession.scala:659)
[2025-07-03T17:22:43.588+0000] {spark_submit.py:579} INFO - at java.base/jdk.internal.reflect.NativeMethodAccessorImpl.invoke0(Native Method)
[2025-07-03T17:22:43.589+0000] {spark_submit.py:579} INFO - at java.base/jdk.internal.reflect.NativeMethodAccessorImpl.invoke(NativeMethodAccessorImpl.java:77)
[2025-07-03T17:22:43.589+0000] {spark_submit.py:579} INFO - at java.base/jdk.internal.reflect.DelegatingMethodAccessorImpl.invoke(DelegatingMethodAccessorImpl.java:43)
[2025-07-03T17:22:43.590+0000] {spark_submit.py:579} INFO - at java.base/java.lang.reflect.Method.invoke(Method.java:569)
[2025-07-03T17:22:43.590+0000] {spark_submit.py:579} INFO - at py4j.reflection.MethodInvoker.invoke(MethodInvoker.java:244)
[2025-07-03T17:22:43.591+0000] {spark_submit.py:579} INFO - at py4j.reflection.ReflectionEngine.invoke(ReflectionEngine.java:374)
[2025-07-03T17:22:43.591+0000] {spark_submit.py:579} INFO - at py4j.Gateway.invoke(Gateway.java:282)
[2025-07-03T17:22:43.592+0000] {spark_submit.py:579} INFO - at py4j.commands.AbstractCommand.invokeMethod(AbstractCommand.java:132)
[2025-07-03T17:22:43.593+0000] {spark_submit.py:579} INFO - at py4j.commands.CallCommand.execute(CallCommand.java:79)
[2025-07-03T17:22:43.593+0000] {spark_submit.py:579} INFO - at py4j.ClientServerConnection.waitForCommands(ClientServerConnection.java:182)
[2025-07-03T17:22:43.594+0000] {spark_submit.py:579} INFO - at py4j.ClientServerConnection.run(ClientServerConnection.java:106)
[2025-07-03T17:22:43.594+0000] {spark_submit.py:579} INFO - at java.base/java.lang.Thread.run(Thread.java:840)
[2025-07-03T17:22:43.595+0000] {spark_submit.py:579} INFO - 
[2025-07-03T17:22:43.596+0000] {spark_submit.py:579} INFO - 25/07/03 17:22:43 INFO SparkContext: SparkContext is stopping with exitCode 0.
[2025-07-03T17:22:43.596+0000] {spark_submit.py:579} INFO - 25/07/03 17:22:43 INFO SparkUI: Stopped Spark web UI at http://e0709f8eceeb:4040
[2025-07-03T17:22:43.597+0000] {spark_submit.py:579} INFO - 25/07/03 17:22:43 INFO StandaloneSchedulerBackend: Shutting down all executors
[2025-07-03T17:22:43.597+0000] {spark_submit.py:579} INFO - 25/07/03 17:22:43 INFO StandaloneSchedulerBackend$StandaloneDriverEndpoint: Asking each executor to shut down
[2025-07-03T17:22:43.600+0000] {spark_submit.py:579} INFO - 25/07/03 17:22:43 INFO MapOutputTrackerMasterEndpoint: MapOutputTrackerMasterEndpoint stopped!
[2025-07-03T17:22:43.668+0000] {spark_submit.py:579} INFO - 25/07/03 17:22:43 INFO MemoryStore: MemoryStore cleared
[2025-07-03T17:22:43.669+0000] {spark_submit.py:579} INFO - 25/07/03 17:22:43 INFO BlockManager: BlockManager stopped
[2025-07-03T17:22:43.675+0000] {spark_submit.py:579} INFO - 25/07/03 17:22:43 INFO BlockManagerMaster: BlockManagerMaster stopped
[2025-07-03T17:22:43.677+0000] {spark_submit.py:579} INFO - 25/07/03 17:22:43 INFO OutputCommitCoordinator$OutputCommitCoordinatorEndpoint: OutputCommitCoordinator stopped!
[2025-07-03T17:22:43.686+0000] {spark_submit.py:579} INFO - 25/07/03 17:22:43 INFO SparkContext: Successfully stopped SparkContext
[2025-07-03T17:22:43.866+0000] {spark_submit.py:579} INFO - âŒ Erro: An error occurred while calling o25.sql.
[2025-07-03T17:22:43.897+0000] {spark_submit.py:579} INFO - : org.apache.spark.SparkException: [INTERNAL_ERROR] Undefined error message parameter for error class: '_LEGACY_ERROR_TEMP_1055'. Parameters: Map(database -> nessie.exercises)
[2025-07-03T17:22:43.898+0000] {spark_submit.py:579} INFO - at org.apache.spark.SparkException$.internalError(SparkException.scala:92)
[2025-07-03T17:22:43.899+0000] {spark_submit.py:579} INFO - at org.apache.spark.SparkException$.internalError(SparkException.scala:96)
[2025-07-03T17:22:43.900+0000] {spark_submit.py:579} INFO - at org.apache.spark.ErrorClassesJsonReader.getErrorMessage(ErrorClassesJSONReader.scala:56)
[2025-07-03T17:22:43.901+0000] {spark_submit.py:579} INFO - at org.apache.spark.SparkThrowableHelper$.getMessage(SparkThrowableHelper.scala:53)
[2025-07-03T17:22:43.901+0000] {spark_submit.py:579} INFO - at org.apache.spark.SparkThrowableHelper$.getMessage(SparkThrowableHelper.scala:40)
[2025-07-03T17:22:43.902+0000] {spark_submit.py:579} INFO - at org.apache.spark.sql.AnalysisException.<init>(AnalysisException.scala:47)
[2025-07-03T17:22:43.902+0000] {spark_submit.py:579} INFO - at org.apache.spark.sql.AnalysisException.<init>(AnalysisException.scala:70)
[2025-07-03T17:22:43.903+0000] {spark_submit.py:579} INFO - at org.apache.spark.sql.errors.QueryCompilationErrors$.invalidDatabaseNameError(QueryCompilationErrors.scala:875)
[2025-07-03T17:22:43.903+0000] {spark_submit.py:579} INFO - at org.apache.spark.sql.catalyst.analysis.ResolveSessionCatalog$DatabaseNameInSessionCatalog$.unapply(ResolveSessionCatalog.scala:691)
[2025-07-03T17:22:43.904+0000] {spark_submit.py:579} INFO - at org.apache.spark.sql.catalyst.analysis.ResolveSessionCatalog$$anonfun$apply$1.applyOrElse(ResolveSessionCatalog.scala:235)
[2025-07-03T17:22:43.904+0000] {spark_submit.py:579} INFO - at org.apache.spark.sql.catalyst.analysis.ResolveSessionCatalog$$anonfun$apply$1.applyOrElse(ResolveSessionCatalog.scala:52)
[2025-07-03T17:22:43.905+0000] {spark_submit.py:579} INFO - at org.apache.spark.sql.catalyst.plans.logical.AnalysisHelper.$anonfun$resolveOperatorsUpWithPruning$3(AnalysisHelper.scala:138)
[2025-07-03T17:22:43.906+0000] {spark_submit.py:579} INFO - at org.apache.spark.sql.catalyst.trees.CurrentOrigin$.withOrigin(origin.scala:76)
[2025-07-03T17:22:43.906+0000] {spark_submit.py:579} INFO - at org.apache.spark.sql.catalyst.plans.logical.AnalysisHelper.$anonfun$resolveOperatorsUpWithPruning$1(AnalysisHelper.scala:138)
[2025-07-03T17:22:43.907+0000] {spark_submit.py:579} INFO - at org.apache.spark.sql.catalyst.plans.logical.AnalysisHelper$.allowInvokingTransformsInAnalyzer(AnalysisHelper.scala:323)
[2025-07-03T17:22:43.907+0000] {spark_submit.py:579} INFO - at org.apache.spark.sql.catalyst.plans.logical.AnalysisHelper.resolveOperatorsUpWithPruning(AnalysisHelper.scala:134)
[2025-07-03T17:22:43.908+0000] {spark_submit.py:579} INFO - at org.apache.spark.sql.catalyst.plans.logical.AnalysisHelper.resolveOperatorsUpWithPruning$(AnalysisHelper.scala:130)
[2025-07-03T17:22:43.909+0000] {spark_submit.py:579} INFO - at org.apache.spark.sql.catalyst.plans.logical.LogicalPlan.resolveOperatorsUpWithPruning(LogicalPlan.scala:32)
[2025-07-03T17:22:43.909+0000] {spark_submit.py:579} INFO - at org.apache.spark.sql.catalyst.plans.logical.AnalysisHelper.resolveOperatorsUp(AnalysisHelper.scala:111)
[2025-07-03T17:22:43.910+0000] {spark_submit.py:579} INFO - at org.apache.spark.sql.catalyst.plans.logical.AnalysisHelper.resolveOperatorsUp$(AnalysisHelper.scala:110)
[2025-07-03T17:22:43.911+0000] {spark_submit.py:579} INFO - at org.apache.spark.sql.catalyst.plans.logical.LogicalPlan.resolveOperatorsUp(LogicalPlan.scala:32)
[2025-07-03T17:22:43.911+0000] {spark_submit.py:579} INFO - at org.apache.spark.sql.catalyst.analysis.ResolveSessionCatalog.apply(ResolveSessionCatalog.scala:52)
[2025-07-03T17:22:43.912+0000] {spark_submit.py:579} INFO - at org.apache.spark.sql.catalyst.analysis.ResolveSessionCatalog.apply(ResolveSessionCatalog.scala:46)
[2025-07-03T17:22:43.913+0000] {spark_submit.py:579} INFO - at org.apache.spark.sql.catalyst.rules.RuleExecutor.$anonfun$execute$2(RuleExecutor.scala:222)
[2025-07-03T17:22:43.913+0000] {spark_submit.py:579} INFO - at scala.collection.LinearSeqOptimized.foldLeft(LinearSeqOptimized.scala:126)
[2025-07-03T17:22:43.914+0000] {spark_submit.py:579} INFO - at scala.collection.LinearSeqOptimized.foldLeft$(LinearSeqOptimized.scala:122)
[2025-07-03T17:22:43.916+0000] {spark_submit.py:579} INFO - at scala.collection.immutable.List.foldLeft(List.scala:91)
[2025-07-03T17:22:43.916+0000] {spark_submit.py:579} INFO - at org.apache.spark.sql.catalyst.rules.RuleExecutor.$anonfun$execute$1(RuleExecutor.scala:219)
[2025-07-03T17:22:43.917+0000] {spark_submit.py:579} INFO - at org.apache.spark.sql.catalyst.rules.RuleExecutor.$anonfun$execute$1$adapted(RuleExecutor.scala:211)
[2025-07-03T17:22:43.918+0000] {spark_submit.py:579} INFO - at scala.collection.immutable.List.foreach(List.scala:431)
[2025-07-03T17:22:43.918+0000] {spark_submit.py:579} INFO - at org.apache.spark.sql.catalyst.rules.RuleExecutor.execute(RuleExecutor.scala:211)
[2025-07-03T17:22:43.919+0000] {spark_submit.py:579} INFO - at org.apache.spark.sql.catalyst.analysis.Analyzer.org$apache$spark$sql$catalyst$analysis$Analyzer$$executeSameContext(Analyzer.scala:240)
[2025-07-03T17:22:43.919+0000] {spark_submit.py:579} INFO - at org.apache.spark.sql.catalyst.analysis.Analyzer.$anonfun$execute$1(Analyzer.scala:236)
[2025-07-03T17:22:43.920+0000] {spark_submit.py:579} INFO - at org.apache.spark.sql.catalyst.analysis.AnalysisContext$.withNewAnalysisContext(Analyzer.scala:187)
[2025-07-03T17:22:43.920+0000] {spark_submit.py:579} INFO - at org.apache.spark.sql.catalyst.analysis.Analyzer.execute(Analyzer.scala:236)
[2025-07-03T17:22:43.921+0000] {spark_submit.py:579} INFO - at org.apache.spark.sql.catalyst.analysis.Analyzer.execute(Analyzer.scala:202)
[2025-07-03T17:22:43.922+0000] {spark_submit.py:579} INFO - at org.apache.spark.sql.catalyst.rules.RuleExecutor.$anonfun$executeAndTrack$1(RuleExecutor.scala:182)
[2025-07-03T17:22:43.922+0000] {spark_submit.py:579} INFO - at org.apache.spark.sql.catalyst.QueryPlanningTracker$.withTracker(QueryPlanningTracker.scala:89)
[2025-07-03T17:22:43.923+0000] {spark_submit.py:579} INFO - at org.apache.spark.sql.catalyst.rules.RuleExecutor.executeAndTrack(RuleExecutor.scala:182)
[2025-07-03T17:22:43.924+0000] {spark_submit.py:579} INFO - at org.apache.spark.sql.catalyst.analysis.Analyzer.$anonfun$executeAndCheck$1(Analyzer.scala:223)
[2025-07-03T17:22:43.924+0000] {spark_submit.py:579} INFO - at org.apache.spark.sql.catalyst.plans.logical.AnalysisHelper$.markInAnalyzer(AnalysisHelper.scala:330)
[2025-07-03T17:22:43.925+0000] {spark_submit.py:579} INFO - at org.apache.spark.sql.catalyst.analysis.Analyzer.executeAndCheck(Analyzer.scala:222)
[2025-07-03T17:22:43.925+0000] {spark_submit.py:579} INFO - at org.apache.spark.sql.execution.QueryExecution.$anonfun$analyzed$1(QueryExecution.scala:77)
[2025-07-03T17:22:43.926+0000] {spark_submit.py:579} INFO - at org.apache.spark.sql.catalyst.QueryPlanningTracker.measurePhase(QueryPlanningTracker.scala:138)
[2025-07-03T17:22:43.927+0000] {spark_submit.py:579} INFO - at org.apache.spark.sql.execution.QueryExecution.$anonfun$executePhase$2(QueryExecution.scala:219)
[2025-07-03T17:22:43.927+0000] {spark_submit.py:579} INFO - at org.apache.spark.sql.execution.QueryExecution$.withInternalError(QueryExecution.scala:546)
[2025-07-03T17:22:43.928+0000] {spark_submit.py:579} INFO - at org.apache.spark.sql.execution.QueryExecution.$anonfun$executePhase$1(QueryExecution.scala:219)
[2025-07-03T17:22:43.929+0000] {spark_submit.py:579} INFO - at org.apache.spark.sql.SparkSession.withActive(SparkSession.scala:900)
[2025-07-03T17:22:43.929+0000] {spark_submit.py:579} INFO - at org.apache.spark.sql.execution.QueryExecution.executePhase(QueryExecution.scala:218)
[2025-07-03T17:22:43.930+0000] {spark_submit.py:579} INFO - at org.apache.spark.sql.execution.QueryExecution.analyzed$lzycompute(QueryExecution.scala:77)
[2025-07-03T17:22:43.931+0000] {spark_submit.py:579} INFO - at org.apache.spark.sql.execution.QueryExecution.analyzed(QueryExecution.scala:74)
[2025-07-03T17:22:43.932+0000] {spark_submit.py:579} INFO - at org.apache.spark.sql.execution.QueryExecution.assertAnalyzed(QueryExecution.scala:66)
[2025-07-03T17:22:43.932+0000] {spark_submit.py:579} INFO - at org.apache.spark.sql.Dataset$.$anonfun$ofRows$2(Dataset.scala:99)
[2025-07-03T17:22:43.933+0000] {spark_submit.py:579} INFO - at org.apache.spark.sql.SparkSession.withActive(SparkSession.scala:900)
[2025-07-03T17:22:43.933+0000] {spark_submit.py:579} INFO - at org.apache.spark.sql.Dataset$.ofRows(Dataset.scala:97)
[2025-07-03T17:22:43.934+0000] {spark_submit.py:579} INFO - at org.apache.spark.sql.SparkSession.$anonfun$sql$1(SparkSession.scala:638)
[2025-07-03T17:22:43.934+0000] {spark_submit.py:579} INFO - at org.apache.spark.sql.SparkSession.withActive(SparkSession.scala:900)
[2025-07-03T17:22:43.935+0000] {spark_submit.py:579} INFO - at org.apache.spark.sql.SparkSession.sql(SparkSession.scala:629)
[2025-07-03T17:22:43.936+0000] {spark_submit.py:579} INFO - at org.apache.spark.sql.SparkSession.sql(SparkSession.scala:659)
[2025-07-03T17:22:43.936+0000] {spark_submit.py:579} INFO - at java.base/jdk.internal.reflect.NativeMethodAccessorImpl.invoke0(Native Method)
[2025-07-03T17:22:43.937+0000] {spark_submit.py:579} INFO - at java.base/jdk.internal.reflect.NativeMethodAccessorImpl.invoke(NativeMethodAccessorImpl.java:77)
[2025-07-03T17:22:43.937+0000] {spark_submit.py:579} INFO - at java.base/jdk.internal.reflect.DelegatingMethodAccessorImpl.invoke(DelegatingMethodAccessorImpl.java:43)
[2025-07-03T17:22:43.938+0000] {spark_submit.py:579} INFO - at java.base/java.lang.reflect.Method.invoke(Method.java:569)
[2025-07-03T17:22:43.938+0000] {spark_submit.py:579} INFO - at py4j.reflection.MethodInvoker.invoke(MethodInvoker.java:244)
[2025-07-03T17:22:43.939+0000] {spark_submit.py:579} INFO - at py4j.reflection.ReflectionEngine.invoke(ReflectionEngine.java:374)
[2025-07-03T17:22:43.939+0000] {spark_submit.py:579} INFO - at py4j.Gateway.invoke(Gateway.java:282)
[2025-07-03T17:22:43.940+0000] {spark_submit.py:579} INFO - at py4j.commands.AbstractCommand.invokeMethod(AbstractCommand.java:132)
[2025-07-03T17:22:43.940+0000] {spark_submit.py:579} INFO - at py4j.commands.CallCommand.execute(CallCommand.java:79)
[2025-07-03T17:22:43.941+0000] {spark_submit.py:579} INFO - at py4j.ClientServerConnection.waitForCommands(ClientServerConnection.java:182)
[2025-07-03T17:22:43.941+0000] {spark_submit.py:579} INFO - at py4j.ClientServerConnection.run(ClientServerConnection.java:106)
[2025-07-03T17:22:43.942+0000] {spark_submit.py:579} INFO - at java.base/java.lang.Thread.run(Thread.java:840)
[2025-07-03T17:22:43.942+0000] {spark_submit.py:579} INFO - 
[2025-07-03T17:22:44.023+0000] {spark_submit.py:579} INFO - 25/07/03 17:22:44 INFO ShutdownHookManager: Shutdown hook called
[2025-07-03T17:22:44.024+0000] {spark_submit.py:579} INFO - 25/07/03 17:22:44 INFO ShutdownHookManager: Deleting directory /tmp/spark-80d7cd14-99f6-45ce-97bc-aa749df7399d
[2025-07-03T17:22:44.033+0000] {spark_submit.py:579} INFO - 25/07/03 17:22:44 INFO ShutdownHookManager: Deleting directory /tmp/spark-f8393cc2-ec2b-4e08-b0e5-dc4788923d10
[2025-07-03T17:22:44.040+0000] {spark_submit.py:579} INFO - 25/07/03 17:22:44 INFO ShutdownHookManager: Deleting directory /tmp/spark-f8393cc2-ec2b-4e08-b0e5-dc4788923d10/pyspark-3b5ec87c-5ab7-47a1-b4fb-b65cd7b84738
[2025-07-03T17:22:44.121+0000] {taskinstance.py:3336} ERROR - Task failed with exception
Traceback (most recent call last):
  File "/home/airflow/.local/lib/python3.12/site-packages/airflow/models/taskinstance.py", line 776, in _execute_task
    result = _execute_callable(context=context, **execute_callable_kwargs)
             ^^^^^^^^^^^^^^^^^^^^^^^^^^^^^^^^^^^^^^^^^^^^^^^^^^^^^^^^^^^^^
  File "/home/airflow/.local/lib/python3.12/site-packages/airflow/models/taskinstance.py", line 742, in _execute_callable
    return ExecutionCallableRunner(
           ^^^^^^^^^^^^^^^^^^^^^^^^
  File "/home/airflow/.local/lib/python3.12/site-packages/airflow/utils/operator_helpers.py", line 252, in run
    return self.func(*args, **kwargs)
           ^^^^^^^^^^^^^^^^^^^^^^^^^^
  File "/home/airflow/.local/lib/python3.12/site-packages/airflow/models/baseoperator.py", line 424, in wrapper
    return func(self, *args, **kwargs)
           ^^^^^^^^^^^^^^^^^^^^^^^^^^^
  File "/home/airflow/.local/lib/python3.12/site-packages/airflow/providers/apache/spark/operators/spark_submit.py", line 174, in execute
    self._hook.submit(self.application)
  File "/home/airflow/.local/lib/python3.12/site-packages/airflow/providers/apache/spark/hooks/spark_submit.py", line 505, in submit
    raise AirflowException(
airflow.exceptions.AirflowException: Cannot execute: spark-submit --master spark://spark-master:7077 --jars /opt/bitnami/spark/jars/iceberg-spark-runtime-3.5_2.12-1.8.1.jar,/opt/bitnami/spark/jars/nessie-spark-extensions-3.5_2.12-0.103.2.jar,/opt/bitnami/spark/jars/nessie-client-0.103.2.jar,/opt/bitnami/spark/jars/hadoop-aws-3.3.2.jar,/opt/bitnami/spark/jars/aws-java-sdk-bundle-1.12.262.jar, --name arrow-spark --deploy-mode client /opt/bitnami/spark/jobs/process_exercises_job.py {"id": "CA-LESTE-construtiva-1DE-2025-07-03", "manifest_entry": {"data": {"createdAt": "2025-07-03T17:09:15.637Z", "origin": "CA-LESTE", "path": "exercises/CA-LESTE-construtiva-1DE-2025-07-03"}, "id": "CA-LESTE-construtiva-1DE-2025-07-03"}, "metadata": {"createdAt": "2025-07-03T17:09:15.637Z", "description": "1DE", "documents": [{"description": "", "id": "1751562705430", "mimetype": "application/pdf", "name": "Op Jacui IV - Ordem de Operacoes.pdf", "path": "exercises/CA-LESTE-construtiva-1DE-2025-07-03/documents/Op Jacui IV - Ordem de Operacoes.pdf", "size": 336744, "uploadedAt": "2025-07-03T17:11:45.430Z"}], "endDate": "2025-07-05", "id": "CA-LESTE-construtiva-1DE-2025-07-03", "name": "Jogo de Guerra", "origin": "CA-LESTE", "simulationType": "construtiva", "simulations": [{"id": "172.19.0.5_2025-07-03", "movedAt": "2025-07-03T17:11:53.937Z", "name": "172.19.0.5_2025-07-03", "originalPath": "staging/172.19.0.5_2025-07-03", "path": "exercises/CA-LESTE-construtiva-1DE-2025-07-03/simulations/172.19.0.5_2025-07-03"}], "startDate": "2025-07-03", "trainedForce": "1 Divis\u00e3o de Ex\u00e9rcito", "updatedAt": "2025-07-03T17:11:53.937Z", "wikiUrl": ""}}. Error code is: 1.
[2025-07-03T17:22:44.126+0000] {taskinstance.py:1242} INFO - Marking task as FAILED. dag_id=process_exercises, task_id=process_exercises, run_id=manual__2025-07-03T17:22:28.712387+00:00, execution_date=20250703T172228, start_date=20250703T172233, end_date=20250703T172244
[2025-07-03T17:22:44.513+0000] {taskinstance.py:349} INFO - ::group::Post task execution logs
[2025-07-03T17:22:44.514+0000] {standard_task_runner.py:124} ERROR - Failed to execute job 119 for task process_exercises (Cannot execute: spark-submit --master spark://spark-master:7077 --jars /opt/bitnami/spark/jars/iceberg-spark-runtime-3.5_2.12-1.8.1.jar,/opt/bitnami/spark/jars/nessie-spark-extensions-3.5_2.12-0.103.2.jar,/opt/bitnami/spark/jars/nessie-client-0.103.2.jar,/opt/bitnami/spark/jars/hadoop-aws-3.3.2.jar,/opt/bitnami/spark/jars/aws-java-sdk-bundle-1.12.262.jar, --name arrow-spark --deploy-mode client /opt/bitnami/spark/jobs/process_exercises_job.py {"id": "CA-LESTE-construtiva-1DE-2025-07-03", "manifest_entry": {"data": {"createdAt": "2025-07-03T17:09:15.637Z", "origin": "CA-LESTE", "path": "exercises/CA-LESTE-construtiva-1DE-2025-07-03"}, "id": "CA-LESTE-construtiva-1DE-2025-07-03"}, "metadata": {"createdAt": "2025-07-03T17:09:15.637Z", "description": "1DE", "documents": [{"description": "", "id": "1751562705430", "mimetype": "application/pdf", "name": "Op Jacui IV - Ordem de Operacoes.pdf", "path": "exercises/CA-LESTE-construtiva-1DE-2025-07-03/documents/Op Jacui IV - Ordem de Operacoes.pdf", "size": 336744, "uploadedAt": "2025-07-03T17:11:45.430Z"}], "endDate": "2025-07-05", "id": "CA-LESTE-construtiva-1DE-2025-07-03", "name": "Jogo de Guerra", "origin": "CA-LESTE", "simulationType": "construtiva", "simulations": [{"id": "172.19.0.5_2025-07-03", "movedAt": "2025-07-03T17:11:53.937Z", "name": "172.19.0.5_2025-07-03", "originalPath": "staging/172.19.0.5_2025-07-03", "path": "exercises/CA-LESTE-construtiva-1DE-2025-07-03/simulations/172.19.0.5_2025-07-03"}], "startDate": "2025-07-03", "trainedForce": "1 Divis\u00e3o de Ex\u00e9rcito", "updatedAt": "2025-07-03T17:11:53.937Z", "wikiUrl": ""}}. Error code is: 1.; 662)
Traceback (most recent call last):
  File "/home/airflow/.local/lib/python3.12/site-packages/airflow/task/task_runner/standard_task_runner.py", line 117, in _start_by_fork
    ret = args.func(args, dag=self.dag)
          ^^^^^^^^^^^^^^^^^^^^^^^^^^^^^
  File "/home/airflow/.local/lib/python3.12/site-packages/airflow/cli/cli_config.py", line 49, in command
    return func(*args, **kwargs)
           ^^^^^^^^^^^^^^^^^^^^^
  File "/home/airflow/.local/lib/python3.12/site-packages/airflow/utils/cli.py", line 116, in wrapper
    return f(*args, **kwargs)
           ^^^^^^^^^^^^^^^^^^
  File "/home/airflow/.local/lib/python3.12/site-packages/airflow/cli/commands/task_command.py", line 483, in task_run
    task_return_code = _run_task_by_selected_method(args, _dag, ti)
                       ^^^^^^^^^^^^^^^^^^^^^^^^^^^^^^^^^^^^^^^^^^^^
  File "/home/airflow/.local/lib/python3.12/site-packages/airflow/cli/commands/task_command.py", line 256, in _run_task_by_selected_method
    return _run_raw_task(args, ti)
           ^^^^^^^^^^^^^^^^^^^^^^^
  File "/home/airflow/.local/lib/python3.12/site-packages/airflow/cli/commands/task_command.py", line 341, in _run_raw_task
    return ti._run_raw_task(
           ^^^^^^^^^^^^^^^^^
  File "/home/airflow/.local/lib/python3.12/site-packages/airflow/utils/session.py", line 97, in wrapper
    return func(*args, session=session, **kwargs)
           ^^^^^^^^^^^^^^^^^^^^^^^^^^^^^^^^^^^^^^
  File "/home/airflow/.local/lib/python3.12/site-packages/airflow/models/taskinstance.py", line 3029, in _run_raw_task
    return _run_raw_task(
           ^^^^^^^^^^^^^^
  File "/home/airflow/.local/lib/python3.12/site-packages/airflow/models/taskinstance.py", line 282, in _run_raw_task
    TaskInstance._execute_task_with_callbacks(
  File "/home/airflow/.local/lib/python3.12/site-packages/airflow/models/taskinstance.py", line 3184, in _execute_task_with_callbacks
    result = self._execute_task(context, task_orig)
             ^^^^^^^^^^^^^^^^^^^^^^^^^^^^^^^^^^^^^^
  File "/home/airflow/.local/lib/python3.12/site-packages/airflow/models/taskinstance.py", line 3208, in _execute_task
    return _execute_task(self, context, task_orig)
           ^^^^^^^^^^^^^^^^^^^^^^^^^^^^^^^^^^^^^^^
  File "/home/airflow/.local/lib/python3.12/site-packages/airflow/models/taskinstance.py", line 776, in _execute_task
    result = _execute_callable(context=context, **execute_callable_kwargs)
             ^^^^^^^^^^^^^^^^^^^^^^^^^^^^^^^^^^^^^^^^^^^^^^^^^^^^^^^^^^^^^
  File "/home/airflow/.local/lib/python3.12/site-packages/airflow/models/taskinstance.py", line 742, in _execute_callable
    return ExecutionCallableRunner(
           ^^^^^^^^^^^^^^^^^^^^^^^^
  File "/home/airflow/.local/lib/python3.12/site-packages/airflow/utils/operator_helpers.py", line 252, in run
    return self.func(*args, **kwargs)
           ^^^^^^^^^^^^^^^^^^^^^^^^^^
  File "/home/airflow/.local/lib/python3.12/site-packages/airflow/models/baseoperator.py", line 424, in wrapper
    return func(self, *args, **kwargs)
           ^^^^^^^^^^^^^^^^^^^^^^^^^^^
  File "/home/airflow/.local/lib/python3.12/site-packages/airflow/providers/apache/spark/operators/spark_submit.py", line 174, in execute
    self._hook.submit(self.application)
  File "/home/airflow/.local/lib/python3.12/site-packages/airflow/providers/apache/spark/hooks/spark_submit.py", line 505, in submit
    raise AirflowException(
airflow.exceptions.AirflowException: Cannot execute: spark-submit --master spark://spark-master:7077 --jars /opt/bitnami/spark/jars/iceberg-spark-runtime-3.5_2.12-1.8.1.jar,/opt/bitnami/spark/jars/nessie-spark-extensions-3.5_2.12-0.103.2.jar,/opt/bitnami/spark/jars/nessie-client-0.103.2.jar,/opt/bitnami/spark/jars/hadoop-aws-3.3.2.jar,/opt/bitnami/spark/jars/aws-java-sdk-bundle-1.12.262.jar, --name arrow-spark --deploy-mode client /opt/bitnami/spark/jobs/process_exercises_job.py {"id": "CA-LESTE-construtiva-1DE-2025-07-03", "manifest_entry": {"data": {"createdAt": "2025-07-03T17:09:15.637Z", "origin": "CA-LESTE", "path": "exercises/CA-LESTE-construtiva-1DE-2025-07-03"}, "id": "CA-LESTE-construtiva-1DE-2025-07-03"}, "metadata": {"createdAt": "2025-07-03T17:09:15.637Z", "description": "1DE", "documents": [{"description": "", "id": "1751562705430", "mimetype": "application/pdf", "name": "Op Jacui IV - Ordem de Operacoes.pdf", "path": "exercises/CA-LESTE-construtiva-1DE-2025-07-03/documents/Op Jacui IV - Ordem de Operacoes.pdf", "size": 336744, "uploadedAt": "2025-07-03T17:11:45.430Z"}], "endDate": "2025-07-05", "id": "CA-LESTE-construtiva-1DE-2025-07-03", "name": "Jogo de Guerra", "origin": "CA-LESTE", "simulationType": "construtiva", "simulations": [{"id": "172.19.0.5_2025-07-03", "movedAt": "2025-07-03T17:11:53.937Z", "name": "172.19.0.5_2025-07-03", "originalPath": "staging/172.19.0.5_2025-07-03", "path": "exercises/CA-LESTE-construtiva-1DE-2025-07-03/simulations/172.19.0.5_2025-07-03"}], "startDate": "2025-07-03", "trainedForce": "1 Divis\u00e3o de Ex\u00e9rcito", "updatedAt": "2025-07-03T17:11:53.937Z", "wikiUrl": ""}}. Error code is: 1.
[2025-07-03T17:22:44.576+0000] {local_task_job_runner.py:266} INFO - Task exited with return code 1
[2025-07-03T17:22:44.638+0000] {taskinstance.py:3924} INFO - 0 downstream tasks scheduled from follow-on schedule check
[2025-07-03T17:22:44.720+0000] {local_task_job_runner.py:245} INFO - ::endgroup::
