[2025-07-03T17:12:16.247+0000] {local_task_job_runner.py:123} INFO - ::group::Pre task execution logs
[2025-07-03T17:12:16.310+0000] {taskinstance.py:2631} INFO - Dependencies all met for dep_context=non-requeueable deps ti=<TaskInstance: process_exercises.process_exercises manual__2025-07-03T17:12:07.720988+00:00 [queued]>
[2025-07-03T17:12:16.325+0000] {taskinstance.py:2631} INFO - Dependencies all met for dep_context=requeueable deps ti=<TaskInstance: process_exercises.process_exercises manual__2025-07-03T17:12:07.720988+00:00 [queued]>
[2025-07-03T17:12:16.325+0000] {taskinstance.py:2884} INFO - Starting attempt 1 of 1
[2025-07-03T17:12:16.505+0000] {taskinstance.py:2907} INFO - Executing <Task(SparkSubmitOperator): process_exercises> on 2025-07-03 17:12:07.720988+00:00
[2025-07-03T17:12:16.549+0000] {logging_mixin.py:190} WARNING - /home/airflow/.local/lib/python3.12/site-packages/airflow/task/task_runner/standard_task_runner.py:70 DeprecationWarning: This process (pid=430) is multi-threaded, use of fork() may lead to deadlocks in the child.
[2025-07-03T17:12:16.559+0000] {standard_task_runner.py:72} INFO - Started process 431 to run task
[2025-07-03T17:12:16.553+0000] {standard_task_runner.py:104} INFO - Running: ['airflow', 'tasks', 'run', 'process_exercises', 'process_exercises', 'manual__2025-07-03T17:12:07.720988+00:00', '--job-id', '117', '--raw', '--subdir', 'DAGS_FOLDER/process_exercises.py', '--cfg-path', '/tmp/tmpe9ca7pwp']
[2025-07-03T17:12:16.563+0000] {standard_task_runner.py:105} INFO - Job 117: Subtask process_exercises
[2025-07-03T17:12:16.703+0000] {task_command.py:467} INFO - Running <TaskInstance: process_exercises.process_exercises manual__2025-07-03T17:12:07.720988+00:00 [running]> on host e0709f8eceeb
[2025-07-03T17:12:16.952+0000] {taskinstance.py:3157} INFO - Exporting env vars: AIRFLOW_CTX_DAG_OWNER='airflow' AIRFLOW_CTX_DAG_ID='process_exercises' AIRFLOW_CTX_TASK_ID='process_exercises' AIRFLOW_CTX_EXECUTION_DATE='2025-07-03T17:12:07.720988+00:00' AIRFLOW_CTX_TRY_NUMBER='1' AIRFLOW_CTX_DAG_RUN_ID='manual__2025-07-03T17:12:07.720988+00:00'
[2025-07-03T17:12:16.953+0000] {taskinstance.py:740} INFO - ::endgroup::
[2025-07-03T17:12:16.989+0000] {base.py:84} INFO - Retrieving connection 'spark-ebsim'
[2025-07-03T17:12:16.997+0000] {spark_submit.py:403} INFO - Spark-Submit cmd: spark-submit --master spark://spark-master:7077 --jars /opt/bitnami/spark/jars/iceberg-spark-runtime-3.5_2.12-1.8.1.jar,/opt/bitnami/spark/jars/nessie-spark-extensions-3.5_2.12-0.103.2.jar,/opt/bitnami/spark/jars/nessie-client-0.103.2.jar,/opt/bitnami/spark/jars/hadoop-aws-3.3.2.jar,/opt/bitnami/spark/jars/aws-java-sdk-bundle-1.12.262.jar, --name arrow-spark --deploy-mode client /opt/bitnami/spark/jobs/process_exercises_job.py {"id": "CA-LESTE-construtiva-1DE-2025-07-03", "manifest_entry": {"data": {"createdAt": "2025-07-03T17:09:15.637Z", "origin": "CA-LESTE", "path": "exercises/CA-LESTE-construtiva-1DE-2025-07-03"}, "id": "CA-LESTE-construtiva-1DE-2025-07-03"}, "metadata": {"createdAt": "2025-07-03T17:09:15.637Z", "description": "1DE", "documents": [{"description": "", "id": "1751562705430", "mimetype": "application/pdf", "name": "Op Jacui IV - Ordem de Operacoes.pdf", "path": "exercises/CA-LESTE-construtiva-1DE-2025-07-03/documents/Op Jacui IV - Ordem de Operacoes.pdf", "size": 336744, "uploadedAt": "2025-07-03T17:11:45.430Z"}], "endDate": "2025-07-05", "id": "CA-LESTE-construtiva-1DE-2025-07-03", "name": "Jogo de Guerra", "origin": "CA-LESTE", "simulationType": "construtiva", "simulations": [{"id": "172.19.0.5_2025-07-03", "movedAt": "2025-07-03T17:11:53.937Z", "name": "172.19.0.5_2025-07-03", "originalPath": "staging/172.19.0.5_2025-07-03", "path": "exercises/CA-LESTE-construtiva-1DE-2025-07-03/simulations/172.19.0.5_2025-07-03"}], "startDate": "2025-07-03", "trainedForce": "1 Divis\u00e3o de Ex\u00e9rcito", "updatedAt": "2025-07-03T17:11:53.937Z", "wikiUrl": ""}}
[2025-07-03T17:12:31.045+0000] {spark_submit.py:579} INFO - 25/07/03 17:12:31 WARN NativeCodeLoader: Unable to load native-hadoop library for your platform... using builtin-java classes where applicable
[2025-07-03T17:12:35.524+0000] {spark_submit.py:579} INFO - ðŸš€ PROCESSAMENTO DE EXERCÃCIOS INICIADO
[2025-07-03T17:12:35.525+0000] {spark_submit.py:579} INFO - ðŸ“‹ Processando exercÃ­cio: CA-LESTE-construtiva-1DE-2025-07-03
[2025-07-03T17:12:35.525+0000] {spark_submit.py:579} INFO - âš™ï¸ Configurando Spark...
[2025-07-03T17:12:36.199+0000] {spark_submit.py:579} INFO - 25/07/03 17:12:36 INFO SparkContext: Running Spark version 3.5.5
[2025-07-03T17:12:36.200+0000] {spark_submit.py:579} INFO - 25/07/03 17:12:36 INFO SparkContext: OS info Linux, 5.15.167.4-microsoft-standard-WSL2, amd64
[2025-07-03T17:12:36.201+0000] {spark_submit.py:579} INFO - 25/07/03 17:12:36 INFO SparkContext: Java version 17.0.15
[2025-07-03T17:12:36.246+0000] {spark_submit.py:579} INFO - 25/07/03 17:12:36 INFO ResourceUtils: ==============================================================
[2025-07-03T17:12:36.247+0000] {spark_submit.py:579} INFO - 25/07/03 17:12:36 INFO ResourceUtils: No custom resources configured for spark.driver.
[2025-07-03T17:12:36.248+0000] {spark_submit.py:579} INFO - 25/07/03 17:12:36 INFO ResourceUtils: ==============================================================
[2025-07-03T17:12:36.249+0000] {spark_submit.py:579} INFO - 25/07/03 17:12:36 INFO SparkContext: Submitted application: ProcessExercises
[2025-07-03T17:12:36.293+0000] {spark_submit.py:579} INFO - 25/07/03 17:12:36 INFO ResourceProfile: Default ResourceProfile created, executor resources: Map(memory -> name: memory, amount: 1024, script: , vendor: , offHeap -> name: offHeap, amount: 0, script: , vendor: ), task resources: Map(cpus -> name: cpus, amount: 1.0)
[2025-07-03T17:12:36.307+0000] {spark_submit.py:579} INFO - 25/07/03 17:12:36 INFO ResourceProfile: Limiting resource is cpu
[2025-07-03T17:12:36.309+0000] {spark_submit.py:579} INFO - 25/07/03 17:12:36 INFO ResourceProfileManager: Added ResourceProfile id: 0
[2025-07-03T17:12:36.466+0000] {spark_submit.py:579} INFO - 25/07/03 17:12:36 INFO SecurityManager: Changing view acls to: airflow
[2025-07-03T17:12:36.467+0000] {spark_submit.py:579} INFO - 25/07/03 17:12:36 INFO SecurityManager: Changing modify acls to: airflow
[2025-07-03T17:12:36.468+0000] {spark_submit.py:579} INFO - 25/07/03 17:12:36 INFO SecurityManager: Changing view acls groups to:
[2025-07-03T17:12:36.468+0000] {spark_submit.py:579} INFO - 25/07/03 17:12:36 INFO SecurityManager: Changing modify acls groups to:
[2025-07-03T17:12:36.469+0000] {spark_submit.py:579} INFO - 25/07/03 17:12:36 INFO SecurityManager: SecurityManager: authentication disabled; ui acls disabled; users with view permissions: airflow; groups with view permissions: EMPTY; users with modify permissions: airflow; groups with modify permissions: EMPTY
[2025-07-03T17:12:36.932+0000] {spark_submit.py:579} INFO - 25/07/03 17:12:36 INFO Utils: Successfully started service 'sparkDriver' on port 44503.
[2025-07-03T17:12:36.957+0000] {spark_submit.py:579} INFO - 25/07/03 17:12:36 INFO SparkEnv: Registering MapOutputTracker
[2025-07-03T17:12:37.033+0000] {spark_submit.py:579} INFO - 25/07/03 17:12:37 INFO SparkEnv: Registering BlockManagerMaster
[2025-07-03T17:12:37.474+0000] {spark_submit.py:579} INFO - 25/07/03 17:12:37 INFO BlockManagerMasterEndpoint: Using org.apache.spark.storage.DefaultTopologyMapper for getting topology information
[2025-07-03T17:12:37.476+0000] {spark_submit.py:579} INFO - 25/07/03 17:12:37 INFO BlockManagerMasterEndpoint: BlockManagerMasterEndpoint up
[2025-07-03T17:12:37.480+0000] {spark_submit.py:579} INFO - 25/07/03 17:12:37 INFO SparkEnv: Registering BlockManagerMasterHeartbeat
[2025-07-03T17:12:37.522+0000] {spark_submit.py:579} INFO - 25/07/03 17:12:37 INFO DiskBlockManager: Created local directory at /tmp/blockmgr-9f189e47-c324-4f87-a720-1d3710df8c68
[2025-07-03T17:12:37.551+0000] {spark_submit.py:579} INFO - 25/07/03 17:12:37 INFO MemoryStore: MemoryStore started with capacity 434.4 MiB
[2025-07-03T17:12:37.563+0000] {spark_submit.py:579} INFO - 25/07/03 17:12:37 INFO SparkEnv: Registering OutputCommitCoordinator
[2025-07-03T17:12:37.803+0000] {spark_submit.py:579} INFO - 25/07/03 17:12:37 INFO JettyUtils: Start Jetty 0.0.0.0:4040 for SparkUI
[2025-07-03T17:12:37.886+0000] {spark_submit.py:579} INFO - 25/07/03 17:12:37 INFO Utils: Successfully started service 'SparkUI' on port 4040.
[2025-07-03T17:12:37.945+0000] {spark_submit.py:579} INFO - 25/07/03 17:12:37 INFO SparkContext: Added JAR file:///opt/bitnami/spark/jars/iceberg-spark-runtime-3.5_2.12-1.8.1.jar at spark://e0709f8eceeb:44503/jars/iceberg-spark-runtime-3.5_2.12-1.8.1.jar with timestamp 1751562756158
[2025-07-03T17:12:37.946+0000] {spark_submit.py:579} INFO - 25/07/03 17:12:37 INFO SparkContext: Added JAR file:///opt/bitnami/spark/jars/nessie-spark-extensions-3.5_2.12-0.103.2.jar at spark://e0709f8eceeb:44503/jars/nessie-spark-extensions-3.5_2.12-0.103.2.jar with timestamp 1751562756158
[2025-07-03T17:12:37.947+0000] {spark_submit.py:579} INFO - 25/07/03 17:12:37 INFO SparkContext: Added JAR file:///opt/bitnami/spark/jars/nessie-client-0.103.2.jar at spark://e0709f8eceeb:44503/jars/nessie-client-0.103.2.jar with timestamp 1751562756158
[2025-07-03T17:12:37.948+0000] {spark_submit.py:579} INFO - 25/07/03 17:12:37 INFO SparkContext: Added JAR file:///opt/bitnami/spark/jars/hadoop-aws-3.3.2.jar at spark://e0709f8eceeb:44503/jars/hadoop-aws-3.3.2.jar with timestamp 1751562756158
[2025-07-03T17:12:37.949+0000] {spark_submit.py:579} INFO - 25/07/03 17:12:37 INFO SparkContext: Added JAR file:///opt/bitnami/spark/jars/aws-java-sdk-bundle-1.12.262.jar at spark://e0709f8eceeb:44503/jars/aws-java-sdk-bundle-1.12.262.jar with timestamp 1751562756158
[2025-07-03T17:12:38.146+0000] {spark_submit.py:579} INFO - 25/07/03 17:12:38 INFO StandaloneAppClient$ClientEndpoint: Connecting to master spark://spark-master:7077...
[2025-07-03T17:12:38.215+0000] {spark_submit.py:579} INFO - 25/07/03 17:12:38 INFO TransportClientFactory: Successfully created connection to spark-master/172.19.0.2:7077 after 47 ms (0 ms spent in bootstraps)
[2025-07-03T17:12:38.398+0000] {spark_submit.py:579} INFO - 25/07/03 17:12:38 INFO StandaloneSchedulerBackend: Connected to Spark cluster with app ID app-20250703171238-0001
[2025-07-03T17:12:38.400+0000] {spark_submit.py:579} INFO - 25/07/03 17:12:38 INFO StandaloneAppClient$ClientEndpoint: Executor added: app-20250703171238-0001/0 on worker-20250703165926-172.19.0.7-33037 (172.19.0.7:33037) with 2 core(s)
[2025-07-03T17:12:38.402+0000] {spark_submit.py:579} INFO - 25/07/03 17:12:38 INFO StandaloneSchedulerBackend: Granted executor ID app-20250703171238-0001/0 on hostPort 172.19.0.7:33037 with 2 core(s), 1024.0 MiB RAM
[2025-07-03T17:12:38.406+0000] {spark_submit.py:579} INFO - 25/07/03 17:12:38 INFO Utils: Successfully started service 'org.apache.spark.network.netty.NettyBlockTransferService' on port 41953.
[2025-07-03T17:12:38.407+0000] {spark_submit.py:579} INFO - 25/07/03 17:12:38 INFO NettyBlockTransferService: Server created on e0709f8eceeb:41953
[2025-07-03T17:12:38.409+0000] {spark_submit.py:579} INFO - 25/07/03 17:12:38 INFO BlockManager: Using org.apache.spark.storage.RandomBlockReplicationPolicy for block replication policy
[2025-07-03T17:12:38.431+0000] {spark_submit.py:579} INFO - 25/07/03 17:12:38 INFO BlockManagerMaster: Registering BlockManager BlockManagerId(driver, e0709f8eceeb, 41953, None)
[2025-07-03T17:12:38.434+0000] {spark_submit.py:579} INFO - 25/07/03 17:12:38 INFO BlockManagerMasterEndpoint: Registering block manager e0709f8eceeb:41953 with 434.4 MiB RAM, BlockManagerId(driver, e0709f8eceeb, 41953, None)
[2025-07-03T17:12:38.436+0000] {spark_submit.py:579} INFO - 25/07/03 17:12:38 INFO BlockManagerMaster: Registered BlockManager BlockManagerId(driver, e0709f8eceeb, 41953, None)
[2025-07-03T17:12:38.438+0000] {spark_submit.py:579} INFO - 25/07/03 17:12:38 INFO BlockManager: Initialized BlockManager: BlockManagerId(driver, e0709f8eceeb, 41953, None)
[2025-07-03T17:12:38.537+0000] {spark_submit.py:579} INFO - 25/07/03 17:12:38 INFO StandaloneAppClient$ClientEndpoint: Executor updated: app-20250703171238-0001/0 is now RUNNING
[2025-07-03T17:12:38.766+0000] {spark_submit.py:579} INFO - 25/07/03 17:12:38 INFO StandaloneSchedulerBackend: SchedulerBackend is ready for scheduling beginning after reached minRegisteredResourcesRatio: 0.0
[2025-07-03T17:12:39.419+0000] {spark_submit.py:579} INFO - âœ… Spark iniciado
[2025-07-03T17:12:39.427+0000] {spark_submit.py:579} INFO - 25/07/03 17:12:39 INFO SharedState: Setting hive.metastore.warehouse.dir ('null') to the value of spark.sql.warehouse.dir.
[2025-07-03T17:12:39.430+0000] {spark_submit.py:579} INFO - 25/07/03 17:12:39 INFO SharedState: Warehouse path is 'file:/opt/airflow/spark-warehouse'.
[2025-07-03T17:12:43.164+0000] {spark_submit.py:579} INFO - âŒ Erro durante processamento: An error occurred while calling o25.sql.
[2025-07-03T17:12:43.165+0000] {spark_submit.py:579} INFO - : org.apache.spark.SparkException: [INTERNAL_ERROR] Undefined error message parameter for error class: '_LEGACY_ERROR_TEMP_1055'. Parameters: Map(database -> nessie.exercises)
[2025-07-03T17:12:43.166+0000] {spark_submit.py:579} INFO - at org.apache.spark.SparkException$.internalError(SparkException.scala:92)
[2025-07-03T17:12:43.166+0000] {spark_submit.py:579} INFO - at org.apache.spark.SparkException$.internalError(SparkException.scala:96)
[2025-07-03T17:12:43.167+0000] {spark_submit.py:579} INFO - at org.apache.spark.ErrorClassesJsonReader.getErrorMessage(ErrorClassesJSONReader.scala:56)
[2025-07-03T17:12:43.167+0000] {spark_submit.py:579} INFO - at org.apache.spark.SparkThrowableHelper$.getMessage(SparkThrowableHelper.scala:53)
[2025-07-03T17:12:43.168+0000] {spark_submit.py:579} INFO - at org.apache.spark.SparkThrowableHelper$.getMessage(SparkThrowableHelper.scala:40)
[2025-07-03T17:12:43.168+0000] {spark_submit.py:579} INFO - at org.apache.spark.sql.AnalysisException.<init>(AnalysisException.scala:47)
[2025-07-03T17:12:43.169+0000] {spark_submit.py:579} INFO - at org.apache.spark.sql.AnalysisException.<init>(AnalysisException.scala:70)
[2025-07-03T17:12:43.169+0000] {spark_submit.py:579} INFO - at org.apache.spark.sql.errors.QueryCompilationErrors$.invalidDatabaseNameError(QueryCompilationErrors.scala:875)
[2025-07-03T17:12:43.170+0000] {spark_submit.py:579} INFO - at org.apache.spark.sql.catalyst.analysis.ResolveSessionCatalog$DatabaseNameInSessionCatalog$.unapply(ResolveSessionCatalog.scala:691)
[2025-07-03T17:12:43.170+0000] {spark_submit.py:579} INFO - at org.apache.spark.sql.catalyst.analysis.ResolveSessionCatalog$$anonfun$apply$1.applyOrElse(ResolveSessionCatalog.scala:235)
[2025-07-03T17:12:43.171+0000] {spark_submit.py:579} INFO - at org.apache.spark.sql.catalyst.analysis.ResolveSessionCatalog$$anonfun$apply$1.applyOrElse(ResolveSessionCatalog.scala:52)
[2025-07-03T17:12:43.171+0000] {spark_submit.py:579} INFO - at org.apache.spark.sql.catalyst.plans.logical.AnalysisHelper.$anonfun$resolveOperatorsUpWithPruning$3(AnalysisHelper.scala:138)
[2025-07-03T17:12:43.172+0000] {spark_submit.py:579} INFO - at org.apache.spark.sql.catalyst.trees.CurrentOrigin$.withOrigin(origin.scala:76)
[2025-07-03T17:12:43.172+0000] {spark_submit.py:579} INFO - at org.apache.spark.sql.catalyst.plans.logical.AnalysisHelper.$anonfun$resolveOperatorsUpWithPruning$1(AnalysisHelper.scala:138)
[2025-07-03T17:12:43.173+0000] {spark_submit.py:579} INFO - at org.apache.spark.sql.catalyst.plans.logical.AnalysisHelper$.allowInvokingTransformsInAnalyzer(AnalysisHelper.scala:323)
[2025-07-03T17:12:43.173+0000] {spark_submit.py:579} INFO - at org.apache.spark.sql.catalyst.plans.logical.AnalysisHelper.resolveOperatorsUpWithPruning(AnalysisHelper.scala:134)
[2025-07-03T17:12:43.174+0000] {spark_submit.py:579} INFO - at org.apache.spark.sql.catalyst.plans.logical.AnalysisHelper.resolveOperatorsUpWithPruning$(AnalysisHelper.scala:130)
[2025-07-03T17:12:43.174+0000] {spark_submit.py:579} INFO - at org.apache.spark.sql.catalyst.plans.logical.LogicalPlan.resolveOperatorsUpWithPruning(LogicalPlan.scala:32)
[2025-07-03T17:12:43.175+0000] {spark_submit.py:579} INFO - at org.apache.spark.sql.catalyst.plans.logical.AnalysisHelper.resolveOperatorsUp(AnalysisHelper.scala:111)
[2025-07-03T17:12:43.175+0000] {spark_submit.py:579} INFO - at org.apache.spark.sql.catalyst.plans.logical.AnalysisHelper.resolveOperatorsUp$(AnalysisHelper.scala:110)
[2025-07-03T17:12:43.176+0000] {spark_submit.py:579} INFO - at org.apache.spark.sql.catalyst.plans.logical.LogicalPlan.resolveOperatorsUp(LogicalPlan.scala:32)
[2025-07-03T17:12:43.176+0000] {spark_submit.py:579} INFO - at org.apache.spark.sql.catalyst.analysis.ResolveSessionCatalog.apply(ResolveSessionCatalog.scala:52)
[2025-07-03T17:12:43.176+0000] {spark_submit.py:579} INFO - at org.apache.spark.sql.catalyst.analysis.ResolveSessionCatalog.apply(ResolveSessionCatalog.scala:46)
[2025-07-03T17:12:43.177+0000] {spark_submit.py:579} INFO - at org.apache.spark.sql.catalyst.rules.RuleExecutor.$anonfun$execute$2(RuleExecutor.scala:222)
[2025-07-03T17:12:43.177+0000] {spark_submit.py:579} INFO - at scala.collection.LinearSeqOptimized.foldLeft(LinearSeqOptimized.scala:126)
[2025-07-03T17:12:43.178+0000] {spark_submit.py:579} INFO - at scala.collection.LinearSeqOptimized.foldLeft$(LinearSeqOptimized.scala:122)
[2025-07-03T17:12:43.178+0000] {spark_submit.py:579} INFO - at scala.collection.immutable.List.foldLeft(List.scala:91)
[2025-07-03T17:12:43.179+0000] {spark_submit.py:579} INFO - at org.apache.spark.sql.catalyst.rules.RuleExecutor.$anonfun$execute$1(RuleExecutor.scala:219)
[2025-07-03T17:12:43.179+0000] {spark_submit.py:579} INFO - at org.apache.spark.sql.catalyst.rules.RuleExecutor.$anonfun$execute$1$adapted(RuleExecutor.scala:211)
[2025-07-03T17:12:43.180+0000] {spark_submit.py:579} INFO - at scala.collection.immutable.List.foreach(List.scala:431)
[2025-07-03T17:12:43.180+0000] {spark_submit.py:579} INFO - at org.apache.spark.sql.catalyst.rules.RuleExecutor.execute(RuleExecutor.scala:211)
[2025-07-03T17:12:43.180+0000] {spark_submit.py:579} INFO - at org.apache.spark.sql.catalyst.analysis.Analyzer.org$apache$spark$sql$catalyst$analysis$Analyzer$$executeSameContext(Analyzer.scala:240)
[2025-07-03T17:12:43.181+0000] {spark_submit.py:579} INFO - at org.apache.spark.sql.catalyst.analysis.Analyzer.$anonfun$execute$1(Analyzer.scala:236)
[2025-07-03T17:12:43.181+0000] {spark_submit.py:579} INFO - at org.apache.spark.sql.catalyst.analysis.AnalysisContext$.withNewAnalysisContext(Analyzer.scala:187)
[2025-07-03T17:12:43.182+0000] {spark_submit.py:579} INFO - at org.apache.spark.sql.catalyst.analysis.Analyzer.execute(Analyzer.scala:236)
[2025-07-03T17:12:43.182+0000] {spark_submit.py:579} INFO - at org.apache.spark.sql.catalyst.analysis.Analyzer.execute(Analyzer.scala:202)
[2025-07-03T17:12:43.183+0000] {spark_submit.py:579} INFO - at org.apache.spark.sql.catalyst.rules.RuleExecutor.$anonfun$executeAndTrack$1(RuleExecutor.scala:182)
[2025-07-03T17:12:43.183+0000] {spark_submit.py:579} INFO - at org.apache.spark.sql.catalyst.QueryPlanningTracker$.withTracker(QueryPlanningTracker.scala:89)
[2025-07-03T17:12:43.184+0000] {spark_submit.py:579} INFO - at org.apache.spark.sql.catalyst.rules.RuleExecutor.executeAndTrack(RuleExecutor.scala:182)
[2025-07-03T17:12:43.184+0000] {spark_submit.py:579} INFO - at org.apache.spark.sql.catalyst.analysis.Analyzer.$anonfun$executeAndCheck$1(Analyzer.scala:223)
[2025-07-03T17:12:43.184+0000] {spark_submit.py:579} INFO - at org.apache.spark.sql.catalyst.plans.logical.AnalysisHelper$.markInAnalyzer(AnalysisHelper.scala:330)
[2025-07-03T17:12:43.185+0000] {spark_submit.py:579} INFO - at org.apache.spark.sql.catalyst.analysis.Analyzer.executeAndCheck(Analyzer.scala:222)
[2025-07-03T17:12:43.185+0000] {spark_submit.py:579} INFO - at org.apache.spark.sql.execution.QueryExecution.$anonfun$analyzed$1(QueryExecution.scala:77)
[2025-07-03T17:12:43.186+0000] {spark_submit.py:579} INFO - at org.apache.spark.sql.catalyst.QueryPlanningTracker.measurePhase(QueryPlanningTracker.scala:138)
[2025-07-03T17:12:43.186+0000] {spark_submit.py:579} INFO - at org.apache.spark.sql.execution.QueryExecution.$anonfun$executePhase$2(QueryExecution.scala:219)
[2025-07-03T17:12:43.186+0000] {spark_submit.py:579} INFO - at org.apache.spark.sql.execution.QueryExecution$.withInternalError(QueryExecution.scala:546)
[2025-07-03T17:12:43.187+0000] {spark_submit.py:579} INFO - at org.apache.spark.sql.execution.QueryExecution.$anonfun$executePhase$1(QueryExecution.scala:219)
[2025-07-03T17:12:43.187+0000] {spark_submit.py:579} INFO - at org.apache.spark.sql.SparkSession.withActive(SparkSession.scala:900)
[2025-07-03T17:12:43.188+0000] {spark_submit.py:579} INFO - at org.apache.spark.sql.execution.QueryExecution.executePhase(QueryExecution.scala:218)
[2025-07-03T17:12:43.188+0000] {spark_submit.py:579} INFO - at org.apache.spark.sql.execution.QueryExecution.analyzed$lzycompute(QueryExecution.scala:77)
[2025-07-03T17:12:43.188+0000] {spark_submit.py:579} INFO - at org.apache.spark.sql.execution.QueryExecution.analyzed(QueryExecution.scala:74)
[2025-07-03T17:12:43.189+0000] {spark_submit.py:579} INFO - at org.apache.spark.sql.execution.QueryExecution.assertAnalyzed(QueryExecution.scala:66)
[2025-07-03T17:12:43.189+0000] {spark_submit.py:579} INFO - at org.apache.spark.sql.Dataset$.$anonfun$ofRows$2(Dataset.scala:99)
[2025-07-03T17:12:43.189+0000] {spark_submit.py:579} INFO - at org.apache.spark.sql.SparkSession.withActive(SparkSession.scala:900)
[2025-07-03T17:12:43.190+0000] {spark_submit.py:579} INFO - at org.apache.spark.sql.Dataset$.ofRows(Dataset.scala:97)
[2025-07-03T17:12:43.190+0000] {spark_submit.py:579} INFO - at org.apache.spark.sql.SparkSession.$anonfun$sql$1(SparkSession.scala:638)
[2025-07-03T17:12:43.191+0000] {spark_submit.py:579} INFO - at org.apache.spark.sql.SparkSession.withActive(SparkSession.scala:900)
[2025-07-03T17:12:43.191+0000] {spark_submit.py:579} INFO - at org.apache.spark.sql.SparkSession.sql(SparkSession.scala:629)
[2025-07-03T17:12:43.191+0000] {spark_submit.py:579} INFO - at org.apache.spark.sql.SparkSession.sql(SparkSession.scala:659)
[2025-07-03T17:12:43.192+0000] {spark_submit.py:579} INFO - at java.base/jdk.internal.reflect.NativeMethodAccessorImpl.invoke0(Native Method)
[2025-07-03T17:12:43.192+0000] {spark_submit.py:579} INFO - at java.base/jdk.internal.reflect.NativeMethodAccessorImpl.invoke(NativeMethodAccessorImpl.java:77)
[2025-07-03T17:12:43.193+0000] {spark_submit.py:579} INFO - at java.base/jdk.internal.reflect.DelegatingMethodAccessorImpl.invoke(DelegatingMethodAccessorImpl.java:43)
[2025-07-03T17:12:43.193+0000] {spark_submit.py:579} INFO - at java.base/java.lang.reflect.Method.invoke(Method.java:569)
[2025-07-03T17:12:43.194+0000] {spark_submit.py:579} INFO - at py4j.reflection.MethodInvoker.invoke(MethodInvoker.java:244)
[2025-07-03T17:12:43.194+0000] {spark_submit.py:579} INFO - at py4j.reflection.ReflectionEngine.invoke(ReflectionEngine.java:374)
[2025-07-03T17:12:43.195+0000] {spark_submit.py:579} INFO - at py4j.Gateway.invoke(Gateway.java:282)
[2025-07-03T17:12:43.195+0000] {spark_submit.py:579} INFO - at py4j.commands.AbstractCommand.invokeMethod(AbstractCommand.java:132)
[2025-07-03T17:12:43.195+0000] {spark_submit.py:579} INFO - at py4j.commands.CallCommand.execute(CallCommand.java:79)
[2025-07-03T17:12:43.196+0000] {spark_submit.py:579} INFO - at py4j.ClientServerConnection.waitForCommands(ClientServerConnection.java:182)
[2025-07-03T17:12:43.196+0000] {spark_submit.py:579} INFO - at py4j.ClientServerConnection.run(ClientServerConnection.java:106)
[2025-07-03T17:12:43.197+0000] {spark_submit.py:579} INFO - at java.base/java.lang.Thread.run(Thread.java:840)
[2025-07-03T17:12:43.197+0000] {spark_submit.py:579} INFO - 
[2025-07-03T17:12:43.198+0000] {spark_submit.py:579} INFO - 25/07/03 17:12:43 INFO SparkContext: SparkContext is stopping with exitCode 0.
[2025-07-03T17:12:43.198+0000] {spark_submit.py:579} INFO - 25/07/03 17:12:43 INFO SparkUI: Stopped Spark web UI at http://e0709f8eceeb:4040
[2025-07-03T17:12:43.199+0000] {spark_submit.py:579} INFO - 25/07/03 17:12:43 INFO StandaloneSchedulerBackend: Shutting down all executors
[2025-07-03T17:12:43.199+0000] {spark_submit.py:579} INFO - 25/07/03 17:12:43 INFO StandaloneSchedulerBackend$StandaloneDriverEndpoint: Asking each executor to shut down
[2025-07-03T17:12:43.233+0000] {spark_submit.py:579} INFO - 25/07/03 17:12:43 INFO MapOutputTrackerMasterEndpoint: MapOutputTrackerMasterEndpoint stopped!
[2025-07-03T17:12:43.386+0000] {spark_submit.py:579} INFO - 25/07/03 17:12:43 INFO MemoryStore: MemoryStore cleared
[2025-07-03T17:12:43.387+0000] {spark_submit.py:579} INFO - 25/07/03 17:12:43 INFO BlockManager: BlockManager stopped
[2025-07-03T17:12:43.392+0000] {spark_submit.py:579} INFO - 25/07/03 17:12:43 INFO BlockManagerMaster: BlockManagerMaster stopped
[2025-07-03T17:12:43.395+0000] {spark_submit.py:579} INFO - 25/07/03 17:12:43 INFO OutputCommitCoordinator$OutputCommitCoordinatorEndpoint: OutputCommitCoordinator stopped!
[2025-07-03T17:12:43.405+0000] {spark_submit.py:579} INFO - 25/07/03 17:12:43 INFO SparkContext: Successfully stopped SparkContext
[2025-07-03T17:12:43.798+0000] {spark_submit.py:579} INFO - âŒ Erro: An error occurred while calling o25.sql.
[2025-07-03T17:12:43.799+0000] {spark_submit.py:579} INFO - : org.apache.spark.SparkException: [INTERNAL_ERROR] Undefined error message parameter for error class: '_LEGACY_ERROR_TEMP_1055'. Parameters: Map(database -> nessie.exercises)
[2025-07-03T17:12:43.800+0000] {spark_submit.py:579} INFO - at org.apache.spark.SparkException$.internalError(SparkException.scala:92)
[2025-07-03T17:12:43.800+0000] {spark_submit.py:579} INFO - at org.apache.spark.SparkException$.internalError(SparkException.scala:96)
[2025-07-03T17:12:43.801+0000] {spark_submit.py:579} INFO - at org.apache.spark.ErrorClassesJsonReader.getErrorMessage(ErrorClassesJSONReader.scala:56)
[2025-07-03T17:12:43.802+0000] {spark_submit.py:579} INFO - at org.apache.spark.SparkThrowableHelper$.getMessage(SparkThrowableHelper.scala:53)
[2025-07-03T17:12:43.803+0000] {spark_submit.py:579} INFO - at org.apache.spark.SparkThrowableHelper$.getMessage(SparkThrowableHelper.scala:40)
[2025-07-03T17:12:43.803+0000] {spark_submit.py:579} INFO - at org.apache.spark.sql.AnalysisException.<init>(AnalysisException.scala:47)
[2025-07-03T17:12:43.804+0000] {spark_submit.py:579} INFO - at org.apache.spark.sql.AnalysisException.<init>(AnalysisException.scala:70)
[2025-07-03T17:12:43.805+0000] {spark_submit.py:579} INFO - at org.apache.spark.sql.errors.QueryCompilationErrors$.invalidDatabaseNameError(QueryCompilationErrors.scala:875)
[2025-07-03T17:12:43.805+0000] {spark_submit.py:579} INFO - at org.apache.spark.sql.catalyst.analysis.ResolveSessionCatalog$DatabaseNameInSessionCatalog$.unapply(ResolveSessionCatalog.scala:691)
[2025-07-03T17:12:43.806+0000] {spark_submit.py:579} INFO - at org.apache.spark.sql.catalyst.analysis.ResolveSessionCatalog$$anonfun$apply$1.applyOrElse(ResolveSessionCatalog.scala:235)
[2025-07-03T17:12:43.806+0000] {spark_submit.py:579} INFO - at org.apache.spark.sql.catalyst.analysis.ResolveSessionCatalog$$anonfun$apply$1.applyOrElse(ResolveSessionCatalog.scala:52)
[2025-07-03T17:12:43.807+0000] {spark_submit.py:579} INFO - at org.apache.spark.sql.catalyst.plans.logical.AnalysisHelper.$anonfun$resolveOperatorsUpWithPruning$3(AnalysisHelper.scala:138)
[2025-07-03T17:12:43.808+0000] {spark_submit.py:579} INFO - at org.apache.spark.sql.catalyst.trees.CurrentOrigin$.withOrigin(origin.scala:76)
[2025-07-03T17:12:43.809+0000] {spark_submit.py:579} INFO - at org.apache.spark.sql.catalyst.plans.logical.AnalysisHelper.$anonfun$resolveOperatorsUpWithPruning$1(AnalysisHelper.scala:138)
[2025-07-03T17:12:43.809+0000] {spark_submit.py:579} INFO - at org.apache.spark.sql.catalyst.plans.logical.AnalysisHelper$.allowInvokingTransformsInAnalyzer(AnalysisHelper.scala:323)
[2025-07-03T17:12:43.810+0000] {spark_submit.py:579} INFO - at org.apache.spark.sql.catalyst.plans.logical.AnalysisHelper.resolveOperatorsUpWithPruning(AnalysisHelper.scala:134)
[2025-07-03T17:12:43.811+0000] {spark_submit.py:579} INFO - at org.apache.spark.sql.catalyst.plans.logical.AnalysisHelper.resolveOperatorsUpWithPruning$(AnalysisHelper.scala:130)
[2025-07-03T17:12:43.812+0000] {spark_submit.py:579} INFO - at org.apache.spark.sql.catalyst.plans.logical.LogicalPlan.resolveOperatorsUpWithPruning(LogicalPlan.scala:32)
[2025-07-03T17:12:43.812+0000] {spark_submit.py:579} INFO - at org.apache.spark.sql.catalyst.plans.logical.AnalysisHelper.resolveOperatorsUp(AnalysisHelper.scala:111)
[2025-07-03T17:12:43.813+0000] {spark_submit.py:579} INFO - at org.apache.spark.sql.catalyst.plans.logical.AnalysisHelper.resolveOperatorsUp$(AnalysisHelper.scala:110)
[2025-07-03T17:12:43.814+0000] {spark_submit.py:579} INFO - at org.apache.spark.sql.catalyst.plans.logical.LogicalPlan.resolveOperatorsUp(LogicalPlan.scala:32)
[2025-07-03T17:12:43.815+0000] {spark_submit.py:579} INFO - at org.apache.spark.sql.catalyst.analysis.ResolveSessionCatalog.apply(ResolveSessionCatalog.scala:52)
[2025-07-03T17:12:43.815+0000] {spark_submit.py:579} INFO - at org.apache.spark.sql.catalyst.analysis.ResolveSessionCatalog.apply(ResolveSessionCatalog.scala:46)
[2025-07-03T17:12:43.816+0000] {spark_submit.py:579} INFO - at org.apache.spark.sql.catalyst.rules.RuleExecutor.$anonfun$execute$2(RuleExecutor.scala:222)
[2025-07-03T17:12:43.817+0000] {spark_submit.py:579} INFO - at scala.collection.LinearSeqOptimized.foldLeft(LinearSeqOptimized.scala:126)
[2025-07-03T17:12:43.818+0000] {spark_submit.py:579} INFO - at scala.collection.LinearSeqOptimized.foldLeft$(LinearSeqOptimized.scala:122)
[2025-07-03T17:12:43.818+0000] {spark_submit.py:579} INFO - at scala.collection.immutable.List.foldLeft(List.scala:91)
[2025-07-03T17:12:43.819+0000] {spark_submit.py:579} INFO - at org.apache.spark.sql.catalyst.rules.RuleExecutor.$anonfun$execute$1(RuleExecutor.scala:219)
[2025-07-03T17:12:43.820+0000] {spark_submit.py:579} INFO - at org.apache.spark.sql.catalyst.rules.RuleExecutor.$anonfun$execute$1$adapted(RuleExecutor.scala:211)
[2025-07-03T17:12:43.821+0000] {spark_submit.py:579} INFO - at scala.collection.immutable.List.foreach(List.scala:431)
[2025-07-03T17:12:43.821+0000] {spark_submit.py:579} INFO - at org.apache.spark.sql.catalyst.rules.RuleExecutor.execute(RuleExecutor.scala:211)
[2025-07-03T17:12:43.822+0000] {spark_submit.py:579} INFO - at org.apache.spark.sql.catalyst.analysis.Analyzer.org$apache$spark$sql$catalyst$analysis$Analyzer$$executeSameContext(Analyzer.scala:240)
[2025-07-03T17:12:43.823+0000] {spark_submit.py:579} INFO - at org.apache.spark.sql.catalyst.analysis.Analyzer.$anonfun$execute$1(Analyzer.scala:236)
[2025-07-03T17:12:43.823+0000] {spark_submit.py:579} INFO - at org.apache.spark.sql.catalyst.analysis.AnalysisContext$.withNewAnalysisContext(Analyzer.scala:187)
[2025-07-03T17:12:43.824+0000] {spark_submit.py:579} INFO - at org.apache.spark.sql.catalyst.analysis.Analyzer.execute(Analyzer.scala:236)
[2025-07-03T17:12:43.824+0000] {spark_submit.py:579} INFO - at org.apache.spark.sql.catalyst.analysis.Analyzer.execute(Analyzer.scala:202)
[2025-07-03T17:12:43.825+0000] {spark_submit.py:579} INFO - at org.apache.spark.sql.catalyst.rules.RuleExecutor.$anonfun$executeAndTrack$1(RuleExecutor.scala:182)
[2025-07-03T17:12:43.826+0000] {spark_submit.py:579} INFO - at org.apache.spark.sql.catalyst.QueryPlanningTracker$.withTracker(QueryPlanningTracker.scala:89)
[2025-07-03T17:12:43.826+0000] {spark_submit.py:579} INFO - at org.apache.spark.sql.catalyst.rules.RuleExecutor.executeAndTrack(RuleExecutor.scala:182)
[2025-07-03T17:12:43.827+0000] {spark_submit.py:579} INFO - at org.apache.spark.sql.catalyst.analysis.Analyzer.$anonfun$executeAndCheck$1(Analyzer.scala:223)
[2025-07-03T17:12:43.827+0000] {spark_submit.py:579} INFO - at org.apache.spark.sql.catalyst.plans.logical.AnalysisHelper$.markInAnalyzer(AnalysisHelper.scala:330)
[2025-07-03T17:12:43.828+0000] {spark_submit.py:579} INFO - at org.apache.spark.sql.catalyst.analysis.Analyzer.executeAndCheck(Analyzer.scala:222)
[2025-07-03T17:12:43.829+0000] {spark_submit.py:579} INFO - at org.apache.spark.sql.execution.QueryExecution.$anonfun$analyzed$1(QueryExecution.scala:77)
[2025-07-03T17:12:43.829+0000] {spark_submit.py:579} INFO - at org.apache.spark.sql.catalyst.QueryPlanningTracker.measurePhase(QueryPlanningTracker.scala:138)
[2025-07-03T17:12:43.830+0000] {spark_submit.py:579} INFO - at org.apache.spark.sql.execution.QueryExecution.$anonfun$executePhase$2(QueryExecution.scala:219)
[2025-07-03T17:12:43.830+0000] {spark_submit.py:579} INFO - at org.apache.spark.sql.execution.QueryExecution$.withInternalError(QueryExecution.scala:546)
[2025-07-03T17:12:43.831+0000] {spark_submit.py:579} INFO - at org.apache.spark.sql.execution.QueryExecution.$anonfun$executePhase$1(QueryExecution.scala:219)
[2025-07-03T17:12:43.831+0000] {spark_submit.py:579} INFO - at org.apache.spark.sql.SparkSession.withActive(SparkSession.scala:900)
[2025-07-03T17:12:43.832+0000] {spark_submit.py:579} INFO - at org.apache.spark.sql.execution.QueryExecution.executePhase(QueryExecution.scala:218)
[2025-07-03T17:12:43.832+0000] {spark_submit.py:579} INFO - at org.apache.spark.sql.execution.QueryExecution.analyzed$lzycompute(QueryExecution.scala:77)
[2025-07-03T17:12:43.833+0000] {spark_submit.py:579} INFO - at org.apache.spark.sql.execution.QueryExecution.analyzed(QueryExecution.scala:74)
[2025-07-03T17:12:43.833+0000] {spark_submit.py:579} INFO - at org.apache.spark.sql.execution.QueryExecution.assertAnalyzed(QueryExecution.scala:66)
[2025-07-03T17:12:43.834+0000] {spark_submit.py:579} INFO - at org.apache.spark.sql.Dataset$.$anonfun$ofRows$2(Dataset.scala:99)
[2025-07-03T17:12:43.834+0000] {spark_submit.py:579} INFO - at org.apache.spark.sql.SparkSession.withActive(SparkSession.scala:900)
[2025-07-03T17:12:43.835+0000] {spark_submit.py:579} INFO - at org.apache.spark.sql.Dataset$.ofRows(Dataset.scala:97)
[2025-07-03T17:12:43.836+0000] {spark_submit.py:579} INFO - at org.apache.spark.sql.SparkSession.$anonfun$sql$1(SparkSession.scala:638)
[2025-07-03T17:12:43.836+0000] {spark_submit.py:579} INFO - at org.apache.spark.sql.SparkSession.withActive(SparkSession.scala:900)
[2025-07-03T17:12:43.837+0000] {spark_submit.py:579} INFO - at org.apache.spark.sql.SparkSession.sql(SparkSession.scala:629)
[2025-07-03T17:12:43.837+0000] {spark_submit.py:579} INFO - at org.apache.spark.sql.SparkSession.sql(SparkSession.scala:659)
[2025-07-03T17:12:43.838+0000] {spark_submit.py:579} INFO - at java.base/jdk.internal.reflect.NativeMethodAccessorImpl.invoke0(Native Method)
[2025-07-03T17:12:43.838+0000] {spark_submit.py:579} INFO - at java.base/jdk.internal.reflect.NativeMethodAccessorImpl.invoke(NativeMethodAccessorImpl.java:77)
[2025-07-03T17:12:43.839+0000] {spark_submit.py:579} INFO - at java.base/jdk.internal.reflect.DelegatingMethodAccessorImpl.invoke(DelegatingMethodAccessorImpl.java:43)
[2025-07-03T17:12:43.839+0000] {spark_submit.py:579} INFO - at java.base/java.lang.reflect.Method.invoke(Method.java:569)
[2025-07-03T17:12:43.840+0000] {spark_submit.py:579} INFO - at py4j.reflection.MethodInvoker.invoke(MethodInvoker.java:244)
[2025-07-03T17:12:43.841+0000] {spark_submit.py:579} INFO - at py4j.reflection.ReflectionEngine.invoke(ReflectionEngine.java:374)
[2025-07-03T17:12:43.841+0000] {spark_submit.py:579} INFO - at py4j.Gateway.invoke(Gateway.java:282)
[2025-07-03T17:12:43.842+0000] {spark_submit.py:579} INFO - at py4j.commands.AbstractCommand.invokeMethod(AbstractCommand.java:132)
[2025-07-03T17:12:43.842+0000] {spark_submit.py:579} INFO - at py4j.commands.CallCommand.execute(CallCommand.java:79)
[2025-07-03T17:12:43.843+0000] {spark_submit.py:579} INFO - at py4j.ClientServerConnection.waitForCommands(ClientServerConnection.java:182)
[2025-07-03T17:12:43.844+0000] {spark_submit.py:579} INFO - at py4j.ClientServerConnection.run(ClientServerConnection.java:106)
[2025-07-03T17:12:43.844+0000] {spark_submit.py:579} INFO - at java.base/java.lang.Thread.run(Thread.java:840)
[2025-07-03T17:12:43.845+0000] {spark_submit.py:579} INFO - 
[2025-07-03T17:12:43.909+0000] {spark_submit.py:579} INFO - 25/07/03 17:12:43 INFO ShutdownHookManager: Shutdown hook called
[2025-07-03T17:12:43.909+0000] {spark_submit.py:579} INFO - 25/07/03 17:12:43 INFO ShutdownHookManager: Deleting directory /tmp/spark-73c6e124-dc80-4933-b6d6-e3550c61b291/pyspark-dc0e769b-9a26-4db8-8aa0-3dff1fa423ed
[2025-07-03T17:12:43.914+0000] {spark_submit.py:579} INFO - 25/07/03 17:12:43 INFO ShutdownHookManager: Deleting directory /tmp/spark-73c6e124-dc80-4933-b6d6-e3550c61b291
[2025-07-03T17:12:43.919+0000] {spark_submit.py:579} INFO - 25/07/03 17:12:43 INFO ShutdownHookManager: Deleting directory /tmp/spark-4bdb1100-df54-4b15-85a3-7bc25beed4e3
[2025-07-03T17:12:43.990+0000] {taskinstance.py:3336} ERROR - Task failed with exception
Traceback (most recent call last):
  File "/home/airflow/.local/lib/python3.12/site-packages/airflow/models/taskinstance.py", line 776, in _execute_task
    result = _execute_callable(context=context, **execute_callable_kwargs)
             ^^^^^^^^^^^^^^^^^^^^^^^^^^^^^^^^^^^^^^^^^^^^^^^^^^^^^^^^^^^^^
  File "/home/airflow/.local/lib/python3.12/site-packages/airflow/models/taskinstance.py", line 742, in _execute_callable
    return ExecutionCallableRunner(
           ^^^^^^^^^^^^^^^^^^^^^^^^
  File "/home/airflow/.local/lib/python3.12/site-packages/airflow/utils/operator_helpers.py", line 252, in run
    return self.func(*args, **kwargs)
           ^^^^^^^^^^^^^^^^^^^^^^^^^^
  File "/home/airflow/.local/lib/python3.12/site-packages/airflow/models/baseoperator.py", line 424, in wrapper
    return func(self, *args, **kwargs)
           ^^^^^^^^^^^^^^^^^^^^^^^^^^^
  File "/home/airflow/.local/lib/python3.12/site-packages/airflow/providers/apache/spark/operators/spark_submit.py", line 174, in execute
    self._hook.submit(self.application)
  File "/home/airflow/.local/lib/python3.12/site-packages/airflow/providers/apache/spark/hooks/spark_submit.py", line 505, in submit
    raise AirflowException(
airflow.exceptions.AirflowException: Cannot execute: spark-submit --master spark://spark-master:7077 --jars /opt/bitnami/spark/jars/iceberg-spark-runtime-3.5_2.12-1.8.1.jar,/opt/bitnami/spark/jars/nessie-spark-extensions-3.5_2.12-0.103.2.jar,/opt/bitnami/spark/jars/nessie-client-0.103.2.jar,/opt/bitnami/spark/jars/hadoop-aws-3.3.2.jar,/opt/bitnami/spark/jars/aws-java-sdk-bundle-1.12.262.jar, --name arrow-spark --deploy-mode client /opt/bitnami/spark/jobs/process_exercises_job.py {"id": "CA-LESTE-construtiva-1DE-2025-07-03", "manifest_entry": {"data": {"createdAt": "2025-07-03T17:09:15.637Z", "origin": "CA-LESTE", "path": "exercises/CA-LESTE-construtiva-1DE-2025-07-03"}, "id": "CA-LESTE-construtiva-1DE-2025-07-03"}, "metadata": {"createdAt": "2025-07-03T17:09:15.637Z", "description": "1DE", "documents": [{"description": "", "id": "1751562705430", "mimetype": "application/pdf", "name": "Op Jacui IV - Ordem de Operacoes.pdf", "path": "exercises/CA-LESTE-construtiva-1DE-2025-07-03/documents/Op Jacui IV - Ordem de Operacoes.pdf", "size": 336744, "uploadedAt": "2025-07-03T17:11:45.430Z"}], "endDate": "2025-07-05", "id": "CA-LESTE-construtiva-1DE-2025-07-03", "name": "Jogo de Guerra", "origin": "CA-LESTE", "simulationType": "construtiva", "simulations": [{"id": "172.19.0.5_2025-07-03", "movedAt": "2025-07-03T17:11:53.937Z", "name": "172.19.0.5_2025-07-03", "originalPath": "staging/172.19.0.5_2025-07-03", "path": "exercises/CA-LESTE-construtiva-1DE-2025-07-03/simulations/172.19.0.5_2025-07-03"}], "startDate": "2025-07-03", "trainedForce": "1 Divis\u00e3o de Ex\u00e9rcito", "updatedAt": "2025-07-03T17:11:53.937Z", "wikiUrl": ""}}. Error code is: 1.
[2025-07-03T17:12:44.033+0000] {taskinstance.py:1242} INFO - Marking task as FAILED. dag_id=process_exercises, task_id=process_exercises, run_id=manual__2025-07-03T17:12:07.720988+00:00, execution_date=20250703T171207, start_date=20250703T171216, end_date=20250703T171244
[2025-07-03T17:12:44.272+0000] {taskinstance.py:349} INFO - ::group::Post task execution logs
[2025-07-03T17:12:44.275+0000] {standard_task_runner.py:124} ERROR - Failed to execute job 117 for task process_exercises (Cannot execute: spark-submit --master spark://spark-master:7077 --jars /opt/bitnami/spark/jars/iceberg-spark-runtime-3.5_2.12-1.8.1.jar,/opt/bitnami/spark/jars/nessie-spark-extensions-3.5_2.12-0.103.2.jar,/opt/bitnami/spark/jars/nessie-client-0.103.2.jar,/opt/bitnami/spark/jars/hadoop-aws-3.3.2.jar,/opt/bitnami/spark/jars/aws-java-sdk-bundle-1.12.262.jar, --name arrow-spark --deploy-mode client /opt/bitnami/spark/jobs/process_exercises_job.py {"id": "CA-LESTE-construtiva-1DE-2025-07-03", "manifest_entry": {"data": {"createdAt": "2025-07-03T17:09:15.637Z", "origin": "CA-LESTE", "path": "exercises/CA-LESTE-construtiva-1DE-2025-07-03"}, "id": "CA-LESTE-construtiva-1DE-2025-07-03"}, "metadata": {"createdAt": "2025-07-03T17:09:15.637Z", "description": "1DE", "documents": [{"description": "", "id": "1751562705430", "mimetype": "application/pdf", "name": "Op Jacui IV - Ordem de Operacoes.pdf", "path": "exercises/CA-LESTE-construtiva-1DE-2025-07-03/documents/Op Jacui IV - Ordem de Operacoes.pdf", "size": 336744, "uploadedAt": "2025-07-03T17:11:45.430Z"}], "endDate": "2025-07-05", "id": "CA-LESTE-construtiva-1DE-2025-07-03", "name": "Jogo de Guerra", "origin": "CA-LESTE", "simulationType": "construtiva", "simulations": [{"id": "172.19.0.5_2025-07-03", "movedAt": "2025-07-03T17:11:53.937Z", "name": "172.19.0.5_2025-07-03", "originalPath": "staging/172.19.0.5_2025-07-03", "path": "exercises/CA-LESTE-construtiva-1DE-2025-07-03/simulations/172.19.0.5_2025-07-03"}], "startDate": "2025-07-03", "trainedForce": "1 Divis\u00e3o de Ex\u00e9rcito", "updatedAt": "2025-07-03T17:11:53.937Z", "wikiUrl": ""}}. Error code is: 1.; 431)
Traceback (most recent call last):
  File "/home/airflow/.local/lib/python3.12/site-packages/airflow/task/task_runner/standard_task_runner.py", line 117, in _start_by_fork
    ret = args.func(args, dag=self.dag)
          ^^^^^^^^^^^^^^^^^^^^^^^^^^^^^
  File "/home/airflow/.local/lib/python3.12/site-packages/airflow/cli/cli_config.py", line 49, in command
    return func(*args, **kwargs)
           ^^^^^^^^^^^^^^^^^^^^^
  File "/home/airflow/.local/lib/python3.12/site-packages/airflow/utils/cli.py", line 116, in wrapper
    return f(*args, **kwargs)
           ^^^^^^^^^^^^^^^^^^
  File "/home/airflow/.local/lib/python3.12/site-packages/airflow/cli/commands/task_command.py", line 483, in task_run
    task_return_code = _run_task_by_selected_method(args, _dag, ti)
                       ^^^^^^^^^^^^^^^^^^^^^^^^^^^^^^^^^^^^^^^^^^^^
  File "/home/airflow/.local/lib/python3.12/site-packages/airflow/cli/commands/task_command.py", line 256, in _run_task_by_selected_method
    return _run_raw_task(args, ti)
           ^^^^^^^^^^^^^^^^^^^^^^^
  File "/home/airflow/.local/lib/python3.12/site-packages/airflow/cli/commands/task_command.py", line 341, in _run_raw_task
    return ti._run_raw_task(
           ^^^^^^^^^^^^^^^^^
  File "/home/airflow/.local/lib/python3.12/site-packages/airflow/utils/session.py", line 97, in wrapper
    return func(*args, session=session, **kwargs)
           ^^^^^^^^^^^^^^^^^^^^^^^^^^^^^^^^^^^^^^
  File "/home/airflow/.local/lib/python3.12/site-packages/airflow/models/taskinstance.py", line 3029, in _run_raw_task
    return _run_raw_task(
           ^^^^^^^^^^^^^^
  File "/home/airflow/.local/lib/python3.12/site-packages/airflow/models/taskinstance.py", line 282, in _run_raw_task
    TaskInstance._execute_task_with_callbacks(
  File "/home/airflow/.local/lib/python3.12/site-packages/airflow/models/taskinstance.py", line 3184, in _execute_task_with_callbacks
    result = self._execute_task(context, task_orig)
             ^^^^^^^^^^^^^^^^^^^^^^^^^^^^^^^^^^^^^^
  File "/home/airflow/.local/lib/python3.12/site-packages/airflow/models/taskinstance.py", line 3208, in _execute_task
    return _execute_task(self, context, task_orig)
           ^^^^^^^^^^^^^^^^^^^^^^^^^^^^^^^^^^^^^^^
  File "/home/airflow/.local/lib/python3.12/site-packages/airflow/models/taskinstance.py", line 776, in _execute_task
    result = _execute_callable(context=context, **execute_callable_kwargs)
             ^^^^^^^^^^^^^^^^^^^^^^^^^^^^^^^^^^^^^^^^^^^^^^^^^^^^^^^^^^^^^
  File "/home/airflow/.local/lib/python3.12/site-packages/airflow/models/taskinstance.py", line 742, in _execute_callable
    return ExecutionCallableRunner(
           ^^^^^^^^^^^^^^^^^^^^^^^^
  File "/home/airflow/.local/lib/python3.12/site-packages/airflow/utils/operator_helpers.py", line 252, in run
    return self.func(*args, **kwargs)
           ^^^^^^^^^^^^^^^^^^^^^^^^^^
  File "/home/airflow/.local/lib/python3.12/site-packages/airflow/models/baseoperator.py", line 424, in wrapper
    return func(self, *args, **kwargs)
           ^^^^^^^^^^^^^^^^^^^^^^^^^^^
  File "/home/airflow/.local/lib/python3.12/site-packages/airflow/providers/apache/spark/operators/spark_submit.py", line 174, in execute
    self._hook.submit(self.application)
  File "/home/airflow/.local/lib/python3.12/site-packages/airflow/providers/apache/spark/hooks/spark_submit.py", line 505, in submit
    raise AirflowException(
airflow.exceptions.AirflowException: Cannot execute: spark-submit --master spark://spark-master:7077 --jars /opt/bitnami/spark/jars/iceberg-spark-runtime-3.5_2.12-1.8.1.jar,/opt/bitnami/spark/jars/nessie-spark-extensions-3.5_2.12-0.103.2.jar,/opt/bitnami/spark/jars/nessie-client-0.103.2.jar,/opt/bitnami/spark/jars/hadoop-aws-3.3.2.jar,/opt/bitnami/spark/jars/aws-java-sdk-bundle-1.12.262.jar, --name arrow-spark --deploy-mode client /opt/bitnami/spark/jobs/process_exercises_job.py {"id": "CA-LESTE-construtiva-1DE-2025-07-03", "manifest_entry": {"data": {"createdAt": "2025-07-03T17:09:15.637Z", "origin": "CA-LESTE", "path": "exercises/CA-LESTE-construtiva-1DE-2025-07-03"}, "id": "CA-LESTE-construtiva-1DE-2025-07-03"}, "metadata": {"createdAt": "2025-07-03T17:09:15.637Z", "description": "1DE", "documents": [{"description": "", "id": "1751562705430", "mimetype": "application/pdf", "name": "Op Jacui IV - Ordem de Operacoes.pdf", "path": "exercises/CA-LESTE-construtiva-1DE-2025-07-03/documents/Op Jacui IV - Ordem de Operacoes.pdf", "size": 336744, "uploadedAt": "2025-07-03T17:11:45.430Z"}], "endDate": "2025-07-05", "id": "CA-LESTE-construtiva-1DE-2025-07-03", "name": "Jogo de Guerra", "origin": "CA-LESTE", "simulationType": "construtiva", "simulations": [{"id": "172.19.0.5_2025-07-03", "movedAt": "2025-07-03T17:11:53.937Z", "name": "172.19.0.5_2025-07-03", "originalPath": "staging/172.19.0.5_2025-07-03", "path": "exercises/CA-LESTE-construtiva-1DE-2025-07-03/simulations/172.19.0.5_2025-07-03"}], "startDate": "2025-07-03", "trainedForce": "1 Divis\u00e3o de Ex\u00e9rcito", "updatedAt": "2025-07-03T17:11:53.937Z", "wikiUrl": ""}}. Error code is: 1.
[2025-07-03T17:12:44.399+0000] {local_task_job_runner.py:266} INFO - Task exited with return code 1
[2025-07-03T17:12:44.454+0000] {taskinstance.py:3924} INFO - 0 downstream tasks scheduled from follow-on schedule check
[2025-07-03T17:12:44.529+0000] {local_task_job_runner.py:245} INFO - ::endgroup::
