[2025-07-03T17:24:52.088+0000] {local_task_job_runner.py:123} INFO - ::group::Pre task execution logs
[2025-07-03T17:24:52.145+0000] {taskinstance.py:2631} INFO - Dependencies all met for dep_context=non-requeueable deps ti=<TaskInstance: process_exercises.process_exercises manual__2025-07-03T17:24:46.604860+00:00 [queued]>
[2025-07-03T17:24:52.159+0000] {taskinstance.py:2631} INFO - Dependencies all met for dep_context=requeueable deps ti=<TaskInstance: process_exercises.process_exercises manual__2025-07-03T17:24:46.604860+00:00 [queued]>
[2025-07-03T17:24:52.160+0000] {taskinstance.py:2884} INFO - Starting attempt 1 of 1
[2025-07-03T17:24:52.218+0000] {taskinstance.py:2907} INFO - Executing <Task(SparkSubmitOperator): process_exercises> on 2025-07-03 17:24:46.604860+00:00
[2025-07-03T17:24:52.228+0000] {logging_mixin.py:190} WARNING - /home/airflow/.local/lib/python3.12/site-packages/airflow/task/task_runner/standard_task_runner.py:70 DeprecationWarning: This process (pid=812) is multi-threaded, use of fork() may lead to deadlocks in the child.
[2025-07-03T17:24:52.230+0000] {standard_task_runner.py:72} INFO - Started process 818 to run task
[2025-07-03T17:24:52.229+0000] {standard_task_runner.py:104} INFO - Running: ['airflow', 'tasks', 'run', 'process_exercises', 'process_exercises', 'manual__2025-07-03T17:24:46.604860+00:00', '--job-id', '121', '--raw', '--subdir', 'DAGS_FOLDER/process_exercises.py', '--cfg-path', '/tmp/tmp7igxy76m']
[2025-07-03T17:24:52.233+0000] {standard_task_runner.py:105} INFO - Job 121: Subtask process_exercises
[2025-07-03T17:24:52.458+0000] {task_command.py:467} INFO - Running <TaskInstance: process_exercises.process_exercises manual__2025-07-03T17:24:46.604860+00:00 [running]> on host e0709f8eceeb
[2025-07-03T17:24:52.736+0000] {taskinstance.py:3157} INFO - Exporting env vars: AIRFLOW_CTX_DAG_OWNER='airflow' AIRFLOW_CTX_DAG_ID='process_exercises' AIRFLOW_CTX_TASK_ID='process_exercises' AIRFLOW_CTX_EXECUTION_DATE='2025-07-03T17:24:46.604860+00:00' AIRFLOW_CTX_TRY_NUMBER='1' AIRFLOW_CTX_DAG_RUN_ID='manual__2025-07-03T17:24:46.604860+00:00'
[2025-07-03T17:24:52.737+0000] {taskinstance.py:740} INFO - ::endgroup::
[2025-07-03T17:24:52.777+0000] {base.py:84} INFO - Retrieving connection 'spark-ebsim'
[2025-07-03T17:24:52.786+0000] {spark_submit.py:403} INFO - Spark-Submit cmd: spark-submit --master spark://spark-master:7077 --jars /opt/bitnami/spark/jars/iceberg-spark-runtime-3.5_2.12-1.8.1.jar,/opt/bitnami/spark/jars/nessie-spark-extensions-3.5_2.12-0.103.2.jar,/opt/bitnami/spark/jars/nessie-client-0.103.2.jar,/opt/bitnami/spark/jars/hadoop-aws-3.3.2.jar,/opt/bitnami/spark/jars/aws-java-sdk-bundle-1.12.262.jar, --name arrow-spark --deploy-mode client /opt/bitnami/spark/jobs/process_exercises_job.py {"id": "CA-LESTE-construtiva-1DE-2025-07-03", "manifest_entry": {"data": {"createdAt": "2025-07-03T17:09:15.637Z", "origin": "CA-LESTE", "path": "exercises/CA-LESTE-construtiva-1DE-2025-07-03"}, "id": "CA-LESTE-construtiva-1DE-2025-07-03"}, "metadata": {"createdAt": "2025-07-03T17:09:15.637Z", "description": "1DE", "documents": [{"description": "", "id": "1751562705430", "mimetype": "application/pdf", "name": "Op Jacui IV - Ordem de Operacoes.pdf", "path": "exercises/CA-LESTE-construtiva-1DE-2025-07-03/documents/Op Jacui IV - Ordem de Operacoes.pdf", "size": 336744, "uploadedAt": "2025-07-03T17:11:45.430Z"}], "endDate": "2025-07-05", "id": "CA-LESTE-construtiva-1DE-2025-07-03", "name": "Jogo de Guerra", "origin": "CA-LESTE", "simulationType": "construtiva", "simulations": [{"id": "172.19.0.5_2025-07-03", "movedAt": "2025-07-03T17:11:53.937Z", "name": "172.19.0.5_2025-07-03", "originalPath": "staging/172.19.0.5_2025-07-03", "path": "exercises/CA-LESTE-construtiva-1DE-2025-07-03/simulations/172.19.0.5_2025-07-03"}], "startDate": "2025-07-03", "trainedForce": "1 Divis\u00e3o de Ex\u00e9rcito", "updatedAt": "2025-07-03T17:11:53.937Z", "wikiUrl": ""}}
[2025-07-03T17:24:55.176+0000] {spark_submit.py:579} INFO - 25/07/03 17:24:55 WARN NativeCodeLoader: Unable to load native-hadoop library for your platform... using builtin-java classes where applicable
[2025-07-03T17:24:56.916+0000] {spark_submit.py:579} INFO - ðŸš€ PROCESSAMENTO DE EXERCÃCIOS INICIADO
[2025-07-03T17:24:56.916+0000] {spark_submit.py:579} INFO - ðŸ“‹ Processando exercÃ­cio: CA-LESTE-construtiva-1DE-2025-07-03
[2025-07-03T17:24:56.917+0000] {spark_submit.py:579} INFO - âš™ï¸ Configurando Spark...
[2025-07-03T17:24:57.492+0000] {spark_submit.py:579} INFO - 25/07/03 17:24:57 INFO SparkContext: Running Spark version 3.5.5
[2025-07-03T17:24:57.493+0000] {spark_submit.py:579} INFO - 25/07/03 17:24:57 INFO SparkContext: OS info Linux, 5.15.167.4-microsoft-standard-WSL2, amd64
[2025-07-03T17:24:57.493+0000] {spark_submit.py:579} INFO - 25/07/03 17:24:57 INFO SparkContext: Java version 17.0.15
[2025-07-03T17:24:57.551+0000] {spark_submit.py:579} INFO - 25/07/03 17:24:57 INFO ResourceUtils: ==============================================================
[2025-07-03T17:24:57.552+0000] {spark_submit.py:579} INFO - 25/07/03 17:24:57 INFO ResourceUtils: No custom resources configured for spark.driver.
[2025-07-03T17:24:57.553+0000] {spark_submit.py:579} INFO - 25/07/03 17:24:57 INFO ResourceUtils: ==============================================================
[2025-07-03T17:24:57.553+0000] {spark_submit.py:579} INFO - 25/07/03 17:24:57 INFO SparkContext: Submitted application: ProcessExercises
[2025-07-03T17:24:57.570+0000] {spark_submit.py:579} INFO - 25/07/03 17:24:57 INFO ResourceProfile: Default ResourceProfile created, executor resources: Map(memory -> name: memory, amount: 1024, script: , vendor: , offHeap -> name: offHeap, amount: 0, script: , vendor: ), task resources: Map(cpus -> name: cpus, amount: 1.0)
[2025-07-03T17:24:57.578+0000] {spark_submit.py:579} INFO - 25/07/03 17:24:57 INFO ResourceProfile: Limiting resource is cpu
[2025-07-03T17:24:57.578+0000] {spark_submit.py:579} INFO - 25/07/03 17:24:57 INFO ResourceProfileManager: Added ResourceProfile id: 0
[2025-07-03T17:24:57.622+0000] {spark_submit.py:579} INFO - 25/07/03 17:24:57 INFO SecurityManager: Changing view acls to: airflow
[2025-07-03T17:24:57.622+0000] {spark_submit.py:579} INFO - 25/07/03 17:24:57 INFO SecurityManager: Changing modify acls to: airflow
[2025-07-03T17:24:57.623+0000] {spark_submit.py:579} INFO - 25/07/03 17:24:57 INFO SecurityManager: Changing view acls groups to:
[2025-07-03T17:24:57.624+0000] {spark_submit.py:579} INFO - 25/07/03 17:24:57 INFO SecurityManager: Changing modify acls groups to:
[2025-07-03T17:24:57.624+0000] {spark_submit.py:579} INFO - 25/07/03 17:24:57 INFO SecurityManager: SecurityManager: authentication disabled; ui acls disabled; users with view permissions: airflow; groups with view permissions: EMPTY; users with modify permissions: airflow; groups with modify permissions: EMPTY
[2025-07-03T17:24:57.906+0000] {spark_submit.py:579} INFO - 25/07/03 17:24:57 INFO Utils: Successfully started service 'sparkDriver' on port 35439.
[2025-07-03T17:24:57.951+0000] {spark_submit.py:579} INFO - 25/07/03 17:24:57 INFO SparkEnv: Registering MapOutputTracker
[2025-07-03T17:24:57.998+0000] {spark_submit.py:579} INFO - 25/07/03 17:24:57 INFO SparkEnv: Registering BlockManagerMaster
[2025-07-03T17:24:58.015+0000] {spark_submit.py:579} INFO - 25/07/03 17:24:58 INFO BlockManagerMasterEndpoint: Using org.apache.spark.storage.DefaultTopologyMapper for getting topology information
[2025-07-03T17:24:58.016+0000] {spark_submit.py:579} INFO - 25/07/03 17:24:58 INFO BlockManagerMasterEndpoint: BlockManagerMasterEndpoint up
[2025-07-03T17:24:58.040+0000] {spark_submit.py:579} INFO - 25/07/03 17:24:58 INFO SparkEnv: Registering BlockManagerMasterHeartbeat
[2025-07-03T17:24:58.060+0000] {spark_submit.py:579} INFO - 25/07/03 17:24:58 INFO DiskBlockManager: Created local directory at /tmp/blockmgr-af9a80d9-4d63-4436-a9fa-ff52453fa7c9
[2025-07-03T17:24:58.073+0000] {spark_submit.py:579} INFO - 25/07/03 17:24:58 INFO MemoryStore: MemoryStore started with capacity 434.4 MiB
[2025-07-03T17:24:58.088+0000] {spark_submit.py:579} INFO - 25/07/03 17:24:58 INFO SparkEnv: Registering OutputCommitCoordinator
[2025-07-03T17:24:58.197+0000] {spark_submit.py:579} INFO - 25/07/03 17:24:58 INFO JettyUtils: Start Jetty 0.0.0.0:4040 for SparkUI
[2025-07-03T17:24:58.259+0000] {spark_submit.py:579} INFO - 25/07/03 17:24:58 INFO Utils: Successfully started service 'SparkUI' on port 4040.
[2025-07-03T17:24:58.297+0000] {spark_submit.py:579} INFO - 25/07/03 17:24:58 INFO SparkContext: Added JAR file:///opt/bitnami/spark/jars/iceberg-spark-runtime-3.5_2.12-1.8.1.jar at spark://e0709f8eceeb:35439/jars/iceberg-spark-runtime-3.5_2.12-1.8.1.jar with timestamp 1751563497485
[2025-07-03T17:24:58.298+0000] {spark_submit.py:579} INFO - 25/07/03 17:24:58 INFO SparkContext: Added JAR file:///opt/bitnami/spark/jars/nessie-spark-extensions-3.5_2.12-0.103.2.jar at spark://e0709f8eceeb:35439/jars/nessie-spark-extensions-3.5_2.12-0.103.2.jar with timestamp 1751563497485
[2025-07-03T17:24:58.299+0000] {spark_submit.py:579} INFO - 25/07/03 17:24:58 INFO SparkContext: Added JAR file:///opt/bitnami/spark/jars/nessie-client-0.103.2.jar at spark://e0709f8eceeb:35439/jars/nessie-client-0.103.2.jar with timestamp 1751563497485
[2025-07-03T17:24:58.301+0000] {spark_submit.py:579} INFO - 25/07/03 17:24:58 INFO SparkContext: Added JAR file:///opt/bitnami/spark/jars/hadoop-aws-3.3.2.jar at spark://e0709f8eceeb:35439/jars/hadoop-aws-3.3.2.jar with timestamp 1751563497485
[2025-07-03T17:24:58.302+0000] {spark_submit.py:579} INFO - 25/07/03 17:24:58 INFO SparkContext: Added JAR file:///opt/bitnami/spark/jars/aws-java-sdk-bundle-1.12.262.jar at spark://e0709f8eceeb:35439/jars/aws-java-sdk-bundle-1.12.262.jar with timestamp 1751563497485
[2025-07-03T17:24:58.404+0000] {spark_submit.py:579} INFO - 25/07/03 17:24:58 INFO StandaloneAppClient$ClientEndpoint: Connecting to master spark://spark-master:7077...
[2025-07-03T17:24:58.497+0000] {spark_submit.py:579} INFO - 25/07/03 17:24:58 INFO TransportClientFactory: Successfully created connection to spark-master/172.19.0.2:7077 after 46 ms (0 ms spent in bootstraps)
[2025-07-03T17:24:58.636+0000] {spark_submit.py:579} INFO - 25/07/03 17:24:58 INFO StandaloneSchedulerBackend: Connected to Spark cluster with app ID app-20250703172458-0003
[2025-07-03T17:24:58.639+0000] {spark_submit.py:579} INFO - 25/07/03 17:24:58 INFO StandaloneAppClient$ClientEndpoint: Executor added: app-20250703172458-0003/0 on worker-20250703165926-172.19.0.7-33037 (172.19.0.7:33037) with 2 core(s)
[2025-07-03T17:24:58.642+0000] {spark_submit.py:579} INFO - 25/07/03 17:24:58 INFO StandaloneSchedulerBackend: Granted executor ID app-20250703172458-0003/0 on hostPort 172.19.0.7:33037 with 2 core(s), 1024.0 MiB RAM
[2025-07-03T17:24:58.645+0000] {spark_submit.py:579} INFO - 25/07/03 17:24:58 INFO Utils: Successfully started service 'org.apache.spark.network.netty.NettyBlockTransferService' on port 34553.
[2025-07-03T17:24:58.646+0000] {spark_submit.py:579} INFO - 25/07/03 17:24:58 INFO NettyBlockTransferService: Server created on e0709f8eceeb:34553
[2025-07-03T17:24:58.649+0000] {spark_submit.py:579} INFO - 25/07/03 17:24:58 INFO BlockManager: Using org.apache.spark.storage.RandomBlockReplicationPolicy for block replication policy
[2025-07-03T17:24:58.655+0000] {spark_submit.py:579} INFO - 25/07/03 17:24:58 INFO BlockManagerMaster: Registering BlockManager BlockManagerId(driver, e0709f8eceeb, 34553, None)
[2025-07-03T17:24:58.660+0000] {spark_submit.py:579} INFO - 25/07/03 17:24:58 INFO BlockManagerMasterEndpoint: Registering block manager e0709f8eceeb:34553 with 434.4 MiB RAM, BlockManagerId(driver, e0709f8eceeb, 34553, None)
[2025-07-03T17:24:58.663+0000] {spark_submit.py:579} INFO - 25/07/03 17:24:58 INFO BlockManagerMaster: Registered BlockManager BlockManagerId(driver, e0709f8eceeb, 34553, None)
[2025-07-03T17:24:58.665+0000] {spark_submit.py:579} INFO - 25/07/03 17:24:58 INFO BlockManager: Initialized BlockManager: BlockManagerId(driver, e0709f8eceeb, 34553, None)
[2025-07-03T17:24:58.815+0000] {spark_submit.py:579} INFO - 25/07/03 17:24:58 INFO StandaloneAppClient$ClientEndpoint: Executor updated: app-20250703172458-0003/0 is now RUNNING
[2025-07-03T17:24:58.980+0000] {spark_submit.py:579} INFO - 25/07/03 17:24:58 INFO StandaloneSchedulerBackend: SchedulerBackend is ready for scheduling beginning after reached minRegisteredResourcesRatio: 0.0
[2025-07-03T17:24:59.512+0000] {spark_submit.py:579} INFO - âœ… Spark iniciado
[2025-07-03T17:24:59.521+0000] {spark_submit.py:579} INFO - 25/07/03 17:24:59 INFO SharedState: Setting hive.metastore.warehouse.dir ('null') to the value of spark.sql.warehouse.dir.
[2025-07-03T17:24:59.525+0000] {spark_submit.py:579} INFO - 25/07/03 17:24:59 INFO SharedState: Warehouse path is 'file:/opt/airflow/spark-warehouse'.
[2025-07-03T17:25:01.682+0000] {spark_submit.py:579} INFO - âŒ Erro durante processamento: An error occurred while calling o25.sql.
[2025-07-03T17:25:01.683+0000] {spark_submit.py:579} INFO - : org.apache.spark.SparkException: [INTERNAL_ERROR] Undefined error message parameter for error class: '_LEGACY_ERROR_TEMP_1055'. Parameters: Map(database -> nessie.exercises)
[2025-07-03T17:25:01.683+0000] {spark_submit.py:579} INFO - at org.apache.spark.SparkException$.internalError(SparkException.scala:92)
[2025-07-03T17:25:01.684+0000] {spark_submit.py:579} INFO - at org.apache.spark.SparkException$.internalError(SparkException.scala:96)
[2025-07-03T17:25:01.685+0000] {spark_submit.py:579} INFO - at org.apache.spark.ErrorClassesJsonReader.getErrorMessage(ErrorClassesJSONReader.scala:56)
[2025-07-03T17:25:01.685+0000] {spark_submit.py:579} INFO - at org.apache.spark.SparkThrowableHelper$.getMessage(SparkThrowableHelper.scala:53)
[2025-07-03T17:25:01.686+0000] {spark_submit.py:579} INFO - at org.apache.spark.SparkThrowableHelper$.getMessage(SparkThrowableHelper.scala:40)
[2025-07-03T17:25:01.686+0000] {spark_submit.py:579} INFO - at org.apache.spark.sql.AnalysisException.<init>(AnalysisException.scala:47)
[2025-07-03T17:25:01.687+0000] {spark_submit.py:579} INFO - at org.apache.spark.sql.AnalysisException.<init>(AnalysisException.scala:70)
[2025-07-03T17:25:01.687+0000] {spark_submit.py:579} INFO - at org.apache.spark.sql.errors.QueryCompilationErrors$.invalidDatabaseNameError(QueryCompilationErrors.scala:875)
[2025-07-03T17:25:01.688+0000] {spark_submit.py:579} INFO - at org.apache.spark.sql.catalyst.analysis.ResolveSessionCatalog$DatabaseNameInSessionCatalog$.unapply(ResolveSessionCatalog.scala:691)
[2025-07-03T17:25:01.688+0000] {spark_submit.py:579} INFO - at org.apache.spark.sql.catalyst.analysis.ResolveSessionCatalog$$anonfun$apply$1.applyOrElse(ResolveSessionCatalog.scala:235)
[2025-07-03T17:25:01.689+0000] {spark_submit.py:579} INFO - at org.apache.spark.sql.catalyst.analysis.ResolveSessionCatalog$$anonfun$apply$1.applyOrElse(ResolveSessionCatalog.scala:52)
[2025-07-03T17:25:01.689+0000] {spark_submit.py:579} INFO - at org.apache.spark.sql.catalyst.plans.logical.AnalysisHelper.$anonfun$resolveOperatorsUpWithPruning$3(AnalysisHelper.scala:138)
[2025-07-03T17:25:01.689+0000] {spark_submit.py:579} INFO - at org.apache.spark.sql.catalyst.trees.CurrentOrigin$.withOrigin(origin.scala:76)
[2025-07-03T17:25:01.690+0000] {spark_submit.py:579} INFO - at org.apache.spark.sql.catalyst.plans.logical.AnalysisHelper.$anonfun$resolveOperatorsUpWithPruning$1(AnalysisHelper.scala:138)
[2025-07-03T17:25:01.690+0000] {spark_submit.py:579} INFO - at org.apache.spark.sql.catalyst.plans.logical.AnalysisHelper$.allowInvokingTransformsInAnalyzer(AnalysisHelper.scala:323)
[2025-07-03T17:25:01.691+0000] {spark_submit.py:579} INFO - at org.apache.spark.sql.catalyst.plans.logical.AnalysisHelper.resolveOperatorsUpWithPruning(AnalysisHelper.scala:134)
[2025-07-03T17:25:01.691+0000] {spark_submit.py:579} INFO - at org.apache.spark.sql.catalyst.plans.logical.AnalysisHelper.resolveOperatorsUpWithPruning$(AnalysisHelper.scala:130)
[2025-07-03T17:25:01.692+0000] {spark_submit.py:579} INFO - at org.apache.spark.sql.catalyst.plans.logical.LogicalPlan.resolveOperatorsUpWithPruning(LogicalPlan.scala:32)
[2025-07-03T17:25:01.692+0000] {spark_submit.py:579} INFO - at org.apache.spark.sql.catalyst.plans.logical.AnalysisHelper.resolveOperatorsUp(AnalysisHelper.scala:111)
[2025-07-03T17:25:01.693+0000] {spark_submit.py:579} INFO - at org.apache.spark.sql.catalyst.plans.logical.AnalysisHelper.resolveOperatorsUp$(AnalysisHelper.scala:110)
[2025-07-03T17:25:01.693+0000] {spark_submit.py:579} INFO - at org.apache.spark.sql.catalyst.plans.logical.LogicalPlan.resolveOperatorsUp(LogicalPlan.scala:32)
[2025-07-03T17:25:01.694+0000] {spark_submit.py:579} INFO - at org.apache.spark.sql.catalyst.analysis.ResolveSessionCatalog.apply(ResolveSessionCatalog.scala:52)
[2025-07-03T17:25:01.694+0000] {spark_submit.py:579} INFO - at org.apache.spark.sql.catalyst.analysis.ResolveSessionCatalog.apply(ResolveSessionCatalog.scala:46)
[2025-07-03T17:25:01.695+0000] {spark_submit.py:579} INFO - at org.apache.spark.sql.catalyst.rules.RuleExecutor.$anonfun$execute$2(RuleExecutor.scala:222)
[2025-07-03T17:25:01.696+0000] {spark_submit.py:579} INFO - at scala.collection.LinearSeqOptimized.foldLeft(LinearSeqOptimized.scala:126)
[2025-07-03T17:25:01.696+0000] {spark_submit.py:579} INFO - at scala.collection.LinearSeqOptimized.foldLeft$(LinearSeqOptimized.scala:122)
[2025-07-03T17:25:01.697+0000] {spark_submit.py:579} INFO - at scala.collection.immutable.List.foldLeft(List.scala:91)
[2025-07-03T17:25:01.697+0000] {spark_submit.py:579} INFO - at org.apache.spark.sql.catalyst.rules.RuleExecutor.$anonfun$execute$1(RuleExecutor.scala:219)
[2025-07-03T17:25:01.698+0000] {spark_submit.py:579} INFO - at org.apache.spark.sql.catalyst.rules.RuleExecutor.$anonfun$execute$1$adapted(RuleExecutor.scala:211)
[2025-07-03T17:25:01.698+0000] {spark_submit.py:579} INFO - at scala.collection.immutable.List.foreach(List.scala:431)
[2025-07-03T17:25:01.699+0000] {spark_submit.py:579} INFO - at org.apache.spark.sql.catalyst.rules.RuleExecutor.execute(RuleExecutor.scala:211)
[2025-07-03T17:25:01.699+0000] {spark_submit.py:579} INFO - at org.apache.spark.sql.catalyst.analysis.Analyzer.org$apache$spark$sql$catalyst$analysis$Analyzer$$executeSameContext(Analyzer.scala:240)
[2025-07-03T17:25:01.700+0000] {spark_submit.py:579} INFO - at org.apache.spark.sql.catalyst.analysis.Analyzer.$anonfun$execute$1(Analyzer.scala:236)
[2025-07-03T17:25:01.700+0000] {spark_submit.py:579} INFO - at org.apache.spark.sql.catalyst.analysis.AnalysisContext$.withNewAnalysisContext(Analyzer.scala:187)
[2025-07-03T17:25:01.701+0000] {spark_submit.py:579} INFO - at org.apache.spark.sql.catalyst.analysis.Analyzer.execute(Analyzer.scala:236)
[2025-07-03T17:25:01.701+0000] {spark_submit.py:579} INFO - at org.apache.spark.sql.catalyst.analysis.Analyzer.execute(Analyzer.scala:202)
[2025-07-03T17:25:01.702+0000] {spark_submit.py:579} INFO - at org.apache.spark.sql.catalyst.rules.RuleExecutor.$anonfun$executeAndTrack$1(RuleExecutor.scala:182)
[2025-07-03T17:25:01.702+0000] {spark_submit.py:579} INFO - at org.apache.spark.sql.catalyst.QueryPlanningTracker$.withTracker(QueryPlanningTracker.scala:89)
[2025-07-03T17:25:01.702+0000] {spark_submit.py:579} INFO - at org.apache.spark.sql.catalyst.rules.RuleExecutor.executeAndTrack(RuleExecutor.scala:182)
[2025-07-03T17:25:01.703+0000] {spark_submit.py:579} INFO - at org.apache.spark.sql.catalyst.analysis.Analyzer.$anonfun$executeAndCheck$1(Analyzer.scala:223)
[2025-07-03T17:25:01.704+0000] {spark_submit.py:579} INFO - at org.apache.spark.sql.catalyst.plans.logical.AnalysisHelper$.markInAnalyzer(AnalysisHelper.scala:330)
[2025-07-03T17:25:01.704+0000] {spark_submit.py:579} INFO - at org.apache.spark.sql.catalyst.analysis.Analyzer.executeAndCheck(Analyzer.scala:222)
[2025-07-03T17:25:01.705+0000] {spark_submit.py:579} INFO - at org.apache.spark.sql.execution.QueryExecution.$anonfun$analyzed$1(QueryExecution.scala:77)
[2025-07-03T17:25:01.706+0000] {spark_submit.py:579} INFO - at org.apache.spark.sql.catalyst.QueryPlanningTracker.measurePhase(QueryPlanningTracker.scala:138)
[2025-07-03T17:25:01.736+0000] {spark_submit.py:579} INFO - at org.apache.spark.sql.execution.QueryExecution.$anonfun$executePhase$2(QueryExecution.scala:219)
[2025-07-03T17:25:01.737+0000] {spark_submit.py:579} INFO - at org.apache.spark.sql.execution.QueryExecution$.withInternalError(QueryExecution.scala:546)
[2025-07-03T17:25:01.737+0000] {spark_submit.py:579} INFO - at org.apache.spark.sql.execution.QueryExecution.$anonfun$executePhase$1(QueryExecution.scala:219)
[2025-07-03T17:25:01.738+0000] {spark_submit.py:579} INFO - at org.apache.spark.sql.SparkSession.withActive(SparkSession.scala:900)
[2025-07-03T17:25:01.739+0000] {spark_submit.py:579} INFO - at org.apache.spark.sql.execution.QueryExecution.executePhase(QueryExecution.scala:218)
[2025-07-03T17:25:01.739+0000] {spark_submit.py:579} INFO - at org.apache.spark.sql.execution.QueryExecution.analyzed$lzycompute(QueryExecution.scala:77)
[2025-07-03T17:25:01.740+0000] {spark_submit.py:579} INFO - at org.apache.spark.sql.execution.QueryExecution.analyzed(QueryExecution.scala:74)
[2025-07-03T17:25:01.741+0000] {spark_submit.py:579} INFO - at org.apache.spark.sql.execution.QueryExecution.assertAnalyzed(QueryExecution.scala:66)
[2025-07-03T17:25:01.742+0000] {spark_submit.py:579} INFO - at org.apache.spark.sql.Dataset$.$anonfun$ofRows$2(Dataset.scala:99)
[2025-07-03T17:25:01.742+0000] {spark_submit.py:579} INFO - at org.apache.spark.sql.SparkSession.withActive(SparkSession.scala:900)
[2025-07-03T17:25:01.743+0000] {spark_submit.py:579} INFO - at org.apache.spark.sql.Dataset$.ofRows(Dataset.scala:97)
[2025-07-03T17:25:01.744+0000] {spark_submit.py:579} INFO - at org.apache.spark.sql.SparkSession.$anonfun$sql$1(SparkSession.scala:638)
[2025-07-03T17:25:01.745+0000] {spark_submit.py:579} INFO - at org.apache.spark.sql.SparkSession.withActive(SparkSession.scala:900)
[2025-07-03T17:25:01.745+0000] {spark_submit.py:579} INFO - at org.apache.spark.sql.SparkSession.sql(SparkSession.scala:629)
[2025-07-03T17:25:01.747+0000] {spark_submit.py:579} INFO - at org.apache.spark.sql.SparkSession.sql(SparkSession.scala:659)
[2025-07-03T17:25:01.747+0000] {spark_submit.py:579} INFO - at java.base/jdk.internal.reflect.NativeMethodAccessorImpl.invoke0(Native Method)
[2025-07-03T17:25:01.748+0000] {spark_submit.py:579} INFO - at java.base/jdk.internal.reflect.NativeMethodAccessorImpl.invoke(NativeMethodAccessorImpl.java:77)
[2025-07-03T17:25:01.749+0000] {spark_submit.py:579} INFO - at java.base/jdk.internal.reflect.DelegatingMethodAccessorImpl.invoke(DelegatingMethodAccessorImpl.java:43)
[2025-07-03T17:25:01.750+0000] {spark_submit.py:579} INFO - at java.base/java.lang.reflect.Method.invoke(Method.java:569)
[2025-07-03T17:25:01.751+0000] {spark_submit.py:579} INFO - at py4j.reflection.MethodInvoker.invoke(MethodInvoker.java:244)
[2025-07-03T17:25:01.752+0000] {spark_submit.py:579} INFO - at py4j.reflection.ReflectionEngine.invoke(ReflectionEngine.java:374)
[2025-07-03T17:25:01.753+0000] {spark_submit.py:579} INFO - at py4j.Gateway.invoke(Gateway.java:282)
[2025-07-03T17:25:01.753+0000] {spark_submit.py:579} INFO - at py4j.commands.AbstractCommand.invokeMethod(AbstractCommand.java:132)
[2025-07-03T17:25:01.754+0000] {spark_submit.py:579} INFO - at py4j.commands.CallCommand.execute(CallCommand.java:79)
[2025-07-03T17:25:01.754+0000] {spark_submit.py:579} INFO - at py4j.ClientServerConnection.waitForCommands(ClientServerConnection.java:182)
[2025-07-03T17:25:01.755+0000] {spark_submit.py:579} INFO - at py4j.ClientServerConnection.run(ClientServerConnection.java:106)
[2025-07-03T17:25:01.756+0000] {spark_submit.py:579} INFO - at java.base/java.lang.Thread.run(Thread.java:840)
[2025-07-03T17:25:01.756+0000] {spark_submit.py:579} INFO - 
[2025-07-03T17:25:01.757+0000] {spark_submit.py:579} INFO - 25/07/03 17:25:01 INFO SparkContext: SparkContext is stopping with exitCode 0.
[2025-07-03T17:25:01.758+0000] {spark_submit.py:579} INFO - 25/07/03 17:25:01 INFO SparkUI: Stopped Spark web UI at http://e0709f8eceeb:4040
[2025-07-03T17:25:01.759+0000] {spark_submit.py:579} INFO - 25/07/03 17:25:01 INFO StandaloneSchedulerBackend: Shutting down all executors
[2025-07-03T17:25:01.759+0000] {spark_submit.py:579} INFO - 25/07/03 17:25:01 INFO StandaloneSchedulerBackend$StandaloneDriverEndpoint: Asking each executor to shut down
[2025-07-03T17:25:01.760+0000] {spark_submit.py:579} INFO - 25/07/03 17:25:01 INFO MapOutputTrackerMasterEndpoint: MapOutputTrackerMasterEndpoint stopped!
[2025-07-03T17:25:01.763+0000] {spark_submit.py:579} INFO - 25/07/03 17:25:01 INFO MemoryStore: MemoryStore cleared
[2025-07-03T17:25:01.764+0000] {spark_submit.py:579} INFO - 25/07/03 17:25:01 INFO BlockManager: BlockManager stopped
[2025-07-03T17:25:01.770+0000] {spark_submit.py:579} INFO - 25/07/03 17:25:01 INFO BlockManagerMaster: BlockManagerMaster stopped
[2025-07-03T17:25:01.772+0000] {spark_submit.py:579} INFO - 25/07/03 17:25:01 INFO OutputCommitCoordinator$OutputCommitCoordinatorEndpoint: OutputCommitCoordinator stopped!
[2025-07-03T17:25:01.781+0000] {spark_submit.py:579} INFO - 25/07/03 17:25:01 INFO SparkContext: Successfully stopped SparkContext
[2025-07-03T17:25:02.056+0000] {spark_submit.py:579} INFO - âŒ Erro: An error occurred while calling o25.sql.
[2025-07-03T17:25:02.058+0000] {spark_submit.py:579} INFO - : org.apache.spark.SparkException: [INTERNAL_ERROR] Undefined error message parameter for error class: '_LEGACY_ERROR_TEMP_1055'. Parameters: Map(database -> nessie.exercises)
[2025-07-03T17:25:02.060+0000] {spark_submit.py:579} INFO - at org.apache.spark.SparkException$.internalError(SparkException.scala:92)
[2025-07-03T17:25:02.062+0000] {spark_submit.py:579} INFO - at org.apache.spark.SparkException$.internalError(SparkException.scala:96)
[2025-07-03T17:25:02.064+0000] {spark_submit.py:579} INFO - at org.apache.spark.ErrorClassesJsonReader.getErrorMessage(ErrorClassesJSONReader.scala:56)
[2025-07-03T17:25:02.066+0000] {spark_submit.py:579} INFO - at org.apache.spark.SparkThrowableHelper$.getMessage(SparkThrowableHelper.scala:53)
[2025-07-03T17:25:02.068+0000] {spark_submit.py:579} INFO - at org.apache.spark.SparkThrowableHelper$.getMessage(SparkThrowableHelper.scala:40)
[2025-07-03T17:25:02.070+0000] {spark_submit.py:579} INFO - at org.apache.spark.sql.AnalysisException.<init>(AnalysisException.scala:47)
[2025-07-03T17:25:02.072+0000] {spark_submit.py:579} INFO - at org.apache.spark.sql.AnalysisException.<init>(AnalysisException.scala:70)
[2025-07-03T17:25:02.074+0000] {spark_submit.py:579} INFO - at org.apache.spark.sql.errors.QueryCompilationErrors$.invalidDatabaseNameError(QueryCompilationErrors.scala:875)
[2025-07-03T17:25:02.076+0000] {spark_submit.py:579} INFO - at org.apache.spark.sql.catalyst.analysis.ResolveSessionCatalog$DatabaseNameInSessionCatalog$.unapply(ResolveSessionCatalog.scala:691)
[2025-07-03T17:25:02.078+0000] {spark_submit.py:579} INFO - at org.apache.spark.sql.catalyst.analysis.ResolveSessionCatalog$$anonfun$apply$1.applyOrElse(ResolveSessionCatalog.scala:235)
[2025-07-03T17:25:02.080+0000] {spark_submit.py:579} INFO - at org.apache.spark.sql.catalyst.analysis.ResolveSessionCatalog$$anonfun$apply$1.applyOrElse(ResolveSessionCatalog.scala:52)
[2025-07-03T17:25:02.081+0000] {spark_submit.py:579} INFO - at org.apache.spark.sql.catalyst.plans.logical.AnalysisHelper.$anonfun$resolveOperatorsUpWithPruning$3(AnalysisHelper.scala:138)
[2025-07-03T17:25:02.083+0000] {spark_submit.py:579} INFO - at org.apache.spark.sql.catalyst.trees.CurrentOrigin$.withOrigin(origin.scala:76)
[2025-07-03T17:25:02.085+0000] {spark_submit.py:579} INFO - at org.apache.spark.sql.catalyst.plans.logical.AnalysisHelper.$anonfun$resolveOperatorsUpWithPruning$1(AnalysisHelper.scala:138)
[2025-07-03T17:25:02.086+0000] {spark_submit.py:579} INFO - at org.apache.spark.sql.catalyst.plans.logical.AnalysisHelper$.allowInvokingTransformsInAnalyzer(AnalysisHelper.scala:323)
[2025-07-03T17:25:02.088+0000] {spark_submit.py:579} INFO - at org.apache.spark.sql.catalyst.plans.logical.AnalysisHelper.resolveOperatorsUpWithPruning(AnalysisHelper.scala:134)
[2025-07-03T17:25:02.089+0000] {spark_submit.py:579} INFO - at org.apache.spark.sql.catalyst.plans.logical.AnalysisHelper.resolveOperatorsUpWithPruning$(AnalysisHelper.scala:130)
[2025-07-03T17:25:02.090+0000] {spark_submit.py:579} INFO - at org.apache.spark.sql.catalyst.plans.logical.LogicalPlan.resolveOperatorsUpWithPruning(LogicalPlan.scala:32)
[2025-07-03T17:25:02.091+0000] {spark_submit.py:579} INFO - at org.apache.spark.sql.catalyst.plans.logical.AnalysisHelper.resolveOperatorsUp(AnalysisHelper.scala:111)
[2025-07-03T17:25:02.092+0000] {spark_submit.py:579} INFO - at org.apache.spark.sql.catalyst.plans.logical.AnalysisHelper.resolveOperatorsUp$(AnalysisHelper.scala:110)
[2025-07-03T17:25:02.093+0000] {spark_submit.py:579} INFO - at org.apache.spark.sql.catalyst.plans.logical.LogicalPlan.resolveOperatorsUp(LogicalPlan.scala:32)
[2025-07-03T17:25:02.094+0000] {spark_submit.py:579} INFO - at org.apache.spark.sql.catalyst.analysis.ResolveSessionCatalog.apply(ResolveSessionCatalog.scala:52)
[2025-07-03T17:25:02.095+0000] {spark_submit.py:579} INFO - at org.apache.spark.sql.catalyst.analysis.ResolveSessionCatalog.apply(ResolveSessionCatalog.scala:46)
[2025-07-03T17:25:02.096+0000] {spark_submit.py:579} INFO - at org.apache.spark.sql.catalyst.rules.RuleExecutor.$anonfun$execute$2(RuleExecutor.scala:222)
[2025-07-03T17:25:02.096+0000] {spark_submit.py:579} INFO - at scala.collection.LinearSeqOptimized.foldLeft(LinearSeqOptimized.scala:126)
[2025-07-03T17:25:02.097+0000] {spark_submit.py:579} INFO - at scala.collection.LinearSeqOptimized.foldLeft$(LinearSeqOptimized.scala:122)
[2025-07-03T17:25:02.098+0000] {spark_submit.py:579} INFO - at scala.collection.immutable.List.foldLeft(List.scala:91)
[2025-07-03T17:25:02.099+0000] {spark_submit.py:579} INFO - at org.apache.spark.sql.catalyst.rules.RuleExecutor.$anonfun$execute$1(RuleExecutor.scala:219)
[2025-07-03T17:25:02.100+0000] {spark_submit.py:579} INFO - at org.apache.spark.sql.catalyst.rules.RuleExecutor.$anonfun$execute$1$adapted(RuleExecutor.scala:211)
[2025-07-03T17:25:02.101+0000] {spark_submit.py:579} INFO - at scala.collection.immutable.List.foreach(List.scala:431)
[2025-07-03T17:25:02.101+0000] {spark_submit.py:579} INFO - at org.apache.spark.sql.catalyst.rules.RuleExecutor.execute(RuleExecutor.scala:211)
[2025-07-03T17:25:02.102+0000] {spark_submit.py:579} INFO - at org.apache.spark.sql.catalyst.analysis.Analyzer.org$apache$spark$sql$catalyst$analysis$Analyzer$$executeSameContext(Analyzer.scala:240)
[2025-07-03T17:25:02.103+0000] {spark_submit.py:579} INFO - at org.apache.spark.sql.catalyst.analysis.Analyzer.$anonfun$execute$1(Analyzer.scala:236)
[2025-07-03T17:25:02.103+0000] {spark_submit.py:579} INFO - at org.apache.spark.sql.catalyst.analysis.AnalysisContext$.withNewAnalysisContext(Analyzer.scala:187)
[2025-07-03T17:25:02.104+0000] {spark_submit.py:579} INFO - at org.apache.spark.sql.catalyst.analysis.Analyzer.execute(Analyzer.scala:236)
[2025-07-03T17:25:02.105+0000] {spark_submit.py:579} INFO - at org.apache.spark.sql.catalyst.analysis.Analyzer.execute(Analyzer.scala:202)
[2025-07-03T17:25:02.105+0000] {spark_submit.py:579} INFO - at org.apache.spark.sql.catalyst.rules.RuleExecutor.$anonfun$executeAndTrack$1(RuleExecutor.scala:182)
[2025-07-03T17:25:02.106+0000] {spark_submit.py:579} INFO - at org.apache.spark.sql.catalyst.QueryPlanningTracker$.withTracker(QueryPlanningTracker.scala:89)
[2025-07-03T17:25:02.107+0000] {spark_submit.py:579} INFO - at org.apache.spark.sql.catalyst.rules.RuleExecutor.executeAndTrack(RuleExecutor.scala:182)
[2025-07-03T17:25:02.107+0000] {spark_submit.py:579} INFO - at org.apache.spark.sql.catalyst.analysis.Analyzer.$anonfun$executeAndCheck$1(Analyzer.scala:223)
[2025-07-03T17:25:02.108+0000] {spark_submit.py:579} INFO - at org.apache.spark.sql.catalyst.plans.logical.AnalysisHelper$.markInAnalyzer(AnalysisHelper.scala:330)
[2025-07-03T17:25:02.109+0000] {spark_submit.py:579} INFO - at org.apache.spark.sql.catalyst.analysis.Analyzer.executeAndCheck(Analyzer.scala:222)
[2025-07-03T17:25:02.109+0000] {spark_submit.py:579} INFO - at org.apache.spark.sql.execution.QueryExecution.$anonfun$analyzed$1(QueryExecution.scala:77)
[2025-07-03T17:25:02.110+0000] {spark_submit.py:579} INFO - at org.apache.spark.sql.catalyst.QueryPlanningTracker.measurePhase(QueryPlanningTracker.scala:138)
[2025-07-03T17:25:02.110+0000] {spark_submit.py:579} INFO - at org.apache.spark.sql.execution.QueryExecution.$anonfun$executePhase$2(QueryExecution.scala:219)
[2025-07-03T17:25:02.111+0000] {spark_submit.py:579} INFO - at org.apache.spark.sql.execution.QueryExecution$.withInternalError(QueryExecution.scala:546)
[2025-07-03T17:25:02.112+0000] {spark_submit.py:579} INFO - at org.apache.spark.sql.execution.QueryExecution.$anonfun$executePhase$1(QueryExecution.scala:219)
[2025-07-03T17:25:02.112+0000] {spark_submit.py:579} INFO - at org.apache.spark.sql.SparkSession.withActive(SparkSession.scala:900)
[2025-07-03T17:25:02.113+0000] {spark_submit.py:579} INFO - at org.apache.spark.sql.execution.QueryExecution.executePhase(QueryExecution.scala:218)
[2025-07-03T17:25:02.113+0000] {spark_submit.py:579} INFO - at org.apache.spark.sql.execution.QueryExecution.analyzed$lzycompute(QueryExecution.scala:77)
[2025-07-03T17:25:02.114+0000] {spark_submit.py:579} INFO - at org.apache.spark.sql.execution.QueryExecution.analyzed(QueryExecution.scala:74)
[2025-07-03T17:25:02.115+0000] {spark_submit.py:579} INFO - at org.apache.spark.sql.execution.QueryExecution.assertAnalyzed(QueryExecution.scala:66)
[2025-07-03T17:25:02.115+0000] {spark_submit.py:579} INFO - at org.apache.spark.sql.Dataset$.$anonfun$ofRows$2(Dataset.scala:99)
[2025-07-03T17:25:02.116+0000] {spark_submit.py:579} INFO - at org.apache.spark.sql.SparkSession.withActive(SparkSession.scala:900)
[2025-07-03T17:25:02.117+0000] {spark_submit.py:579} INFO - at org.apache.spark.sql.Dataset$.ofRows(Dataset.scala:97)
[2025-07-03T17:25:02.117+0000] {spark_submit.py:579} INFO - at org.apache.spark.sql.SparkSession.$anonfun$sql$1(SparkSession.scala:638)
[2025-07-03T17:25:02.118+0000] {spark_submit.py:579} INFO - at org.apache.spark.sql.SparkSession.withActive(SparkSession.scala:900)
[2025-07-03T17:25:02.119+0000] {spark_submit.py:579} INFO - at org.apache.spark.sql.SparkSession.sql(SparkSession.scala:629)
[2025-07-03T17:25:02.119+0000] {spark_submit.py:579} INFO - at org.apache.spark.sql.SparkSession.sql(SparkSession.scala:659)
[2025-07-03T17:25:02.120+0000] {spark_submit.py:579} INFO - at java.base/jdk.internal.reflect.NativeMethodAccessorImpl.invoke0(Native Method)
[2025-07-03T17:25:02.121+0000] {spark_submit.py:579} INFO - at java.base/jdk.internal.reflect.NativeMethodAccessorImpl.invoke(NativeMethodAccessorImpl.java:77)
[2025-07-03T17:25:02.121+0000] {spark_submit.py:579} INFO - at java.base/jdk.internal.reflect.DelegatingMethodAccessorImpl.invoke(DelegatingMethodAccessorImpl.java:43)
[2025-07-03T17:25:02.122+0000] {spark_submit.py:579} INFO - at java.base/java.lang.reflect.Method.invoke(Method.java:569)
[2025-07-03T17:25:02.122+0000] {spark_submit.py:579} INFO - at py4j.reflection.MethodInvoker.invoke(MethodInvoker.java:244)
[2025-07-03T17:25:02.123+0000] {spark_submit.py:579} INFO - at py4j.reflection.ReflectionEngine.invoke(ReflectionEngine.java:374)
[2025-07-03T17:25:02.124+0000] {spark_submit.py:579} INFO - at py4j.Gateway.invoke(Gateway.java:282)
[2025-07-03T17:25:02.124+0000] {spark_submit.py:579} INFO - at py4j.commands.AbstractCommand.invokeMethod(AbstractCommand.java:132)
[2025-07-03T17:25:02.125+0000] {spark_submit.py:579} INFO - at py4j.commands.CallCommand.execute(CallCommand.java:79)
[2025-07-03T17:25:02.125+0000] {spark_submit.py:579} INFO - at py4j.ClientServerConnection.waitForCommands(ClientServerConnection.java:182)
[2025-07-03T17:25:02.126+0000] {spark_submit.py:579} INFO - at py4j.ClientServerConnection.run(ClientServerConnection.java:106)
[2025-07-03T17:25:02.127+0000] {spark_submit.py:579} INFO - at java.base/java.lang.Thread.run(Thread.java:840)
[2025-07-03T17:25:02.127+0000] {spark_submit.py:579} INFO - 
[2025-07-03T17:25:02.157+0000] {spark_submit.py:579} INFO - 25/07/03 17:25:02 INFO ShutdownHookManager: Shutdown hook called
[2025-07-03T17:25:02.158+0000] {spark_submit.py:579} INFO - 25/07/03 17:25:02 INFO ShutdownHookManager: Deleting directory /tmp/spark-c5c28366-c9c6-40ac-8547-763e10cd2b5d/pyspark-6728f2ad-fb7a-423f-9140-a75eff810bc8
[2025-07-03T17:25:02.163+0000] {spark_submit.py:579} INFO - 25/07/03 17:25:02 INFO ShutdownHookManager: Deleting directory /tmp/spark-c5c28366-c9c6-40ac-8547-763e10cd2b5d
[2025-07-03T17:25:02.168+0000] {spark_submit.py:579} INFO - 25/07/03 17:25:02 INFO ShutdownHookManager: Deleting directory /tmp/spark-f50ed5d4-311e-450d-b788-866b3989172f
[2025-07-03T17:25:02.244+0000] {taskinstance.py:3336} ERROR - Task failed with exception
Traceback (most recent call last):
  File "/home/airflow/.local/lib/python3.12/site-packages/airflow/models/taskinstance.py", line 776, in _execute_task
    result = _execute_callable(context=context, **execute_callable_kwargs)
             ^^^^^^^^^^^^^^^^^^^^^^^^^^^^^^^^^^^^^^^^^^^^^^^^^^^^^^^^^^^^^
  File "/home/airflow/.local/lib/python3.12/site-packages/airflow/models/taskinstance.py", line 742, in _execute_callable
    return ExecutionCallableRunner(
           ^^^^^^^^^^^^^^^^^^^^^^^^
  File "/home/airflow/.local/lib/python3.12/site-packages/airflow/utils/operator_helpers.py", line 252, in run
    return self.func(*args, **kwargs)
           ^^^^^^^^^^^^^^^^^^^^^^^^^^
  File "/home/airflow/.local/lib/python3.12/site-packages/airflow/models/baseoperator.py", line 424, in wrapper
    return func(self, *args, **kwargs)
           ^^^^^^^^^^^^^^^^^^^^^^^^^^^
  File "/home/airflow/.local/lib/python3.12/site-packages/airflow/providers/apache/spark/operators/spark_submit.py", line 174, in execute
    self._hook.submit(self.application)
  File "/home/airflow/.local/lib/python3.12/site-packages/airflow/providers/apache/spark/hooks/spark_submit.py", line 505, in submit
    raise AirflowException(
airflow.exceptions.AirflowException: Cannot execute: spark-submit --master spark://spark-master:7077 --jars /opt/bitnami/spark/jars/iceberg-spark-runtime-3.5_2.12-1.8.1.jar,/opt/bitnami/spark/jars/nessie-spark-extensions-3.5_2.12-0.103.2.jar,/opt/bitnami/spark/jars/nessie-client-0.103.2.jar,/opt/bitnami/spark/jars/hadoop-aws-3.3.2.jar,/opt/bitnami/spark/jars/aws-java-sdk-bundle-1.12.262.jar, --name arrow-spark --deploy-mode client /opt/bitnami/spark/jobs/process_exercises_job.py {"id": "CA-LESTE-construtiva-1DE-2025-07-03", "manifest_entry": {"data": {"createdAt": "2025-07-03T17:09:15.637Z", "origin": "CA-LESTE", "path": "exercises/CA-LESTE-construtiva-1DE-2025-07-03"}, "id": "CA-LESTE-construtiva-1DE-2025-07-03"}, "metadata": {"createdAt": "2025-07-03T17:09:15.637Z", "description": "1DE", "documents": [{"description": "", "id": "1751562705430", "mimetype": "application/pdf", "name": "Op Jacui IV - Ordem de Operacoes.pdf", "path": "exercises/CA-LESTE-construtiva-1DE-2025-07-03/documents/Op Jacui IV - Ordem de Operacoes.pdf", "size": 336744, "uploadedAt": "2025-07-03T17:11:45.430Z"}], "endDate": "2025-07-05", "id": "CA-LESTE-construtiva-1DE-2025-07-03", "name": "Jogo de Guerra", "origin": "CA-LESTE", "simulationType": "construtiva", "simulations": [{"id": "172.19.0.5_2025-07-03", "movedAt": "2025-07-03T17:11:53.937Z", "name": "172.19.0.5_2025-07-03", "originalPath": "staging/172.19.0.5_2025-07-03", "path": "exercises/CA-LESTE-construtiva-1DE-2025-07-03/simulations/172.19.0.5_2025-07-03"}], "startDate": "2025-07-03", "trainedForce": "1 Divis\u00e3o de Ex\u00e9rcito", "updatedAt": "2025-07-03T17:11:53.937Z", "wikiUrl": ""}}. Error code is: 1.
[2025-07-03T17:25:02.251+0000] {taskinstance.py:1242} INFO - Marking task as FAILED. dag_id=process_exercises, task_id=process_exercises, run_id=manual__2025-07-03T17:24:46.604860+00:00, execution_date=20250703T172446, start_date=20250703T172452, end_date=20250703T172502
[2025-07-03T17:25:02.514+0000] {taskinstance.py:349} INFO - ::group::Post task execution logs
[2025-07-03T17:25:02.516+0000] {standard_task_runner.py:124} ERROR - Failed to execute job 121 for task process_exercises (Cannot execute: spark-submit --master spark://spark-master:7077 --jars /opt/bitnami/spark/jars/iceberg-spark-runtime-3.5_2.12-1.8.1.jar,/opt/bitnami/spark/jars/nessie-spark-extensions-3.5_2.12-0.103.2.jar,/opt/bitnami/spark/jars/nessie-client-0.103.2.jar,/opt/bitnami/spark/jars/hadoop-aws-3.3.2.jar,/opt/bitnami/spark/jars/aws-java-sdk-bundle-1.12.262.jar, --name arrow-spark --deploy-mode client /opt/bitnami/spark/jobs/process_exercises_job.py {"id": "CA-LESTE-construtiva-1DE-2025-07-03", "manifest_entry": {"data": {"createdAt": "2025-07-03T17:09:15.637Z", "origin": "CA-LESTE", "path": "exercises/CA-LESTE-construtiva-1DE-2025-07-03"}, "id": "CA-LESTE-construtiva-1DE-2025-07-03"}, "metadata": {"createdAt": "2025-07-03T17:09:15.637Z", "description": "1DE", "documents": [{"description": "", "id": "1751562705430", "mimetype": "application/pdf", "name": "Op Jacui IV - Ordem de Operacoes.pdf", "path": "exercises/CA-LESTE-construtiva-1DE-2025-07-03/documents/Op Jacui IV - Ordem de Operacoes.pdf", "size": 336744, "uploadedAt": "2025-07-03T17:11:45.430Z"}], "endDate": "2025-07-05", "id": "CA-LESTE-construtiva-1DE-2025-07-03", "name": "Jogo de Guerra", "origin": "CA-LESTE", "simulationType": "construtiva", "simulations": [{"id": "172.19.0.5_2025-07-03", "movedAt": "2025-07-03T17:11:53.937Z", "name": "172.19.0.5_2025-07-03", "originalPath": "staging/172.19.0.5_2025-07-03", "path": "exercises/CA-LESTE-construtiva-1DE-2025-07-03/simulations/172.19.0.5_2025-07-03"}], "startDate": "2025-07-03", "trainedForce": "1 Divis\u00e3o de Ex\u00e9rcito", "updatedAt": "2025-07-03T17:11:53.937Z", "wikiUrl": ""}}. Error code is: 1.; 818)
Traceback (most recent call last):
  File "/home/airflow/.local/lib/python3.12/site-packages/airflow/task/task_runner/standard_task_runner.py", line 117, in _start_by_fork
    ret = args.func(args, dag=self.dag)
          ^^^^^^^^^^^^^^^^^^^^^^^^^^^^^
  File "/home/airflow/.local/lib/python3.12/site-packages/airflow/cli/cli_config.py", line 49, in command
    return func(*args, **kwargs)
           ^^^^^^^^^^^^^^^^^^^^^
  File "/home/airflow/.local/lib/python3.12/site-packages/airflow/utils/cli.py", line 116, in wrapper
    return f(*args, **kwargs)
           ^^^^^^^^^^^^^^^^^^
  File "/home/airflow/.local/lib/python3.12/site-packages/airflow/cli/commands/task_command.py", line 483, in task_run
    task_return_code = _run_task_by_selected_method(args, _dag, ti)
                       ^^^^^^^^^^^^^^^^^^^^^^^^^^^^^^^^^^^^^^^^^^^^
  File "/home/airflow/.local/lib/python3.12/site-packages/airflow/cli/commands/task_command.py", line 256, in _run_task_by_selected_method
    return _run_raw_task(args, ti)
           ^^^^^^^^^^^^^^^^^^^^^^^
  File "/home/airflow/.local/lib/python3.12/site-packages/airflow/cli/commands/task_command.py", line 341, in _run_raw_task
    return ti._run_raw_task(
           ^^^^^^^^^^^^^^^^^
  File "/home/airflow/.local/lib/python3.12/site-packages/airflow/utils/session.py", line 97, in wrapper
    return func(*args, session=session, **kwargs)
           ^^^^^^^^^^^^^^^^^^^^^^^^^^^^^^^^^^^^^^
  File "/home/airflow/.local/lib/python3.12/site-packages/airflow/models/taskinstance.py", line 3029, in _run_raw_task
    return _run_raw_task(
           ^^^^^^^^^^^^^^
  File "/home/airflow/.local/lib/python3.12/site-packages/airflow/models/taskinstance.py", line 282, in _run_raw_task
    TaskInstance._execute_task_with_callbacks(
  File "/home/airflow/.local/lib/python3.12/site-packages/airflow/models/taskinstance.py", line 3184, in _execute_task_with_callbacks
    result = self._execute_task(context, task_orig)
             ^^^^^^^^^^^^^^^^^^^^^^^^^^^^^^^^^^^^^^
  File "/home/airflow/.local/lib/python3.12/site-packages/airflow/models/taskinstance.py", line 3208, in _execute_task
    return _execute_task(self, context, task_orig)
           ^^^^^^^^^^^^^^^^^^^^^^^^^^^^^^^^^^^^^^^
  File "/home/airflow/.local/lib/python3.12/site-packages/airflow/models/taskinstance.py", line 776, in _execute_task
    result = _execute_callable(context=context, **execute_callable_kwargs)
             ^^^^^^^^^^^^^^^^^^^^^^^^^^^^^^^^^^^^^^^^^^^^^^^^^^^^^^^^^^^^^
  File "/home/airflow/.local/lib/python3.12/site-packages/airflow/models/taskinstance.py", line 742, in _execute_callable
    return ExecutionCallableRunner(
           ^^^^^^^^^^^^^^^^^^^^^^^^
  File "/home/airflow/.local/lib/python3.12/site-packages/airflow/utils/operator_helpers.py", line 252, in run
    return self.func(*args, **kwargs)
           ^^^^^^^^^^^^^^^^^^^^^^^^^^
  File "/home/airflow/.local/lib/python3.12/site-packages/airflow/models/baseoperator.py", line 424, in wrapper
    return func(self, *args, **kwargs)
           ^^^^^^^^^^^^^^^^^^^^^^^^^^^
  File "/home/airflow/.local/lib/python3.12/site-packages/airflow/providers/apache/spark/operators/spark_submit.py", line 174, in execute
    self._hook.submit(self.application)
  File "/home/airflow/.local/lib/python3.12/site-packages/airflow/providers/apache/spark/hooks/spark_submit.py", line 505, in submit
    raise AirflowException(
airflow.exceptions.AirflowException: Cannot execute: spark-submit --master spark://spark-master:7077 --jars /opt/bitnami/spark/jars/iceberg-spark-runtime-3.5_2.12-1.8.1.jar,/opt/bitnami/spark/jars/nessie-spark-extensions-3.5_2.12-0.103.2.jar,/opt/bitnami/spark/jars/nessie-client-0.103.2.jar,/opt/bitnami/spark/jars/hadoop-aws-3.3.2.jar,/opt/bitnami/spark/jars/aws-java-sdk-bundle-1.12.262.jar, --name arrow-spark --deploy-mode client /opt/bitnami/spark/jobs/process_exercises_job.py {"id": "CA-LESTE-construtiva-1DE-2025-07-03", "manifest_entry": {"data": {"createdAt": "2025-07-03T17:09:15.637Z", "origin": "CA-LESTE", "path": "exercises/CA-LESTE-construtiva-1DE-2025-07-03"}, "id": "CA-LESTE-construtiva-1DE-2025-07-03"}, "metadata": {"createdAt": "2025-07-03T17:09:15.637Z", "description": "1DE", "documents": [{"description": "", "id": "1751562705430", "mimetype": "application/pdf", "name": "Op Jacui IV - Ordem de Operacoes.pdf", "path": "exercises/CA-LESTE-construtiva-1DE-2025-07-03/documents/Op Jacui IV - Ordem de Operacoes.pdf", "size": 336744, "uploadedAt": "2025-07-03T17:11:45.430Z"}], "endDate": "2025-07-05", "id": "CA-LESTE-construtiva-1DE-2025-07-03", "name": "Jogo de Guerra", "origin": "CA-LESTE", "simulationType": "construtiva", "simulations": [{"id": "172.19.0.5_2025-07-03", "movedAt": "2025-07-03T17:11:53.937Z", "name": "172.19.0.5_2025-07-03", "originalPath": "staging/172.19.0.5_2025-07-03", "path": "exercises/CA-LESTE-construtiva-1DE-2025-07-03/simulations/172.19.0.5_2025-07-03"}], "startDate": "2025-07-03", "trainedForce": "1 Divis\u00e3o de Ex\u00e9rcito", "updatedAt": "2025-07-03T17:11:53.937Z", "wikiUrl": ""}}. Error code is: 1.
[2025-07-03T17:25:02.563+0000] {local_task_job_runner.py:266} INFO - Task exited with return code 1
[2025-07-03T17:25:02.605+0000] {taskinstance.py:3924} INFO - 0 downstream tasks scheduled from follow-on schedule check
[2025-07-03T17:25:02.652+0000] {local_task_job_runner.py:245} INFO - ::endgroup::
