[2025-07-03T18:27:08.733+0000] {local_task_job_runner.py:123} INFO - ::group::Pre task execution logs
[2025-07-03T18:27:08.781+0000] {taskinstance.py:2631} INFO - Dependencies all met for dep_context=non-requeueable deps ti=<TaskInstance: process_exercises.process_exercises manual__2025-07-03T18:27:04.383971+00:00 [queued]>
[2025-07-03T18:27:08.794+0000] {taskinstance.py:2631} INFO - Dependencies all met for dep_context=requeueable deps ti=<TaskInstance: process_exercises.process_exercises manual__2025-07-03T18:27:04.383971+00:00 [queued]>
[2025-07-03T18:27:08.795+0000] {taskinstance.py:2884} INFO - Starting attempt 1 of 1
[2025-07-03T18:27:08.933+0000] {taskinstance.py:2907} INFO - Executing <Task(SparkSubmitOperator): process_exercises> on 2025-07-03 18:27:04.383971+00:00
[2025-07-03T18:27:08.941+0000] {logging_mixin.py:190} WARNING - /home/airflow/.local/lib/python3.12/site-packages/airflow/task/task_runner/standard_task_runner.py:70 DeprecationWarning: This process (pid=272) is multi-threaded, use of fork() may lead to deadlocks in the child.
[2025-07-03T18:27:08.943+0000] {standard_task_runner.py:72} INFO - Started process 278 to run task
[2025-07-03T18:27:08.942+0000] {standard_task_runner.py:104} INFO - Running: ['airflow', 'tasks', 'run', 'process_exercises', 'process_exercises', 'manual__2025-07-03T18:27:04.383971+00:00', '--job-id', '8', '--raw', '--subdir', 'DAGS_FOLDER/process_exercises.py', '--cfg-path', '/tmp/tmplzqjjhyb']
[2025-07-03T18:27:08.945+0000] {standard_task_runner.py:105} INFO - Job 8: Subtask process_exercises
[2025-07-03T18:27:09.088+0000] {task_command.py:467} INFO - Running <TaskInstance: process_exercises.process_exercises manual__2025-07-03T18:27:04.383971+00:00 [running]> on host 1a82eaaf6423
[2025-07-03T18:27:09.343+0000] {taskinstance.py:3157} INFO - Exporting env vars: AIRFLOW_CTX_DAG_OWNER='airflow' AIRFLOW_CTX_DAG_ID='process_exercises' AIRFLOW_CTX_TASK_ID='process_exercises' AIRFLOW_CTX_EXECUTION_DATE='2025-07-03T18:27:04.383971+00:00' AIRFLOW_CTX_TRY_NUMBER='1' AIRFLOW_CTX_DAG_RUN_ID='manual__2025-07-03T18:27:04.383971+00:00'
[2025-07-03T18:27:09.370+0000] {taskinstance.py:740} INFO - ::endgroup::
[2025-07-03T18:27:09.405+0000] {base.py:84} INFO - Retrieving connection 'spark-ebsim'
[2025-07-03T18:27:09.413+0000] {spark_submit.py:403} INFO - Spark-Submit cmd: spark-submit --master spark://spark-master:7077 --jars /opt/bitnami/spark/jars/iceberg-spark-runtime-3.5_2.12-1.8.1.jar,/opt/bitnami/spark/jars/nessie-spark-extensions-3.5_2.12-0.103.2.jar,/opt/bitnami/spark/jars/nessie-client-0.103.2.jar,/opt/bitnami/spark/jars/hadoop-aws-3.3.2.jar,/opt/bitnami/spark/jars/aws-java-sdk-bundle-1.12.262.jar, --name arrow-spark --deploy-mode client /opt/bitnami/spark/jobs/process_exercises_job.py {"id": "CA-LESTE-construtiva-1DE-2025-07-03", "manifest_entry": {"data": {"createdAt": "2025-07-03T17:40:55.255Z", "origin": "CA-LESTE", "path": "exercises/CA-LESTE-construtiva-1DE-2025-07-03"}, "id": "CA-LESTE-construtiva-1DE-2025-07-03"}, "metadata": {"createdAt": "2025-07-03T17:40:55.255Z", "description": "1DE", "documents": [{"description": "", "id": "1751564467848", "mimetype": "application/pdf", "name": "Op Jacui IV - Ordem de Operacoes.pdf", "path": "exercises/CA-LESTE-construtiva-1DE-2025-07-03/documents/Op Jacui IV - Ordem de Operacoes.pdf", "size": 336744, "uploadedAt": "2025-07-03T17:41:07.848Z"}], "endDate": "2025-07-04", "id": "CA-LESTE-construtiva-1DE-2025-07-03", "name": "Jogo de Guerra", "origin": "CA-LESTE", "simulationType": "construtiva", "simulations": [{"id": "172.19.0.14_2025-07-03", "movedAt": "2025-07-03T17:41:14.938Z", "name": "172.19.0.14_2025-07-03", "originalPath": "staging/172.19.0.14_2025-07-03", "path": "exercises/CA-LESTE-construtiva-1DE-2025-07-03/simulations/172.19.0.14_2025-07-03"}], "startDate": "2025-07-03", "trainedForce": "1 Divis\u00e3o de Ex\u00e9rcito", "updatedAt": "2025-07-03T17:41:14.938Z", "wikiUrl": ""}}
[2025-07-03T18:27:46.838+0000] {spark_submit.py:579} INFO - 25/07/03 18:27:46 WARN NativeCodeLoader: Unable to load native-hadoop library for your platform... using builtin-java classes where applicable
[2025-07-03T18:27:52.692+0000] {spark_submit.py:579} INFO - ðŸš€ PROCESSAMENTO DE EXERCÃCIOS INICIADO
[2025-07-03T18:27:52.693+0000] {spark_submit.py:579} INFO - ðŸ“‹ Processando exercÃ­cio: CA-LESTE-construtiva-1DE-2025-07-03
[2025-07-03T18:27:52.694+0000] {spark_submit.py:579} INFO - âš™ï¸ Configurando Spark...
[2025-07-03T18:27:58.814+0000] {spark_submit.py:579} INFO - 25/07/03 18:27:58 INFO SparkContext: Running Spark version 3.5.5
[2025-07-03T18:27:58.815+0000] {spark_submit.py:579} INFO - 25/07/03 18:27:58 INFO SparkContext: OS info Linux, 5.15.167.4-microsoft-standard-WSL2, amd64
[2025-07-03T18:27:58.816+0000] {spark_submit.py:579} INFO - 25/07/03 18:27:58 INFO SparkContext: Java version 17.0.15
[2025-07-03T18:27:59.244+0000] {spark_submit.py:579} INFO - 25/07/03 18:27:59 INFO ResourceUtils: ==============================================================
[2025-07-03T18:27:59.288+0000] {spark_submit.py:579} INFO - 25/07/03 18:27:59 INFO ResourceUtils: No custom resources configured for spark.driver.
[2025-07-03T18:27:59.288+0000] {spark_submit.py:579} INFO - 25/07/03 18:27:59 INFO ResourceUtils: ==============================================================
[2025-07-03T18:27:59.289+0000] {spark_submit.py:579} INFO - 25/07/03 18:27:59 INFO SparkContext: Submitted application: ProcessExercises
[2025-07-03T18:27:59.704+0000] {spark_submit.py:579} INFO - 25/07/03 18:27:59 INFO ResourceProfile: Default ResourceProfile created, executor resources: Map(memory -> name: memory, amount: 1024, script: , vendor: , offHeap -> name: offHeap, amount: 0, script: , vendor: ), task resources: Map(cpus -> name: cpus, amount: 1.0)
[2025-07-03T18:27:59.713+0000] {spark_submit.py:579} INFO - 25/07/03 18:27:59 INFO ResourceProfile: Limiting resource is cpu
[2025-07-03T18:27:59.713+0000] {spark_submit.py:579} INFO - 25/07/03 18:27:59 INFO ResourceProfileManager: Added ResourceProfile id: 0
[2025-07-03T18:28:00.885+0000] {spark_submit.py:579} INFO - 25/07/03 18:28:00 INFO SecurityManager: Changing view acls to: airflow
[2025-07-03T18:28:00.886+0000] {spark_submit.py:579} INFO - 25/07/03 18:28:00 INFO SecurityManager: Changing modify acls to: airflow
[2025-07-03T18:28:00.887+0000] {spark_submit.py:579} INFO - 25/07/03 18:28:00 INFO SecurityManager: Changing view acls groups to:
[2025-07-03T18:28:00.887+0000] {spark_submit.py:579} INFO - 25/07/03 18:28:00 INFO SecurityManager: Changing modify acls groups to:
[2025-07-03T18:28:00.888+0000] {spark_submit.py:579} INFO - 25/07/03 18:28:00 INFO SecurityManager: SecurityManager: authentication disabled; ui acls disabled; users with view permissions: airflow; groups with view permissions: EMPTY; users with modify permissions: airflow; groups with modify permissions: EMPTY
[2025-07-03T18:28:05.105+0000] {spark_submit.py:579} INFO - 25/07/03 18:28:05 INFO Utils: Successfully started service 'sparkDriver' on port 41171.
[2025-07-03T18:28:05.467+0000] {spark_submit.py:579} INFO - 25/07/03 18:28:05 INFO SparkEnv: Registering MapOutputTracker
[2025-07-03T18:28:05.944+0000] {spark_submit.py:579} INFO - 25/07/03 18:28:05 INFO SparkEnv: Registering BlockManagerMaster
[2025-07-03T18:28:06.242+0000] {spark_submit.py:579} INFO - 25/07/03 18:28:06 INFO BlockManagerMasterEndpoint: Using org.apache.spark.storage.DefaultTopologyMapper for getting topology information
[2025-07-03T18:28:06.263+0000] {spark_submit.py:579} INFO - 25/07/03 18:28:06 INFO BlockManagerMasterEndpoint: BlockManagerMasterEndpoint up
[2025-07-03T18:28:06.379+0000] {spark_submit.py:579} INFO - 25/07/03 18:28:06 INFO SparkEnv: Registering BlockManagerMasterHeartbeat
[2025-07-03T18:28:06.627+0000] {spark_submit.py:579} INFO - 25/07/03 18:28:06 INFO DiskBlockManager: Created local directory at /tmp/blockmgr-6ca10da5-dd14-40d6-9f16-f211a55aceef
[2025-07-03T18:28:06.711+0000] {spark_submit.py:579} INFO - 25/07/03 18:28:06 INFO MemoryStore: MemoryStore started with capacity 434.4 MiB
[2025-07-03T18:28:06.764+0000] {spark_submit.py:579} INFO - 25/07/03 18:28:06 INFO SparkEnv: Registering OutputCommitCoordinator
[2025-07-03T18:28:07.402+0000] {spark_submit.py:579} INFO - 25/07/03 18:28:07 INFO JettyUtils: Start Jetty 0.0.0.0:4040 for SparkUI
[2025-07-03T18:28:08.544+0000] {spark_submit.py:579} INFO - 25/07/03 18:28:08 INFO Utils: Successfully started service 'SparkUI' on port 4040.
[2025-07-03T18:28:08.932+0000] {spark_submit.py:579} INFO - 25/07/03 18:28:08 INFO SparkContext: Added JAR file:///opt/bitnami/spark/jars/iceberg-spark-runtime-3.5_2.12-1.8.1.jar at spark://1a82eaaf6423:41171/jars/iceberg-spark-runtime-3.5_2.12-1.8.1.jar with timestamp 1751567278675
[2025-07-03T18:28:08.933+0000] {spark_submit.py:579} INFO - 25/07/03 18:28:08 INFO SparkContext: Added JAR file:///opt/bitnami/spark/jars/nessie-spark-extensions-3.5_2.12-0.103.2.jar at spark://1a82eaaf6423:41171/jars/nessie-spark-extensions-3.5_2.12-0.103.2.jar with timestamp 1751567278675
[2025-07-03T18:28:08.934+0000] {spark_submit.py:579} INFO - 25/07/03 18:28:08 INFO SparkContext: Added JAR file:///opt/bitnami/spark/jars/nessie-client-0.103.2.jar at spark://1a82eaaf6423:41171/jars/nessie-client-0.103.2.jar with timestamp 1751567278675
[2025-07-03T18:28:08.935+0000] {spark_submit.py:579} INFO - 25/07/03 18:28:08 INFO SparkContext: Added JAR file:///opt/bitnami/spark/jars/hadoop-aws-3.3.2.jar at spark://1a82eaaf6423:41171/jars/hadoop-aws-3.3.2.jar with timestamp 1751567278675
[2025-07-03T18:28:08.936+0000] {spark_submit.py:579} INFO - 25/07/03 18:28:08 INFO SparkContext: Added JAR file:///opt/bitnami/spark/jars/aws-java-sdk-bundle-1.12.262.jar at spark://1a82eaaf6423:41171/jars/aws-java-sdk-bundle-1.12.262.jar with timestamp 1751567278675
[2025-07-03T18:28:11.169+0000] {spark_submit.py:579} INFO - 25/07/03 18:28:11 INFO StandaloneAppClient$ClientEndpoint: Connecting to master spark://spark-master:7077...
[2025-07-03T18:28:12.469+0000] {spark_submit.py:579} INFO - 25/07/03 18:28:12 INFO TransportClientFactory: Successfully created connection to spark-master/172.19.0.4:7077 after 889 ms (0 ms spent in bootstraps)
[2025-07-03T18:28:19.937+0000] {spark_submit.py:579} INFO - 25/07/03 18:28:19 INFO StandaloneSchedulerBackend: Connected to Spark cluster with app ID app-20250703182817-0000
[2025-07-03T18:28:19.944+0000] {spark_submit.py:579} INFO - 25/07/03 18:28:19 INFO Utils: Successfully started service 'org.apache.spark.network.netty.NettyBlockTransferService' on port 42175.
[2025-07-03T18:28:19.945+0000] {spark_submit.py:579} INFO - 25/07/03 18:28:19 INFO NettyBlockTransferService: Server created on 1a82eaaf6423:42175
[2025-07-03T18:28:20.271+0000] {spark_submit.py:579} INFO - 25/07/03 18:28:20 INFO BlockManager: Using org.apache.spark.storage.RandomBlockReplicationPolicy for block replication policy
[2025-07-03T18:28:20.457+0000] {spark_submit.py:579} INFO - 25/07/03 18:28:20 INFO BlockManagerMaster: Registering BlockManager BlockManagerId(driver, 1a82eaaf6423, 42175, None)
[2025-07-03T18:28:21.200+0000] {spark_submit.py:579} INFO - 25/07/03 18:28:21 INFO BlockManagerMasterEndpoint: Registering block manager 1a82eaaf6423:42175 with 434.4 MiB RAM, BlockManagerId(driver, 1a82eaaf6423, 42175, None)
[2025-07-03T18:28:21.221+0000] {spark_submit.py:579} INFO - 25/07/03 18:28:21 INFO BlockManagerMaster: Registered BlockManager BlockManagerId(driver, 1a82eaaf6423, 42175, None)
[2025-07-03T18:28:21.222+0000] {spark_submit.py:579} INFO - 25/07/03 18:28:21 INFO BlockManager: Initialized BlockManager: BlockManagerId(driver, 1a82eaaf6423, 42175, None)
[2025-07-03T18:28:22.061+0000] {spark_submit.py:579} INFO - 25/07/03 18:28:22 INFO StandaloneAppClient$ClientEndpoint: Executor added: app-20250703182817-0000/0 on worker-20250703181704-172.19.0.10-45039 (172.19.0.10:45039) with 2 core(s)
[2025-07-03T18:28:22.063+0000] {spark_submit.py:579} INFO - 25/07/03 18:28:22 INFO StandaloneSchedulerBackend: Granted executor ID app-20250703182817-0000/0 on hostPort 172.19.0.10:45039 with 2 core(s), 1024.0 MiB RAM
[2025-07-03T18:28:25.417+0000] {spark_submit.py:579} INFO - 25/07/03 18:28:25 INFO StandaloneAppClient$ClientEndpoint: Executor updated: app-20250703182817-0000/0 is now RUNNING
[2025-07-03T18:28:25.419+0000] {spark_submit.py:579} INFO - 25/07/03 18:28:25 INFO StandaloneSchedulerBackend: SchedulerBackend is ready for scheduling beginning after reached minRegisteredResourcesRatio: 0.0
[2025-07-03T18:28:29.067+0000] {spark_submit.py:579} INFO - âœ… Spark iniciado
[2025-07-03T18:28:29.114+0000] {spark_submit.py:579} INFO - 25/07/03 18:28:29 INFO SharedState: Setting hive.metastore.warehouse.dir ('null') to the value of spark.sql.warehouse.dir.
[2025-07-03T18:28:29.122+0000] {spark_submit.py:579} INFO - 25/07/03 18:28:29 INFO SharedState: Warehouse path is 'file:/opt/airflow/spark-warehouse'.
[2025-07-03T18:29:10.447+0000] {spark_submit.py:579} INFO - âŒ Erro durante processamento: An error occurred while calling o25.sql.
[2025-07-03T18:29:10.448+0000] {spark_submit.py:579} INFO - : org.apache.spark.SparkException: [INTERNAL_ERROR] Undefined error message parameter for error class: '_LEGACY_ERROR_TEMP_1055'. Parameters: Map(database -> nessie.exercises)
[2025-07-03T18:29:10.449+0000] {spark_submit.py:579} INFO - at org.apache.spark.SparkException$.internalError(SparkException.scala:92)
[2025-07-03T18:29:10.449+0000] {spark_submit.py:579} INFO - at org.apache.spark.SparkException$.internalError(SparkException.scala:96)
[2025-07-03T18:29:10.450+0000] {spark_submit.py:579} INFO - at org.apache.spark.ErrorClassesJsonReader.getErrorMessage(ErrorClassesJSONReader.scala:56)
[2025-07-03T18:29:10.451+0000] {spark_submit.py:579} INFO - at org.apache.spark.SparkThrowableHelper$.getMessage(SparkThrowableHelper.scala:53)
[2025-07-03T18:29:10.451+0000] {spark_submit.py:579} INFO - at org.apache.spark.SparkThrowableHelper$.getMessage(SparkThrowableHelper.scala:40)
[2025-07-03T18:29:10.452+0000] {spark_submit.py:579} INFO - at org.apache.spark.sql.AnalysisException.<init>(AnalysisException.scala:47)
[2025-07-03T18:29:10.452+0000] {spark_submit.py:579} INFO - at org.apache.spark.sql.AnalysisException.<init>(AnalysisException.scala:70)
[2025-07-03T18:29:10.453+0000] {spark_submit.py:579} INFO - at org.apache.spark.sql.errors.QueryCompilationErrors$.invalidDatabaseNameError(QueryCompilationErrors.scala:875)
[2025-07-03T18:29:10.454+0000] {spark_submit.py:579} INFO - at org.apache.spark.sql.catalyst.analysis.ResolveSessionCatalog$DatabaseNameInSessionCatalog$.unapply(ResolveSessionCatalog.scala:691)
[2025-07-03T18:29:10.454+0000] {spark_submit.py:579} INFO - at org.apache.spark.sql.catalyst.analysis.ResolveSessionCatalog$$anonfun$apply$1.applyOrElse(ResolveSessionCatalog.scala:235)
[2025-07-03T18:29:10.455+0000] {spark_submit.py:579} INFO - at org.apache.spark.sql.catalyst.analysis.ResolveSessionCatalog$$anonfun$apply$1.applyOrElse(ResolveSessionCatalog.scala:52)
[2025-07-03T18:29:10.455+0000] {spark_submit.py:579} INFO - at org.apache.spark.sql.catalyst.plans.logical.AnalysisHelper.$anonfun$resolveOperatorsUpWithPruning$3(AnalysisHelper.scala:138)
[2025-07-03T18:29:10.456+0000] {spark_submit.py:579} INFO - at org.apache.spark.sql.catalyst.trees.CurrentOrigin$.withOrigin(origin.scala:76)
[2025-07-03T18:29:10.456+0000] {spark_submit.py:579} INFO - at org.apache.spark.sql.catalyst.plans.logical.AnalysisHelper.$anonfun$resolveOperatorsUpWithPruning$1(AnalysisHelper.scala:138)
[2025-07-03T18:29:10.457+0000] {spark_submit.py:579} INFO - at org.apache.spark.sql.catalyst.plans.logical.AnalysisHelper$.allowInvokingTransformsInAnalyzer(AnalysisHelper.scala:323)
[2025-07-03T18:29:10.457+0000] {spark_submit.py:579} INFO - at org.apache.spark.sql.catalyst.plans.logical.AnalysisHelper.resolveOperatorsUpWithPruning(AnalysisHelper.scala:134)
[2025-07-03T18:29:10.458+0000] {spark_submit.py:579} INFO - at org.apache.spark.sql.catalyst.plans.logical.AnalysisHelper.resolveOperatorsUpWithPruning$(AnalysisHelper.scala:130)
[2025-07-03T18:29:10.458+0000] {spark_submit.py:579} INFO - at org.apache.spark.sql.catalyst.plans.logical.LogicalPlan.resolveOperatorsUpWithPruning(LogicalPlan.scala:32)
[2025-07-03T18:29:10.459+0000] {spark_submit.py:579} INFO - at org.apache.spark.sql.catalyst.plans.logical.AnalysisHelper.resolveOperatorsUp(AnalysisHelper.scala:111)
[2025-07-03T18:29:10.460+0000] {spark_submit.py:579} INFO - at org.apache.spark.sql.catalyst.plans.logical.AnalysisHelper.resolveOperatorsUp$(AnalysisHelper.scala:110)
[2025-07-03T18:29:10.460+0000] {spark_submit.py:579} INFO - at org.apache.spark.sql.catalyst.plans.logical.LogicalPlan.resolveOperatorsUp(LogicalPlan.scala:32)
[2025-07-03T18:29:10.461+0000] {spark_submit.py:579} INFO - at org.apache.spark.sql.catalyst.analysis.ResolveSessionCatalog.apply(ResolveSessionCatalog.scala:52)
[2025-07-03T18:29:10.461+0000] {spark_submit.py:579} INFO - at org.apache.spark.sql.catalyst.analysis.ResolveSessionCatalog.apply(ResolveSessionCatalog.scala:46)
[2025-07-03T18:29:10.462+0000] {spark_submit.py:579} INFO - at org.apache.spark.sql.catalyst.rules.RuleExecutor.$anonfun$execute$2(RuleExecutor.scala:222)
[2025-07-03T18:29:10.462+0000] {spark_submit.py:579} INFO - at scala.collection.LinearSeqOptimized.foldLeft(LinearSeqOptimized.scala:126)
[2025-07-03T18:29:10.462+0000] {spark_submit.py:579} INFO - at scala.collection.LinearSeqOptimized.foldLeft$(LinearSeqOptimized.scala:122)
[2025-07-03T18:29:10.463+0000] {spark_submit.py:579} INFO - at scala.collection.immutable.List.foldLeft(List.scala:91)
[2025-07-03T18:29:10.463+0000] {spark_submit.py:579} INFO - at org.apache.spark.sql.catalyst.rules.RuleExecutor.$anonfun$execute$1(RuleExecutor.scala:219)
[2025-07-03T18:29:10.464+0000] {spark_submit.py:579} INFO - at org.apache.spark.sql.catalyst.rules.RuleExecutor.$anonfun$execute$1$adapted(RuleExecutor.scala:211)
[2025-07-03T18:29:10.464+0000] {spark_submit.py:579} INFO - at scala.collection.immutable.List.foreach(List.scala:431)
[2025-07-03T18:29:10.465+0000] {spark_submit.py:579} INFO - at org.apache.spark.sql.catalyst.rules.RuleExecutor.execute(RuleExecutor.scala:211)
[2025-07-03T18:29:10.465+0000] {spark_submit.py:579} INFO - at org.apache.spark.sql.catalyst.analysis.Analyzer.org$apache$spark$sql$catalyst$analysis$Analyzer$$executeSameContext(Analyzer.scala:240)
[2025-07-03T18:29:10.466+0000] {spark_submit.py:579} INFO - at org.apache.spark.sql.catalyst.analysis.Analyzer.$anonfun$execute$1(Analyzer.scala:236)
[2025-07-03T18:29:10.466+0000] {spark_submit.py:579} INFO - at org.apache.spark.sql.catalyst.analysis.AnalysisContext$.withNewAnalysisContext(Analyzer.scala:187)
[2025-07-03T18:29:10.467+0000] {spark_submit.py:579} INFO - at org.apache.spark.sql.catalyst.analysis.Analyzer.execute(Analyzer.scala:236)
[2025-07-03T18:29:10.467+0000] {spark_submit.py:579} INFO - at org.apache.spark.sql.catalyst.analysis.Analyzer.execute(Analyzer.scala:202)
[2025-07-03T18:29:10.468+0000] {spark_submit.py:579} INFO - at org.apache.spark.sql.catalyst.rules.RuleExecutor.$anonfun$executeAndTrack$1(RuleExecutor.scala:182)
[2025-07-03T18:29:10.468+0000] {spark_submit.py:579} INFO - at org.apache.spark.sql.catalyst.QueryPlanningTracker$.withTracker(QueryPlanningTracker.scala:89)
[2025-07-03T18:29:10.469+0000] {spark_submit.py:579} INFO - at org.apache.spark.sql.catalyst.rules.RuleExecutor.executeAndTrack(RuleExecutor.scala:182)
[2025-07-03T18:29:10.469+0000] {spark_submit.py:579} INFO - at org.apache.spark.sql.catalyst.analysis.Analyzer.$anonfun$executeAndCheck$1(Analyzer.scala:223)
[2025-07-03T18:29:10.470+0000] {spark_submit.py:579} INFO - at org.apache.spark.sql.catalyst.plans.logical.AnalysisHelper$.markInAnalyzer(AnalysisHelper.scala:330)
[2025-07-03T18:29:10.470+0000] {spark_submit.py:579} INFO - at org.apache.spark.sql.catalyst.analysis.Analyzer.executeAndCheck(Analyzer.scala:222)
[2025-07-03T18:29:10.471+0000] {spark_submit.py:579} INFO - at org.apache.spark.sql.execution.QueryExecution.$anonfun$analyzed$1(QueryExecution.scala:77)
[2025-07-03T18:29:10.471+0000] {spark_submit.py:579} INFO - at org.apache.spark.sql.catalyst.QueryPlanningTracker.measurePhase(QueryPlanningTracker.scala:138)
[2025-07-03T18:29:10.471+0000] {spark_submit.py:579} INFO - at org.apache.spark.sql.execution.QueryExecution.$anonfun$executePhase$2(QueryExecution.scala:219)
[2025-07-03T18:29:10.472+0000] {spark_submit.py:579} INFO - at org.apache.spark.sql.execution.QueryExecution$.withInternalError(QueryExecution.scala:546)
[2025-07-03T18:29:10.472+0000] {spark_submit.py:579} INFO - at org.apache.spark.sql.execution.QueryExecution.$anonfun$executePhase$1(QueryExecution.scala:219)
[2025-07-03T18:29:10.473+0000] {spark_submit.py:579} INFO - at org.apache.spark.sql.SparkSession.withActive(SparkSession.scala:900)
[2025-07-03T18:29:10.473+0000] {spark_submit.py:579} INFO - at org.apache.spark.sql.execution.QueryExecution.executePhase(QueryExecution.scala:218)
[2025-07-03T18:29:10.474+0000] {spark_submit.py:579} INFO - at org.apache.spark.sql.execution.QueryExecution.analyzed$lzycompute(QueryExecution.scala:77)
[2025-07-03T18:29:10.474+0000] {spark_submit.py:579} INFO - at org.apache.spark.sql.execution.QueryExecution.analyzed(QueryExecution.scala:74)
[2025-07-03T18:29:10.475+0000] {spark_submit.py:579} INFO - at org.apache.spark.sql.execution.QueryExecution.assertAnalyzed(QueryExecution.scala:66)
[2025-07-03T18:29:10.475+0000] {spark_submit.py:579} INFO - at org.apache.spark.sql.Dataset$.$anonfun$ofRows$2(Dataset.scala:99)
[2025-07-03T18:29:10.476+0000] {spark_submit.py:579} INFO - at org.apache.spark.sql.SparkSession.withActive(SparkSession.scala:900)
[2025-07-03T18:29:10.476+0000] {spark_submit.py:579} INFO - at org.apache.spark.sql.Dataset$.ofRows(Dataset.scala:97)
[2025-07-03T18:29:10.476+0000] {spark_submit.py:579} INFO - at org.apache.spark.sql.SparkSession.$anonfun$sql$1(SparkSession.scala:638)
[2025-07-03T18:29:10.477+0000] {spark_submit.py:579} INFO - at org.apache.spark.sql.SparkSession.withActive(SparkSession.scala:900)
[2025-07-03T18:29:10.477+0000] {spark_submit.py:579} INFO - at org.apache.spark.sql.SparkSession.sql(SparkSession.scala:629)
[2025-07-03T18:29:10.478+0000] {spark_submit.py:579} INFO - at org.apache.spark.sql.SparkSession.sql(SparkSession.scala:659)
[2025-07-03T18:29:10.478+0000] {spark_submit.py:579} INFO - at java.base/jdk.internal.reflect.NativeMethodAccessorImpl.invoke0(Native Method)
[2025-07-03T18:29:10.479+0000] {spark_submit.py:579} INFO - at java.base/jdk.internal.reflect.NativeMethodAccessorImpl.invoke(NativeMethodAccessorImpl.java:77)
[2025-07-03T18:29:10.479+0000] {spark_submit.py:579} INFO - at java.base/jdk.internal.reflect.DelegatingMethodAccessorImpl.invoke(DelegatingMethodAccessorImpl.java:43)
[2025-07-03T18:29:10.480+0000] {spark_submit.py:579} INFO - at java.base/java.lang.reflect.Method.invoke(Method.java:569)
[2025-07-03T18:29:10.480+0000] {spark_submit.py:579} INFO - at py4j.reflection.MethodInvoker.invoke(MethodInvoker.java:244)
[2025-07-03T18:29:10.480+0000] {spark_submit.py:579} INFO - at py4j.reflection.ReflectionEngine.invoke(ReflectionEngine.java:374)
[2025-07-03T18:29:10.481+0000] {spark_submit.py:579} INFO - at py4j.Gateway.invoke(Gateway.java:282)
[2025-07-03T18:29:10.481+0000] {spark_submit.py:579} INFO - at py4j.commands.AbstractCommand.invokeMethod(AbstractCommand.java:132)
[2025-07-03T18:29:10.482+0000] {spark_submit.py:579} INFO - at py4j.commands.CallCommand.execute(CallCommand.java:79)
[2025-07-03T18:29:10.482+0000] {spark_submit.py:579} INFO - at py4j.ClientServerConnection.waitForCommands(ClientServerConnection.java:182)
[2025-07-03T18:29:10.483+0000] {spark_submit.py:579} INFO - at py4j.ClientServerConnection.run(ClientServerConnection.java:106)
[2025-07-03T18:29:10.483+0000] {spark_submit.py:579} INFO - at java.base/java.lang.Thread.run(Thread.java:840)
[2025-07-03T18:29:10.484+0000] {spark_submit.py:579} INFO - 
[2025-07-03T18:29:10.484+0000] {spark_submit.py:579} INFO - 25/07/03 18:29:10 INFO SparkContext: SparkContext is stopping with exitCode 0.
[2025-07-03T18:29:10.972+0000] {spark_submit.py:579} INFO - 25/07/03 18:29:10 INFO SparkUI: Stopped Spark web UI at http://1a82eaaf6423:4040
[2025-07-03T18:29:11.556+0000] {spark_submit.py:579} INFO - 25/07/03 18:29:11 INFO StandaloneSchedulerBackend: Shutting down all executors
[2025-07-03T18:29:11.593+0000] {spark_submit.py:579} INFO - 25/07/03 18:29:11 INFO StandaloneSchedulerBackend$StandaloneDriverEndpoint: Asking each executor to shut down
[2025-07-03T18:29:12.352+0000] {spark_submit.py:579} INFO - 25/07/03 18:29:12 INFO MapOutputTrackerMasterEndpoint: MapOutputTrackerMasterEndpoint stopped!
[2025-07-03T18:29:15.677+0000] {spark_submit.py:579} INFO - 25/07/03 18:29:15 INFO MemoryStore: MemoryStore cleared
[2025-07-03T18:29:15.678+0000] {spark_submit.py:579} INFO - 25/07/03 18:29:15 INFO BlockManager: BlockManager stopped
[2025-07-03T18:29:15.846+0000] {spark_submit.py:579} INFO - 25/07/03 18:29:15 INFO BlockManagerMaster: BlockManagerMaster stopped
[2025-07-03T18:29:15.848+0000] {spark_submit.py:579} INFO - 25/07/03 18:29:15 INFO OutputCommitCoordinator$OutputCommitCoordinatorEndpoint: OutputCommitCoordinator stopped!
[2025-07-03T18:29:16.475+0000] {spark_submit.py:579} INFO - 25/07/03 18:29:16 INFO SparkContext: Successfully stopped SparkContext
[2025-07-03T18:29:16.953+0000] {spark_submit.py:579} INFO - âŒ Erro: An error occurred while calling o25.sql.
[2025-07-03T18:29:16.954+0000] {spark_submit.py:579} INFO - : org.apache.spark.SparkException: [INTERNAL_ERROR] Undefined error message parameter for error class: '_LEGACY_ERROR_TEMP_1055'. Parameters: Map(database -> nessie.exercises)
[2025-07-03T18:29:16.954+0000] {spark_submit.py:579} INFO - at org.apache.spark.SparkException$.internalError(SparkException.scala:92)
[2025-07-03T18:29:16.955+0000] {spark_submit.py:579} INFO - at org.apache.spark.SparkException$.internalError(SparkException.scala:96)
[2025-07-03T18:29:16.956+0000] {spark_submit.py:579} INFO - at org.apache.spark.ErrorClassesJsonReader.getErrorMessage(ErrorClassesJSONReader.scala:56)
[2025-07-03T18:29:16.956+0000] {spark_submit.py:579} INFO - at org.apache.spark.SparkThrowableHelper$.getMessage(SparkThrowableHelper.scala:53)
[2025-07-03T18:29:16.957+0000] {spark_submit.py:579} INFO - at org.apache.spark.SparkThrowableHelper$.getMessage(SparkThrowableHelper.scala:40)
[2025-07-03T18:29:16.957+0000] {spark_submit.py:579} INFO - at org.apache.spark.sql.AnalysisException.<init>(AnalysisException.scala:47)
[2025-07-03T18:29:16.958+0000] {spark_submit.py:579} INFO - at org.apache.spark.sql.AnalysisException.<init>(AnalysisException.scala:70)
[2025-07-03T18:29:16.958+0000] {spark_submit.py:579} INFO - at org.apache.spark.sql.errors.QueryCompilationErrors$.invalidDatabaseNameError(QueryCompilationErrors.scala:875)
[2025-07-03T18:29:16.959+0000] {spark_submit.py:579} INFO - at org.apache.spark.sql.catalyst.analysis.ResolveSessionCatalog$DatabaseNameInSessionCatalog$.unapply(ResolveSessionCatalog.scala:691)
[2025-07-03T18:29:16.959+0000] {spark_submit.py:579} INFO - at org.apache.spark.sql.catalyst.analysis.ResolveSessionCatalog$$anonfun$apply$1.applyOrElse(ResolveSessionCatalog.scala:235)
[2025-07-03T18:29:16.960+0000] {spark_submit.py:579} INFO - at org.apache.spark.sql.catalyst.analysis.ResolveSessionCatalog$$anonfun$apply$1.applyOrElse(ResolveSessionCatalog.scala:52)
[2025-07-03T18:29:16.960+0000] {spark_submit.py:579} INFO - at org.apache.spark.sql.catalyst.plans.logical.AnalysisHelper.$anonfun$resolveOperatorsUpWithPruning$3(AnalysisHelper.scala:138)
[2025-07-03T18:29:16.961+0000] {spark_submit.py:579} INFO - at org.apache.spark.sql.catalyst.trees.CurrentOrigin$.withOrigin(origin.scala:76)
[2025-07-03T18:29:16.961+0000] {spark_submit.py:579} INFO - at org.apache.spark.sql.catalyst.plans.logical.AnalysisHelper.$anonfun$resolveOperatorsUpWithPruning$1(AnalysisHelper.scala:138)
[2025-07-03T18:29:16.962+0000] {spark_submit.py:579} INFO - at org.apache.spark.sql.catalyst.plans.logical.AnalysisHelper$.allowInvokingTransformsInAnalyzer(AnalysisHelper.scala:323)
[2025-07-03T18:29:16.962+0000] {spark_submit.py:579} INFO - at org.apache.spark.sql.catalyst.plans.logical.AnalysisHelper.resolveOperatorsUpWithPruning(AnalysisHelper.scala:134)
[2025-07-03T18:29:16.963+0000] {spark_submit.py:579} INFO - at org.apache.spark.sql.catalyst.plans.logical.AnalysisHelper.resolveOperatorsUpWithPruning$(AnalysisHelper.scala:130)
[2025-07-03T18:29:16.963+0000] {spark_submit.py:579} INFO - at org.apache.spark.sql.catalyst.plans.logical.LogicalPlan.resolveOperatorsUpWithPruning(LogicalPlan.scala:32)
[2025-07-03T18:29:16.964+0000] {spark_submit.py:579} INFO - at org.apache.spark.sql.catalyst.plans.logical.AnalysisHelper.resolveOperatorsUp(AnalysisHelper.scala:111)
[2025-07-03T18:29:16.964+0000] {spark_submit.py:579} INFO - at org.apache.spark.sql.catalyst.plans.logical.AnalysisHelper.resolveOperatorsUp$(AnalysisHelper.scala:110)
[2025-07-03T18:29:16.965+0000] {spark_submit.py:579} INFO - at org.apache.spark.sql.catalyst.plans.logical.LogicalPlan.resolveOperatorsUp(LogicalPlan.scala:32)
[2025-07-03T18:29:16.966+0000] {spark_submit.py:579} INFO - at org.apache.spark.sql.catalyst.analysis.ResolveSessionCatalog.apply(ResolveSessionCatalog.scala:52)
[2025-07-03T18:29:16.966+0000] {spark_submit.py:579} INFO - at org.apache.spark.sql.catalyst.analysis.ResolveSessionCatalog.apply(ResolveSessionCatalog.scala:46)
[2025-07-03T18:29:16.967+0000] {spark_submit.py:579} INFO - at org.apache.spark.sql.catalyst.rules.RuleExecutor.$anonfun$execute$2(RuleExecutor.scala:222)
[2025-07-03T18:29:16.967+0000] {spark_submit.py:579} INFO - at scala.collection.LinearSeqOptimized.foldLeft(LinearSeqOptimized.scala:126)
[2025-07-03T18:29:16.968+0000] {spark_submit.py:579} INFO - at scala.collection.LinearSeqOptimized.foldLeft$(LinearSeqOptimized.scala:122)
[2025-07-03T18:29:16.968+0000] {spark_submit.py:579} INFO - at scala.collection.immutable.List.foldLeft(List.scala:91)
[2025-07-03T18:29:16.969+0000] {spark_submit.py:579} INFO - at org.apache.spark.sql.catalyst.rules.RuleExecutor.$anonfun$execute$1(RuleExecutor.scala:219)
[2025-07-03T18:29:16.969+0000] {spark_submit.py:579} INFO - at org.apache.spark.sql.catalyst.rules.RuleExecutor.$anonfun$execute$1$adapted(RuleExecutor.scala:211)
[2025-07-03T18:29:16.970+0000] {spark_submit.py:579} INFO - at scala.collection.immutable.List.foreach(List.scala:431)
[2025-07-03T18:29:16.970+0000] {spark_submit.py:579} INFO - at org.apache.spark.sql.catalyst.rules.RuleExecutor.execute(RuleExecutor.scala:211)
[2025-07-03T18:29:16.971+0000] {spark_submit.py:579} INFO - at org.apache.spark.sql.catalyst.analysis.Analyzer.org$apache$spark$sql$catalyst$analysis$Analyzer$$executeSameContext(Analyzer.scala:240)
[2025-07-03T18:29:16.972+0000] {spark_submit.py:579} INFO - at org.apache.spark.sql.catalyst.analysis.Analyzer.$anonfun$execute$1(Analyzer.scala:236)
[2025-07-03T18:29:16.972+0000] {spark_submit.py:579} INFO - at org.apache.spark.sql.catalyst.analysis.AnalysisContext$.withNewAnalysisContext(Analyzer.scala:187)
[2025-07-03T18:29:16.973+0000] {spark_submit.py:579} INFO - at org.apache.spark.sql.catalyst.analysis.Analyzer.execute(Analyzer.scala:236)
[2025-07-03T18:29:16.973+0000] {spark_submit.py:579} INFO - at org.apache.spark.sql.catalyst.analysis.Analyzer.execute(Analyzer.scala:202)
[2025-07-03T18:29:16.974+0000] {spark_submit.py:579} INFO - at org.apache.spark.sql.catalyst.rules.RuleExecutor.$anonfun$executeAndTrack$1(RuleExecutor.scala:182)
[2025-07-03T18:29:16.974+0000] {spark_submit.py:579} INFO - at org.apache.spark.sql.catalyst.QueryPlanningTracker$.withTracker(QueryPlanningTracker.scala:89)
[2025-07-03T18:29:16.975+0000] {spark_submit.py:579} INFO - at org.apache.spark.sql.catalyst.rules.RuleExecutor.executeAndTrack(RuleExecutor.scala:182)
[2025-07-03T18:29:16.975+0000] {spark_submit.py:579} INFO - at org.apache.spark.sql.catalyst.analysis.Analyzer.$anonfun$executeAndCheck$1(Analyzer.scala:223)
[2025-07-03T18:29:16.976+0000] {spark_submit.py:579} INFO - at org.apache.spark.sql.catalyst.plans.logical.AnalysisHelper$.markInAnalyzer(AnalysisHelper.scala:330)
[2025-07-03T18:29:16.976+0000] {spark_submit.py:579} INFO - at org.apache.spark.sql.catalyst.analysis.Analyzer.executeAndCheck(Analyzer.scala:222)
[2025-07-03T18:29:16.977+0000] {spark_submit.py:579} INFO - at org.apache.spark.sql.execution.QueryExecution.$anonfun$analyzed$1(QueryExecution.scala:77)
[2025-07-03T18:29:16.977+0000] {spark_submit.py:579} INFO - at org.apache.spark.sql.catalyst.QueryPlanningTracker.measurePhase(QueryPlanningTracker.scala:138)
[2025-07-03T18:29:16.978+0000] {spark_submit.py:579} INFO - at org.apache.spark.sql.execution.QueryExecution.$anonfun$executePhase$2(QueryExecution.scala:219)
[2025-07-03T18:29:16.978+0000] {spark_submit.py:579} INFO - at org.apache.spark.sql.execution.QueryExecution$.withInternalError(QueryExecution.scala:546)
[2025-07-03T18:29:16.979+0000] {spark_submit.py:579} INFO - at org.apache.spark.sql.execution.QueryExecution.$anonfun$executePhase$1(QueryExecution.scala:219)
[2025-07-03T18:29:16.979+0000] {spark_submit.py:579} INFO - at org.apache.spark.sql.SparkSession.withActive(SparkSession.scala:900)
[2025-07-03T18:29:16.980+0000] {spark_submit.py:579} INFO - at org.apache.spark.sql.execution.QueryExecution.executePhase(QueryExecution.scala:218)
[2025-07-03T18:29:16.980+0000] {spark_submit.py:579} INFO - at org.apache.spark.sql.execution.QueryExecution.analyzed$lzycompute(QueryExecution.scala:77)
[2025-07-03T18:29:16.981+0000] {spark_submit.py:579} INFO - at org.apache.spark.sql.execution.QueryExecution.analyzed(QueryExecution.scala:74)
[2025-07-03T18:29:16.982+0000] {spark_submit.py:579} INFO - at org.apache.spark.sql.execution.QueryExecution.assertAnalyzed(QueryExecution.scala:66)
[2025-07-03T18:29:16.982+0000] {spark_submit.py:579} INFO - at org.apache.spark.sql.Dataset$.$anonfun$ofRows$2(Dataset.scala:99)
[2025-07-03T18:29:16.983+0000] {spark_submit.py:579} INFO - at org.apache.spark.sql.SparkSession.withActive(SparkSession.scala:900)
[2025-07-03T18:29:16.983+0000] {spark_submit.py:579} INFO - at org.apache.spark.sql.Dataset$.ofRows(Dataset.scala:97)
[2025-07-03T18:29:16.984+0000] {spark_submit.py:579} INFO - at org.apache.spark.sql.SparkSession.$anonfun$sql$1(SparkSession.scala:638)
[2025-07-03T18:29:16.984+0000] {spark_submit.py:579} INFO - at org.apache.spark.sql.SparkSession.withActive(SparkSession.scala:900)
[2025-07-03T18:29:16.985+0000] {spark_submit.py:579} INFO - at org.apache.spark.sql.SparkSession.sql(SparkSession.scala:629)
[2025-07-03T18:29:16.985+0000] {spark_submit.py:579} INFO - at org.apache.spark.sql.SparkSession.sql(SparkSession.scala:659)
[2025-07-03T18:29:16.986+0000] {spark_submit.py:579} INFO - at java.base/jdk.internal.reflect.NativeMethodAccessorImpl.invoke0(Native Method)
[2025-07-03T18:29:16.986+0000] {spark_submit.py:579} INFO - at java.base/jdk.internal.reflect.NativeMethodAccessorImpl.invoke(NativeMethodAccessorImpl.java:77)
[2025-07-03T18:29:16.987+0000] {spark_submit.py:579} INFO - at java.base/jdk.internal.reflect.DelegatingMethodAccessorImpl.invoke(DelegatingMethodAccessorImpl.java:43)
[2025-07-03T18:29:16.987+0000] {spark_submit.py:579} INFO - at java.base/java.lang.reflect.Method.invoke(Method.java:569)
[2025-07-03T18:29:16.988+0000] {spark_submit.py:579} INFO - at py4j.reflection.MethodInvoker.invoke(MethodInvoker.java:244)
[2025-07-03T18:29:16.988+0000] {spark_submit.py:579} INFO - at py4j.reflection.ReflectionEngine.invoke(ReflectionEngine.java:374)
[2025-07-03T18:29:16.988+0000] {spark_submit.py:579} INFO - at py4j.Gateway.invoke(Gateway.java:282)
[2025-07-03T18:29:16.989+0000] {spark_submit.py:579} INFO - at py4j.commands.AbstractCommand.invokeMethod(AbstractCommand.java:132)
[2025-07-03T18:29:16.989+0000] {spark_submit.py:579} INFO - at py4j.commands.CallCommand.execute(CallCommand.java:79)
[2025-07-03T18:29:16.990+0000] {spark_submit.py:579} INFO - at py4j.ClientServerConnection.waitForCommands(ClientServerConnection.java:182)
[2025-07-03T18:29:16.990+0000] {spark_submit.py:579} INFO - at py4j.ClientServerConnection.run(ClientServerConnection.java:106)
[2025-07-03T18:29:16.991+0000] {spark_submit.py:579} INFO - at java.base/java.lang.Thread.run(Thread.java:840)
[2025-07-03T18:29:16.991+0000] {spark_submit.py:579} INFO - 
[2025-07-03T18:29:17.763+0000] {spark_submit.py:579} INFO - 25/07/03 18:29:17 INFO ShutdownHookManager: Shutdown hook called
[2025-07-03T18:29:17.766+0000] {spark_submit.py:579} INFO - 25/07/03 18:29:17 INFO ShutdownHookManager: Deleting directory /tmp/spark-f2e36e51-1818-49e4-ab52-bdfca1a3b0ef/pyspark-1756c63a-b64a-4efa-9671-764cc0cfd1c6
[2025-07-03T18:29:17.783+0000] {spark_submit.py:579} INFO - 25/07/03 18:29:17 INFO ShutdownHookManager: Deleting directory /tmp/spark-f2e36e51-1818-49e4-ab52-bdfca1a3b0ef
[2025-07-03T18:29:17.878+0000] {spark_submit.py:579} INFO - 25/07/03 18:29:17 INFO ShutdownHookManager: Deleting directory /tmp/spark-bda275b4-0733-46e0-b8e0-07b67bae8a05
[2025-07-03T18:29:18.095+0000] {taskinstance.py:3336} ERROR - Task failed with exception
Traceback (most recent call last):
  File "/home/airflow/.local/lib/python3.12/site-packages/airflow/models/taskinstance.py", line 776, in _execute_task
    result = _execute_callable(context=context, **execute_callable_kwargs)
             ^^^^^^^^^^^^^^^^^^^^^^^^^^^^^^^^^^^^^^^^^^^^^^^^^^^^^^^^^^^^^
  File "/home/airflow/.local/lib/python3.12/site-packages/airflow/models/taskinstance.py", line 742, in _execute_callable
    return ExecutionCallableRunner(
           ^^^^^^^^^^^^^^^^^^^^^^^^
  File "/home/airflow/.local/lib/python3.12/site-packages/airflow/utils/operator_helpers.py", line 252, in run
    return self.func(*args, **kwargs)
           ^^^^^^^^^^^^^^^^^^^^^^^^^^
  File "/home/airflow/.local/lib/python3.12/site-packages/airflow/models/baseoperator.py", line 424, in wrapper
    return func(self, *args, **kwargs)
           ^^^^^^^^^^^^^^^^^^^^^^^^^^^
  File "/home/airflow/.local/lib/python3.12/site-packages/airflow/providers/apache/spark/operators/spark_submit.py", line 174, in execute
    self._hook.submit(self.application)
  File "/home/airflow/.local/lib/python3.12/site-packages/airflow/providers/apache/spark/hooks/spark_submit.py", line 505, in submit
    raise AirflowException(
airflow.exceptions.AirflowException: Cannot execute: spark-submit --master spark://spark-master:7077 --jars /opt/bitnami/spark/jars/iceberg-spark-runtime-3.5_2.12-1.8.1.jar,/opt/bitnami/spark/jars/nessie-spark-extensions-3.5_2.12-0.103.2.jar,/opt/bitnami/spark/jars/nessie-client-0.103.2.jar,/opt/bitnami/spark/jars/hadoop-aws-3.3.2.jar,/opt/bitnami/spark/jars/aws-java-sdk-bundle-1.12.262.jar, --name arrow-spark --deploy-mode client /opt/bitnami/spark/jobs/process_exercises_job.py {"id": "CA-LESTE-construtiva-1DE-2025-07-03", "manifest_entry": {"data": {"createdAt": "2025-07-03T17:40:55.255Z", "origin": "CA-LESTE", "path": "exercises/CA-LESTE-construtiva-1DE-2025-07-03"}, "id": "CA-LESTE-construtiva-1DE-2025-07-03"}, "metadata": {"createdAt": "2025-07-03T17:40:55.255Z", "description": "1DE", "documents": [{"description": "", "id": "1751564467848", "mimetype": "application/pdf", "name": "Op Jacui IV - Ordem de Operacoes.pdf", "path": "exercises/CA-LESTE-construtiva-1DE-2025-07-03/documents/Op Jacui IV - Ordem de Operacoes.pdf", "size": 336744, "uploadedAt": "2025-07-03T17:41:07.848Z"}], "endDate": "2025-07-04", "id": "CA-LESTE-construtiva-1DE-2025-07-03", "name": "Jogo de Guerra", "origin": "CA-LESTE", "simulationType": "construtiva", "simulations": [{"id": "172.19.0.14_2025-07-03", "movedAt": "2025-07-03T17:41:14.938Z", "name": "172.19.0.14_2025-07-03", "originalPath": "staging/172.19.0.14_2025-07-03", "path": "exercises/CA-LESTE-construtiva-1DE-2025-07-03/simulations/172.19.0.14_2025-07-03"}], "startDate": "2025-07-03", "trainedForce": "1 Divis\u00e3o de Ex\u00e9rcito", "updatedAt": "2025-07-03T17:41:14.938Z", "wikiUrl": ""}}. Error code is: 1.
[2025-07-03T18:29:18.188+0000] {taskinstance.py:1242} INFO - Marking task as FAILED. dag_id=process_exercises, task_id=process_exercises, run_id=manual__2025-07-03T18:27:04.383971+00:00, execution_date=20250703T182704, start_date=20250703T182708, end_date=20250703T182918
[2025-07-03T18:29:18.979+0000] {taskinstance.py:349} INFO - ::group::Post task execution logs
[2025-07-03T18:29:18.979+0000] {standard_task_runner.py:124} ERROR - Failed to execute job 8 for task process_exercises (Cannot execute: spark-submit --master spark://spark-master:7077 --jars /opt/bitnami/spark/jars/iceberg-spark-runtime-3.5_2.12-1.8.1.jar,/opt/bitnami/spark/jars/nessie-spark-extensions-3.5_2.12-0.103.2.jar,/opt/bitnami/spark/jars/nessie-client-0.103.2.jar,/opt/bitnami/spark/jars/hadoop-aws-3.3.2.jar,/opt/bitnami/spark/jars/aws-java-sdk-bundle-1.12.262.jar, --name arrow-spark --deploy-mode client /opt/bitnami/spark/jobs/process_exercises_job.py {"id": "CA-LESTE-construtiva-1DE-2025-07-03", "manifest_entry": {"data": {"createdAt": "2025-07-03T17:40:55.255Z", "origin": "CA-LESTE", "path": "exercises/CA-LESTE-construtiva-1DE-2025-07-03"}, "id": "CA-LESTE-construtiva-1DE-2025-07-03"}, "metadata": {"createdAt": "2025-07-03T17:40:55.255Z", "description": "1DE", "documents": [{"description": "", "id": "1751564467848", "mimetype": "application/pdf", "name": "Op Jacui IV - Ordem de Operacoes.pdf", "path": "exercises/CA-LESTE-construtiva-1DE-2025-07-03/documents/Op Jacui IV - Ordem de Operacoes.pdf", "size": 336744, "uploadedAt": "2025-07-03T17:41:07.848Z"}], "endDate": "2025-07-04", "id": "CA-LESTE-construtiva-1DE-2025-07-03", "name": "Jogo de Guerra", "origin": "CA-LESTE", "simulationType": "construtiva", "simulations": [{"id": "172.19.0.14_2025-07-03", "movedAt": "2025-07-03T17:41:14.938Z", "name": "172.19.0.14_2025-07-03", "originalPath": "staging/172.19.0.14_2025-07-03", "path": "exercises/CA-LESTE-construtiva-1DE-2025-07-03/simulations/172.19.0.14_2025-07-03"}], "startDate": "2025-07-03", "trainedForce": "1 Divis\u00e3o de Ex\u00e9rcito", "updatedAt": "2025-07-03T17:41:14.938Z", "wikiUrl": ""}}. Error code is: 1.; 278)
Traceback (most recent call last):
  File "/home/airflow/.local/lib/python3.12/site-packages/airflow/task/task_runner/standard_task_runner.py", line 117, in _start_by_fork
    ret = args.func(args, dag=self.dag)
          ^^^^^^^^^^^^^^^^^^^^^^^^^^^^^
  File "/home/airflow/.local/lib/python3.12/site-packages/airflow/cli/cli_config.py", line 49, in command
    return func(*args, **kwargs)
           ^^^^^^^^^^^^^^^^^^^^^
  File "/home/airflow/.local/lib/python3.12/site-packages/airflow/utils/cli.py", line 116, in wrapper
    return f(*args, **kwargs)
           ^^^^^^^^^^^^^^^^^^
  File "/home/airflow/.local/lib/python3.12/site-packages/airflow/cli/commands/task_command.py", line 483, in task_run
    task_return_code = _run_task_by_selected_method(args, _dag, ti)
                       ^^^^^^^^^^^^^^^^^^^^^^^^^^^^^^^^^^^^^^^^^^^^
  File "/home/airflow/.local/lib/python3.12/site-packages/airflow/cli/commands/task_command.py", line 256, in _run_task_by_selected_method
    return _run_raw_task(args, ti)
           ^^^^^^^^^^^^^^^^^^^^^^^
  File "/home/airflow/.local/lib/python3.12/site-packages/airflow/cli/commands/task_command.py", line 341, in _run_raw_task
    return ti._run_raw_task(
           ^^^^^^^^^^^^^^^^^
  File "/home/airflow/.local/lib/python3.12/site-packages/airflow/utils/session.py", line 97, in wrapper
    return func(*args, session=session, **kwargs)
           ^^^^^^^^^^^^^^^^^^^^^^^^^^^^^^^^^^^^^^
  File "/home/airflow/.local/lib/python3.12/site-packages/airflow/models/taskinstance.py", line 3029, in _run_raw_task
    return _run_raw_task(
           ^^^^^^^^^^^^^^
  File "/home/airflow/.local/lib/python3.12/site-packages/airflow/models/taskinstance.py", line 282, in _run_raw_task
    TaskInstance._execute_task_with_callbacks(
  File "/home/airflow/.local/lib/python3.12/site-packages/airflow/models/taskinstance.py", line 3184, in _execute_task_with_callbacks
    result = self._execute_task(context, task_orig)
             ^^^^^^^^^^^^^^^^^^^^^^^^^^^^^^^^^^^^^^
  File "/home/airflow/.local/lib/python3.12/site-packages/airflow/models/taskinstance.py", line 3208, in _execute_task
    return _execute_task(self, context, task_orig)
           ^^^^^^^^^^^^^^^^^^^^^^^^^^^^^^^^^^^^^^^
  File "/home/airflow/.local/lib/python3.12/site-packages/airflow/models/taskinstance.py", line 776, in _execute_task
    result = _execute_callable(context=context, **execute_callable_kwargs)
             ^^^^^^^^^^^^^^^^^^^^^^^^^^^^^^^^^^^^^^^^^^^^^^^^^^^^^^^^^^^^^
  File "/home/airflow/.local/lib/python3.12/site-packages/airflow/models/taskinstance.py", line 742, in _execute_callable
    return ExecutionCallableRunner(
           ^^^^^^^^^^^^^^^^^^^^^^^^
  File "/home/airflow/.local/lib/python3.12/site-packages/airflow/utils/operator_helpers.py", line 252, in run
    return self.func(*args, **kwargs)
           ^^^^^^^^^^^^^^^^^^^^^^^^^^
  File "/home/airflow/.local/lib/python3.12/site-packages/airflow/models/baseoperator.py", line 424, in wrapper
    return func(self, *args, **kwargs)
           ^^^^^^^^^^^^^^^^^^^^^^^^^^^
  File "/home/airflow/.local/lib/python3.12/site-packages/airflow/providers/apache/spark/operators/spark_submit.py", line 174, in execute
    self._hook.submit(self.application)
  File "/home/airflow/.local/lib/python3.12/site-packages/airflow/providers/apache/spark/hooks/spark_submit.py", line 505, in submit
    raise AirflowException(
airflow.exceptions.AirflowException: Cannot execute: spark-submit --master spark://spark-master:7077 --jars /opt/bitnami/spark/jars/iceberg-spark-runtime-3.5_2.12-1.8.1.jar,/opt/bitnami/spark/jars/nessie-spark-extensions-3.5_2.12-0.103.2.jar,/opt/bitnami/spark/jars/nessie-client-0.103.2.jar,/opt/bitnami/spark/jars/hadoop-aws-3.3.2.jar,/opt/bitnami/spark/jars/aws-java-sdk-bundle-1.12.262.jar, --name arrow-spark --deploy-mode client /opt/bitnami/spark/jobs/process_exercises_job.py {"id": "CA-LESTE-construtiva-1DE-2025-07-03", "manifest_entry": {"data": {"createdAt": "2025-07-03T17:40:55.255Z", "origin": "CA-LESTE", "path": "exercises/CA-LESTE-construtiva-1DE-2025-07-03"}, "id": "CA-LESTE-construtiva-1DE-2025-07-03"}, "metadata": {"createdAt": "2025-07-03T17:40:55.255Z", "description": "1DE", "documents": [{"description": "", "id": "1751564467848", "mimetype": "application/pdf", "name": "Op Jacui IV - Ordem de Operacoes.pdf", "path": "exercises/CA-LESTE-construtiva-1DE-2025-07-03/documents/Op Jacui IV - Ordem de Operacoes.pdf", "size": 336744, "uploadedAt": "2025-07-03T17:41:07.848Z"}], "endDate": "2025-07-04", "id": "CA-LESTE-construtiva-1DE-2025-07-03", "name": "Jogo de Guerra", "origin": "CA-LESTE", "simulationType": "construtiva", "simulations": [{"id": "172.19.0.14_2025-07-03", "movedAt": "2025-07-03T17:41:14.938Z", "name": "172.19.0.14_2025-07-03", "originalPath": "staging/172.19.0.14_2025-07-03", "path": "exercises/CA-LESTE-construtiva-1DE-2025-07-03/simulations/172.19.0.14_2025-07-03"}], "startDate": "2025-07-03", "trainedForce": "1 Divis\u00e3o de Ex\u00e9rcito", "updatedAt": "2025-07-03T17:41:14.938Z", "wikiUrl": ""}}. Error code is: 1.
[2025-07-03T18:29:18.997+0000] {local_task_job_runner.py:266} INFO - Task exited with return code 1
[2025-07-03T18:29:19.027+0000] {taskinstance.py:3924} INFO - 0 downstream tasks scheduled from follow-on schedule check
[2025-07-03T18:29:19.360+0000] {local_task_job_runner.py:245} INFO - ::endgroup::
